../../sofiacalib/alpha_boo_ldecin_2009A.fits
single Barr2
../atranfiles/atran_41K_45deg_4-50mum.txt
single Barr2
    lambda_ref   lambda_mean   lambda_1     lambda_pivot  lambda_eff  lambda_eff_ph  lambda_iso   width      Response  F_mean          Fnu_mean    Fnu_lammean   ColorTerm   ColorTerm   Total Count Rate   Source Size Source FWHM    Bkgd          S/N        Fnu_limit   Filter
     microns       microns      microns      microns      microns      microns       microns    microns      e/s/mJy   W/m^2/mum        Jy            Jy                                 electrons/s          pix        arcsec         e-/s                     mJy
      5.35200      5.35578      5.35630      5.35551      5.35405      5.35458      5.25578    0.0154959      214.363  2.24146e-10      2144.43      2130.70      1.00654      1.05105   3.2867673e+08      22.0125      3.01966   1.1844554e+08      7612.36      19.8987    OCLI_N05352-8_2
      5.61200      5.60961      5.60998      5.60943      5.60837      5.60874      5.61575   0.00801690      105.881  1.93052e-10      2026.25      2142.78     0.945677     0.951156   1.5339614e+08      21.9051      3.01229       94049286.      4711.74      36.3251    OCLI_N05612-4
      6.27600      6.34774      6.34805      6.34759      6.34663      6.34694      6.36529    0.0127605      148.930  1.25527e-10      1687.08      1714.94     0.983805     0.984752   1.7964936e+08      21.6082      2.99180   3.3585490e+08      3843.49      46.7165    OCLI_N06276-9_2
      6.61100      6.61333      6.61406      6.61297      6.61062      6.61135      6.62146    0.0142436      159.574  1.08056e-10      1576.24      1579.25     0.998203      1.00735   1.7984134e+08      21.5076      2.98483   5.2879933e+08      3283.67      54.3578    N06611
      7.68800      7.70171      7.70480      7.70016      7.68715      7.69025      7.70081    0.0345344      332.317  5.89366e-11      1165.64      1144.93      1.01850      1.00765   2.7696413e+08      21.1259      2.95822   2.3411907e+09      2636.43      54.4426    OCLI_N07688-9A_1
      8.60600      8.60460      8.60530      8.60425      8.60182      8.60252      8.59294   0.00883232      76.0490  3.79178e-11      936.374      943.155     0.992891     0.997847       50915364.      20.8405      2.93817   5.1874013e+08      973.448      120.533    OCLI_N08606-9_1
      8.80000      8.80294      9.04433      8.75667      8.61654      8.64639      8.73721    0.0947284      805.645  3.61516e-11      924.667      840.919      1.11124      1.13658   5.3264169e+08      20.8314      2.93752   5.7788627e+09      3267.91      35.2284    Reading_F086
      10.6770      10.6502      10.6507      10.6499      10.6481      10.6486      10.6505    0.0107772      74.9698  1.68490e-11      637.446      638.434     0.998504      1.00032       34169282.      20.3160      2.90096   8.7906311e+08      547.679      148.456    OCLI_N10677-9_2
      11.0350      11.0888      11.0960      11.0852      11.0605      11.0677      11.0459    0.0608353      406.692  1.44284e-11      591.407      591.437      1.00060      1.00259   1.7197234e+08      20.2283      2.89470   5.1804895e+09      1144.02      66.0802    OCLI_N11035-9A
      11.2000      11.2366      11.2888      11.2106      11.0280      11.0834      11.1724     0.845051      5597.22  1.40008e-11      586.939      576.176      1.02341      1.04015   2.3489393e+09      20.2345      2.89512   7.8653521e+10      3359.27      18.6942    Reading_Nprime
      11.2820      11.3425      11.3430      11.3422      11.3407      11.3411      11.3520    0.0112064      73.1965  1.31497e-11      564.278      566.049     0.996914     0.997011       29531790.      20.1740      2.89081   9.7801133e+08      436.491      165.941    OCLI_N11282-9_1
      11.8030      11.7964      11.8023      11.7935      11.7736      11.7793      11.7815    0.0331881      208.526  1.12960e-11      524.073      522.750      1.00302      1.02599       78137052.      20.0935      2.88504   3.0065758e+09      676.727      99.4057    OCLI_N11803-9X
      11.8032      11.7299      11.7357      11.7270      11.7071      11.7129      11.7307    0.0340994      215.467  1.15518e-11      529.912      530.286     0.999787      1.00086       81637522.      20.1055      2.88589   3.0716151e+09      699.511      97.2117    OCLI-N11803-9X_2
      19.5000      19.6993      19.8146      19.6421      19.3325      19.3843      19.5477     0.159132      601.933  1.53333e-12      197.329      192.634      1.03035      1.04844       84927045.      19.7882      2.86303   1.4501163e+10      342.225      74.6442    FOR-20um-542-090-091_full_cln
      24.4000      24.9198      25.0238      24.8688      24.4896      24.6155      24.7719     0.129878      387.688  5.97996e-13      123.364      121.156      1.02240      1.03517       34196188.      20.7015      2.92820   1.0371618e+10      162.562      98.3765    Lakeshore_24um_5000_double_full_cln
      25.3580      25.2414      25.2580      25.2332      25.1759      25.1924      25.2304    0.0567806      166.757  5.56788e-13      118.253      118.120      1.00179      1.06218       14099494.      20.8203      2.93672   4.4765836e+09      102.299      149.842    FOR-25um-25358_22-29um
      25.3870      25.4087      25.4266      25.3998      25.3380      25.3558      25.3920    0.0721528      210.518  5.42516e-13      116.749      116.582      1.00213      1.00414       17573080.      20.8670      2.94001   5.6982814e+09      112.357      134.738    FOR-25um-25387_22-29um
      31.5000      31.3971      31.5258      31.3334      30.6534      30.9699      31.1975     0.129233      306.171  2.38861e-13      78.2240      76.6484      1.02471      1.03728       17124157.      23.1121      3.09347   1.0203768e+10      82.0894      123.628    FOR-30um-542-84-85_full_cln
      33.6000      33.4296      33.5071      33.3797      32.6687      33.0029      33.2497    0.0344624      76.5995  1.85461e-13      68.9284      67.6625      1.02176      1.02888       3775113.1      24.2015      3.16551   2.6848543e+09      34.8309      256.941    Lakeshore_33um_4587_double_full_cln
      34.8000      34.6769      34.7794      34.6189      33.8936      34.2350      34.4517    0.0815769      174.861  1.60366e-13      64.1093      62.3915      1.03097      1.03145       8015315.6      24.9312      3.21261   6.7017916e+09      47.2882      175.951    Lakeshore_34um_5004_double_full_cln
      37.1000      37.1236      37.2094      37.0711      36.2314      36.6650      36.9296    0.0464998      93.0561  1.22016e-13      55.9328      54.9326      1.02109      1.02817       3721491.4      26.5702      3.31631   3.4090513e+09      30.5459      237.753    Lakeshore_38um_5130_5144_double_full_cln
