../../sofiacalib/alpha_tau_ldecin_2009A.fits
dual Barr3
../atranfiles/atran_41K_45deg_4-50mum.txt
dual Barr3
    lambda_ref   lambda_mean   lambda_1     lambda_pivot  lambda_eff  lambda_eff_ph  lambda_iso   width      Response  F_mean          Fnu_mean    Fnu_lammean   ColorTerm   ColorTerm   Total Count Rate   Source Size Source FWHM    Bkgd          S/N        Fnu_limit   Filter
     microns       microns      microns      microns      microns      microns       microns    microns      e/s/mJy   W/m^2/mum        Jy            Jy                                 electrons/s          pix        arcsec         e-/s                     mJy
      5.35200      5.35444      5.35497      5.35418      5.35273      5.35326      5.41440   0.00539169      74.6050  1.97132e-10      1885.04      1726.67      1.09183      1.00818   1.0055308e+08      29.6313      3.50348       98378606.      2205.93      81.0086    OCLI_N05352-8_2
      5.61200      5.60237      5.60273      5.60219      5.60121      5.60157      5.61329   0.00189883      25.1106  1.71460e-10      1794.97      1723.42      1.04158      1.03546       32227061.      29.6778      3.50622       51283159.      1066.37      178.769    OCLI_N05612-4
      6.27600      6.35179      6.35208      6.35164      6.35073      6.35102      6.35783    0.0113877      132.823  1.12036e-10      1507.68      1533.05     0.983499     0.983025   1.4318215e+08      29.8306      3.51524   7.0837959e+08      1531.65      118.725    OCLI_N06276-9_2
      6.61100      6.59344      6.59408      6.59311      6.59099      6.59162      6.59400    0.0147966      166.268  9.71282e-11      1408.34      1415.56     0.994994      1.00363   1.6742502e+08      29.8838      3.51837   1.2555565e+09      1386.86      126.011    N06611
      7.68800      7.70441      7.70747      7.70288      7.68695      7.69003      7.69232    0.0262631      252.635  5.07482e-11      1004.40      923.497      1.08804      1.07701   1.8142843e+08      30.1518      3.53411   4.2211448e+09      855.036      151.778    OCLI_N07688-9A_1
      8.60600      8.66212      8.66281      8.66177      8.65955      8.66027      8.72382  4.38442e-05     0.375005  3.14260e-11      786.470      833.003     0.944214     0.967551       210875.12      30.4223      3.54992       7409383.8      8.76905      11894.0    OCLI_N08606-9_1
      10.6770      10.6510      10.6516      10.6508      10.6490      10.6496      10.6404   0.00801152      55.7262  1.49045e-11      563.974      558.128      1.01053      1.01393       22471129.      31.0778      3.58797   2.0058734e+09      155.826      474.773    OCLI_N10677-9_2
      11.0350      11.0539      11.0607      11.0505      11.0279      11.0346      11.0359    0.0496712      333.098  1.29806e-11      528.734      519.566      1.01827      1.01899   1.2592586e+08      31.2214      3.59625   1.3117956e+10      342.221      202.823    OCLI_N11035-9A
      11.2820      11.3051      11.3056      11.3049      11.3036      11.3040      11.2898  0.000475056      3.11314  1.18678e-11      505.927      497.804      1.01635      1.01033       1126138.1      31.3229      3.60209   1.2954523e+08      26.1785      2547.20    OCLI_N11282-9_1
      11.8030      11.8967      11.9014      11.8944      11.8782      11.8830      11.9042   0.00148143      9.22864  9.74910e-12      460.077      462.413     0.995338     0.998852       3035807.9      31.5529      3.61529   4.3058583e+08      43.1481      1403.25    OCLI_N11803-9X
      11.8032      11.8318      11.8374      11.8290      11.8092      11.8151      11.7812   0.00145108      9.08996  9.96467e-12      465.091      462.039      1.00709      1.00879       3022770.9      31.5257      3.61372   4.1883348e+08      43.4963      1407.13    OCLI-N11803-9X_2
      19.5000      19.6993      19.8146      19.6421      19.3215      19.3816      19.5466     0.141087      533.673  1.38281e-12      177.959      174.735      1.02439      1.04571       67904770.      35.5850      3.83899   4.7066224e+10      89.9350      239.773    FOR-20um-542-090-091_full_cln
      24.4000      27.6787      27.7284      27.6533      27.4262      27.5172      27.6286   0.00873974      23.4350  3.52525e-13      89.9213      89.3076      1.00872      1.01322       1506725.0      42.0921      4.17525   2.5676958e+09      9.17762      1292.17    Lakeshore_24um_5000_double_full_cln
      25.3580      25.2414      25.2580      25.2332      25.1762      25.1926      25.2118    0.0503415      147.846  5.04208e-13      107.086      107.063      1.00087      1.05516       11320090.      39.9801      4.06944   1.5049814e+10      28.8446      489.467    FOR-25um-25358_22-29um
      25.3870      26.2521      26.2694      26.2434      26.1845      26.2014      26.2363   0.00224789      6.34760  4.31644e-13      99.1624      97.4093      1.01867      1.00850       450052.32      40.8653      4.11424   6.5962425e+08      5.22499      2504.25    FOR-25um-25387_22-29um
      31.5000      31.3615      31.4788      31.3054      31.0003      31.0526      31.1952    0.0738297      175.026  2.16571e-13      70.7976      69.9022      1.01644      1.03143       8859875.8      45.6472      4.34748   2.1053871e+10      19.0624      489.754    FOR-30um-542-84-85_full_cln
      33.6000      33.5672      33.5985      33.5513      33.4266      33.4689      33.5098    0.0185191      40.9100  1.62932e-13      61.1797      61.0456      1.00315      1.01222       1789545.6      48.2780      4.47161   5.1224021e+09      7.76111      1039.63    Lakeshore_33um_4587_double_full_cln
      34.8000      34.6402      34.7179      34.6011      34.3115      34.4032      34.5354    0.0437582      93.7939  1.44866e-13      57.8532      57.3878      1.01039      1.01996       3879789.1      49.3881      4.52220   1.2525916e+10      10.8074      705.952    Lakeshore_34um_5004_double_full_cln
      37.1000      36.9832      37.0477      36.9494      36.6797      36.7701      36.8895    0.0218219      43.7921  1.11412e-13      50.7372      50.3275      1.00998      1.01665       1588649.4      52.2629      4.65196   5.6352499e+09      6.56975      1018.56    Lakeshore_38um_5130_5144_double_full_cln
