../../sofiacalib/alpha_tau_ldecin_2009A.fits
single Barr2
../atranfiles/atran_41K_45deg_4-50mum.txt
single Barr2
    lambda_ref   lambda_mean   lambda_1     lambda_pivot  lambda_eff  lambda_eff_ph  lambda_iso   width      Response  F_mean          Fnu_mean    Fnu_lammean   ColorTerm   ColorTerm   Total Count Rate   Source Size Source FWHM    Bkgd          S/N        Fnu_limit   Filter
     microns       microns      microns      microns      microns      microns       microns    microns      e/s/mJy   W/m^2/mum        Jy            Jy                                 electrons/s          pix        arcsec         e-/s                     mJy
      5.35200      5.35578      5.35630      5.35551      5.35409      5.35462      5.45527    0.0154959      214.363  1.96966e-10      1884.40      1869.05      1.00831      1.05592   2.8882132e+08      22.0124      3.01966   1.1844554e+08      6995.07      19.8987    OCLI_N05352-8_2
      5.61200      5.60961      5.60998      5.60943      5.60840      5.60877      5.50961   0.00801690      105.881  1.70732e-10      1791.98      1912.84     0.936874     0.947784   1.3566098e+08      21.9051      3.01229       94049286.      4313.85      36.3251    OCLI_N05612-4
      6.27600      6.34774      6.34805      6.34759      6.34664      6.34695      6.36862    0.0127605      148.930  1.12288e-10      1509.14      1539.17     0.980537     0.983145   1.6070142e+08      21.6082      2.99180   3.3585490e+08      3499.34      46.7165    OCLI_N06276-9_2
      6.61100      6.61333      6.61406      6.61297      6.61057      6.61129      6.59703    0.0142436      159.574  9.60331e-11      1400.86      1404.62     0.997430      1.01531   1.5983100e+08      21.5077      2.98483   5.2879933e+08      2958.04      54.3578    N06611
      7.68800      7.70171      7.70480      7.70016      7.68407      7.68718      7.70039    0.0345344      332.317  5.08525e-11      1005.75      990.648      1.01566      1.06918   2.3897421e+08      21.1270      2.95830   2.3411907e+09      2290.63      54.4426    OCLI_N07688-9A_1
      8.60600      8.60460      8.60530      8.60425      8.60206      8.60277      8.58249   0.00883232      76.0490  3.21948e-11      795.045      784.583      1.01342      1.01039       43230627.      20.8404      2.93817   5.1874013e+08      831.207      120.533    OCLI_N08606-9_1
      8.80000      8.80294      9.04433      8.75667      8.61669      8.64712      8.65191    0.0947284      805.645  3.07642e-11      786.871      704.496      1.12876      1.12827   4.5326601e+08      20.8313      2.93751   5.7788627e+09      2797.69      35.2284    Reading_F086
      10.6770      10.6502      10.6507      10.6499      10.6482      10.6487      10.6507    0.0107772      74.9698  1.49089e-11      564.048      565.753     0.997037      1.00597       30234894.      20.3160      2.90096   8.7906311e+08      485.600      148.456    OCLI_N10677-9_2
      11.0350      11.0888      11.0960      11.0852      11.0612      11.0684      11.0679    0.0608353      406.692  1.28265e-11      525.746      531.020     0.990712     0.998814   1.5287906e+08      20.2282      2.89469   5.1804895e+09      1018.73      66.0802    OCLI_N11035-9A
      11.2000      11.2366      11.2888      11.2106      11.0334      11.0887      11.1926     0.845051      5597.22  1.24173e-11      520.558      508.959      1.02754      1.03313   2.0832809e+09      20.2334      2.89504   7.8653521e+10      2982.59      18.6942    Reading_Nprime
      11.2820      11.3425      11.3430      11.3422      11.3407      11.3412      11.3537    0.0112064      73.1965  1.17180e-11      502.843      503.561     0.998617     0.997510       26316532.      20.1740      2.89081   9.7801133e+08      389.516      165.941    OCLI_N11282-9_1
      11.8030      11.7964      11.8023      11.7935      11.7738      11.7796      11.7918    0.0331881      208.526  1.00817e-11      467.735      465.842      1.00456      1.02835       69737266.      20.0935      2.88503   3.0065758e+09      604.741      99.4057    OCLI_N11803-9X
      11.8032      11.7299      11.7357      11.7270      11.7074      11.7131      11.7267    0.0340994      215.467  1.03077e-11      472.842      470.735      1.00497     0.995560       72845485.      20.1054      2.88589   3.0716151e+09      624.984      97.2117    OCLI-N11803-9X_2
      19.5000      19.6993      19.8146      19.6421      19.3215      19.3816      19.5468     0.159132      601.933  1.38281e-12      177.959      174.735      1.02439      1.04571       76590272.      19.7891      2.86309   1.4501163e+10      308.715      74.6442    FOR-20um-542-090-091_full_cln
      24.4000      24.9198      25.0238      24.8688      24.4921      24.6171      24.7439     0.129878      387.688  5.41344e-13      111.677      110.098      1.01850      1.03265       30956571.      20.7018      2.92822   1.0371618e+10      147.183      98.3765    Lakeshore_24um_5000_double_full_cln
      25.3580      25.2414      25.2580      25.2332      25.1762      25.1926      25.2508    0.0567806      166.757  5.04208e-13      107.086      107.063      1.00087      1.05516       12768009.      20.8204      2.93673   4.4765836e+09      92.6516      149.842    FOR-25um-25358_22-29um
      25.3870      25.4087      25.4266      25.3998      25.3383      25.3561      25.4132    0.0721528      210.518  4.91335e-13      105.735      105.665      1.00137      1.00126       15915238.      20.8671      2.94002   5.6982814e+09      101.771      134.738    FOR-25um-25387_22-29um
      31.5000      31.3971      31.5258      31.3334      30.6688      30.9746      31.1952     0.129233      306.171  2.16763e-13      70.9872      69.6716      1.02303      1.03438       15539936.      23.1129      3.09353   1.0203768e+10      74.5004      123.628    FOR-30um-542-84-85_full_cln
      33.6000      33.4296      33.5071      33.3797      32.6754      33.0059      33.2316    0.0344624      76.5995  1.68406e-13      62.5895      61.3342      1.02352      1.02907       3427942.5      24.2025      3.16558   2.6848543e+09      31.6296      256.941    Lakeshore_33um_4587_double_full_cln
      34.8000      34.6769      34.7794      34.6189      33.9009      34.2377      34.4862    0.0815769      174.861  1.45657e-13      58.2288      56.5706      1.03276      1.03026       7280105.2      24.9321      3.21268   6.7017916e+09      42.9528      175.951    Lakeshore_34um_5004_double_full_cln
      37.1000      37.1236      37.2094      37.0711      36.2407      36.6683      36.9387    0.0464998      93.0561  1.10878e-13      50.8271      49.9746      1.01994      1.02683       3381784.0      26.5715      3.31640   3.4090513e+09      27.7589      237.753    Lakeshore_38um_5130_5144_double_full_cln
