../../sofiacalib/alpha_boo_ldecin_2009A.fits
dual Barr2
../atranfiles/atran_41K_45deg_4-50mum.txt
dual Barr2
    lambda_ref   lambda_mean   lambda_1     lambda_pivot  lambda_eff  lambda_eff_ph  lambda_iso   width      Response  F_mean          Fnu_mean    Fnu_lammean   ColorTerm   ColorTerm   Total Count Rate   Source Size Source FWHM    Bkgd          S/N        Fnu_limit   Filter
     microns       microns      microns      microns      microns      microns       microns    microns      e/s/mJy   W/m^2/mum        Jy            Jy                                 electrons/s          pix        arcsec         e-/s                     mJy
      5.35200      5.36311      5.36365      5.36284      5.36133      5.36188      5.34913   0.00101252      13.9876  2.23135e-10      2140.61      2138.22      1.00122      1.03980       21408604.      22.0094      3.01945       7834601.9      1650.07      119.788    OCLI_N05352-8_2
      5.61200      5.61366      5.61414      5.61342      5.61206      5.61253      5.61534  0.000801512      10.5783  1.92583e-10      2024.19      2070.23     0.977848      1.00271       15309922.      21.9035      3.01218       9473773.1      1247.48      164.478    OCLI_N05612-4
      6.27600      6.35077      6.35108      6.35062      6.34965      6.34996      6.36575    0.0104050      121.381  1.25310e-10      1685.77      1707.47     0.987342     0.987598   1.4630411e+08      21.6070      2.99172   2.8004547e+08      3433.36      52.5221    OCLI_N06276-9_2
      6.61100      6.61993      6.62121      6.61929      6.61515      6.61643      6.62502   0.00803389      89.9229  1.07669e-10      1573.60      1582.93     0.994297     0.995791   1.0117419e+08      21.5057      2.98470   2.8300056e+08      2492.59      71.2472    N06611
      7.68800      7.72273      7.72582      7.72118      7.70805      7.71121      7.69676    0.0238653      229.026  5.81750e-11      1156.87      1164.37     0.993954      1.04337   1.8944094e+08      21.1188      2.95773   1.6452464e+09      2152.06      66.2928    OCLI_N07688-9A_1
      8.60600      8.66212      8.66281      8.66177      8.65934      8.66007      8.69855  4.17276e-05     0.356901  3.69316e-11      924.253      944.273     0.978878     0.994590       235855.03      20.8233      2.93696       2535875.8      12.5324      9788.72    OCLI_N08606-9_1
      8.80000      8.64296      8.64714      8.64113      8.62982      8.63303      8.61938    0.0605813      519.486  3.73336e-11      929.867      914.979      1.01670      1.01435   3.4538252e+08      20.8316      2.93754   3.6279441e+09      2669.49      43.3144    Reading_F086
      10.6770      10.6503      10.6509      10.6501      10.6483      10.6488      10.6505   0.00924645      64.3203  1.68479e-11      637.427      638.106     0.998986      1.00092       29314601.      20.3159      2.90096   7.5421578e+08      506.774      160.448    OCLI_N10677-9_2
      11.0350      11.0106      11.0166      11.0076      10.9872      10.9930      11.0093    0.0505663      340.410  1.48250e-11      599.177      599.244      1.00043      1.00163   1.4583559e+08      20.2430      2.89575   4.2737075e+09      1067.44      71.7221    OCLI_N11035-9A
      11.2000      11.1372      11.1783      11.1166      10.9766      11.0174      11.0600     0.524391      3501.06  1.44215e-11      594.477      586.094      1.01806      1.02905   1.4881276e+09      20.2453      2.89590   4.6333424e+10      2770.74      22.9398    Reading_Nprime
      11.2820      11.3051      11.3056      11.3049      11.3036      11.3040      11.2897  0.000452122      2.96285  1.33205e-11      567.853      561.061      1.01214      1.00957       1202959.6      20.1810      2.89131       39328945.      53.6498      1389.89    OCLI_N11282-9_1
      11.8030      11.8967      11.9014      11.8944      11.8780      11.8828      11.9005   0.00140991      8.78312  1.09180e-11      515.241      516.068     0.998790     0.999855       3235679.7      20.0744      2.88366   1.2871889e+08      108.683      616.618    OCLI_N11803-9X
      11.8032      11.8318      11.8374      11.8290      11.8089      11.8148      11.8015   0.00138103      8.65113  1.11620e-11      520.974      519.268      1.00377      1.00114       3222516.4      20.0866      2.88454   1.2537802e+08      109.103      621.118    OCLI-N11803-9X_2
      19.5000      19.6993      19.8146      19.6421      19.3325      19.3843      19.5474     0.141087      533.673  1.53333e-12      197.329      192.634      1.03035      1.04844       75296139.      19.7882      2.86303   1.2856700e+10      322.222      79.2783    FOR-20um-542-090-091_full_cln
      24.4000      27.6787      27.7284      27.6533      27.4240      27.5163      27.6092   0.00831782      22.3037  3.88848e-13      99.1863      98.3943      1.00990      1.01503       1581737.0      21.5854      2.99008   6.5634148e+08      28.2613      456.414    Lakeshore_24um_5000_double_full_cln
      25.3580      25.2414      25.2580      25.2332      25.1759      25.1924      25.0904    0.0503415      147.846  5.56788e-13      118.253      118.120      1.00179      1.06218       12500582.      20.8203      2.93672   3.9689297e+09      96.3090      159.163    FOR-25um-25358_22-29um
      25.3870      26.2521      26.2694      26.2434      26.1843      26.2012      26.2346   0.00213937      6.04117  4.76388e-13      109.441      107.718      1.01667      1.00939       472725.37      21.1205      2.95781   1.6570716e+08      14.5958      980.471    FOR-25um-25387_22-29um
      31.5000      31.3615      31.4788      31.3054      31.0001      31.0519      31.2137    0.0702655      166.577  2.38607e-13      78.0014      76.8226      1.01899      1.03341       9290140.3      23.1112      3.09348   5.5554096e+09      60.1354      168.313    FOR-30um-542-84-85_full_cln
      33.6000      33.5672      33.5985      33.5513      33.4260      33.4686      33.5286    0.0176251      38.9351  1.79396e-13      67.3614      67.1154      1.00462      1.00759       1875245.2      24.3718      3.17712   1.3727984e+09      23.8099      367.623    Lakeshore_33um_4587_double_full_cln
      34.8000      34.6402      34.7179      34.6011      34.3106      34.4025      34.5327    0.0416458      89.2659  1.59479e-13      63.6889      63.0481      1.01245      1.01939       4064953.0      24.9664      3.21522   3.4533308e+09      33.1857      249.164    Lakeshore_34um_5004_double_full_cln
      37.1000      36.9832      37.0477      36.9494      36.6787      36.7694      36.8861    0.0207685      41.6780  1.22590e-13      55.8280      55.3479      1.01052      1.01585       1663661.8      26.5489      3.31548   1.5413306e+09      19.9555      363.559    Lakeshore_38um_5130_5144_double_full_cln
