../../sofiacalib/alpha_cet_ldecin_2009A.fits
dual Barr3
../atranfiles/atran_41K_45deg_4-50mum.txt
dual Barr3
    lambda_ref   lambda_mean   lambda_1     lambda_pivot  lambda_eff  lambda_eff_ph  lambda_iso   width      Response  F_mean          Fnu_mean    Fnu_lammean   ColorTerm   ColorTerm   Total Count Rate   Source Size Source FWHM    Bkgd          S/N        Fnu_limit   Filter
     microns       microns      microns      microns      microns      microns       microns    microns      e/s/mJy   W/m^2/mum        Jy            Jy                                 electrons/s          pix        arcsec         e-/s                     mJy
      5.35200      5.35444      5.35497      5.35418      5.35276      5.35329      5.37535   0.00539169      74.6050  6.65569e-11      636.441      577.749      1.10170      1.01215       33949387.      29.6314      3.50348       98378606.      903.542      81.0086    OCLI_N05352-8_2
      5.61200      5.60237      5.60273      5.60219      5.60123      5.60159      5.55235   0.00189883      25.1106  5.81634e-11      608.899      579.251      1.05125      1.04172       10932209.      29.6778      3.50622       51283159.      413.086      178.769    OCLI_N05612-4
      6.27600      6.35179      6.35208      6.35164      6.35075      6.35104      6.35311    0.0113877      132.823  3.82868e-11      515.230      525.094     0.981259     0.980655       48930554.      29.8306      3.51524   7.0837959e+08      554.156      118.725    OCLI_N06276-9_2
      6.61100      6.59344      6.59408      6.59311      6.59103      6.59167      6.58844    0.0147966      166.268  3.33246e-11      483.199      486.589     0.993130      1.00004       57443353.      29.8838      3.51837   1.2555565e+09      494.870      126.011    N06611
      7.68800      7.70441      7.70747      7.70288      7.68500      7.68809      7.69223    0.0262631      252.635  1.70623e-11      337.695      304.217      1.11049      1.10549       60999051.      30.1513      3.53408   4.2211448e+09      291.400      151.778    OCLI_N07688-9A_1
      8.60600      8.66212      8.66281      8.66177      8.65965      8.66037      8.63882  4.38442e-05     0.375005  1.04745e-11      262.137      282.601     0.927660     0.958347       70286.371      30.4223      3.54993       7409383.8      2.92635      11894.0    OCLI_N08606-9_1
      10.6770      10.6510      10.6516      10.6508      10.6491      10.6496      10.6660   0.00801152      55.7262  5.09982e-12      192.972      189.776      1.01689      1.01972       7688841.4      31.0778      3.58797   2.0058734e+09      53.5089      474.773    OCLI_N10677-9_2
      11.0350      11.0539      11.0607      11.0505      11.0284      11.0352      11.0356    0.0496712      333.098  4.45502e-12      181.464      177.876      1.02080      1.01990       43218368.      31.2216      3.59626   1.3117956e+10      117.812      202.823    OCLI_N11035-9A
      11.2820      11.3051      11.3056      11.3049      11.3036      11.3040      11.2897  0.000475056      3.11314  4.08090e-12      173.969      170.459      1.02063      1.01391       387236.81      31.3229      3.60209   1.2954523e+08      9.01983      2547.20    OCLI_N11282-9_1
      11.8030      11.8967      11.9014      11.8944      11.8783      11.8831      11.9042   0.00148143      9.22864  3.35819e-12      158.479      159.324     0.995084     0.997094       1045718.0      31.5530      3.61529   4.3058583e+08      14.8928      1403.25    OCLI_N11803-9X
      11.8032      11.8318      11.8374      11.8290      11.8093      11.8153      11.7812   0.00145108      9.08996  3.43189e-12      160.180      159.251      1.00631      1.00762       1041059.4      31.5258      3.61373   4.1883348e+08      15.0112      1407.13    OCLI-N11803-9X_2
      19.5000      19.6993      19.8146      19.6421      19.3145      19.3790      19.5464     0.141087      533.673  4.77271e-13      61.4215      60.2571      1.02527      1.04600       23436978.      35.5838      3.83893   4.7066224e+10      31.0527      239.773    FOR-20um-542-090-091_full_cln
      24.4000      27.6787      27.7284      27.6533      27.4274      27.5176      27.6281   0.00873974      23.4350  1.21739e-13      31.0530      30.8422      1.00868      1.01321       520324.72      42.0923      4.17526   2.5676958e+09      3.16993      1292.17    Lakeshore_24um_5000_double_full_cln
      25.3580      25.2414      25.2580      25.2332      25.1762      25.1927      25.2406    0.0503415      147.846  1.74080e-13      36.9720      36.9767      1.00053      1.05960       3908313.0      39.9802      4.06945   1.5049814e+10      9.96114      489.467    FOR-25um-25358_22-29um
      25.3870      26.2521      26.2694      26.2434      26.1845      26.2014      26.2357   0.00224789      6.34760  1.49045e-13      34.2404      33.5872      1.02012      1.00894       155401.22      40.8654      4.11424   6.5962425e+08      1.80453      2504.25    FOR-25um-25387_22-29um
      31.5000      31.3615      31.4788      31.3054      31.0003      31.0528      31.1954    0.0738297      175.026  7.48166e-14      24.4578      24.1416      1.01673      1.03172       3060735.9      45.6475      4.34749   2.1053871e+10      6.58618      489.754    FOR-30um-542-84-85_full_cln
      33.6000      33.5672      33.5985      33.5513      33.4269      33.4690      33.5314    0.0185191      40.9100  5.62990e-14      21.1398      21.0914      1.00324      1.01133       618352.16      48.2781      4.47162   5.1224021e+09      2.68204      1039.63    Lakeshore_33um_4587_double_full_cln
      34.8000      34.6402      34.7179      34.6011      34.3120      34.4034      34.5351    0.0437582      93.7939  5.00591e-14      19.9914      19.8258      1.01064      1.01951       1340675.4      49.3884      4.52221   1.2525916e+10      3.73492      705.952    Lakeshore_34um_5004_double_full_cln
      37.1000      36.9832      37.0477      36.9494      36.6801      36.7702      36.8899    0.0218219      43.7921  3.85038e-14      17.5347      17.3969      1.00976      1.01633       549035.72      52.2631      4.65197   5.6352499e+09      2.27070      1018.56    Lakeshore_38um_5130_5144_double_full_cln
