../../sofiacalib/alpha_cet_ldecin_2009A.fits
dual Barr2
../atranfiles/atran_41K_45deg_4-50mum.txt
dual Barr2
    lambda_ref   lambda_mean   lambda_1     lambda_pivot  lambda_eff  lambda_eff_ph  lambda_iso   width      Response  F_mean          Fnu_mean    Fnu_lammean   ColorTerm   ColorTerm   Total Count Rate   Source Size Source FWHM    Bkgd          S/N        Fnu_limit   Filter
     microns       microns      microns      microns      microns      microns       microns    microns      e/s/mJy   W/m^2/mum        Jy            Jy                                 electrons/s          pix        arcsec         e-/s                     mJy
      5.35200      5.36311      5.36365      5.36284      5.36142      5.36196      5.45582   0.00101252      13.9876  6.62159e-11      635.230      625.523      1.01562      1.04519       6353045.5      22.0093      3.01944       7834601.9      611.007      119.788    OCLI_N05352-8_2
      5.61200      5.61366      5.61414      5.61342      5.61213      5.61260      5.66239  0.000801512      10.5783  5.77797e-11      607.310      614.550     0.988303      1.00861       4593372.6      21.9035      3.01217       9473773.1      442.507      164.478    OCLI_N05612-4
      6.27600      6.35077      6.35108      6.35062      6.34968      6.34999      6.36218    0.0104050      121.381  3.83072e-11      515.338      522.349     0.986625     0.986107       44724962.      21.6070      2.99172   2.8004547e+08      1191.29      52.5221    OCLI_N06276-9_2
      6.61100      6.61993      6.62121      6.61929      6.61514      6.61643      6.62701   0.00803389      89.9229  3.28502e-11      480.111      482.789     0.994645     0.996832       30868645.      21.5057      2.98470   2.8300056e+08      835.103      71.2472    N06611
      7.68800      7.72273      7.72582      7.72118      7.70298      7.70618      7.69673    0.0238653      229.026  1.68065e-11      334.213      331.450      1.00874      1.10105       54728559.      21.1206      2.95785   1.6452464e+09      644.535      66.2928    OCLI_N07688-9A_1
      8.60600      8.66212      8.66281      8.66177      8.65965      8.66037      8.64682  4.17276e-05     0.356901  1.04745e-11      262.137      282.601     0.927660     0.958347       66893.235      20.8232      2.93695       2535875.8      3.55784      9788.72    OCLI_N08606-9_1
      8.80000      8.64296      8.64714      8.64113      8.63039      8.63371      8.65814    0.0605813      519.486  1.05781e-11      263.469      254.469      1.03580      1.03695       97860730.      20.8314      2.93753   3.6279441e+09      779.785      43.3144    Reading_F086
      10.6770      10.6503      10.6509      10.6501      10.6484      10.6489      10.6660   0.00924645      64.3203  5.10095e-12      192.990      192.297      1.00366      1.01475       8875423.7      20.3159      2.90096   7.5421578e+08      155.343      160.448    OCLI_N10677-9_2
      11.0350      11.0106      11.0166      11.0076      10.9882      10.9941      11.0038    0.0505663      340.410  4.51930e-12      182.655      181.389      1.00753     0.998458       44457084.      20.2428      2.89573   4.2737075e+09      328.997      71.7221    OCLI_N11035-9A
      11.2000      11.1372      11.1783      11.1166      10.9836      11.0245      11.0973     0.524391      3501.06  4.38362e-12      180.699      177.982      1.01903      1.02304   4.5233688e+08      20.2439      2.89579   4.6333424e+10      848.320      22.9398    Reading_Nprime
      11.2820      11.3051      11.3056      11.3049      11.3036      11.3040      11.2898  0.000452122      2.96285  4.08090e-12      173.969      170.459      1.02063      1.01391       368542.61      20.1810      2.89131       39328945.      16.4912      1389.89    OCLI_N11282-9_1
      11.8030      11.8967      11.9014      11.8944      11.8783      11.8831      11.9042   0.00140991      8.78312  3.35819e-12      158.479      159.324     0.995084     0.997094       995235.06      20.0744      2.88366   1.2871889e+08      33.5991      616.618    OCLI_N11803-9X
      11.8032      11.8318      11.8374      11.8290      11.8093      11.8153      11.7812   0.00138103      8.65113  3.43189e-12      160.180      159.251      1.00631      1.00762       990801.32      20.0865      2.88453   1.2537802e+08      33.7181      621.118    OCLI-N11803-9X_2
      19.5000      19.6993      19.8146      19.6421      19.3145      19.3790      19.5464     0.141087      533.673  4.77271e-13      61.4215      60.2571      1.02527      1.04600       23436979.      19.7894      2.86311   1.2856700e+10      100.487      79.2783    FOR-20um-542-090-091_full_cln
      24.4000      27.6787      27.7284      27.6533      27.4274      27.5176      27.6281   0.00831782      22.3037  1.21739e-13      31.0530      30.8422      1.00868      1.01321       495205.59      21.5856      2.99009   6.5634148e+08      8.85412      456.414    Lakeshore_24um_5000_double_full_cln
      25.3580      25.2414      25.2580      25.2332      25.1762      25.1927      25.0904    0.0503415      147.846  1.74080e-13      36.9720      36.9767      1.00053      1.05960       3908313.1      20.8204      2.93673   3.9689297e+09      30.1418      159.163    FOR-25um-25358_22-29um
      25.3870      26.2521      26.2694      26.2434      26.1845      26.2014      26.2358   0.00213937      6.04117  1.49045e-13      34.2404      33.5872      1.02012      1.00894       147899.09      21.1206      2.95781   1.6570716e+08      4.56934      980.471    FOR-25um-25387_22-29um
      31.5000      31.3615      31.4788      31.3054      31.0002      31.0528      31.1956    0.0702655      166.577  7.48166e-14      24.4578      24.1416      1.01673      1.03172       2912976.5      23.1117      3.09352   5.5554096e+09      18.8659      168.313    FOR-30um-542-84-85_full_cln
      33.6000      33.5672      33.5985      33.5513      33.4269      33.4690      33.5314    0.0176251      38.9351  5.62990e-14      21.1398      21.0914      1.00324      1.01133       588500.66      24.3720      3.17713   1.3727984e+09      7.47526      367.623    Lakeshore_33um_4587_double_full_cln
      34.8000      34.6402      34.7179      34.6011      34.3120      34.4034      34.5351    0.0416458      89.2659  5.00591e-14      19.9914      19.8258      1.01064      1.01951       1275953.0      24.9669      3.21525   3.4533308e+09      10.4206      249.164    Lakeshore_34um_5004_double_full_cln
      37.1000      36.9832      37.0477      36.9494      36.6801      36.7702      36.8898    0.0207685      41.6780  3.85038e-14      17.5347      17.3969      1.00976      1.01633       522530.54      26.5494      3.31551   1.5413306e+09      6.26977      363.559    Lakeshore_38um_5130_5144_double_full_cln
