../../sofiacalib/alpha_boo_ldecin_2009A.fits
dual Barr3
../atranfiles/atran_41K_45deg_4-50mum.txt
dual Barr3
    lambda_ref   lambda_mean   lambda_1     lambda_pivot  lambda_eff  lambda_eff_ph  lambda_iso   width      Response  F_mean          Fnu_mean    Fnu_lammean   ColorTerm   ColorTerm   Total Count Rate   Source Size Source FWHM    Bkgd          S/N        Fnu_limit   Filter
     microns       microns      microns      microns      microns      microns       microns    microns      e/s/mJy   W/m^2/mum        Jy            Jy                                 electrons/s          pix        arcsec         e-/s                     mJy
      5.35200      5.35444      5.35497      5.35418      5.35269      5.35323      5.38267   0.00539169      74.6050  2.24336e-10      2145.18      1945.87      1.10253      1.01376   1.1442935e+08      29.6313      3.50347       98378606.      2430.50      81.0086    OCLI_N05352-8_2
      5.61200      5.60237      5.60273      5.60219      5.60117      5.60153      5.61412   0.00189883      25.1106  1.93899e-10      2029.88      1927.17      1.05337      1.04553       36444703.      29.6777      3.50622       51283159.      1179.01      178.769    OCLI_N05612-4
      6.27600      6.35179      6.35208      6.35164      6.35072      6.35102      6.35331    0.0113877      132.823  1.25240e-10      1685.37      1711.08     0.985017     0.984231   1.6005682e+08      29.8306      3.51524   7.0837959e+08      1695.86      118.725    OCLI_N06276-9_2
      6.61100      6.59344      6.59408      6.59311      6.59105      6.59169      6.59655    0.0147966      166.268  1.09274e-10      1584.45      1596.56     0.992512     0.994882   1.8836211e+08      29.8838      3.51837   1.2555565e+09      1549.21      126.011    N06611
      7.68800      7.70441      7.70747      7.70288      7.68999      7.69306      7.69191    0.0262631      252.635  5.88391e-11      1164.53      1148.03      1.01478      1.02105   2.1035405e+08      30.1526      3.53416   4.2211448e+09      988.188      151.778    OCLI_N07688-9A_1
      8.60600      8.66212      8.66281      8.66177      8.65934      8.66007      8.69814  4.38442e-05     0.375005  3.69316e-11      924.253      944.273     0.978878     0.994590       247818.70      30.4222      3.54992       7409383.8      10.3020      11894.0    OCLI_N08606-9_1
      10.6770      10.6510      10.6516      10.6508      10.6489      10.6495      10.6505   0.00801152      55.7262  1.68439e-11      637.356      636.586      1.00126      1.00260       25394973.      31.0777      3.58796   2.0058734e+09      175.978      474.773    OCLI_N10677-9_2
      11.0350      11.0539      11.0607      11.0505      11.0273      11.0340      11.0400    0.0496712      333.098  1.46054e-11      594.916      588.054      1.01229      1.02911   1.4168814e+08      31.2212      3.59623   1.3117956e+10      384.833      202.823    OCLI_N11035-9A
      11.2820      11.3051      11.3056      11.3049      11.3036      11.3040      11.2897  0.000475056      3.11314  1.33205e-11      567.853      561.061      1.01214      1.00957       1263979.3      31.3229      3.60209   1.2954523e+08      29.3718      2547.20    OCLI_N11282-9_1
      11.8030      11.8967      11.9014      11.8944      11.8780      11.8828      11.9005   0.00148143      9.22864  1.09180e-11      515.241      516.068     0.998790     0.999855       3399808.4      31.5529      3.61528   4.3058583e+08      48.3039      1403.25    OCLI_N11803-9X
      11.8032      11.8318      11.8374      11.8290      11.8089      11.8148      11.8015   0.00145108      9.08996  1.11620e-11      520.974      519.268      1.00377      1.00114       3385977.4      31.5256      3.61372   4.1883348e+08      48.7043      1407.13    OCLI-N11803-9X_2
      19.5000      19.6993      19.8146      19.6421      19.3325      19.3843      19.5475     0.141087      533.673  1.53333e-12      197.329      192.634      1.03035      1.04844       75296135.      35.5857      3.83904   4.7066224e+10      99.7179      239.773    FOR-20um-542-090-091_full_cln
      24.4000      27.6787      27.7284      27.6533      27.4240      27.5163      27.6094   0.00873974      23.4350  3.88848e-13      99.1863      98.3943      1.00990      1.01503       1661970.1      42.0913      4.17521   2.5676958e+09      10.1229      1292.17    Lakeshore_24um_5000_double_full_cln
      25.3580      25.2414      25.2580      25.2332      25.1759      25.1924      25.2302    0.0503415      147.846  5.56788e-13      118.253      118.120      1.00179      1.06218       12500581.      39.9799      4.06943   1.5049814e+10      31.8514      489.467    FOR-25um-25358_22-29um
      25.3870      26.2521      26.2694      26.2434      26.1843      26.2012      26.2350   0.00224789      6.34760  4.76388e-13      109.441      107.718      1.01667      1.00939       496704.20      40.8651      4.11423   6.5962425e+08      5.76643      2504.25    FOR-25um-25387_22-29um
      31.5000      31.3615      31.4788      31.3054      31.0001      31.0519      31.2136    0.0738297      175.026  2.38607e-13      78.0014      76.8226      1.01899      1.03341       9761378.4      45.6464      4.34744   2.1053871e+10      21.0016      489.754    FOR-30um-542-84-85_full_cln
      33.6000      33.5672      33.5985      33.5513      33.4260      33.4686      33.5286    0.0185191      40.9100  1.79396e-13      67.3614      67.1154      1.00462      1.00759       1970366.4      48.2776      4.47159   5.1224021e+09      8.54517      1039.63    Lakeshore_33um_4587_double_full_cln
      34.8000      34.6402      34.7179      34.6011      34.3106      34.4025      34.5327    0.0437582      93.7939  1.59479e-13      63.6889      63.0481      1.01245      1.01939       4271146.6      49.3874      4.52217   1.2525916e+10      11.8974      705.952    Lakeshore_34um_5004_double_full_cln
      37.1000      36.9832      37.0477      36.9494      36.6787      36.7694      36.8861    0.0218219      43.7921  1.22590e-13      55.8280      55.3479      1.01052      1.01585       1748050.5      52.2622      4.65193   5.6352499e+09      7.22885      1018.56    Lakeshore_38um_5130_5144_double_full_cln
