../../sofiacalib/alpha_tau_ldecin_2009A.fits
dual Barr2
../atranfiles/atran_41K_45deg_4-50mum.txt
dual Barr2
    lambda_ref   lambda_mean   lambda_1     lambda_pivot  lambda_eff  lambda_eff_ph  lambda_iso   width      Response  F_mean          Fnu_mean    Fnu_lammean   ColorTerm   ColorTerm   Total Count Rate   Source Size Source FWHM    Bkgd          S/N        Fnu_limit   Filter
     microns       microns      microns      microns      microns      microns       microns    microns      e/s/mJy   W/m^2/mum        Jy            Jy                                 electrons/s          pix        arcsec         e-/s                     mJy
      5.35200      5.36311      5.36365      5.36284      5.36138      5.36193      5.34917   0.00101252      13.9876  1.96102e-10      1881.27      1848.19      1.01801      1.03695       18814923.      22.0094      3.01944       7834601.9      1497.03      119.788    OCLI_N05352-8_2
      5.61200      5.61366      5.61414      5.61342      5.61210      5.61257      5.64974  0.000801512      10.5783  1.70315e-10      1790.15      1796.35     0.996632      1.01273       13539712.      21.9035      3.01218       9473773.1      1130.13      164.478    OCLI_N05612-4
      6.27600      6.35077      6.35108      6.35062      6.34966      6.34997      6.35313    0.0104050      121.381  1.12097e-10      1508.02      1524.55     0.989204     0.988447   1.3087703e+08      21.6070      2.99172   2.8004547e+08      3124.89      52.5221    OCLI_N06276-9_2
      6.61100      6.61993      6.62121      6.61929      6.61506      6.61634      6.61369   0.00803389      89.9229  9.57477e-11      1399.37      1405.81     0.995611     0.998149       89972029.      21.5058      2.98470   2.8300056e+08      2247.38      71.2472    N06611
      7.68800      7.72273      7.72582      7.72118      7.70496      7.70815      7.70204    0.0238653      229.026  5.00620e-11      995.533      993.863      1.00208      1.07156   1.6302199e+08      21.1199      2.95780   1.6452464e+09      1864.70      66.2928    OCLI_N07688-9A_1
      8.60600      8.66212      8.66281      8.66177      8.65955      8.66027      8.71204  4.17276e-05     0.356901  3.14260e-11      786.470      833.003     0.944214     0.967551       200694.94      20.8232      2.93695       2535875.8      10.6663      9788.72    OCLI_N08606-9_1
      8.80000      8.64296      8.64714      8.64113      8.63027      8.63355      8.63854    0.0605813      519.486  3.17345e-11      790.411      772.123      1.02412      1.02474   2.9358408e+08      20.8314      2.93753   3.6279441e+09      2283.31      43.3144    Reading_F086
      10.6770      10.6503      10.6509      10.6501      10.6483      10.6489      10.6659   0.00924645      64.3203  1.49080e-11      564.032      564.210     0.999736      1.00868       25939254.      20.3159      2.90096   7.5421578e+08      449.330      160.448    OCLI_N10677-9_2
      11.0350      11.0106      11.0166      11.0076      10.9877      10.9936      11.0034    0.0505663      340.410  1.31715e-11      532.350      529.835      1.00529     0.997298   1.2957041e+08      20.2429      2.89574   4.2737075e+09      950.048      71.7221    OCLI_N11035-9A
      11.2000      11.1372      11.1783      11.1166      10.9806      11.0215      11.0400     0.524391      3501.06  1.27899e-11      527.221      519.300      1.01901      1.02436   1.3197691e+09      20.2445      2.89584   4.6333424e+10      2460.15      22.9398    Reading_Nprime
      11.2820      11.3051      11.3056      11.3049      11.3036      11.3040      11.2899  0.000452122      2.96285  1.18678e-11      505.927      497.804      1.01635      1.01033       1071772.8      20.1810      2.89131       39328945.      47.8241      1389.89    OCLI_N11282-9_1
      11.8030      11.8967      11.9014      11.8944      11.8782      11.8830      11.9042   0.00140991      8.78312  9.74910e-12      460.077      462.413     0.995338     0.998852       2889251.6      20.0744      2.88366   1.2871889e+08      97.1226      616.618    OCLI_N11803-9X
      11.8032      11.8318      11.8374      11.8290      11.8092      11.8151      11.7812   0.00138103      8.65113  9.96467e-12      465.091      462.039      1.00709      1.00879       2876844.0      20.0866      2.88454   1.2537802e+08      97.4773      621.118    OCLI-N11803-9X_2
      19.5000      19.6993      19.8146      19.6421      19.3215      19.3816      19.5690     0.141087      533.673  1.38281e-12      177.959      174.735      1.02439      1.04571       67904773.      19.7891      2.86309   1.2856700e+10      290.670      79.2783    FOR-20um-542-090-091_full_cln
      24.4000      27.6787      27.7284      27.6533      27.4262      27.5172      27.6285   0.00831782      22.3037  3.52525e-13      89.9213      89.3076      1.00872      1.01322       1433986.5      21.5856      2.99009   6.5634148e+08      25.6239      456.414    Lakeshore_24um_5000_double_full_cln
      25.3580      25.2414      25.2580      25.2332      25.1762      25.1926      25.0904    0.0503415      147.846  5.04208e-13      107.086      107.063      1.00087      1.05516       11320090.      20.8204      2.93673   3.9689297e+09      87.2263      159.163    FOR-25um-25358_22-29um
      25.3870      26.2521      26.2694      26.2434      26.1845      26.2014      26.2222   0.00213937      6.04117  4.31644e-13      99.1624      97.4093      1.01867      1.00850       428325.66      21.1206      2.95781   1.6570716e+08      13.2260      980.471    FOR-25um-25387_22-29um
      31.5000      31.3615      31.4788      31.3054      31.0003      31.0526      31.1602    0.0702655      166.577  2.16571e-13      70.7977      69.9022      1.01644      1.03143       8432158.5      23.1116      3.09351   5.5554096e+09      54.5856      168.313    FOR-30um-542-84-85_full_cln
      33.6000      33.5672      33.5985      33.5513      33.4266      33.4689      33.5099    0.0176251      38.9351  1.62932e-13      61.1797      61.0456      1.00315      1.01222       1703153.7      24.3719      3.17713   1.3727984e+09      21.6260      367.623    Lakeshore_33um_4587_double_full_cln
      34.8000      34.6402      34.7179      34.6011      34.3115      34.4032      34.5351    0.0416458      89.2659  1.44866e-13      57.8532      57.3878      1.01039      1.01996       3692488.7      24.9667      3.21524   3.4533308e+09      30.1465      249.164    Lakeshore_34um_5004_double_full_cln
      37.1000      36.9832      37.0477      36.9494      36.6797      36.7701      36.8894    0.0207685      41.6780  1.11412e-13      50.7372      50.3275      1.00998      1.01665       1511955.9      26.5493      3.31551   1.5413306e+09      18.1366      363.559    Lakeshore_38um_5130_5144_double_full_cln
