../../sofiacalib/alpha_cet_ldecin_2009A.fits
single Barr2
../atranfiles/atran_41K_45deg_4-50mum.txt
single Barr2
    lambda_ref   lambda_mean   lambda_1     lambda_pivot  lambda_eff  lambda_eff_ph  lambda_iso   width      Response  F_mean          Fnu_mean    Fnu_lammean   ColorTerm   ColorTerm   Total Count Rate   Source Size Source FWHM    Bkgd          S/N        Fnu_limit   Filter
     microns       microns      microns      microns      microns      microns       microns    microns      e/s/mJy   W/m^2/mum        Jy            Jy                                 electrons/s          pix        arcsec         e-/s                     mJy
      5.35200      5.35578      5.35630      5.35551      5.35412      5.35465      5.25699    0.0154959      214.363  6.65016e-11      636.230      625.975      1.01648      1.06979       97514801.      22.0124      3.01966   1.1844554e+08      3181.29      19.8987    OCLI_N05352-8_2
      5.61200      5.60961      5.60998      5.60943      5.60842      5.60879      5.50961   0.00801690      105.881  5.79194e-11      607.912      653.852     0.929801     0.940975       46021789.      21.9051      3.01228       94049286.      1832.96      36.3251    OCLI_N05612-4
      6.27600      6.34774      6.34805      6.34759      6.34666      6.34697      6.36584    0.0127605      148.930  3.83712e-11      515.708      526.838     0.978921     0.981159       54915222.      21.6082      2.99180   3.3585490e+08      1337.49      46.7165    OCLI_N06276-9_2
      6.61100      6.61333      6.61406      6.61297      6.61061      6.61134      6.61647    0.0142436      159.574  3.29544e-11      480.714      481.967     0.997510      1.01484       54847115.      21.5076      2.98483   5.2879933e+08      1097.03      54.3578    N06611
      7.68800      7.70171      7.70480      7.70016      7.68210      7.68521      7.64731    0.0345344      332.317  1.71018e-11      338.238      329.186      1.02791      1.09010       80367681.      21.1277      2.95834   2.3411907e+09      793.828      54.4426    OCLI_N07688-9A_1
      8.60600      8.60460      8.60530      8.60425      8.60214      8.60285      8.58800   0.00883232      76.0490  1.07260e-11      264.876      261.239      1.01401      1.01091       14402628.      20.8404      2.93817   5.1874013e+08      283.021      120.533    OCLI_N08606-9_1
      8.80000      8.80294      9.04433      8.75667      8.61730      8.64775      8.69153    0.0947284      805.645  1.02578e-11      262.370      230.061      1.15252      1.12292   1.5113449e+08      20.8312      2.93750   5.7788627e+09      955.092      35.2284    Reading_F086
      10.6770      10.6502      10.6507      10.6499      10.6482      10.6488      10.6497    0.0107772      74.9698  5.10126e-12      192.995      192.984      1.00011      1.01149       10345210.      20.3160      2.90096   8.7906311e+08      167.885      148.456    OCLI_N10677-9_2
      11.0350      11.0888      11.0960      11.0852      11.0617      11.0689      11.0605    0.0608353      406.692  4.40307e-12      180.478      182.773     0.988088     0.997979       52480333.      20.2281      2.89468   5.1804895e+09      352.870      66.0802    OCLI_N11035-9A
      11.2000      11.2366      11.2888      11.2106      11.0373      11.0925      11.1931     0.845051      5597.22  4.25627e-12      178.431      174.474      1.02743      1.02832   7.1408313e+08      20.2326      2.89499   7.8653521e+10      1028.13      18.6942    Reading_Nprime
      11.2820      11.3425      11.3430      11.3422      11.3407      11.3412      11.3539    0.0112064      73.1965  4.02996e-12      172.933      173.536     0.996571     0.995907       9050558.1      20.1740      2.89081   9.7801133e+08      134.984      165.941    OCLI_N11282-9_1
      11.8030      11.7964      11.8023      11.7935      11.7740      11.7797      11.7873    0.0331881      208.526  3.47205e-12      161.084      160.503      1.00412      1.03257       24017001.      20.0935      2.88503   3.0065758e+09      209.715      99.4057    OCLI_N11803-9X
      11.8032      11.7299      11.7357      11.7270      11.7076      11.7133      11.7416    0.0340994      215.467  3.54933e-12      162.818      162.347      1.00340     0.995282       25083508.      20.1054      2.88589   3.0716151e+09      216.735      97.2117    OCLI-N11803-9X_2
      19.5000      19.6993      19.8146      19.6421      19.3145      19.3790      19.5464     0.159132      601.933  4.77271e-13      61.4215      60.2571      1.02527      1.04600       26434733.      19.7894      2.86311   1.4501163e+10      106.725      74.6442    FOR-20um-542-090-091_full_cln
      24.4000      24.9198      25.0238      24.8688      24.4932      24.6176      24.7440     0.129878      387.688  1.86891e-13      38.5550      37.9974      1.01884      1.03258       10687317.      20.7018      2.92823   1.0371618e+10      50.8595      98.3765    Lakeshore_24um_5000_double_full_cln
      25.3580      25.2414      25.2580      25.2332      25.1762      25.1927      25.2409    0.0567806      166.757  1.74080e-13      36.9720      36.9767      1.00053      1.05960       4408213.7      20.8204      2.93673   4.4765836e+09      32.0166      149.842    FOR-25um-25358_22-29um
      25.3870      25.4087      25.4266      25.3998      25.3384      25.3561      25.3532    0.0721528      210.518  1.69639e-13      36.5061      36.4981      1.00092      1.00139       5494912.3      20.8671      2.94002   5.6982814e+09      35.1674      134.738    FOR-25um-25387_22-29um
      31.5000      31.3971      31.5258      31.3334      30.6770      30.9769      31.1949     0.129233      306.171  7.48765e-14      24.5211      24.0695      1.02291      1.03460       5367964.1      23.1132      3.09355   1.0203768e+10      25.7467      123.628    FOR-30um-542-84-85_full_cln
      33.6000      33.4296      33.5071      33.3797      32.6783      33.0068      33.2122    0.0344624      76.5995  5.81871e-14      21.6257      21.2083      1.02274      1.02872       1184411.7      24.2028      3.16559   2.6848543e+09      10.9327      256.941    Lakeshore_33um_4587_double_full_cln
      34.8000      34.6769      34.7794      34.6189      33.9044      34.2386      34.4520    0.0815769      174.861  5.03307e-14      20.1206      19.5357      1.03339      1.03016       2515588.6      24.9324      3.21269   6.7017916e+09      14.8470      175.951    Lakeshore_34um_5004_double_full_cln
      37.1000      37.1236      37.2094      37.0711      36.2448      36.6693      36.9289    0.0464998      93.0561  3.83181e-14      17.5652      17.2721      1.01985      1.02685       1168704.2      26.5718      3.31642   3.4090513e+09      9.59601      237.753    Lakeshore_38um_5130_5144_double_full_cln
