../../sofiacalib/beta_umi_ldecin_2009A.fits
single Barr2
../atranfiles/atran_41K_45deg_4-50mum.txt
single Barr2
    lambda_ref   lambda_mean   lambda_1     lambda_pivot  lambda_eff  lambda_eff_ph  lambda_iso   width      Response  F_mean          Fnu_mean    Fnu_lammean   ColorTerm   ColorTerm   Total Count Rate   Source Size Source FWHM    Bkgd          S/N        Fnu_limit   Filter
     microns       microns      microns      microns      microns      microns       microns    microns      e/s/mJy   W/m^2/mum        Jy            Jy                                 electrons/s          pix        arcsec         e-/s                     mJy
      5.35200      5.35578      5.35630      5.35551      5.35408      5.35461      5.26102    0.0154959      214.363  3.92428e-11      375.442      371.238      1.01142      1.06074       57543870.      22.0124      3.01966   1.1844554e+08      2060.80      19.8987    OCLI_N05352-8_2
      5.61200      5.60961      5.60998      5.60943      5.60840      5.60877      5.61450   0.00801690      105.881  3.39618e-11      356.458      380.713     0.936352     0.945625       26985506.      21.9051      3.01229       94049286.      1146.24      36.3251    OCLI_N05612-4
      6.27600      6.34774      6.34805      6.34759      6.34665      6.34696      6.37479    0.0127605      148.930  2.22512e-11      299.056      305.188     0.979952     0.981838       31844977.      21.6082      2.99180   3.3585490e+08      797.741      46.7165    OCLI_N06276-9_2
      6.61100      6.61333      6.61406      6.61297      6.61062      6.61135      6.61314    0.0142436      159.574  1.91580e-11      279.462      280.282     0.997183      1.00980       31885220.      21.5076      2.98483   5.2879933e+08      649.806      54.3578    N06611
      7.68800      7.70171      7.70480      7.70016      7.68505      7.68816      7.70092    0.0345344      332.317  1.02282e-11      202.291      198.778      1.01808      1.05019       48065761.      21.1267      2.95827   2.3411907e+09      477.788      54.4426    OCLI_N07688-9A_1
      8.60600      8.60460      8.60530      8.60425      8.60195      8.60266      8.62523   0.00883232      76.0490  6.50440e-12      160.625      158.915      1.01084      1.00934       8733991.2      20.8405      2.93817   5.1874013e+08      172.385      120.533    OCLI_N08606-9_1
      8.80000      8.80294      9.04433      8.75667      8.61633      8.64661      8.72379    0.0947284      805.645  6.20928e-12      158.818      142.313      1.12780      1.13528       91484819.      20.8314      2.93752   5.7788627e+09      580.911      35.2284    Reading_F086
      10.6770      10.6502      10.6507      10.6499      10.6481      10.6487      10.5942    0.0107772      74.9698  2.96483e-12      112.168      112.343     0.998495      1.00455       6012596.7      20.3160      2.90096   8.7906311e+08      97.7975      148.456    OCLI_N10677-9_2
      11.0350      11.0888      11.0960      11.0852      11.0609      11.0681      11.0461    0.0608353      406.692  2.54612e-12      104.364      104.855     0.995960      1.00021       30347349.      20.2282      2.89469   5.1804895e+09      204.461      66.0802    OCLI_N11035-9A
      11.2000      11.2366      11.2888      11.2106      11.0313      11.0866      11.1597     0.845051      5597.22  2.46565e-12      103.365      101.529      1.02281      1.03486   4.1366680e+08      20.2338      2.89507   7.8653521e+10      596.334      18.6942    Reading_Nprime
      11.2820      11.3425      11.3430      11.3422      11.3407      11.3412      11.3215    0.0112064      73.1965  2.32355e-12      99.7079      100.075     0.996370     0.996160       5218265.5      20.1740      2.89081   9.7801133e+08      77.9606      165.941    OCLI_N11282-9_1
      11.8030      11.7964      11.8023      11.7935      11.7736      11.7794      11.7804    0.0331881      208.526  1.99686e-12      92.6433      92.2569      1.00469      1.02933       13812736.      20.0935      2.88504   3.0065758e+09      120.800      99.4057    OCLI_N11803-9X
      11.8032      11.7299      11.7357      11.7270      11.7072      11.7129      11.7371    0.0340994      215.467  2.04199e-12      93.6717      93.6420      1.00081     0.998457       14430954.      20.1055      2.88589   3.0716151e+09      124.890      97.2117    OCLI-N11803-9X_2
      19.5000      19.6993      19.8146      19.6421      19.3252      19.3816      19.5468     0.159132      601.933  2.71192e-13      34.9006      34.1365      1.02835      1.04750       15020614.      19.7886      2.86305   1.4501163e+10      60.6655      74.6442    FOR-20um-542-090-091_full_cln
      24.4000      24.9198      25.0238      24.8688      24.4901      24.6157      24.7708     0.129878      387.688  1.05779e-13      21.8218      21.4601      1.02103      1.03413       6048943.9      20.7015      2.92820   1.0371618e+10      28.7922      98.3765    Lakeshore_24um_5000_double_full_cln
      25.3580      25.2414      25.2580      25.2332      25.1760      25.1924      25.2370    0.0567806      166.757  9.84904e-14      20.9179      20.9079      1.00113      1.05649       2494062.3      20.8203      2.93672   4.4765836e+09      18.1179      149.842    FOR-25um-25358_22-29um
      25.3870      25.4087      25.4266      25.3998      25.3381      25.3558      25.3920    0.0721528      210.518  9.59675e-14      20.6521      20.6359      1.00149      1.00297       3108562.2      20.8671      2.94001   5.6982814e+09      19.8987      134.738    FOR-25um-25387_22-29um
      31.5000      31.3971      31.5258      31.3334      30.6605      30.9717      31.1954     0.129233      306.171  4.22553e-14      13.8381      13.5682      1.02405      1.03635       3029319.6      23.1122      3.09349   1.0203768e+10      14.5313      123.628    FOR-30um-542-84-85_full_cln
      33.6000      33.4296      33.5071      33.3797      32.6700      33.0033      33.2536    0.0344624      76.5995  3.28113e-14      12.1946      11.9675      1.02203      1.02889       667882.66      24.2016      3.16552   2.6848543e+09      6.16544      256.941    Lakeshore_33um_4587_double_full_cln
      34.8000      34.6769      34.7794      34.6189      33.8951      34.2353      34.4863    0.0815769      174.861  2.83711e-14      11.3418      11.0189      1.03275      1.03101       1418021.3      24.9312      3.21262   6.7017916e+09      8.36978      175.951    Lakeshore_34um_5004_double_full_cln
      37.1000      37.1236      37.2094      37.0711      36.2331      36.6653      36.9291    0.0464998      93.0561  2.15854e-14      9.89487      9.72208      1.02066      1.02773       658355.93      26.5703      3.31632   3.4090513e+09      5.40601      237.753    Lakeshore_38um_5130_5144_double_full_cln
