../../sofiacalib/beta_umi_ldecin_2009A.fits
dual Barr2
../atranfiles/atran_41K_45deg_4-50mum.txt
dual Barr2
    lambda_ref   lambda_mean   lambda_1     lambda_pivot  lambda_eff  lambda_eff_ph  lambda_iso   width      Response  F_mean          Fnu_mean    Fnu_lammean   ColorTerm   ColorTerm   Total Count Rate   Source Size Source FWHM    Bkgd          S/N        Fnu_limit   Filter
     microns       microns      microns      microns      microns      microns       microns    microns      e/s/mJy   W/m^2/mum        Jy            Jy                                 electrons/s          pix        arcsec         e-/s                     mJy
      5.35200      5.36311      5.36365      5.36284      5.36137      5.36192      5.38309   0.00101252      13.9876  3.90698e-11      374.809      372.517      1.00625      1.03503       3748527.2      22.0094      3.01944       7834601.9      379.252      119.788    OCLI_N05352-8_2
      5.61200      5.61366      5.61414      5.61342      5.61209      5.61257      5.65011  0.000801512      10.5783  3.38790e-11      356.095      363.506     0.979696      1.00287       2693311.5      21.9035      3.01218       9473773.1      269.128      164.478    OCLI_N05612-4
      6.27600      6.35077      6.35108      6.35062      6.34967      6.34998      6.35924    0.0104050      121.381  2.22135e-11      298.834      302.880     0.986689     0.986739       25935047.      21.6070      2.99172   2.8004547e+08      709.991      52.5221    OCLI_N06276-9_2
      6.61100      6.61993      6.62121      6.61929      6.61516      6.61644      6.61396   0.00803389      89.9229  1.90902e-11      279.007      280.934     0.993332     0.994729       17938682.      21.5057      2.98470   2.8300056e+08      494.757      71.2472    N06611
      7.68800      7.72273      7.72582      7.72118      7.70594      7.70912      7.70924    0.0238653      229.026  1.00776e-11      200.403      201.577     0.994578      1.06548       32816716.      21.1196      2.95778   1.6452464e+09      388.851      66.2928    OCLI_N07688-9A_1
      8.60600      8.66212      8.66281      8.66177      8.65948      8.66020      8.71213  4.17276e-05     0.356901  6.34218e-12      158.720      166.403     0.953904     0.976135       40502.887      20.8232      2.93696       2535875.8      2.15455      9788.72    OCLI_N08606-9_1
      8.80000      8.64296      8.64714      8.64113      8.63004      8.63330      8.63861    0.0605813      519.486  6.40823e-12      159.610      156.326      1.02144      1.01883       59284183.      20.8315      2.93754   3.6279441e+09      474.726      43.3144    Reading_F086
      10.6770      10.6503      10.6509      10.6501      10.6483      10.6489      10.6503   0.00924645      64.3203  2.96465e-12      112.165      112.137      1.00030      1.00639       5158351.5      20.3159      2.90096   7.5421578e+08      90.4907      160.448    OCLI_N10677-9_2
      11.0350      11.0106      11.0166      11.0076      10.9875      10.9934      11.0044    0.0505663      340.410  2.61528e-12      105.701      105.575      1.00174     0.999571       25726939.      20.2429      2.89574   4.2737075e+09      190.780      71.7221    OCLI_N11035-9A
      11.2000      11.1372      11.1783      11.1166      10.9791      11.0199      11.0970     0.524391      3501.06  2.53999e-12      104.702      103.362      1.01672      1.02610   2.6209658e+08      20.2448      2.89586   4.6333424e+10      492.199      22.9398    Reading_Nprime
      11.2820      11.3051      11.3056      11.3049      11.3036      11.3040      11.2898  0.000452122      2.96285  2.35360e-12      100.334      98.7719      1.01585      1.01160       212551.38      20.1810      2.89131       39328945.      9.51698      1389.89    OCLI_N11282-9_1
      11.8030      11.8967      11.9014      11.8944      11.8780      11.8828      11.9042   0.00140991      8.78312  1.93028e-12      91.0931      91.4146     0.996874     0.998380       572058.51      20.0744      2.88366   1.2871889e+08      19.3313      616.618    OCLI_N11803-9X
      11.8032      11.8318      11.8374      11.8290      11.8089      11.8149      11.8155   0.00138103      8.65113  1.97333e-12      92.1030      91.6166      1.00579      1.00350       569708.45      20.0866      2.88454   1.2537802e+08      19.4067      621.118    OCLI-N11803-9X_2
      19.5000      19.6993      19.8146      19.6421      19.3252      19.3816      19.5466     0.141087      533.673  2.71192e-13      34.9006      34.1365      1.02835      1.04750       13317244.      19.7886      2.86305   1.2856700e+10      57.1196      79.2783    FOR-20um-542-090-091_full_cln
      24.4000      27.6787      27.7284      27.6533      27.4246      27.5164      27.6179   0.00831782      22.3037  6.87900e-14      17.5468      17.4123      1.00958      1.01427       279820.93      21.5854      2.99008   6.5634148e+08      5.00380      456.414    Lakeshore_24um_5000_double_full_cln
      25.3580      25.2414      25.2580      25.2332      25.1760      25.1924      25.0904    0.0503415      147.846  9.84904e-14      20.9179      20.9079      1.00113      1.05649       2211230.5      20.8203      2.93672   3.9689297e+09      17.0570      159.163    FOR-25um-25358_22-29um
      25.3870      26.2521      26.2694      26.2434      26.1843      26.2012      26.2359   0.00213937      6.04117  8.42732e-14      19.3602      19.0114      1.01902      1.01083       83625.270      21.1205      2.95781   1.6570716e+08      2.58392      980.471    FOR-25um-25387_22-29um
      31.5000      31.3615      31.4788      31.3054      31.0006      31.0520      31.1958    0.0702655      166.577  4.22135e-14      13.7997      13.6020      1.01817      1.03260       1643579.2      23.1112      3.09348   5.5554096e+09      10.6458      168.313    FOR-30um-542-84-85_full_cln
      33.6000      33.5672      33.5985      33.5513      33.4262      33.4686      33.5305    0.0176251      38.9351  3.17387e-14      11.9176      11.8801      1.00411      1.00909       331769.16      24.3718      3.17712   1.3727984e+09      4.21455      367.623    Lakeshore_33um_4587_double_full_cln
      34.8000      34.6402      34.7179      34.6011      34.3106      34.4025      34.5350    0.0416458      89.2659  2.82145e-14      11.2676      11.1613      1.01181      1.01939       719157.30      24.9664      3.21521   3.4533308e+09      5.87372      249.164    Lakeshore_34um_5004_double_full_cln
      37.1000      36.9832      37.0477      36.9494      36.6788      36.7694      36.8888    0.0207685      41.6780  2.16874e-14      9.87649      9.79465      1.01020      1.01597       294317.19      26.5489      3.31548   1.5413306e+09      3.53170      363.559    Lakeshore_38um_5130_5144_double_full_cln
