../../sofiacalib/beta_peg_ldecin_2009A.fits
dual Barr3
../atranfiles/atran_41K_45deg_4-50mum.txt
dual Barr3
    lambda_ref   lambda_mean   lambda_1     lambda_pivot  lambda_eff  lambda_eff_ph  lambda_iso   width      Response  F_mean          Fnu_mean    Fnu_lammean   ColorTerm   ColorTerm   Total Count Rate   Source Size Source FWHM    Bkgd          S/N        Fnu_limit   Filter
     microns       microns      microns      microns      microns      microns       microns    microns      e/s/mJy   W/m^2/mum        Jy            Jy                                 electrons/s          pix        arcsec         e-/s                     mJy
      5.35200      5.35444      5.35497      5.35418      5.35275      5.35328      5.32402   0.00539169      74.6050  1.14763e-10      1097.40      1011.51      1.08503      1.00595       58538368.      29.6313      3.50348       98378606.      1437.78      81.0086    OCLI_N05352-8_2
      5.61200      5.60237      5.60273      5.60219      5.60123      5.60159      5.61293   0.00189883      25.1106  1.00192e-10      1048.89      1007.75      1.04088      1.03323       18831766.      29.6778      3.50622       51283159.      674.554      178.769    OCLI_N05612-4
      6.27600      6.35179      6.35208      6.35164      6.35074      6.35104      6.35922    0.0113877      132.823  6.60262e-11      888.522      904.043     0.982877     0.982666       84381543.      29.8306      3.51524   7.0837959e+08      934.637      118.725    OCLI_N06276-9_2
      6.61100      6.59344      6.59408      6.59311      6.59099      6.59163      6.60680    0.0147966      166.268  5.72415e-11      829.989      833.116     0.996344      1.00614       98670224.      29.8838      3.51837   1.2555565e+09      837.323      126.011    N06611
      7.68800      7.70441      7.70747      7.70288      7.68505      7.68814      7.70041    0.0262631      252.635  2.93683e-11      581.253      523.130      1.11155      1.10781   1.0499387e+08      30.1513      3.53408   4.2211448e+09      499.070      151.778    OCLI_N07688-9A_1
      8.60600      8.66212      8.66281      8.66177      8.65968      8.66040      8.64634  4.38442e-05     0.375005  1.80359e-11      451.369      485.595     0.929591     0.957054       121024.91      30.4223      3.54993       7409383.8      5.03663      11894.0    OCLI_N08606-9_1
      10.6770      10.6510      10.6516      10.6508      10.6491      10.6496      10.6066   0.00801152      55.7262  8.81851e-12      333.684      327.764      1.01811      1.02094       13295396.      31.0778      3.58797   2.0058734e+09      92.4011      474.773    OCLI_N10677-9_2
      11.0350      11.0539      11.0607      11.0505      11.0285      11.0353      11.0356    0.0496712      333.098  7.70919e-12      314.014      308.137      1.01970      1.01519       74787183.      31.2217      3.59626   1.3117956e+10      203.629      202.823    OCLI_N11035-9A
      11.2820      11.3051      11.3056      11.3049      11.3036      11.3040      11.2900  0.000475056      3.11314  7.06535e-12      301.197      295.124      1.02061      1.01330       670431.74      31.3229      3.60209   1.2954523e+08      15.6042      2547.20    OCLI_N11282-9_1
      11.8030      11.8967      11.9014      11.8944      11.8784      11.8833      11.9042   0.00148143      9.22864  5.82130e-12      274.717      276.210     0.994986     0.997470       1812714.9      31.5530      3.61529   4.3058583e+08      25.7961      1403.25    OCLI_N11803-9X
      11.8032      11.8318      11.8374      11.8290      11.8095      11.8154      11.8431   0.00145108      9.08996  5.94818e-12      277.625      276.049      1.00619      1.00972       1804373.5      31.5258      3.61373   4.1883348e+08      25.9969      1407.13    OCLI-N11803-9X_2
      19.5000      19.6993      19.8146      19.6421      19.3143      19.3798      19.5467     0.141087      533.673  8.32516e-13      107.139      105.309      1.02331      1.04519       40881767.      35.5845      3.83896   4.7066224e+10      54.1578      239.773    FOR-20um-542-090-091_full_cln
      24.4000      27.6787      27.7284      27.6533      27.4284      27.5180      27.6296   0.00873974      23.4350  2.13019e-13      54.3364      53.9990      1.00810      1.01267       910463.00      42.0927      4.17528   2.5676958e+09      5.54634      1292.17    Lakeshore_24um_5000_double_full_cln
      25.3580      25.2414      25.2580      25.2332      25.1764      25.1928      25.2408    0.0503415      147.846  3.04421e-13      64.6544      64.6663      1.00047      1.04898       6834624.9      39.9803      4.06945   1.5049814e+10      17.4178      489.467    FOR-25um-25358_22-29um
      25.3870      26.2521      26.2694      26.2434      26.1847      26.2015      26.2365   0.00224789      6.34760  2.60711e-13      59.8937      58.7873      1.01949      1.00716       271829.82      40.8655      4.11424   6.5962425e+08      3.15625      2504.25    FOR-25um-25387_22-29um
      31.5000      31.3615      31.4788      31.3054      30.9997      31.0531      31.1951    0.0738297      175.026  1.31000e-13      42.8243      42.3169      1.01562      1.03074       5359194.3      45.6479      4.34751   2.1053871e+10      11.5315      489.754    FOR-30um-542-84-85_full_cln
      33.6000      33.5672      33.5985      33.5513      33.4273      33.4692      33.5310    0.0185191      40.9100  9.86103e-14      37.0273      36.9679      1.00255      1.01376       1083073.2      48.2783      4.47163   5.1224021e+09      4.69751      1039.63    Lakeshore_33um_4587_double_full_cln
      34.8000      34.6402      34.7179      34.6011      34.3125      34.4037      34.5353    0.0437582      93.7939  8.76884e-14      35.0189      34.7633      1.00963      1.02006       2348458.0      49.3887      4.52223   1.2525916e+10      6.54219      705.952    Lakeshore_34um_5004_double_full_cln
      37.1000      36.9832      37.0477      36.9494      36.6806      36.7706      36.9034    0.0218219      43.7921  6.74618e-14      30.7223      30.4869      1.00956      1.01697       961956.35      52.2635      4.65199   5.6352499e+09      3.97832      1018.56    Lakeshore_38um_5130_5144_double_full_cln
