../../sofiacalib/beta_umi_ldecin_2009A_scaled.fits
single Barr2
../atranfiles/atran_41K_45deg_4-50mum.txt
single Barr2
    lambda_ref   lambda_mean   lambda_1     lambda_pivot  lambda_eff  lambda_eff_ph  lambda_iso   width      Response  F_mean          Fnu_mean    Fnu_lammean   ColorTerm   ColorTerm   Total Count Rate   Source Size Source FWHM    Bkgd          S/N        Fnu_limit   Filter
     microns       microns      microns      microns      microns      microns       microns    microns      e/s/mJy   W/m^2/mum        Jy            Jy                                 electrons/s          pix        arcsec         e-/s                     mJy
      5.35200      5.35578      5.35630      5.35551      5.35408      5.35461      5.29486    0.0154959      214.363  4.63065e-11      443.021      438.061      1.01142      1.06074       67901763.      22.0124      3.01966   1.1844554e+08      2369.60      19.8987    OCLI_N05352-8_2
      5.61200      5.60961      5.60998      5.60943      5.60840      5.60877      5.61437   0.00801690      105.881  4.00750e-11      420.620      449.241     0.936352     0.945625       31842896.      21.9051      3.01229       94049286.      1329.46      36.3251    OCLI_N05612-4
      6.27600      6.34774      6.34805      6.34759      6.34665      6.34696      6.36867    0.0127605      148.930  2.62564e-11      352.886      360.122     0.979952     0.981838       37577071.      21.6082      2.99180   3.3585490e+08      934.634      46.7165    OCLI_N06276-9_2
      6.61100      6.61333      6.61406      6.61297      6.61062      6.61135      6.62144    0.0142436      159.574  2.26064e-11      329.765      330.733     0.997183      1.00980       37624558.      21.5076      2.98483   5.2879933e+08      763.142      54.3578    N06611
      7.68800      7.70171      7.70480      7.70016      7.68505      7.68816      7.70092    0.0345344      332.317  1.20692e-11      238.704      234.558      1.01808      1.05019       56717595.      21.1267      2.95827   2.3411907e+09      562.829      54.4426    OCLI_N07688-9A_1
      8.60600      8.60460      8.60530      8.60425      8.60195      8.60266      8.63791   0.00883232      76.0490  7.67520e-12      189.537      187.520      1.01084      1.00934       10306109.      20.8405      2.93817   5.1874013e+08      203.166      120.533    OCLI_N08606-9_1
      8.80000      8.80294      9.04433      8.75667      8.61633      8.64661      8.72413    0.0293658      249.750  7.32695e-12      187.405      167.930      1.12780      1.13528       33465145.      20.8314      2.93752   1.7914474e+09      380.352      63.4140    Reading_F086
      10.6770      10.6502      10.6507      10.6499      10.6481      10.6487      10.6501    0.0107772      74.9698  3.49850e-12      132.359      132.565     0.998495      1.00455       7094863.8      20.3160      2.90096   8.7906311e+08      115.335      148.456    OCLI_N10677-9_2
      11.0350      11.0888      11.0960      11.0852      11.0609      11.0681      11.0462    0.0608353      406.692  3.00443e-12      123.149      123.729     0.995960      1.00021       35809870.      20.2282      2.89469   5.1804895e+09      241.144      66.0802    OCLI_N11035-9A
      11.2000      11.2366      11.2888      11.2106      11.0313      11.0866      11.1784     0.118307      783.611  2.90947e-12      121.970      119.804      1.02281      1.03486       68337753.      20.2338      2.89507   1.1011493e+10      315.922      49.9715    Reading_Nprime
      11.2820      11.3425      11.3430      11.3422      11.3407      11.3412      11.2946    0.0112064      73.1965  2.74179e-12      117.655      118.089     0.996370     0.996160       6157553.0      20.1740      2.89081   9.7801133e+08      91.9549      165.941    OCLI_N11282-9_1
      11.8030      11.7964      11.8023      11.7935      11.7736      11.7794      11.7806    0.0331881      208.526  2.35629e-12      109.319      108.863      1.00469      1.02933       16299028.      20.0935      2.88504   3.0065758e+09      142.490      99.4057    OCLI_N11803-9X
      11.8032      11.7299      11.7357      11.7270      11.7072      11.7129      11.7370    0.0340994      215.467  2.40955e-12      110.533      110.498      1.00081     0.998457       17028525.      20.1055      2.88589   3.0716151e+09      147.313      97.2117    OCLI-N11803-9X_2
      19.5000      19.6993      19.8146      19.6421      19.3252      19.3816      19.5466     0.159132      601.933  3.20007e-13      41.1828      40.2811      1.02835      1.04750       17724323.      19.7886      2.86305   1.4501163e+10      71.5790      74.6442    FOR-20um-542-090-091_full_cln
      24.4000      24.9198      25.0238      24.8688      24.4901      24.6157      24.7709     0.129878      387.688  1.24819e-13      25.7498      25.3230      1.02103      1.03413       7137753.5      20.7015      2.92820   1.0371618e+10      33.9731      98.3765    Lakeshore_24um_5000_double_full_cln
      25.3580      25.2414      25.2580      25.2332      25.1760      25.1924      25.2368    0.0567806      166.757  1.16219e-13      24.6831      24.6714      1.00113      1.05649       2942993.4      20.8203      2.93672   4.4765836e+09      21.3781      149.842    FOR-25um-25358_22-29um
      25.3870      25.4087      25.4266      25.3998      25.3381      25.3558      25.3919    0.0721528      210.518  1.13242e-13      24.3695      24.3503      1.00149      1.00297       3668103.2      20.8671      2.94001   5.6982814e+09      23.4794      134.738    FOR-25um-25387_22-29um
      31.5000      31.3971      31.5258      31.3334      30.6605      30.9717      31.1952     0.129233      306.171  4.98612e-14      16.3289      16.0104      1.02405      1.03635       3574596.9      23.1122      3.09349   1.0203768e+10      17.1465      123.628    FOR-30um-542-84-85_full_cln
      33.6000      33.4296      33.5071      33.3797      32.6700      33.0033      33.2536    0.0344624      76.5995  3.87174e-14      14.3896      14.1216      1.02203      1.02889       788101.50      24.2016      3.16552   2.6848543e+09      7.27507      256.941    Lakeshore_33um_4587_double_full_cln
      34.8000      34.6769      34.7794      34.6189      33.8951      34.2353      34.4859    0.0815769      174.861  3.34779e-14      13.3834      13.0023      1.03275      1.03101       1673265.0      24.9312      3.21262   6.7017916e+09      9.87617      175.951    Lakeshore_34um_5004_double_full_cln
      37.1000      37.1236      37.2094      37.0711      36.2331      36.6653      36.9291    0.0464998      93.0561  2.54707e-14      11.6759      11.4721      1.02066      1.02773       776859.97      26.5703      3.31632   3.4090513e+09      6.37898      237.753    Lakeshore_38um_5130_5144_double_full_cln

