../../sofiacalib/beta_umi_ldecin_2009A.fits
dual Barr3
../atranfiles/atran_41K_45deg_4-50mum.txt
dual Barr3
    lambda_ref   lambda_mean   lambda_1     lambda_pivot  lambda_eff  lambda_eff_ph  lambda_iso   width      Response  F_mean          Fnu_mean    Fnu_lammean   ColorTerm   ColorTerm   Total Count Rate   Source Size Source FWHM    Bkgd          S/N        Fnu_limit   Filter
     microns       microns      microns      microns      microns      microns       microns    microns      e/s/mJy   W/m^2/mum        Jy            Jy                                 electrons/s          pix        arcsec         e-/s                     mJy
      5.35200      5.35444      5.35497      5.35418      5.35272      5.35326      5.29066   0.00539169      74.6050  3.92759e-11      375.570      341.831      1.09881      1.01142       20033889.      29.6313      3.50348       98378606.      561.584      81.0086    OCLI_N05352-8_2
      5.61200      5.60237      5.60273      5.60219      5.60120      5.60157      5.60117   0.00189883      25.1106  3.41074e-11      357.062      340.758      1.04791      1.04210       6410717.6      29.6777      3.50622       51283159.      250.455      178.769    OCLI_N05612-4
      6.27600      6.35179      6.35208      6.35164      6.35074      6.35103      6.35727    0.0113877      132.823  2.22014e-11      298.767      304.305     0.981846     0.980470       28373395.      29.8306      3.51524   7.0837959e+08      325.661      118.725    OCLI_N06276-9_2
      6.61100      6.59344      6.59408      6.59311      6.59106      6.59169      6.59651    0.0147966      166.268  1.93734e-11      280.909      283.523     0.990880     0.995120       33394875.      29.8838      3.51837   1.2555565e+09      290.297      126.011    N06611
      7.68800      7.70441      7.70747      7.70288      7.68792      7.69100      7.70063    0.0262631      252.635  1.02086e-11      202.047      189.292      1.06781      1.05590       36496463.      30.1521      3.53413   4.2211448e+09      174.838      151.778    OCLI_N07688-9A_1
      8.60600      8.66212      8.66281      8.66177      8.65948      8.66020      8.71207  4.38442e-05     0.375005  6.34218e-12      158.720      166.403     0.953904     0.976135       42557.381      30.4222      3.54992       7409383.8      1.77229      11894.0    OCLI_N08606-9_1
      10.6770      10.6510      10.6516      10.6508      10.6490      10.6495      10.6569   0.00801152      55.7262  2.96395e-12      112.153      111.310      1.00763      1.01020       4468663.4      31.0778      3.58797   2.0058734e+09      31.1230      474.773    OCLI_N10677-9_2
      11.0350      11.0539      11.0607      11.0505      11.0276      11.0344      11.0360    0.0496712      333.098  2.57701e-12      104.968      103.154      1.01821      1.02614       24999694.      31.2213      3.59624   1.3117956e+10      68.1948      202.823    OCLI_N11035-9A
      11.2820      11.3051      11.3056      11.3049      11.3036      11.3040      11.2898  0.000475056      3.11314  2.35360e-12      100.334      98.7719      1.01585      1.01160       223332.98      31.3229      3.60209   1.2954523e+08      5.20436      2547.20    OCLI_N11282-9_1
      11.8030      11.8967      11.9014      11.8944      11.8780      11.8828      11.9042   0.00148143      9.22864  1.93028e-12      91.0931      91.4146     0.996874     0.998380       601075.97      31.5529      3.61528   4.3058583e+08      8.56422      1403.25    OCLI_N11803-9X
      11.8032      11.8318      11.8374      11.8290      11.8089      11.8149      11.8157   0.00145108      9.08996  1.97333e-12      92.1030      91.6166      1.00579      1.00350       598606.71      31.5256      3.61372   4.1883348e+08      8.63537      1407.13    OCLI-N11803-9X_2
      19.5000      19.6993      19.8146      19.6421      19.3252      19.3816      19.5466     0.141087      533.673  2.71192e-13      34.9006      34.1365      1.02835      1.04750       13317244.      35.5845      3.83897   4.7066224e+10      17.6462      239.773    FOR-20um-542-090-091_full_cln
      24.4000      27.6787      27.7284      27.6533      27.4246      27.5164      27.6113   0.00873974      23.4350  6.87900e-14      17.5468      17.4123      1.00958      1.01427       294014.75      42.0914      4.17522   2.5676958e+09      1.79128      1292.17    Lakeshore_24um_5000_double_full_cln
      25.3580      25.2414      25.2580      25.2332      25.1760      25.1924      25.2368    0.0503415      147.846  9.84904e-14      20.9179      20.9079      1.00113      1.05649       2211230.4      39.9799      4.06943   1.5049814e+10      5.63609      489.467    FOR-25um-25358_22-29um
      25.3870      26.2521      26.2694      26.2434      26.1843      26.2012      26.2356   0.00224789      6.34760  8.42732e-14      19.3602      19.0114      1.01902      1.01083       87867.131      40.8651      4.11423   6.5962425e+08      1.02036      2504.25    FOR-25um-25387_22-29um
      31.5000      31.3615      31.4788      31.3054      31.0006      31.0520      31.1958    0.0738297      175.026  4.22135e-14      13.7997      13.6020      1.01817      1.03260       1726949.0      45.6465      4.34745   2.1053871e+10      3.71621      489.754    FOR-30um-542-84-85_full_cln
      33.6000      33.5672      33.5985      33.5513      33.4262      33.4686      33.5305    0.0185191      40.9100  3.17387e-14      11.9176      11.8801      1.00411      1.00909       348598.05      48.2776      4.47160   5.1224021e+09      1.51204      1039.63    Lakeshore_33um_4587_double_full_cln
      34.8000      34.6402      34.7179      34.6011      34.3106      34.4025      34.5350    0.0437582      93.7939  2.82145e-14      11.2676      11.1613      1.01181      1.01939       755636.35      49.3874      4.52217   1.2525916e+10      2.10514      705.952    Lakeshore_34um_5004_double_full_cln
      37.1000      36.9832      37.0477      36.9494      36.6788      36.7694      36.8888    0.0218219      43.7921  2.16874e-14      9.87649      9.79465      1.01020      1.01597       309246.33      52.2621      4.65193   5.6352499e+09      1.27901      1018.56    Lakeshore_38um_5130_5144_double_full_cln
