../../sofiacalib/beta_and_ldecin_2009A.fits
single Barr2
../atranfiles/atran_41K_45deg_4-50mum.txt
single Barr2
    lambda_ref   lambda_mean   lambda_1     lambda_pivot  lambda_eff  lambda_eff_ph  lambda_iso   width      Response  F_mean          Fnu_mean    Fnu_lammean   ColorTerm   ColorTerm   Total Count Rate   Source Size Source FWHM    Bkgd          S/N        Fnu_limit   Filter
     microns       microns      microns      microns      microns      microns       microns    microns      e/s/mJy   W/m^2/mum        Jy            Jy                                 electrons/s          pix        arcsec         e-/s                     mJy
      5.35200      5.35578      5.35630      5.35551      5.35408      5.35461      5.44328    0.0154959      214.363  7.80462e-11      746.679      735.163      1.01576      1.06401   1.1444329e+08      22.0124      3.01966   1.1844554e+08      3605.89      19.8987    OCLI_N05352-8_2
      5.61200      5.60961      5.60998      5.60943      5.60840      5.60877      5.50961   0.00801690      105.881  6.76537e-11      710.081      758.045     0.936788     0.946031       53756451.      21.9051      3.01229       94049286.      2090.34      36.3251    OCLI_N05612-4
      6.27600      6.34774      6.34805      6.34759      6.34666      6.34696      6.35329    0.0127605      148.930  4.44228e-11      597.041      608.686     0.980915     0.982649       63575977.      21.6082      2.99180   3.3585490e+08      1532.75      46.7165    OCLI_N06276-9_2
      6.61100      6.61333      6.61406      6.61297      6.61062      6.61135      6.61316    0.0142436      159.574  3.82232e-11      557.571      558.990     0.997571      1.01103       63616065.      21.5076      2.98483   5.2879933e+08      1263.59      54.3578    N06611
      7.68800      7.70171      7.70480      7.70016      7.68303      7.68615      7.70014    0.0345344      332.317  1.99839e-11      395.239      386.317      1.02351      1.08299       93911572.      21.1273      2.95832   2.3411907e+09      925.165      54.4426    OCLI_N07688-9A_1
      8.60600      8.60460      8.60530      8.60425      8.60208      8.60278      8.56659   0.00883232      76.0490  1.25797e-11      310.653      306.438      1.01384      1.01066       16891797.      20.8404      2.93817   5.1874013e+08      331.299      120.533    OCLI_N08606-9_1
      8.80000      8.80294      9.04433      8.75667      8.61648      8.64711      8.74261    0.0947284      805.645  1.20252e-11      307.573      271.764      1.14376      1.12809   1.7717333e+08      20.8314      2.93752   5.7788627e+09      1117.32      35.2284    Reading_F086
      10.6770      10.6502      10.6507      10.6499      10.6482      10.6487      10.6659    0.0107772      74.9698  5.90350e-12      223.347      223.210      1.00066      1.01059       11972144.      20.3160      2.90096   8.7906311e+08      194.121      148.456    OCLI_N10677-9_2
      11.0350      11.0888      11.0960      11.0852      11.0616      11.0688      11.0975    0.0608353      406.692  5.08938e-12      208.610      210.635     0.991027     0.998832       60660572.      20.2281      2.89468   5.1804895e+09      407.572      66.0802    OCLI_N11035-9A
      11.2000      11.2366      11.2888      11.2106      11.0357      11.0909      11.1602     0.845051      5597.22  4.92251e-12      206.361      202.165      1.02549      1.03037   8.2585827e+08      20.2330      2.89501   7.8653521e+10      1188.51      18.6942    Reading_Nprime
      11.2820      11.3425      11.3430      11.3422      11.3407      11.3412      11.3059    0.0112064      73.1965  4.65498e-12      199.754      200.632     0.995668     0.995466       10454242.      20.1740      2.89081   9.7801133e+08      155.822      165.941    OCLI_N11282-9_1
      11.8030      11.7964      11.8023      11.7935      11.7739      11.7796      11.7869    0.0331881      208.526  4.00840e-12      185.968      185.100      1.00519      1.03117       27727072.      20.0935      2.88503   3.0065758e+09      241.975      99.4057    OCLI_N11803-9X
      11.8032      11.7299      11.7357      11.7270      11.7075      11.7132      11.7371    0.0340994      215.467  4.09794e-12      187.984      187.761      1.00168     0.996940       28960585.      20.1054      2.88589   3.0716151e+09      250.091      97.2117    OCLI-N11803-9X_2
      19.5000      19.6993      19.8146      19.6421      19.3175      19.3797      19.5463     0.159132      601.933  5.48750e-13      70.6204      69.1282      1.02755      1.04706       30393767.      19.7892      2.86309   1.4501163e+10      122.693      74.6442    FOR-20um-542-090-091_full_cln
      24.4000      24.9198      25.0238      24.8688      24.4918      24.6169      24.7712     0.129878      387.688  2.14565e-13      44.2640      43.5558      1.02043      1.03364       12269856.      20.7017      2.92822   1.0371618e+10      58.3864      98.3765    Lakeshore_24um_5000_double_full_cln
      25.3580      25.2414      25.2580      25.2332      25.1761      25.1926      25.2381    0.0567806      166.757  1.99831e-13      42.4411      42.4274      1.00098      1.05584       5060297.5      20.8203      2.93673   4.4765836e+09      36.7501      149.842    FOR-25um-25358_22-29um
      25.3870      25.4087      25.4266      25.3998      25.3383      25.3560      25.3533    0.0721528      210.518  1.94725e-13      41.9047      41.8782      1.00133      1.00260       6307506.4      20.8671      2.94002   5.6982814e+09      40.3653      134.738    FOR-25um-25387_22-29um
      31.5000      31.3971      31.5258      31.3334      30.6709      30.9752      31.1881     0.129233      306.171  8.58902e-14      28.1280      27.5898      1.02366      1.03581       6157547.3      23.1130      3.09354   1.0203768e+10      29.5328      123.628    FOR-30um-542-84-85_full_cln
      33.6000      33.4296      33.5071      33.3797      32.6750      33.0057      33.2580    0.0344624      76.5995  6.67342e-14      24.8023      24.3408      1.02201      1.02877       1358391.4      24.2024      3.16557   2.6848543e+09      12.5383      256.941    Lakeshore_33um_4587_double_full_cln
      34.8000      34.6769      34.7794      34.6189      33.9006      34.2375      34.4868    0.0815769      174.861  5.77208e-14      23.0749      22.4182      1.03274      1.03072       2884958.4      24.9321      3.21267   6.7017916e+09      17.0265      175.951    Lakeshore_34um_5004_double_full_cln
      37.1000      37.1236      37.2094      37.0711      36.2401      36.6680      36.9299    0.0464998      93.0561  4.39387e-14      20.1418      19.7958      1.02036      1.02746       1340134.7      26.5714      3.31639   3.4090513e+09      11.0033      237.753    Lakeshore_38um_5130_5144_double_full_cln
