../../sofiacalib/betaGem_cohen95_Jy.txt
single Barr2
../atranfiles/atran_41K_45deg_4-50mum.txt
single Barr2
    lambda_ref   lambda_mean   lambda_1     lambda_pivot  lambda_eff  lambda_eff_ph  lambda_iso   width      Response  F_mean          Fnu_mean    Fnu_lammean   ColorTerm   ColorTerm   Total Count Rate   Source Size Source FWHM    Bkgd          S/N        Fnu_limit   Filter
     microns       microns      microns      microns      microns      microns       microns    microns      e/s/mJy   W/m^2/mum        Jy            Jy                                 electrons/s          pix        arcsec         e-/s                     mJy
      5.35200      5.35578      5.35630      5.35551      5.35389      5.35442      5.35601    0.0154959      214.363  3.83489e-11      366.890      366.984     0.999842      1.00010       56233060.      22.0125      3.01966   1.1844554e+08      2020.67      19.8987    OCLI_N05352-8_2
      5.61200      5.60961      5.60998      5.60943      5.60826      5.60863      5.60881   0.00801690      105.881  3.22900e-11      338.910      338.729      1.00060      1.00077       25657085.      21.9052      3.01229       94049286.      1095.07      36.3251    OCLI_N05612-4
      6.27600      6.34774      6.34805      6.34759      6.34689      6.34720      6.34728    0.0127605      148.930  2.09110e-11      281.043      281.010      1.00016      1.00024       29926876.      21.6081      2.99179   3.3585490e+08      751.502      46.7165    OCLI_N06276-9_2
      6.61100      6.61333      6.61406      6.61297      6.61041      6.61113      6.61415    0.0142436      159.574  1.81304e-11      264.472      264.610     0.999590     0.999911       30174985.      21.5077      2.98484   5.2879933e+08      615.828      54.3578    N06611
      7.68800      7.70171      7.70480      7.70016      7.68953      7.69262      7.70204    0.0345344      332.317  9.82831e-12      194.383      194.491     0.999845      1.00089       46186754.      21.1251      2.95817   2.3411907e+09      459.281      54.4426    OCLI_N07688-9A_1
      8.60600      8.60460      8.60530      8.60425      8.60177      8.60248      8.60359   0.00883232      76.0490  6.35232e-12      156.869      156.811      1.00045      1.00071       8529769.6      20.8405      2.93817   5.1874013e+08      168.381      120.533    OCLI_N08606-9_1
      8.80000      8.80294      9.04433      8.75667      8.61443      8.64504      8.70601    0.0947284      805.645  6.05439e-12      154.856      149.846      1.04439      1.12668       89202699.      20.8318      2.93755   5.7788627e+09      566.524      35.2284    Reading_F086
      10.6770      10.6502      10.6507      10.6499      10.6480      10.6485      10.6501    0.0107772      74.9698  2.77295e-12      104.909      104.910      1.00004      1.00020       5623469.4      20.3160      2.90097   8.7906311e+08      91.4871      148.456    OCLI_N10677-9_2
      11.0350      11.0888      11.0960      11.0852      11.0600      11.0672      11.0852    0.0608353      406.692  2.37148e-12      97.2051      97.1266      1.00146      1.00359       28265777.      20.2284      2.89470   5.1804895e+09      190.473      66.0802    OCLI_N11035-9A
      11.2000      11.2366      11.2888      11.2106      11.0269      11.0824      11.1663     0.845051      5597.22  2.29829e-12      96.3488      94.1639      1.02795      1.04415   3.8558896e+08      20.2347      2.89513   7.8653521e+10      555.922      18.6942    Reading_Nprime
      11.2820      11.3425      11.3430      11.3422      11.3406      11.3411      11.3410    0.0112064      73.1965  2.15388e-12      92.4270      92.3785      1.00057      1.00068       4837214.2      20.1741      2.89081   9.7801133e+08      72.2800      165.941    OCLI_N11282-9_1
      11.8030      11.7964      11.8023      11.7935      11.7735      11.7792      11.7918    0.0331881      208.526  1.85363e-12      85.9981      85.9091      1.00153      1.00297       12821963.      20.0936      2.88504   3.0065758e+09      112.152      99.4057    OCLI_N11803-9X
      11.8032      11.7299      11.7357      11.7270      11.7072      11.7129      11.7235    0.0340994      215.467  1.89548e-12      86.9509      86.8083      1.00214      1.00353       13395542.      20.1055      2.88589   3.0716151e+09      115.947      97.2117    OCLI-N11803-9X_2
      19.5000      19.6993      19.8146      19.6421      19.3328      19.3822      19.5349     0.159132      601.933  2.49675e-13      32.1315      31.2521      1.03414      1.05226       13828813.      19.7877      2.86299   1.4501163e+10      55.8542      74.6442    FOR-20um-542-090-091_full_cln
      24.4000      24.9198      25.0238      24.8688      24.4846      24.6123      24.7658     0.129878      387.688  9.66588e-14      19.9403      19.5384      1.02476      1.03787       5527401.4      20.7007      2.92815   1.0371618e+10      26.3103      98.3765    Lakeshore_24um_5000_double_full_cln
      25.3580      25.2414      25.2580      25.2332      25.1755      25.1919      25.2170    0.0567806      166.757  8.99368e-14      19.1012      19.0421      1.00376      1.00573       2277461.3      20.8202      2.93671   4.4765830e+09      16.5448      149.842    FOR-25um-25358_22-29um
      25.3870      25.4087      25.4266      25.3998      25.3375      25.3553      25.3821    0.0721528      210.518  8.76157e-14      18.8548      18.7879      1.00427      1.00631       2838029.4      20.8669      2.94000   5.6982825e+09      18.1673      134.738    FOR-25um-25387_22-29um
      31.5000      31.3971      31.5258      31.3334      30.6395      30.9646      31.1913     0.129233      306.171  3.83854e-14      12.5707      12.2923      1.02682      1.03929       2751884.9      23.1105      3.09337   1.0203768e+10      13.2006      123.628    FOR-30um-542-84-85_full_cln
      33.6000      33.4296      33.5071      33.3797      32.6551      32.9965      33.2383    0.0344624      76.5995  2.97604e-14      11.0607      10.8423      1.02320      1.03012       605779.63      24.1994      3.16536   2.6848543e+09      5.59221      256.941    Lakeshore_33um_4587_double_full_cln
      34.8000      34.6769      34.7794      34.6189      33.8780      34.2286      34.4756    0.0815769      174.861  2.57140e-14      10.2796      10.0739      1.02384      1.03317       1285216.9      24.9287      3.21245   6.7017916e+09      7.58598      175.951    Lakeshore_34um_5004_double_full_cln
      37.1000      37.1236      37.2094      37.0711      36.2118      36.6575      36.9185    0.0464998      93.0561  1.95324e-14      8.95376      8.78199      1.02245      1.02955       595738.99      26.5672      3.31612   3.4090513e+09      4.89188      237.753    Lakeshore_38um_5130_5144_double_full_cln
