../../sofiacalib/beta_and_ldecin_2009A.fits
dual Barr3
../atranfiles/atran_41K_45deg_4-50mum.txt
dual Barr3
    lambda_ref   lambda_mean   lambda_1     lambda_pivot  lambda_eff  lambda_eff_ph  lambda_iso   width      Response  F_mean          Fnu_mean    Fnu_lammean   ColorTerm   ColorTerm   Total Count Rate   Source Size Source FWHM    Bkgd          S/N        Fnu_limit   Filter
     microns       microns      microns      microns      microns      microns       microns    microns      e/s/mJy   W/m^2/mum        Jy            Jy                                 electrons/s          pix        arcsec         e-/s                     mJy
      5.35200      5.35444      5.35497      5.35418      5.35273      5.35326      5.39966   0.00539169      74.6050  7.81122e-11      746.937      683.397      1.09309      1.01051       39843534.      29.6313      3.50348       98378606.      1038.94      81.0086    OCLI_N05352-8_2
      5.61200      5.60237      5.60273      5.60219      5.60121      5.60157      5.59602   0.00189883      25.1106  6.79431e-11      711.280      679.748      1.04646      1.03931       12770375.      29.6778      3.50622       51283159.      476.332      178.769    OCLI_N05612-4
      6.27600      6.35179      6.35208      6.35164      6.35074      6.35104      6.36574    0.0113877      132.823  4.43240e-11      596.473      607.110     0.982525     0.981715       56646138.      29.8306      3.51524   7.0837959e+08      638.386      118.725    OCLI_N06276-9_2
      6.61100      6.59344      6.59408      6.59311      6.59105      6.59169      6.60636    0.0147966      166.268  3.86526e-11      560.454      564.997     0.992056     0.996615       66627538.      29.8838      3.51837   1.2555565e+09      572.045      126.011    N06611
      7.68800      7.70441      7.70747      7.70288      7.68592      7.68901      7.70063    0.0262631      252.635  1.99403e-11      394.655      357.733      1.10365      1.09121       71287994.      30.1516      3.53410   4.2211448e+09      340.152      151.778    OCLI_N07688-9A_1
      8.60600      8.66212      8.66281      8.66177      8.65959      8.66031      8.65098  4.38442e-05     0.375005  1.22789e-11      307.293      328.499     0.935523     0.963337       82394.081      30.4223      3.54992       7409383.8      3.43010      11894.0    OCLI_N08606-9_1
      10.6770      10.6510      10.6516      10.6508      10.6490      10.6496      10.6394   0.00801152      55.7262  5.90182e-12      223.319      219.958      1.01533      1.01803       8897993.2      31.0778      3.58797   2.0058734e+09      61.9056      474.773    OCLI_N10677-9_2
      11.0350      11.0539      11.0607      11.0505      11.0283      11.0350      11.0354    0.0496712      333.098  5.14979e-12      209.764      206.210      1.01786      1.02137       49958380.      31.2216      3.59625   1.3117956e+10      136.151      202.823    OCLI_N11035-9A
      11.2820      11.3051      11.3056      11.3049      11.3036      11.3040      11.2896  0.000475056      3.11314  4.71402e-12      200.959      197.173      1.01924      1.01360       447314.00      31.3229      3.60209   1.2954523e+08      10.4175      2547.20    OCLI_N11282-9_1
      11.8030      11.8967      11.9014      11.8944      11.8782      11.8830      11.9047   0.00148143      9.22864  3.87624e-12      182.926      183.705     0.996152     0.997109       1207036.8      31.5529      3.61529   4.3058583e+08      17.1875      1403.25    OCLI_N11803-9X
      11.8032      11.8318      11.8374      11.8290      11.8092      11.8152      11.8070   0.00145108      9.08996  3.96164e-12      184.906      183.996      1.00543      1.00492       1201760.7      31.5257      3.61373   4.1883348e+08      17.3255      1407.13    OCLI-N11803-9X_2
      19.5000      19.6993      19.8146      19.6421      19.3175      19.3797      19.5466     0.141087      533.673  5.48750e-13      70.6204      69.1282      1.02755      1.04706       26947048.      35.5840      3.83893   4.7066224e+10      35.7023      239.773    FOR-20um-542-090-091_full_cln
      24.4000      27.6787      27.7284      27.6533      27.4261      27.5171      27.6116   0.00873974      23.4350  1.39691e-13      35.6320      35.3564      1.00965      1.01399       597050.35      42.0920      4.17525   2.5676958e+09      3.63731      1292.17    Lakeshore_24um_5000_double_full_cln
      25.3580      25.2414      25.2580      25.2332      25.1761      25.1926      25.2381    0.0503415      147.846  1.99831e-13      42.4411      42.4274      1.00098      1.05584       4486449.1      39.9801      4.06944   1.5049814e+10      11.4344      489.467    FOR-25um-25358_22-29um
      25.3870      26.2521      26.2694      26.2434      26.1845      26.2013      26.2359   0.00224789      6.34760  1.71054e-13      39.2967      38.5813      1.01921      1.00979       178349.28      40.8653      4.11423   6.5962425e+08      2.07097      2504.25    FOR-25um-25387_22-29um
      31.5000      31.3615      31.4788      31.3054      31.0004      31.0527      31.1959    0.0738297      175.026  8.58159e-14      28.0535      27.6609      1.01783      1.03226       3510714.3      45.6473      4.34748   2.1053871e+10      7.55438      489.754    FOR-30um-542-84-85_full_cln
      33.6000      33.5672      33.5985      33.5513      33.4267      33.4689      33.5309    0.0185191      40.9100  6.45637e-14      24.2431      24.1706      1.00395      1.00945       709126.37      48.2780      4.47161   5.1224021e+09      3.07573      1039.63    Lakeshore_33um_4587_double_full_cln
      34.8000      34.6402      34.7179      34.6011      34.3116      34.4032      34.5352    0.0437582      93.7939  5.74068e-14      22.9257      22.7152      1.01155      1.01936       1537461.0      49.3882      4.52221   1.2525916e+10      4.28310      705.952    Lakeshore_34um_5004_double_full_cln
      37.1000      36.9832      37.0477      36.9494      36.6797      36.7701      36.8893    0.0218219      43.7921  4.41496e-14      20.1058      19.9423      1.01004      1.01601       629541.08      52.2629      4.65196   5.6352499e+09      2.60364      1018.56    Lakeshore_38um_5130_5144_double_full_cln
