../../sofiacalib/beta_peg_ldecin_2009A.fits
single Barr2
../atranfiles/atran_41K_45deg_4-50mum.txt
single Barr2
    lambda_ref   lambda_mean   lambda_1     lambda_pivot  lambda_eff  lambda_eff_ph  lambda_iso   width      Response  F_mean          Fnu_mean    Fnu_lammean   ColorTerm   ColorTerm   Total Count Rate   Source Size Source FWHM    Bkgd          S/N        Fnu_limit   Filter
     microns       microns      microns      microns      microns      microns       microns    microns      e/s/mJy   W/m^2/mum        Jy            Jy                                 electrons/s          pix        arcsec         e-/s                     mJy
      5.35200      5.35578      5.35630      5.35551      5.35411      5.35463      5.28522    0.0154959      214.363  1.14667e-10      1097.03      1083.44      1.01265      1.06315   1.6814190e+08      22.0124      3.01966   1.1844554e+08      4809.78      19.8987    OCLI_N05352-8_2
      5.61200      5.60961      5.60998      5.60943      5.60842      5.60879      5.50961   0.00801690      105.881  9.97734e-11      1047.21      1122.89     0.932661     0.945157       79278273.      21.9051      3.01228       94049286.      2869.26      36.3251    OCLI_N05612-4
      6.27600      6.34774      6.34805      6.34759      6.34666      6.34696      6.35729    0.0127605      148.930  6.61721e-11      889.351      907.815     0.979708     0.982544       94702645.      21.6082      2.99180   3.3585490e+08      2204.80      46.7165    OCLI_N06276-9_2
      6.61100      6.61333      6.61406      6.61297      6.61058      6.61131      6.59689    0.0142436      159.574  5.66020e-11      825.667      827.829     0.997498      1.01774       94204520.      21.5077      2.98483   5.2879933e+08      1827.57      54.3578    N06611
      7.68800      7.70171      7.70480      7.70016      7.68214      7.68527      7.70071    0.0345344      332.317  2.94366e-11      582.193      568.840      1.02389      1.09191   1.3833303e+08      21.1276      2.95834   2.3411907e+09      1351.18      54.4426    OCLI_N07688-9A_1
      8.60600      8.60460      8.60530      8.60425      8.60219      8.60290      8.56050   0.00883232      76.0490  1.84573e-11      455.800      449.510      1.01408      1.01018       24784154.      20.8404      2.93816   5.1874013e+08      483.167      120.533    OCLI_N08606-9_1
      8.80000      8.80294      9.04433      8.75667      8.61770      8.64813      8.74283    0.0947284      805.645  1.76606e-11      451.713      400.042      1.14113      1.11754   2.6020308e+08      20.8311      2.93750   5.7788627e+09      1630.21      35.2284    Reading_F086
      10.6770      10.6502      10.6507      10.6499      10.6482      10.6488      10.6068    0.0107772      74.9698  8.82099e-12      333.724      333.704      1.00011      1.01234       17888729.      20.3160      2.90096   8.7906311e+08      289.157      148.456    OCLI_N10677-9_2
      11.0350      11.0888      11.0960      11.0852      11.0619      11.0691      11.0605    0.0608353      406.692  7.61970e-12      312.325      316.952     0.986045     0.998125       90819551.      20.2281      2.89468   5.1804895e+09      608.552      66.0802    OCLI_N11035-9A
      11.2000      11.2366      11.2888      11.2106      11.0385      11.0936      11.2018     0.845051      5597.22  7.36606e-12      308.799      300.933      1.03090      1.02804   1.2358185e+09      20.2324      2.89497   7.8653521e+10      1775.48      18.6942    Reading_Nprime
      11.2820      11.3425      11.3430      11.3422      11.3407      11.3412      11.3537    0.0112064      73.1965  6.97776e-12      299.429      300.094     0.997826     0.996818       15670779.      20.1740      2.89081   9.7801133e+08      233.036      165.941    OCLI_N11282-9_1
      11.8030      11.7964      11.8023      11.7935      11.7741      11.7799      11.8150    0.0331881      208.526  6.01704e-12      279.158      278.330      1.00347      1.03089       41621295.      20.0934      2.88503   3.0065758e+09      362.463      99.4057    OCLI_N11803-9X
      11.8032      11.7299      11.7357      11.7270      11.7077      11.7134      11.7415    0.0340994      215.467  6.15008e-12      282.121      280.793      1.00523     0.994271       43463226.      20.1054      2.88589   3.0716151e+09      374.520      97.2117    OCLI-N11803-9X_2
      19.5000      19.6993      19.8146      19.6421      19.3143      19.3798      19.5464     0.159132      601.933  8.32516e-13      107.139      105.309      1.02331      1.04519       46110836.      19.7896      2.86313   1.4501163e+10      186.045      74.6442    FOR-20um-542-090-091_full_cln
      24.4000      24.9198      25.0238      24.8688      24.4944      24.6184      24.7925     0.129878      387.688  3.26749e-13      67.4072      66.5263      1.01740      1.03181       18685060.      20.7020      2.92824   1.0371618e+10      88.8876      98.3765    Lakeshore_24um_5000_double_full_cln
      25.3580      25.2414      25.2580      25.2332      25.1764      25.1928      25.1579    0.0567806      166.757  3.04421e-13      64.6544      64.6663      1.00047      1.04898       7708821.4      20.8204      2.93673   4.4765836e+09      55.9692      149.842    FOR-25um-25358_22-29um
      25.3870      25.4087      25.4266      25.3998      25.3385      25.3563      25.4184    0.0721528      210.518  2.96670e-13      63.8430      63.8249      1.00098      1.00045       9609669.5      20.8672      2.94002   5.6982814e+09      61.4811      134.738    FOR-25um-25387_22-29um
      31.5000      31.3971      31.5258      31.3334      30.6809      30.9784      31.1952     0.129233      306.171  1.31098e-13      42.9329      42.1672      1.02231      1.03336       9398525.7      23.1136      3.09358   1.0203768e+10      45.0704      123.628    FOR-30um-542-84-85_full_cln
      33.6000      33.4296      33.5071      33.3797      32.6816      33.0085      33.2479    0.0344624      76.5995  1.01906e-13      37.8741      37.0911      1.02417      1.02899       2074311.8      24.2033      3.16563   2.6848543e+09      19.1441      256.941    Lakeshore_33um_4587_double_full_cln
      34.8000      34.6769      34.7794      34.6189      33.9080      34.2400      34.4936    0.0815769      174.861  8.81589e-14      35.2431      34.2205      1.03333      1.02967       4406293.1      24.9329      3.21273   6.7017916e+09      26.0025      175.951    Lakeshore_34um_5004_double_full_cln
      37.1000      37.1236      37.2094      37.0711      36.2494      36.6711      36.9283    0.0464998      93.0561  6.71327e-14      30.7740      30.2759      1.01933      1.02618       2047552.7      26.5725      3.31646   3.4090513e+09      16.8101      237.753    Lakeshore_38um_5130_5144_double_full_cln
