../../sofiacalib/betaGem_cohen95_Jy.txt
dual Barr3
../atranfiles/atran_41K_45deg_4-50mum.txt
dual Barr3
    lambda_ref   lambda_mean   lambda_1     lambda_pivot  lambda_eff  lambda_eff_ph  lambda_iso   width      Response  F_mean          Fnu_mean    Fnu_lammean   ColorTerm   ColorTerm   Total Count Rate   Source Size Source FWHM    Bkgd          S/N        Fnu_limit   Filter
     microns       microns      microns      microns      microns      microns       microns    microns      e/s/mJy   W/m^2/mum        Jy            Jy                                 electrons/s          pix        arcsec         e-/s                     mJy
      5.35200      5.35444      5.35497      5.35418      5.35254      5.35307      5.35468   0.00539169      74.6050  3.83831e-11      367.033      367.129     0.999839      1.00010       19578478.      29.6313      3.50347       98378606.      549.803      81.0086    OCLI_N05352-8_2
      5.61200      5.60237      5.60273      5.60219      5.60104      5.60141      5.60142   0.00189883      25.1106  3.24425e-11      339.633      339.408      1.00073      1.00089       6097797.7      29.6777      3.50622       51283159.      238.801      178.769    OCLI_N05612-4
      6.27600      6.35179      6.35208      6.35164      6.35097      6.35126      6.35139    0.0113877      132.823  2.08743e-11      280.908      280.900      1.00007      1.00015       26677365.      29.8307      3.51524   7.0837959e+08      306.537      118.725    OCLI_N06276-9_2
      6.61100      6.59344      6.59408      6.59311      6.59089      6.59152      6.59374    0.0147966      166.268  1.83501e-11      266.073      266.149     0.999811      1.00010       31631063.      29.8838      3.51837   1.2555565e+09      275.147      126.011    N06611
      7.68800      7.70441      7.70747      7.70288      7.69234      7.69541      7.70501    0.0262631      252.635  9.81464e-12      194.250      194.383     0.999712      1.00074       35088051.      30.1532      3.53419   4.2211448e+09      168.118      151.778    OCLI_N07688-9A_1
      8.60600      8.66212      8.66281      8.66177      8.65929      8.66002      8.66123  4.38442e-05     0.375005  6.18315e-12      154.740      154.690      1.00040      1.00064       41490.252      30.4222      3.54992       7409383.8      1.72787      11894.0    OCLI_N08606-9_1
      10.6770      10.6510      10.6516      10.6508      10.6488      10.6494      10.6509   0.00801152      55.7262  2.77204e-12      104.892      104.893      1.00004      1.00020       4179323.3      31.0777      3.58796   2.0058734e+09      29.1099      474.773    OCLI_N10677-9_2
      11.0350      11.0539      11.0607      11.0505      11.0268      11.0335      11.0552    0.0496712      333.098  2.40126e-12      97.8094      97.9126     0.999561      1.00173       23294753.      31.2210      3.59622   1.3117956e+10      63.5480      202.823    OCLI_N11035-9A
      11.2820      11.3051      11.3056      11.3049      11.3036      11.3040      11.3015  0.000475056      3.11314  2.18174e-12      93.0081      92.9015      1.00118      1.00128       207025.96      31.3229      3.60209   1.2954523e+08      4.82457      2547.20    OCLI_N11282-9_1
      11.8030      11.8967      11.9014      11.8944      11.8779      11.8827      11.8947   0.00148143      9.22864  1.79217e-12      84.5757      84.5552      1.00064      1.00174       558071.33      31.5528      3.61528   4.3058583e+08      7.95183      1403.25    OCLI_N11803-9X
      11.8032      11.8318      11.8374      11.8290      11.8090      11.8149      11.8268   0.00145108      9.08996  1.83224e-12      85.5181      85.4170      1.00166      1.00306       555809.29      31.5256      3.61372   4.1883348e+08      8.01834      1407.13    OCLI-N11803-9X_2
      19.5000      19.6993      19.8146      19.6421      19.3328      19.3822      19.5350     0.141087      533.673  2.49675e-13      32.1315      31.2521      1.03414      1.05226       12260595.      35.5840      3.83894   4.7066224e+10      16.2462      239.773    FOR-20um-542-090-091_full_cln
      24.4000      27.6787      27.7284      27.6533      27.4197      27.5144      27.5992   0.00873974      23.4350  6.26613e-14      15.9835      15.8257      1.01183      1.01712       267820.08      42.0897      4.17513   2.5676958e+09      1.63170      1292.17    Lakeshore_24um_5000_double_full_cln
      25.3580      25.2414      25.2580      25.2332      25.1755      25.1919      25.2168    0.0503415      147.846  8.99368e-14      19.1012      19.0421      1.00376      1.00573       2019192.3      39.9795      4.06941   1.5049812e+10      5.14664      489.467    FOR-25um-25358_22-29um
      25.3870      26.2521      26.2694      26.2434      26.1838      26.2007      26.2261   0.00224788      6.34760  7.68589e-14      17.6569      17.5971      1.00406      1.00611       80136.615      40.8647      4.11421   6.5962488e+08     0.930597      2504.26    FOR-25um-25387_22-29um
      31.5000      31.3615      31.4788      31.3054      31.0009      31.0503      31.2007    0.0738297      175.026  3.83393e-14      12.5332      12.3208      1.02089      1.03256       1568452.8      45.6444      4.34735   2.1053871e+10      3.37516      489.754    FOR-30um-542-84-85_full_cln
      33.6000      33.5672      33.5985      33.5513      33.4248      33.4679      33.5202    0.0185191      40.9100  2.87736e-14      10.8042      10.7497      1.00603      1.00873       316031.43      48.2769      4.47156   5.1224021e+09      1.37079      1039.63    Lakeshore_33um_4587_double_full_cln
      34.8000      34.6402      34.7179      34.6011      34.3079      34.4006      34.5248    0.0437582      93.7939  2.55664e-14      10.2101      10.0959      1.01360      1.02058       684714.96      49.3852      4.52207   1.2525916e+10      1.90756      705.952    Lakeshore_34um_5004_double_full_cln
      37.1000      36.9832      37.0477      36.9494      36.6761      36.7676      36.8771    0.0218219      43.7921  1.96204e-14      8.93517      8.84913      1.01157      1.01689       279772.33      52.2600      4.65183   5.6352499e+09      1.15711      1018.56    Lakeshore_38um_5130_5144_double_full_cln
