../../sofiacalib/beta_peg_ldecin_2009A.fits
dual Barr2
../atranfiles/atran_41K_45deg_4-50mum.txt
dual Barr2
    lambda_ref   lambda_mean   lambda_1     lambda_pivot  lambda_eff  lambda_eff_ph  lambda_iso   width      Response  F_mean          Fnu_mean    Fnu_lammean   ColorTerm   ColorTerm   Total Count Rate   Source Size Source FWHM    Bkgd          S/N        Fnu_limit   Filter
     microns       microns      microns      microns      microns      microns       microns    microns      e/s/mJy   W/m^2/mum        Jy            Jy                                 electrons/s          pix        arcsec         e-/s                     mJy
      5.35200      5.36311      5.36365      5.36284      5.36140      5.36195      5.30680   0.00101252      13.9876  1.14171e-10      1095.28      1071.13      1.02264      1.04004       10954036.      22.0093      3.01944       7834601.9      973.873      119.788    OCLI_N05352-8_2
      5.61200      5.61366      5.61414      5.61342      5.61213      5.61260      5.60158  0.000801512      10.5783  9.95320e-11      1046.16      1045.32      1.00089      1.01620       7912598.2      21.9035      3.01217       9473773.1      719.243      164.478    OCLI_N05612-4
      6.27600      6.35077      6.35108      6.35062      6.34968      6.34999      6.37449    0.0104050      121.381  6.60614e-11      888.709      898.359     0.989306     0.988265       77128932.      21.6070      2.99172   2.8004547e+08      1965.99      52.5221    OCLI_N06276-9_2
      6.61100      6.61993      6.62121      6.61929      6.61509      6.61637      6.61688   0.00803389      89.9229  5.64454e-11      824.957      828.095     0.996402     0.999680       53040463.      21.5057      2.98470   2.8300056e+08      1390.51      71.2472    N06611
      7.68800      7.72273      7.72582      7.72118      7.70305      7.70625      7.69671    0.0238653      229.026  2.89309e-11      575.320      566.812      1.01542      1.09596       94210709.      21.1205      2.95785   1.6452464e+09      1097.56      66.2928    OCLI_N07688-9A_1
      8.60600      8.66212      8.66281      8.66177      8.65968      8.66040      8.68669  4.17276e-05     0.356901  1.80359e-11      451.369      485.595     0.929591     0.957054       115182.33      20.8232      2.93695       2535875.8      6.12452      9788.72    OCLI_N08606-9_1
      8.80000      8.64296      8.64714      8.64113      8.63054      8.63385      8.60346    0.0605813      519.486  1.82075e-11      453.494      439.529      1.03221      1.03773   1.6844241e+08      20.8314      2.93753   3.6279441e+09      1330.33      43.3144    Reading_F086
      10.6770      10.6503      10.6509      10.6501      10.6484      10.6489      10.6658   0.00924645      64.3203  8.82046e-12      333.715      332.427      1.00392      1.01582       15347206.      20.3159      2.90096   7.5421578e+08      267.557      160.448    OCLI_N10677-9_2
      11.0350      11.0106      11.0166      11.0076      10.9883      10.9942      11.0037    0.0505663      340.410  7.81987e-12      316.054      313.173      1.00975     0.998516       76925297.      20.2428      2.89573   4.2737075e+09      567.259      71.7221    OCLI_N11035-9A
      11.2000      11.1372      11.1783      11.1166      10.9845      11.0253      11.0978     0.524391      3501.06  7.58551e-12      312.686      307.363      1.02109      1.02295   7.8273407e+08      20.2437      2.89578   4.6333424e+10      1464.55      22.9398    Reading_Nprime
      11.2820      11.3051      11.3056      11.3049      11.3036      11.3040      11.2900  0.000452122      2.96285  7.06535e-12      301.197      295.124      1.02061      1.01330       638066.05      20.1810      2.89131       39328945.      28.5208      1389.89    OCLI_N11282-9_1
      11.8030      11.8967      11.9014      11.8944      11.8784      11.8833      11.9042   0.00140991      8.78312  5.82130e-12      274.717      276.210     0.994986     0.997470       1725204.5      20.0743      2.88366   1.2871889e+08      58.1461      616.618    OCLI_N11803-9X
      11.8032      11.8318      11.8374      11.8290      11.8095      11.8154      11.8431   0.00138103      8.65113  5.94818e-12      277.625      276.049      1.00619      1.00972       1717265.8      20.0865      2.88453   1.2537802e+08      58.3424      621.118    OCLI-N11803-9X_2
      19.5000      19.6993      19.8146      19.6421      19.3143      19.3798      19.5465     0.141087      533.673  8.32516e-13      107.139      105.309      1.02331      1.04519       40881769.      19.7896      2.86313   1.2856700e+10      175.170      79.2783    FOR-20um-542-090-091_full_cln
      24.4000      27.6787      27.7284      27.6533      27.4284      27.5180      27.6295   0.00831782      22.3037  2.13019e-13      54.3364      53.9990      1.00810      1.01267       866509.61      21.5858      2.99010   6.5634148e+08      15.4892      456.414    Lakeshore_24um_5000_double_full_cln
      25.3580      25.2414      25.2580      25.2332      25.1764      25.1928      25.0904    0.0503415      147.846  3.04421e-13      64.6544      64.6663      1.00047      1.04898       6834625.1      20.8204      2.93673   3.9689297e+09      52.6919      159.163    FOR-25um-25358_22-29um
      25.3870      26.2521      26.2694      26.2434      26.1847      26.2015      26.2220   0.00213937      6.04117  2.60711e-13      59.8937      58.7873      1.01949      1.00716       258707.00      21.1206      2.95782   1.6570716e+08      7.99106      980.471    FOR-25um-25387_22-29um
      31.5000      31.3615      31.4788      31.3054      30.9997      31.0531      31.1952    0.0702655      166.577  1.31000e-13      42.8243      42.3169      1.01562      1.03074       5100475.0      23.1119      3.09353   5.5554096e+09      33.0272      168.313    FOR-30um-542-84-85_full_cln
      33.6000      33.5672      33.5985      33.5513      33.4273      33.4692      33.4972    0.0176251      38.9351  9.86103e-14      37.0273      36.9679      1.00255      1.01376       1030786.9      24.3721      3.17714   1.3727984e+09      13.0914      367.623    Lakeshore_33um_4587_double_full_cln
      34.8000      34.6402      34.7179      34.6011      34.3125      34.4037      34.5354    0.0416458      89.2659  8.76884e-14      35.0189      34.7633      1.00963      1.02006       2235084.0      24.9670      3.21526   3.4533308e+09      18.2514      249.164    Lakeshore_34um_5004_double_full_cln
      37.1000      36.9832      37.0477      36.9494      36.6806      36.7706      36.9039    0.0207685      41.6780  6.74618e-14      30.7223      30.4869      1.00956      1.01697       915517.05      26.5496      3.31552   1.5413306e+09      10.9839      363.559    Lakeshore_38um_5130_5144_double_full_cln
