../../sofiacalib/beta_and_ldecin_2009A.fits
dual Barr2
../atranfiles/atran_41K_45deg_4-50mum.txt
dual Barr2
    lambda_ref   lambda_mean   lambda_1     lambda_pivot  lambda_eff  lambda_eff_ph  lambda_iso   width      Response  F_mean          Fnu_mean    Fnu_lammean   ColorTerm   ColorTerm   Total Count Rate   Source Size Source FWHM    Bkgd          S/N        Fnu_limit   Filter
     microns       microns      microns      microns      microns      microns       microns    microns      e/s/mJy   W/m^2/mum        Jy            Jy                                 electrons/s          pix        arcsec         e-/s                     mJy
      5.35200      5.36311      5.36365      5.36284      5.36138      5.36192      5.32113   0.00101252      13.9876  7.77036e-11      745.435      739.250      1.00847      1.03615       7455224.0      22.0094      3.01944       7834601.9      702.822      119.788    OCLI_N05352-8_2
      5.61200      5.61366      5.61414      5.61342      5.61210      5.61257      5.66176  0.000801512      10.5783  6.74882e-11      709.354      721.772     0.982879      1.00441       5365174.5      21.9035      3.01218       9473773.1      509.610      164.478    OCLI_N05612-4
      6.27600      6.35077      6.35108      6.35062      6.34968      6.34998      6.36244    0.0104050      121.381  4.43481e-11      596.605      604.560     0.986890     0.986801       51777955.      21.6070      2.99172   2.8004547e+08      1365.55      52.5221    OCLI_N06276-9_2
      6.61100      6.61993      6.62121      6.61929      6.61516      6.61644      6.62696   0.00803389      89.9229  3.80925e-11      556.727      559.897     0.994531     0.995645       35794702.      21.5057      2.98470   2.8300056e+08      961.462      71.2472    N06611
      7.68800      7.72273      7.72582      7.72118      7.70392      7.70711      7.72830    0.0238653      229.026  1.96546e-11      390.851      389.424      1.00407      1.08844       64003149.      21.1202      2.95782   1.6452464e+09      751.829      66.2928    OCLI_N07688-9A_1
      8.60600      8.66212      8.66281      8.66177      8.65959      8.66031      8.71197  4.17276e-05     0.356901  1.22789e-11      307.293      328.499     0.935523     0.963337       78416.434      20.8232      2.93695       2535875.8      4.17046      9788.72    OCLI_N08606-9_1
      8.80000      8.64296      8.64714      8.64113      8.63028      8.63358      8.61697    0.0605813      519.486  1.24027e-11      308.913      299.606      1.03150      1.03093   1.1474024e+08      20.8314      2.93753   3.6279441e+09      912.333      43.3144    Reading_F086
      10.6770      10.6503      10.6509      10.6501      10.6484      10.6489      10.6505   0.00924645      64.3203  5.90314e-12      223.341      222.520      1.00374      1.01345       10271208.      20.3159      2.90096   7.5421578e+08      179.619      160.448    OCLI_N10677-9_2
      11.0350      11.0106      11.0166      11.0076      10.9881      10.9939      11.0037    0.0505663      340.410  5.22459e-12      211.161      210.110      1.00555     0.999519       51395123.      20.2428      2.89573   4.2737075e+09      380.052      71.7221    OCLI_N11035-9A
      11.2000      11.1372      11.1783      11.1166      10.9825      11.0233      11.0979     0.524391      3501.06  5.06984e-12      208.987      205.973      1.01839      1.02356   5.2314736e+08      20.2441      2.89581   4.6333424e+10      980.630      22.9398    Reading_Nprime
      11.2820      11.3051      11.3056      11.3049      11.3036      11.3040      11.2895  0.000452122      2.96285  4.71402e-12      200.959      197.173      1.01924      1.01360       425719.52      20.1810      2.89131       39328945.      19.0453      1389.89    OCLI_N11282-9_1
      11.8030      11.8967      11.9014      11.8944      11.8782      11.8830      11.9047   0.00140991      8.78312  3.87624e-12      182.926      183.705     0.996152     0.997109       1148766.0      20.0744      2.88366   1.2871889e+08      38.7687      616.618    OCLI_N11803-9X
      11.8032      11.8318      11.8374      11.8290      11.8092      11.8152      11.8155   0.00138103      8.65113  3.96164e-12      184.906      183.996      1.00543      1.00492       1143744.7      20.0865      2.88453   1.2537802e+08      38.9091      621.118    OCLI-N11803-9X_2
      19.5000      19.6993      19.8146      19.6421      19.3175      19.3797      19.5462     0.141087      533.673  5.48750e-13      70.6204      69.1282      1.02755      1.04706       26947049.      19.7892      2.86309   1.2856700e+10      115.522      79.2783    FOR-20um-542-090-091_full_cln
      24.4000      27.6787      27.7284      27.6533      27.4261      27.5171      27.6195   0.00831782      22.3037  1.39691e-13      35.6320      35.3564      1.00965      1.01399       568227.23      21.5856      2.99009   6.5634148e+08      10.1593      456.414    Lakeshore_24um_5000_double_full_cln
      25.3580      25.2414      25.2580      25.2332      25.1761      25.1926      25.0904    0.0503415      147.846  1.99831e-13      42.4411      42.4274      1.00098      1.05584       4486449.3      20.8203      2.93673   3.9689297e+09      34.5982      159.163    FOR-25um-25358_22-29um
      25.3870      26.2521      26.2694      26.2434      26.1845      26.2013      26.2354   0.00213937      6.04117  1.71054e-13      39.2967      38.5813      1.01921      1.00979       169739.31      21.1206      2.95781   1.6570716e+08      5.24388      980.471    FOR-25um-25387_22-29um
      31.5000      31.3615      31.4788      31.3054      31.0004      31.0527      31.1959    0.0702655      166.577  8.58159e-14      28.0535      27.6609      1.01783      1.03226       3341231.9      23.1116      3.09351   5.5554096e+09      21.6387      168.313    FOR-30um-542-84-85_full_cln
      33.6000      33.5672      33.5985      33.5513      33.4267      33.4689      33.5309    0.0176251      38.9351  6.45637e-14      24.2431      24.1706      1.00395      1.00945       674892.66      24.3719      3.17713   1.3727984e+09      8.57239      367.623    Lakeshore_33um_4587_double_full_cln
      34.8000      34.6402      34.7179      34.6011      34.3116      34.4032      34.5352    0.0416458      89.2659  5.74068e-14      22.9257      22.7152      1.01155      1.01936       1463238.6      24.9668      3.21524   3.4533308e+09      11.9498      249.164    Lakeshore_34um_5004_double_full_cln
      37.1000      36.9832      37.0477      36.9494      36.6797      36.7701      36.8893    0.0207685      41.6780  4.41496e-14      20.1058      19.9423      1.01004      1.01601       599149.42      26.5493      3.31550   1.5413306e+09      7.18895      363.559    Lakeshore_38um_5130_5144_double_full_cln
