../../sofiacalib/beta_umi_ldecin_2009A_scaled.fits
dual Barr2
../atranfiles/atran_41K_45deg_4-50mum.txt
dual Barr2
    lambda_ref   lambda_mean   lambda_1     lambda_pivot  lambda_eff  lambda_eff_ph  lambda_iso   width      Response  F_mean          Fnu_mean    Fnu_lammean   ColorTerm   ColorTerm   Total Count Rate   Source Size Source FWHM    Bkgd          S/N        Fnu_limit   Filter
     microns       microns      microns      microns      microns      microns       microns    microns      e/s/mJy   W/m^2/mum        Jy            Jy                                 electrons/s          pix        arcsec         e-/s                     mJy
      5.35200      5.36311      5.36365      5.36284      5.36137      5.36192      5.28446   0.00101252      13.9876  4.61023e-11      442.275      439.570      1.00625      1.03503       4423261.8      22.0094      3.01944       7834601.9      441.461      119.788    OCLI_N05352-8_2
      5.61200      5.61366      5.61414      5.61342      5.61209      5.61257      5.64587  0.000801512      10.5783  3.99772e-11      420.192      428.937     0.979696      1.00287       3178107.4      21.9035      3.01218       9473773.1      314.540      164.478    OCLI_N05612-4
      6.27600      6.35077      6.35108      6.35062      6.34967      6.34998      6.35293    0.0104050      121.381  2.62119e-11      352.624      357.398     0.986689     0.986739       30603354.      21.6070      2.99172   2.8004547e+08      831.988      52.5221    OCLI_N06276-9_2
      6.61100      6.61993      6.62121      6.61929      6.61516      6.61644      6.61396   0.00803389      89.9229  2.25265e-11      329.228      331.502     0.993332     0.994729       21167644.      21.5057      2.98470   2.8300056e+08      580.967      71.2472    N06611
      7.68800      7.72273      7.72582      7.72118      7.70594      7.70912      7.70111    0.0238653      229.026  1.18916e-11      236.476      237.861     0.994578      1.06548       38723723.      21.1196      2.95778   1.6452464e+09      458.085      66.2928    OCLI_N07688-9A_1
      8.60600      8.66212      8.66281      8.66177      8.65948      8.66020      8.71209  4.17276e-05     0.356901  7.48377e-12      187.290      196.356     0.953904     0.976135       47793.404      20.8232      2.93696       2535875.8      2.54226      9788.72    OCLI_N08606-9_1
      8.80000      8.64296      8.64714      8.64113      8.63004      8.63330      8.62563    0.0260499      223.379  7.56172e-12      188.339      184.465      1.02144      1.01883       30080793.      20.8315      2.93754   1.5600160e+09      366.103      66.1943    Reading_F086
      10.6770      10.6503      10.6509      10.6501      10.6483      10.6489      10.6402   0.00924645      64.3203  3.49828e-12      132.355      132.321      1.00030      1.00639       6086854.5      20.3159      2.90096   7.5421578e+08      106.718      160.448    OCLI_N10677-9_2
      11.0350      11.0106      11.0166      11.0076      10.9875      10.9934      11.0045    0.0505663      340.410  3.08603e-12      124.727      124.578      1.00174     0.999571       30357786.      20.2429      2.89574   4.2737075e+09      225.005      71.7221    OCLI_N11035-9A
      11.2000      11.1372      11.1783      11.1166      10.9791      11.0199      11.0974    0.0891464      595.180  2.99719e-12      123.549      121.967      1.01672      1.02610       52576573.      20.2448      2.89586   7.8766822e+09      287.265      55.6561    Reading_Nprime
      11.2820      11.3051      11.3056      11.3049      11.3036      11.3040      11.2898  0.000452122      2.96285  2.77724e-12      118.394      116.551      1.01585      1.01160       250810.62      20.1810      2.89131       39328945.      11.2283      1389.89    OCLI_N11282-9_1
      11.8030      11.8967      11.9014      11.8944      11.8780      11.8828      11.9042   0.00140991      8.78312  2.27773e-12      107.490      107.869     0.996874     0.998380       675029.01      20.0744      2.88366   1.2871889e+08      22.8056      616.618    OCLI_N11803-9X
      11.8032      11.8318      11.8374      11.8290      11.8089      11.8149      11.8157   0.00138103      8.65113  2.32853e-12      108.682      108.108      1.00579      1.00350       672255.94      20.0866      2.88454   1.2537802e+08      22.8945      621.118    OCLI-N11803-9X_2
      19.5000      19.6993      19.8146      19.6421      19.3252      19.3816      19.5466     0.141087      533.673  3.20007e-13      41.1828      40.2811      1.02835      1.04750       15714347.      19.7886      2.86305   1.2856700e+10      67.3952      79.2783    FOR-20um-542-090-091_full_cln
      24.4000      27.6787      27.7284      27.6533      27.4246      27.5164      27.6113   0.00831782      22.3037  8.11722e-14      20.7052      20.5465      1.00958      1.01427       330188.68      21.5854      2.99008   6.5634148e+08      5.90429      456.414    Lakeshore_24um_5000_double_full_cln
      25.3580      25.2414      25.2580      25.2332      25.1760      25.1924      25.2368    0.0503415      147.846  1.16219e-13      24.6831      24.6714      1.00113      1.05649       2609251.9      20.8203      2.93672   3.9689297e+09      20.1263      159.163    FOR-25um-25358_22-29um
      25.3870      26.2521      26.2694      26.2434      26.1843      26.2012      26.2355   0.00213937      6.04117  9.94423e-14      22.8451      22.4335      1.01902      1.01083       98677.814      21.1205      2.95781   1.6570716e+08      3.04894      980.471    FOR-25um-25387_22-29um
      31.5000      31.3615      31.4788      31.3054      31.0006      31.0520      31.1958    0.0702655      166.577  4.98120e-14      16.2837      16.0504      1.01817      1.03260       1939423.4      23.1112      3.09348   5.5554096e+09      12.5617      168.313    FOR-30um-542-84-85_full_cln
      33.6000      33.5672      33.5985      33.5513      33.4262      33.4686      33.5305    0.0176251      38.9351  3.74517e-14      14.0628      14.0185      1.00411      1.00909       391487.60      24.3718      3.17712   1.3727984e+09      4.97307      367.623    Lakeshore_33um_4587_double_full_cln
      34.8000      34.6402      34.7179      34.6011      34.3106      34.4025      34.5350    0.0416458      89.2659  3.32931e-14      13.2958      13.1703      1.01181      1.01939       848605.58      24.9664      3.21521   3.4533308e+09      6.93087      249.164    Lakeshore_34um_5004_double_full_cln
      37.1000      36.9832      37.0477      36.9494      36.6788      36.7694      36.8888    0.0207685      41.6780  2.55911e-14      11.6543      11.5577      1.01020      1.01597       347294.27      26.5489      3.31548   1.5413306e+09      4.16734      363.559    Lakeshore_38um_5130_5144_double_full_cln

