../../sofiacalib/betaGem_cohen95_Jy.txt
dual Barr2
../atranfiles/atran_41K_45deg_4-50mum.txt
dual Barr2
    lambda_ref   lambda_mean   lambda_1     lambda_pivot  lambda_eff  lambda_eff_ph  lambda_iso   width      Response  F_mean          Fnu_mean    Fnu_lammean   ColorTerm   ColorTerm   Total Count Rate   Source Size Source FWHM    Bkgd          S/N        Fnu_limit   Filter
     microns       microns      microns      microns      microns      microns       microns    microns      e/s/mJy   W/m^2/mum        Jy            Jy                                 electrons/s          pix        arcsec         e-/s                     mJy
      5.35200      5.36311      5.36365      5.36284      5.36115      5.36169      5.36332   0.00101252      13.9876  3.81610e-11      366.091      366.181     0.999856      1.00012       3661337.8      22.0095      3.01945       7834601.9      371.094      119.788    OCLI_N05352-8_2
      5.61200      5.61366      5.61414      5.61342      5.61194      5.61241      5.61267  0.000801512      10.5783  3.22106e-11      338.558      338.346      1.00071      1.00094       2560675.8      21.9036      3.01218       9473773.1      256.555      164.478    OCLI_N05612-4
      6.27600      6.35077      6.35108      6.35062      6.34991      6.35022      6.35024    0.0104050      121.381  2.08845e-11      280.954      280.928      1.00014      1.00022       24383330.      21.6069      2.99171   2.8004547e+08      669.069      52.5221    OCLI_N06276-9_2
      6.61100      6.61993      6.62121      6.61929      6.61475      6.61603      6.62160   0.00803389      89.9229  1.80488e-11      263.785      264.103     0.998991     0.999557       16960040.      21.5059      2.98471   2.8300056e+08      468.464      71.2472    N06611
      7.68800      7.72273      7.72582      7.72118      7.71038      7.71352      7.72466    0.0238653      229.026  9.72478e-12      193.387      193.640     0.999095      1.00015       31667755.      21.1181      2.95767   1.6452464e+09      375.358      66.2928    OCLI_N07688-9A_1
      8.60600      8.66212      8.66281      8.66177      8.65929      8.66002      8.66123  4.17276e-05     0.356901  6.18315e-12      154.740      154.690      1.00040      1.00064       39487.274      20.8233      2.93696       2535875.8      2.10053      9788.72    OCLI_N08606-9_1
      8.80000      8.64296      8.64714      8.64113      8.62976      8.63296      8.63727    0.0605813      519.486  6.25204e-12      155.719      155.384      1.00258      1.00404       57839160.      20.8316      2.93755   3.6279441e+09      463.241      43.3144    Reading_F086
      10.6770      10.6503      10.6509      10.6501      10.6482      10.6487      10.6502   0.00924645      64.3203  2.77277e-12      104.905      104.906      1.00004      1.00020       4824490.6      20.3160      2.90096   7.5421578e+08      84.6513      160.448    OCLI_N10677-9_2
      11.0350      11.0106      11.0166      11.0076      10.9869      10.9927      11.0144    0.0505663      340.410  2.43849e-12      98.5558      98.7437     0.998641      1.00027       23987801.      20.2431      2.89575   4.2737075e+09      177.917      71.7221    OCLI_N11035-9A
      11.2000      11.1372      11.1783      11.1166      10.9762      11.0171      11.0881     0.524391      3501.06  2.36865e-12      97.6395      96.1740      1.01900      1.03165   2.4441665e+08      20.2454      2.89590   4.6333424e+10      459.055      22.9398    Reading_Nprime
      11.2820      11.3051      11.3056      11.3049      11.3036      11.3040      11.3015  0.000452122      2.96285  2.18174e-12      93.0081      92.9015      1.00118      1.00128       197031.60      20.1810      2.89131       39328945.      8.82263      1389.89    OCLI_N11282-9_1
      11.8030      11.8967      11.9014      11.8944      11.8779      11.8827      11.8947   0.00140991      8.78312  1.79217e-12      84.5757      84.5552      1.00064      1.00174       531129.96      20.0744      2.88366   1.2871889e+08      17.9499      616.618    OCLI_N11803-9X
      11.8032      11.8318      11.8374      11.8290      11.8090      11.8149      11.8268   0.00138103      8.65113  1.83224e-12      85.5181      85.4170      1.00166      1.00306       528977.12      20.0866      2.88454   1.2537802e+08      18.0210      621.118    OCLI-N11803-9X_2
      19.5000      19.6993      19.8146      19.6421      19.3328      19.3822      19.5348     0.141087      533.673  2.49675e-13      32.1315      31.2521      1.03414      1.05226       12260596.      19.7877      2.86299   1.2856700e+10      52.5895      79.2783    FOR-20um-542-090-091_full_cln
      24.4000      27.6787      27.7284      27.6533      27.4197      27.5144      27.5992   0.00831782      22.3037  6.26613e-14      15.9835      15.8257      1.01183      1.01712       254890.83      21.5849      2.99004   6.5634148e+08      4.55807      456.414    Lakeshore_24um_5000_double_full_cln
      25.3580      25.2414      25.2580      25.2332      25.1755      25.1919      25.2169    0.0503415      147.846  8.99368e-14      19.1012      19.0421      1.00376      1.00573       2019192.4      20.8202      2.93671   3.9689290e+09      15.5760      159.163    FOR-25um-25358_22-29um
      25.3870      26.2521      26.2694      26.2434      26.1838      26.2007      26.2261   0.00213937      6.04116  7.68589e-14      17.6569      17.5971      1.00406      1.00611       76267.951      21.1204      2.95780   1.6570746e+08      2.35662      980.472    FOR-25um-25387_22-29um
      31.5000      31.3615      31.4788      31.3054      31.0009      31.0503      31.2007    0.0702655      166.577  3.83393e-14      12.5332      12.3208      1.02089      1.03256       1492734.6      23.1100      3.09341   5.5554096e+09      9.66885      168.313    FOR-30um-542-84-85_full_cln
      33.6000      33.5672      33.5985      33.5513      33.4248      33.4679      33.5202    0.0176251      38.9351  2.87736e-14      10.8042      10.7497      1.00603      1.00873       300774.73      24.3714      3.17710   1.3727984e+09      3.82086      367.623    Lakeshore_33um_4587_double_full_cln
      34.8000      34.6402      34.7179      34.6011      34.3079      34.4006      34.5248    0.0416458      89.2659  2.55664e-14      10.2101      10.0959      1.01360      1.02058       651659.70      24.9652      3.21514   3.4533308e+09      5.32248      249.164    Lakeshore_34um_5004_double_full_cln
      37.1000      36.9832      37.0477      36.9494      36.6761      36.7676      36.8771    0.0207685      41.6780  1.96204e-14      8.93517      8.84913      1.01157      1.01689       266266.07      26.5478      3.31541   1.5413306e+09      3.19512      363.559    Lakeshore_38um_5130_5144_double_full_cln
