../../sofiacalib/gamma_dra_ldecin_2009A.fits
single Barr2
../atranfiles/atran_41K_45deg_4-50mum.txt
single Barr2
    lambda_ref   lambda_mean   lambda_1     lambda_pivot  lambda_eff  lambda_eff_ph  lambda_iso   width      Response  F_mean          Fnu_mean    Fnu_lammean   ColorTerm   ColorTerm   Total Count Rate   Source Size Source FWHM    Bkgd          S/N        Fnu_limit   Filter
     microns       microns      microns      microns      microns      microns       microns    microns      e/s/mJy   W/m^2/mum        Jy            Jy                                 electrons/s          pix        arcsec         e-/s                     mJy
      5.35200      5.35578      5.35630      5.35551      5.35407      5.35460      5.45527    0.0154959      214.363  4.64789e-11      444.670      437.393      1.01674      1.06381       68154503.      22.0125      3.01966   1.1844554e+08      2376.96      19.8987    OCLI_N05352-8_2
      5.61200      5.60961      5.60998      5.60943      5.60839      5.60876      5.66202   0.00801690      105.881  4.02120e-11      422.059      449.294     0.939443     0.947414       31951812.      21.9051      3.01229       94049286.      1333.50      36.3251    OCLI_N05612-4
      6.27600      6.34774      6.34805      6.34759      6.34665      6.34696      6.35284    0.0127605      148.930  2.63154e-11      353.678      360.206     0.981924     0.983326       37661460.      21.6082      2.99180   3.3585490e+08      936.635      46.7165    OCLI_N06276-9_2
      6.61100      6.61333      6.61406      6.61297      6.61062      6.61135      6.61679    0.0142436      159.574  2.26454e-11      330.335      331.067     0.997899      1.00991       37689555.      21.5076      2.98483   5.2879933e+08      764.419      54.3578    N06611
      7.68800      7.70171      7.70480      7.70016      7.68387      7.68698      7.70020    0.0345344      332.317  1.19309e-11      235.968      231.120      1.02138      1.06952       56067516.      21.1271      2.95830   2.3411907e+09      556.449      54.4426    OCLI_N07688-9A_1
      8.60600      8.60460      8.60530      8.60425      8.60201      8.60272      8.62507   0.00883232      76.0490  7.54774e-12      186.390      183.938      1.01341      1.01097       10134964.      20.8404      2.93817   5.1874013e+08      199.819      120.533    OCLI_N08606-9_1
      8.80000      8.80294      9.04433      8.75667      8.61613      8.64674      8.76023    0.0947284      805.645  7.21080e-12      184.434      163.734      1.13836      1.13217   1.0624085e+08      20.8315      2.93752   5.7788627e+09      673.808      35.2284    Reading_F086
      10.6770      10.6502      10.6507      10.6499      10.6482      10.6487      10.6459    0.0107772      74.9698  3.50078e-12      132.445      132.513     0.999539      1.00741       7099485.6      20.3160      2.90096   8.7906311e+08      115.410      148.456    OCLI_N10677-9_2
      11.0350      11.0888      11.0960      11.0852      11.0613      11.0685      11.0805    0.0608353      406.692  3.01301e-12      123.501      124.351     0.993808     0.999544       35912189.      20.2282      2.89468   5.1804895e+09      241.831      66.0802    OCLI_N11035-9A
      11.2000      11.2366      11.2888      11.2106      11.0337      11.0890      11.1920     0.845051      5597.22  2.91551e-12      122.224      119.963      1.02358      1.03255   4.8914141e+08      20.2334      2.89504   7.8653521e+10      704.916      18.6942    Reading_Nprime
      11.2820      11.3425      11.3430      11.3422      11.3407      11.3412      11.3537    0.0112064      73.1965  2.75317e-12      118.144      118.614     0.996076     0.995908       6183128.9      20.1740      2.89081   9.7801133e+08      92.3358      165.941    OCLI_N11282-9_1
      11.8030      11.7964      11.8023      11.7935      11.7737      11.7795      11.7920    0.0331881      208.526  2.36841e-12      109.881      109.443      1.00450      1.02938       16382871.      20.0935      2.88504   3.0065758e+09      143.221      99.4057    OCLI_N11803-9X
      11.8032      11.7299      11.7357      11.7270      11.7073      11.7130      11.7267    0.0340994      215.467  2.42163e-12      111.087      111.007      1.00121     0.998019       17113888.      20.1054      2.88589   3.0716151e+09      148.050      97.2117    OCLI-N11803-9X_2
      19.5000      19.6993      19.8146      19.6421      19.3202      19.3803      19.5466     0.159132      601.933  3.23153e-13      41.5876      40.6767      1.02836      1.04755       17898569.      19.7890      2.86308   1.4501163e+10      72.2823      74.6442    FOR-20um-542-090-091_full_cln
      24.4000      24.9198      25.0238      24.8688      24.4910      24.6164      24.7712     0.129878      387.688  1.26226e-13      26.0400      25.6089      1.02101      1.03409       7218202.1      20.7016      2.92821   1.0371618e+10      34.3559      98.3765    Lakeshore_24um_5000_double_full_cln
      25.3580      25.2414      25.2580      25.2332      25.1761      25.1925      25.2366    0.0567806      166.757  1.17547e-13      24.9652      24.9511      1.00122      1.05503       2976629.5      20.8203      2.93672   4.4765836e+09      21.6223      149.842    FOR-25um-25358_22-29um
      25.3870      25.4087      25.4266      25.3998      25.3382      25.3559      25.3919    0.0721528      210.518  1.14541e-13      24.6490      24.6276      1.00157      1.00304       3710174.9      20.8671      2.94002   5.6982814e+09      23.7486      134.738    FOR-25um-25387_22-29um
      31.5000      31.3971      31.5258      31.3334      30.6662      30.9737      31.1955     0.129233      306.171  5.04897e-14      16.5348      16.2130      1.02400      1.03627       3619657.1      23.1127      3.09352   1.0203768e+10      17.3626      123.628    FOR-30um-542-84-85_full_cln
      33.6000      33.4296      33.5071      33.3797      32.6727      33.0047      33.2505    0.0344624      76.5995  3.92208e-14      14.5768      14.3058      1.02199      1.02883       798349.45      24.2021      3.16555   2.6848543e+09      7.36966      256.941    Lakeshore_33um_4587_double_full_cln
      34.8000      34.6769      34.7794      34.6189      33.8980      34.2366      34.4858    0.0815769      174.861  3.39204e-14      13.5602      13.1841      1.03197      1.03098       1695381.1      24.9318      3.21265   6.7017916e+09      10.0067      175.951    Lakeshore_34um_5004_double_full_cln
      37.1000      37.1236      37.2094      37.0711      36.2369      36.6669      36.9298    0.0464998      93.0561  2.58169e-14      11.8346      11.6285      1.02061      1.02769       787418.76      26.5710      3.31636   3.4090513e+09      6.46568      237.753    Lakeshore_38um_5130_5144_double_full_cln
