../../sofiacalib/gamma_dra_ldecin_2009A.fits
dual Barr2
../atranfiles/atran_41K_45deg_4-50mum.txt
dual Barr2
    lambda_ref   lambda_mean   lambda_1     lambda_pivot  lambda_eff  lambda_eff_ph  lambda_iso   width      Response  F_mean          Fnu_mean    Fnu_lammean   ColorTerm   ColorTerm   Total Count Rate   Source Size Source FWHM    Bkgd          S/N        Fnu_limit   Filter
     microns       microns      microns      microns      microns      microns       microns    microns      e/s/mJy   W/m^2/mum        Jy            Jy                                 electrons/s          pix        arcsec         e-/s                     mJy
      5.35200      5.36311      5.36365      5.36284      5.36136      5.36190      5.31125   0.00101252      13.9876  4.62728e-11      443.910      441.087      1.00650      1.03688       4439616.0      22.0094      3.01944       7834601.9      442.949      119.788    OCLI_N05352-8_2
      5.61200      5.61366      5.61414      5.61342      5.61209      5.61256      5.62902  0.000801512      10.5783  4.01138e-11      421.628      429.739     0.981209      1.00339       3188968.5      21.9035      3.01218       9473773.1      315.548      164.478    OCLI_N05612-4
      6.27600      6.35077      6.35108      6.35062      6.34967      6.34998      6.35914    0.0104050      121.381  2.62707e-11      353.414      358.140     0.986853     0.986873       30671957.      21.6070      2.99172   2.8004547e+08      833.768      52.5221    OCLI_N06276-9_2
      6.61100      6.61993      6.62121      6.61929      6.61515      6.61643      6.62546   0.00803389      89.9229  2.25667e-11      329.815      331.647     0.994670     0.995730       21205413.      21.5057      2.98470   2.8300056e+08      581.970      71.2472    N06611
      7.68800      7.72273      7.72582      7.72118      7.70476      7.70794      7.70104    0.0238653      229.026  1.17429e-11      233.518      234.048     0.998137      1.08001       38239438.      21.1200      2.95781   1.6452464e+09      452.418      66.2928    OCLI_N07688-9A_1
      8.60600      8.66212      8.66281      8.66177      8.65954      8.66026      8.72322  4.17276e-05     0.356901  7.36323e-12      184.273      195.555     0.942382     0.968771       47023.576      20.8232      2.93696       2535875.8      2.50132      9788.72    OCLI_N08606-9_1
      8.80000      8.64296      8.64714      8.64113      8.63016      8.63344      8.71180    0.0605813      519.486  7.43911e-12      185.286      180.293      1.02813      1.02489       68821047.      20.8315      2.93754   3.6279441e+09      550.421      43.3144    Reading_F086
      10.6770      10.6503      10.6509      10.6501      10.6483      10.6489      10.6660   0.00924645      64.3203  3.50056e-12      132.441      132.189      1.00196      1.00970       6090825.5      20.3159      2.90096   7.5421578e+08      106.787      160.448    OCLI_N10677-9_2
      11.0350      11.0106      11.0166      11.0076      10.9878      10.9937      11.0036    0.0505663      340.410  3.09385e-12      125.043      124.663      1.00360     0.999594       30434712.      20.2429      2.89574   4.2737075e+09      225.574      71.7221    OCLI_N11035-9A
      11.2000      11.1372      11.1783      11.1166      10.9810      11.0218      11.0977     0.524391      3501.06  3.00308e-12      123.792      122.149      1.01720      1.02509   3.0988206e+08      20.2444      2.89583   4.6333424e+10      581.741      22.9398    Reading_Nprime
      11.2820      11.3051      11.3056      11.3049      11.3036      11.3040      11.2899  0.000452122      2.96285  2.78844e-12      118.872      116.897      1.01693      1.01220       251822.23      20.1810      2.89131       39328945.      11.2736      1389.89    OCLI_N11282-9_1
      11.8030      11.8967      11.9014      11.8944      11.8781      11.8829      11.9045   0.00140991      8.78312  2.28986e-12      108.062      108.458     0.996745     0.997946       678625.14      20.0744      2.88366   1.2871889e+08      22.9269      616.618    OCLI_N11803-9X
      11.8032      11.8318      11.8374      11.8290      11.8091      11.8150      11.8157   0.00138103      8.65113  2.34062e-12      109.246      108.708      1.00543      1.00404       675748.60      20.0866      2.88454   1.2537802e+08      23.0133      621.118    OCLI-N11803-9X_2
      19.5000      19.6993      19.8146      19.6421      19.3202      19.3803      19.5465     0.141087      533.673  3.23153e-13      41.5876      40.6767      1.02836      1.04755       15868833.      19.7890      2.86308   1.2856700e+10      68.0574      79.2783    FOR-20um-542-090-091_full_cln
      24.4000      27.6787      27.7284      27.6533      27.4253      27.5168      27.6112   0.00831782      22.3037  8.21433e-14      20.9529      20.7914      1.00962      1.01431       334138.71      21.5855      2.99008   6.5634148e+08      5.97491      456.414    Lakeshore_24um_5000_double_full_cln
      25.3580      25.2414      25.2580      25.2332      25.1761      25.1925      25.0904    0.0503415      147.846  1.17547e-13      24.9652      24.9511      1.00122      1.05503       2639073.6      20.8203      2.93672   3.9689297e+09      20.3562      159.163    FOR-25um-25358_22-29um
      25.3870      26.2521      26.2694      26.2434      26.1844      26.2013      26.2357   0.00213937      6.04117  1.00604e-13      23.1119      22.7159      1.01810      1.00993       99830.383      21.1205      2.95781   1.6570716e+08      3.08454      980.471    FOR-25um-25387_22-29um
      31.5000      31.3615      31.4788      31.3054      31.0005      31.0525      31.1964    0.0702655      166.577  5.04434e-14      16.4901      16.2534      1.01820      1.03248       1964006.7      23.1115      3.09350   5.5554096e+09      12.7209      168.313    FOR-30um-542-84-85_full_cln
      33.6000      33.5672      33.5985      33.5513      33.4265      33.4688      33.5302    0.0176251      38.9351  3.79427e-14      14.2471      14.2014      1.00417      1.00904       396619.72      24.3719      3.17713   1.3727984e+09      5.03826      367.623    Lakeshore_33um_4587_double_full_cln
      34.8000      34.6402      34.7179      34.6011      34.3112      34.4030      34.5345    0.0416458      89.2659  3.37347e-14      13.4721      13.3445      1.01185      1.01940       859861.16      24.9666      3.21523   3.4533308e+09      7.02279      249.164    Lakeshore_34um_5004_double_full_cln
      37.1000      36.9832      37.0477      36.9494      36.6794      36.7699      36.8886    0.0207685      41.6780  2.59400e-14      11.8131      11.7151      1.01021      1.01599       352028.49      26.5492      3.31550   1.5413306e+09      4.22415      363.559    Lakeshore_38um_5130_5144_double_full_cln
