../../sofiacalib/gamma_dra_ldecin_2009A.fits
dual Barr3
../atranfiles/atran_41K_45deg_4-50mum.txt
dual Barr3
    lambda_ref   lambda_mean   lambda_1     lambda_pivot  lambda_eff  lambda_eff_ph  lambda_iso   width      Response  F_mean          Fnu_mean    Fnu_lammean   ColorTerm   ColorTerm   Total Count Rate   Source Size Source FWHM    Bkgd          S/N        Fnu_limit   Filter
     microns       microns      microns      microns      microns      microns       microns    microns      e/s/mJy   W/m^2/mum        Jy            Jy                                 electrons/s          pix        arcsec         e-/s                     mJy
      5.35200      5.35444      5.35497      5.35418      5.35271      5.35324      5.36047   0.00539169      74.6050  4.65183e-11      444.825      406.190      1.09522      1.01208       23728089.      29.6313      3.50348       98378606.      655.690      81.0086    OCLI_N05352-8_2
      5.61200      5.60237      5.60273      5.60219      5.60120      5.60156      5.60651   0.00189883      25.1106  4.03854e-11      422.785      403.303      1.04837      1.04112       7590712.9      29.6777      3.50622       51283159.      293.921      178.769    OCLI_N05612-4
      6.27600      6.35179      6.35208      6.35164      6.35074      6.35103      6.35714    0.0113877      132.823  2.62563e-11      353.334      359.342     0.983328     0.982635       33555629.      29.8306      3.51524   7.0837959e+08      383.833      118.725    OCLI_N06276-9_2
      6.61100      6.59344      6.59408      6.59311      6.59105      6.59169      6.59642    0.0147966      166.268  2.29005e-11      332.051      334.658     0.992308     0.996006       39474719.      29.8838      3.51837   1.2555565e+09      342.362      126.011    N06611
      7.68800      7.70441      7.70747      7.70288      7.68675      7.68983      7.70081    0.0262631      252.635  1.19062e-11      235.646      216.360      1.08957      1.07533       42565638.      30.1518      3.53411   4.2211448e+09      203.770      151.778    OCLI_N07688-9A_1
      8.60600      8.66212      8.66281      8.66177      8.65954      8.66026      8.72339  4.38442e-05     0.375005  7.36323e-12      184.273      195.555     0.942382     0.968771       49408.831      30.4223      3.54992       7409383.8      2.05750      11894.0    OCLI_N08606-9_1
      10.6770      10.6510      10.6516      10.6508      10.6490      10.6496      10.6661   0.00801152      55.7262  3.49976e-12      132.428      130.967      1.01120      1.01364       5276487.0      31.0778      3.58797   2.0058734e+09      36.7421      474.773    OCLI_N10677-9_2
      11.0350      11.0539      11.0607      11.0505      11.0280      11.0347      11.0353    0.0496712      333.098  3.04912e-12      124.198      121.968      1.01892      1.02338       29579620.      31.2215      3.59625   1.3117956e+10      80.6742      202.823    OCLI_N11035-9A
      11.2820      11.3051      11.3056      11.3049      11.3036      11.3040      11.2899  0.000475056      3.11314  2.78844e-12      118.872      116.897      1.01693      1.01220       264595.83      31.3229      3.60209   1.2954523e+08      6.16523      2547.20    OCLI_N11282-9_1
      11.8030      11.8967      11.9014      11.8944      11.8781      11.8829      11.9045   0.00148143      9.22864  2.28986e-12      108.062      108.458     0.996745     0.997946       713048.16      31.5529      3.61529   4.3058583e+08      10.1585      1403.25    OCLI_N11803-9X
      11.8032      11.8318      11.8374      11.8290      11.8091      11.8150      11.8009   0.00145108      9.08996  2.34062e-12      109.246      108.708      1.00543      1.00404       710025.71      31.5257      3.61372   4.1883348e+08      10.2415      1407.13    OCLI-N11803-9X_2
      19.5000      19.6993      19.8146      19.6421      19.3202      19.3803      19.5465     0.141087      533.673  3.23153e-13      41.5876      40.6767      1.02836      1.04755       15868833.      35.5841      3.83894   4.7066224e+10      21.0267      239.773    FOR-20um-542-090-091_full_cln
      24.4000      27.6787      27.7284      27.6533      27.4253      27.5168      27.6111   0.00873974      23.4350  8.21433e-14      20.9529      20.7914      1.00962      1.01431       351087.78      42.0917      4.17524   2.5676958e+09      2.13897      1292.17    Lakeshore_24um_5000_double_full_cln
      25.3580      25.2414      25.2580      25.2332      25.1761      25.1925      25.2367    0.0503415      147.846  1.17547e-13      24.9652      24.9511      1.00122      1.05503       2639073.5      39.9800      4.06944   1.5049814e+10      6.72650      489.467    FOR-25um-25358_22-29um
      25.3870      26.2521      26.2694      26.2434      26.1844      26.2013      26.0951   0.00224789      6.34760  1.00604e-13      23.1119      22.7159      1.01810      1.00993       104894.24      40.8652      4.11423   6.5962425e+08      1.21808      2504.25    FOR-25um-25387_22-29um
      31.5000      31.3615      31.4788      31.3054      31.0005      31.0525      31.1960    0.0738297      175.026  5.04434e-14      16.4901      16.2534      1.01820      1.03248       2063630.1      45.6470      4.34747   2.1053871e+10      4.44068      489.754    FOR-30um-542-84-85_full_cln
      33.6000      33.5672      33.5985      33.5513      33.4265      33.4688      33.5302    0.0185191      40.9100  3.79427e-14      14.2471      14.2014      1.00417      1.00904       416738.12      48.2779      4.47161   5.1224021e+09      1.80759      1039.63    Lakeshore_33um_4587_double_full_cln
      34.8000      34.6402      34.7179      34.6011      34.3112      34.4030      34.5345    0.0437582      93.7939  3.37347e-14      13.4721      13.3445      1.01185      1.01940       903477.38      49.3879      4.52219   1.2525916e+10      2.51699      705.952    Lakeshore_34um_5004_double_full_cln
      37.1000      36.9832      37.0477      36.9494      36.6794      36.7699      36.8886    0.0218219      43.7921  2.59400e-14      11.8131      11.7151      1.01021      1.01599       369885.02      52.2627      4.65195   5.6352499e+09      1.52979      1018.56    Lakeshore_38um_5130_5144_double_full_cln
