../../sofiacalib/muUma_cohen96_Jy.txt
dual Barr2
../atranfiles/atran_41K_45deg_4-50mum.txt
dual Barr2
    lambda_ref   lambda_mean   lambda_1     lambda_pivot  lambda_eff  lambda_eff_ph  lambda_iso   width      Response  F_mean          Fnu_mean    Fnu_lammean   ColorTerm   ColorTerm   Total Count Rate   Source Size Source FWHM    Bkgd          S/N        Fnu_limit   Filter
     microns       microns      microns      microns      microns      microns       microns    microns      e/s/mJy   W/m^2/mum        Jy            Jy                                 electrons/s          pix        arcsec         e-/s                     mJy
      5.35200      5.36311      5.36365      5.36284      5.36182      5.36236      5.36200   0.00101252      13.9876  2.65971e-11      255.154      255.024      1.00061      1.00078       2551840.5      22.0092      3.01943       7834601.9      264.747      119.788    OCLI_N05352-8_2
      5.61200      5.61366      5.61414      5.61342      5.61241      5.61288      5.61383  0.000801512      10.5783  2.37789e-11      249.935      249.971     0.999942      1.00008       1890374.6      21.9034      3.01217       9473773.1      191.998      164.478    OCLI_N05612-4
      6.27600      6.35077      6.35108      6.35062      6.34977      6.35008      6.35085    0.0104050      121.381  1.62178e-11      218.175      218.191     0.999973      1.00006       18934859.      21.6070      2.99172   2.8004547e+08      523.881      52.5221    OCLI_N06276-9_2
      6.61100      6.61993      6.62121      6.61929      6.61486      6.61615      6.61647   0.00803389      89.9229  1.39386e-11      203.715      203.389      1.00179      1.00226       13097794.      21.5058      2.98470   2.8300056e+08      363.934      71.2472    N06611
      7.68800      7.72273      7.72582      7.72118      7.70079      7.70401      7.69420    0.0238653      229.026  6.90216e-12      137.256      134.448      1.02130      1.02404       22476194.      21.1213      2.95790   1.6452464e+09      267.101      66.2928    OCLI_N07688-9A_1
      8.60600      8.66212      8.66281      8.66177      8.65944      8.66016      8.65901  4.17276e-05     0.356901  4.37359e-12      109.454      109.346      1.00107      1.00122       27930.926      20.8233      2.93696       2535875.8      1.48589      9788.72    OCLI_N08606-9_1
      8.80000      8.64296      8.64714      8.64113      8.63007      8.63340      8.62181    0.0605813      519.486  4.42852e-12      110.301      109.565      1.00714      1.00806       40969353.      20.8315      2.93754   3.6279441e+09      328.841      43.3144    Reading_F086
      10.6770      10.6503      10.6509      10.6501      10.6483      10.6488      10.6565   0.00924645      64.3203  2.21625e-12      83.8500      84.0456     0.997723     0.997871       3856176.1      20.3159      2.90096   7.5421578e+08      67.7015      160.448    OCLI_N10677-9_2
      11.0350      11.0106      11.0166      11.0076      10.9889      10.9948      11.0224    0.0505663      340.410  1.97572e-12      79.8523      80.5410     0.991990     0.995507       19435508.      20.2426      2.89572   4.2737075e+09      144.225      71.7221    OCLI_N11035-9A
      11.2000      11.1372      11.1783      11.1166      10.9845      11.0251      11.0932     0.524391      3501.06  1.90962e-12      78.7176      78.2769      1.00935      1.01229   1.9705027e+08      20.2437      2.89578   4.6333424e+10      370.217      22.9398    Reading_Nprime
      11.2820      11.3051      11.3056      11.3049      11.3034      11.3038      11.3028  0.000452122      2.96285  1.78662e-12      76.1639      76.0824      1.00111      1.00126       161348.32      20.1810      2.89131       39328945.      7.22585      1389.89    OCLI_N11282-9_1
      11.8030      11.8967      11.9014      11.8944      11.8777      11.8826      11.8625   0.00140991      8.78312  1.45886e-12      68.8461      68.1001      1.01135      1.01252       432348.69      20.0745      2.88367   1.2871889e+08      14.6148      616.618    OCLI_N11803-9X
      11.8032      11.8318      11.8374      11.8290      11.8085      11.8145      11.8120   0.00138103      8.65113  1.49151e-12      69.6146      69.0026      1.00935      1.01154       430605.29      20.0867      2.88454   1.2537802e+08      14.6730      621.118    OCLI-N11803-9X_2
      19.5000      19.6993      19.8146      19.6421      19.2906      19.3660      19.5301     0.141087      533.673  2.03347e-13      26.1694      25.4217      1.03542      1.05335       9985622.7      19.7899      2.86314   1.2856700e+10      42.8350      79.2783    FOR-20um-542-090-091_full_cln
      24.4000      27.6787      27.7284      27.6533      27.4277      27.5161      27.6021   0.00831782      22.3037  5.11076e-14      13.0364      12.9114      1.01154      1.01682       207893.04      21.5850      2.99005   6.5634148e+08      3.71775      456.414    Lakeshore_24um_5000_double_full_cln
      25.3580      25.2414      25.2580      25.2332      25.1756      25.1921      25.2162    0.0503415      147.846  7.33194e-14      15.5719      15.5203      1.00398      1.00592       1646112.1      20.8202      2.93671   3.9689290e+09      12.6986      159.163    FOR-25um-25358_22-29um
      25.3870      26.2521      26.2694      26.2434      26.1840      26.2008      26.2256   0.00213937      6.04116  6.26764e-14      14.3988      14.3480      1.00420      1.00608       62194.523      21.1204      2.95780   1.6570746e+08      1.92181      980.472    FOR-25um-25387_22-29um
      31.5000      31.3615      31.4788      31.3054      30.9983      31.0502      31.1999    0.0702655      166.577  3.12904e-14      10.2289      10.0531      1.02114      1.03223       1218288.0      23.1103      3.09342   5.5554096e+09      7.89137      168.313    FOR-30um-542-84-85_full_cln
      33.6000      33.5672      33.5985      33.5513      33.4264      33.4683      33.5176    0.0176251      38.9351  2.34909e-14      8.82061      8.77673      1.00595      1.00883       245553.12      24.3716      3.17711   1.3727984e+09      3.11941      367.623    Lakeshore_33um_4587_double_full_cln
      34.8000      34.6402      34.7179      34.6011      34.3104      34.4015      34.5219    0.0416458      89.2659  2.08778e-14      8.33766      8.24270      1.01381      1.02074       532151.89      24.9657      3.21517   3.4533308e+09      4.34646      249.164    Lakeshore_34um_5004_double_full_cln
      37.1000      36.9832      37.0477      36.9494      36.6785      36.7684      36.8785    0.0207685      41.6780  1.60307e-14      7.30043      7.23161      1.01136      1.01666       217550.95      26.5481      3.31543   1.5413306e+09      2.61059      363.559    Lakeshore_38um_5130_5144_double_full_cln
