../../sofiacalib/muUma_cohen96_Jy.txt
single Barr2
../atranfiles/atran_41K_45deg_4-50mum.txt
single Barr2
    lambda_ref   lambda_mean   lambda_1     lambda_pivot  lambda_eff  lambda_eff_ph  lambda_iso   width      Response  F_mean          Fnu_mean    Fnu_lammean   ColorTerm   ColorTerm   Total Count Rate   Source Size Source FWHM    Bkgd          S/N        Fnu_limit   Filter
     microns       microns      microns      microns      microns      microns       microns    microns      e/s/mJy   W/m^2/mum        Jy            Jy                                 electrons/s          pix        arcsec         e-/s                     mJy
      5.35200      5.35578      5.35630      5.35551      5.35453      5.35505      5.35504    0.0154959      214.363  2.66822e-11      255.273      255.230      1.00026      1.00042       39125549.      22.0123      3.01964   1.1844554e+08      1472.49      19.8987    OCLI_N05352-8_2
      5.61200      5.60961      5.60998      5.60943      5.60865      5.60901      5.60972   0.00801690      105.881  2.38239e-11      250.051      250.076     0.999965      1.00007       18930032.      21.9050      3.01228       94049286.      828.515      36.3251    OCLI_N05612-4
      6.27600      6.34774      6.34805      6.34759      6.34675      6.34706      6.34750    0.0127605      148.930  1.62415e-11      218.285      218.271      1.00011      1.00020       23244106.      21.6081      2.99180   3.3585490e+08      588.672      46.7165    OCLI_N06276-9_2
      6.61100      6.61333      6.61406      6.61297      6.61050      6.61123      6.61018    0.0142436      159.574  1.39838e-11      203.986      203.676      1.00163      1.00190       23273768.      21.5077      2.98483   5.2879933e+08      477.738      54.3578    N06611
      7.68800      7.70171      7.70480      7.70016      7.67992      7.68304      7.65604    0.0345344      332.317  7.03530e-12      139.143      136.045      1.02319      1.02438       33061416.      21.1284      2.95840   2.3411907e+09      329.619      54.4426    OCLI_N07688-9A_1
      8.60600      8.60460      8.60530      8.60425      8.60181      8.60252      8.59824   0.00883232      76.0490  4.49249e-12      110.941      110.524      1.00386      1.00420       6032428.4      20.8405      2.93817   5.1874013e+08      119.315      120.533    OCLI_N08606-9_1
      8.80000      8.80294      9.04433      8.75667      8.61705      8.64760      8.70859    0.0947284      805.645  4.29270e-12      109.797      106.133      1.04549      1.10697       63246835.      20.8313      2.93751   5.7788627e+09      402.523      35.2284    Reading_F086
      10.6770      10.6502      10.6507      10.6499      10.6481      10.6486      10.6564    0.0107772      74.9698  2.21639e-12      83.8524      84.0483     0.997720     0.997869       4494771.4      20.3160      2.90096   8.7906311e+08      73.1682      148.456    OCLI_N10677-9_2
      11.0350      11.0888      11.0960      11.0852      11.0622      11.0693      11.0618    0.0608353      406.692  1.92428e-12      78.8746      78.4084      1.00660      1.00772       22935558.      20.2280      2.89467   5.1804895e+09      154.629      66.0802    OCLI_N11035-9A
      11.2000      11.2366      11.2888      11.2106      11.0398      11.0944      11.2181     0.845051      5597.22  1.85106e-12      77.6000      77.3876      1.00740      1.02497   3.1055608e+08      20.2322      2.89495   7.8653521e+10      447.884      18.6942    Reading_Nprime
      11.2820      11.3425      11.3430      11.3422      11.3405      11.3409      11.3327    0.0112064      73.1965  1.76120e-12      75.5765      75.2201      1.00478      1.00497       3955334.8      20.1741      2.89082   9.7801133e+08      59.1258      165.941    OCLI_N11282-9_1
      11.8030      11.7964      11.8023      11.7935      11.7731      11.7788      11.7835    0.0331881      208.526  1.51193e-12      70.1455      69.7376      1.00635      1.00859       10458408.      20.0936      2.88504   3.0065758e+09      91.5117      99.4057    OCLI_N11803-9X
      11.8032      11.7299      11.7357      11.7270      11.7067      11.7125      11.7376    0.0340994      215.467  1.54617e-12      70.9269      71.2315     0.996216     0.998529       10926916.      20.1055      2.88590   3.0716151e+09      94.6148      97.2117    OCLI-N11803-9X_2
      19.5000      19.6993      19.8146      19.6421      19.2906      19.3660      19.5301     0.159132      601.933  2.03347e-13      26.1694      25.4217      1.03542      1.05335       11262854.      19.7899      2.86314   1.4501163e+10      45.4942      74.6442    FOR-20um-542-090-091_full_cln
      24.4000      24.9198      25.0238      24.8688      24.4916      24.6143      24.7674     0.129878      387.688  7.87783e-14      16.2517      15.9223      1.02487      1.03767       4504910.4      20.7008      2.92816   1.0371618e+10      21.4443      98.3765    Lakeshore_24um_5000_double_full_cln
      25.3580      25.2414      25.2580      25.2332      25.1756      25.1921      25.2162    0.0567806      166.757  7.33194e-14      15.5719      15.5203      1.00398      1.00592       1856661.4      20.8202      2.93671   4.4765830e+09      13.4885      149.842    FOR-25um-25358_22-29um
      25.3870      25.4087      25.4266      25.3998      25.3377      25.3554      25.3826    0.0721528      210.518  7.14304e-14      15.3717      15.3196      1.00411      1.00622       2313760.7      20.8669      2.94001   5.6982825e+09      14.8119      134.738    FOR-25um-25387_22-29um
      31.5000      31.3971      31.5258      31.3334      30.6773      30.9738      31.1943     0.129233      306.171  3.13156e-14      10.2555      10.0317      1.02647      1.03883       2245047.2      23.1115      3.09344   1.0203768e+10      10.7696      123.628    FOR-30um-542-84-85_full_cln
      33.6000      33.4296      33.5071      33.3797      32.6716      33.0003      33.2397    0.0344624      76.5995  2.42921e-14      9.02835      8.84987      1.02322      1.03043       494470.74      24.2001      3.16541   2.6848543e+09      4.56475      256.941    Lakeshore_33um_4587_double_full_cln
      34.8000      34.6769      34.7794      34.6189      33.9008      34.2334      34.4729    0.0815769      174.861  2.09952e-14      8.39320      8.22514      1.02385      1.03326       1049366.8      24.9298      3.21252   6.7017916e+09      6.19398      175.951    Lakeshore_34um_5004_double_full_cln
      37.1000      37.1236      37.2094      37.0711      36.2389      36.6628      36.9216    0.0464998      93.0561  1.59564e-14      7.31449      7.17687      1.02207      1.02922       486670.32      26.5685      3.31620   3.4090513e+09      3.99632      237.753    Lakeshore_38um_5130_5144_double_full_cln
