../../sofiacalib/muUma_cohen96_Jy.txt
dual Barr3
../atranfiles/atran_41K_45deg_4-50mum.txt
dual Barr3
    lambda_ref   lambda_mean   lambda_1     lambda_pivot  lambda_eff  lambda_eff_ph  lambda_iso   width      Response  F_mean          Fnu_mean    Fnu_lammean   ColorTerm   ColorTerm   Total Count Rate   Source Size Source FWHM    Bkgd          S/N        Fnu_limit   Filter
     microns       microns      microns      microns      microns      microns       microns    microns      e/s/mJy   W/m^2/mum        Jy            Jy                                 electrons/s          pix        arcsec         e-/s                     mJy
      5.35200      5.35444      5.35497      5.35418      5.35318      5.35371      5.35383   0.00539169      74.6050  2.66979e-11      255.295      255.268      1.00021      1.00037       13618107.      29.6314      3.50348       98378606.      391.741      81.0086    OCLI_N05352-8_2
      5.61200      5.60237      5.60273      5.60219      5.60143      5.60179      5.60237   0.00189883      25.1106  2.39044e-11      250.250      250.263      1.00001      1.00011       4493006.7      29.6778      3.50622       51283159.      178.161      178.769    OCLI_N05612-4
      6.27600      6.35179      6.35208      6.35164      6.35084      6.35113      6.35223    0.0113877      132.823  1.62081e-11      218.114      218.165     0.999813     0.999895       20713925.      29.8306      3.51524   7.0837959e+08      238.956      118.725    OCLI_N06276-9_2
      6.61100      6.59344      6.59408      6.59311      6.59094      6.59158      6.58787    0.0147966      166.268  1.41445e-11      205.092      204.529      1.00285      1.00308       24381620.      29.8838      3.51837   1.2555565e+09      212.671      126.011    N06611
      7.68800      7.70441      7.70747      7.70288      7.68284      7.68593      7.66122    0.0262631      252.635  7.01742e-12      138.888      135.954      1.02198      1.02316       25087794.      30.1508      3.53405   4.2211448e+09      120.342      151.778    OCLI_N07688-9A_1
      8.60600      8.66212      8.66281      8.66177      8.65944      8.66016      8.65901  4.38442e-05     0.375005  4.37359e-12      109.454      109.346      1.00107      1.00122       29347.712      30.4222      3.54992       7409383.8      1.22232      11894.0    OCLI_N08606-9_1
      10.6770      10.6510      10.6516      10.6508      10.6489      10.6495      10.6572   0.00801152      55.7262  2.21568e-12      83.8394      84.0352     0.997721     0.997872       3340517.5      31.0777      3.58796   2.0058734e+09      23.2721      474.773    OCLI_N10677-9_2
      11.0350      11.0539      11.0607      11.0505      11.0289      11.0356      11.0437    0.0496712      333.098  1.94699e-12      79.3059      78.7994      1.00705      1.01091       18887887.      31.2218      3.59627   1.3117956e+10      51.5345      202.823    OCLI_N11035-9A
      11.2820      11.3051      11.3056      11.3049      11.3034      11.3038      11.3028  0.000475056      3.11314  1.78662e-12      76.1639      76.0824      1.00111      1.00126       169532.66      31.3228      3.60209   1.2954523e+08      3.95122      2547.20    OCLI_N11282-9_1
      11.8030      11.8967      11.9014      11.8944      11.8777      11.8826      11.8625   0.00148143      9.22864  1.45886e-12      68.8461      68.1001      1.01135      1.01252       454279.42      31.5528      3.61528   4.3058583e+08      6.47360      1403.25    OCLI_N11803-9X
      11.8032      11.8318      11.8374      11.8290      11.8085      11.8145      11.8120   0.00145108      9.08996  1.49151e-12      69.6146      69.0026      1.00935      1.01154       452447.59      31.5254      3.61371   4.1883348e+08      6.52790      1407.13    OCLI-N11803-9X_2
      19.5000      19.6993      19.8146      19.6421      19.2906      19.3660      19.5303     0.141087      533.673  2.03347e-13      26.1694      25.4217      1.03542      1.05335       9985622.2      35.5768      3.83854   4.7066224e+10      13.2320      239.773    FOR-20um-542-090-091_full_cln
      24.4000      27.6787      27.7284      27.6533      27.4277      27.5161      27.6018   0.00873974      23.4350  5.11076e-14      13.0364      12.9114      1.01154      1.01682       218438.34      42.0908      4.17519   2.5676958e+09      1.33085      1292.17    Lakeshore_24um_5000_double_full_cln
      25.3580      25.2414      25.2580      25.2332      25.1756      25.1921      25.2159    0.0503415      147.846  7.33194e-14      15.5719      15.5203      1.00398      1.00592       1646112.0      39.9796      4.06942   1.5049812e+10      4.19576      489.467    FOR-25um-25358_22-29um
      25.3870      26.2521      26.2694      26.2434      26.1840      26.2008      26.2256   0.00224788      6.34760  6.26764e-14      14.3988      14.3480      1.00420      1.00608       65349.317      40.8648      4.11421   6.5962488e+08     0.758885      2504.26    FOR-25um-25387_22-29um
      31.5000      31.3615      31.4788      31.3054      30.9983      31.0502      31.1999    0.0738297      175.026  3.12904e-14      10.2289      10.0531      1.02114      1.03223       1280085.1      45.6445      4.34735   2.1053871e+10      2.75464      489.754    FOR-30um-542-84-85_full_cln
      33.6000      33.5672      33.5985      33.5513      33.4264      33.4683      33.5176    0.0185191      40.9100  2.34909e-14      8.82061      8.77673      1.00595      1.00883       258008.72      48.2772      4.47158   5.1224021e+09      1.11912      1039.63    Lakeshore_33um_4587_double_full_cln
      34.8000      34.6402      34.7179      34.6011      34.3104      34.4015      34.5219    0.0437582      93.7939  2.08778e-14      8.33766      8.24270      1.01381      1.02074       559145.15      49.3861      4.52211   1.2525916e+10      1.55774      705.952    Lakeshore_34um_5004_double_full_cln
      37.1000      36.9832      37.0477      36.9494      36.6785      36.7684      36.8785    0.0218219      43.7921  1.60307e-14      7.30043      7.23161      1.01136      1.01666       228586.15      52.2608      4.65187   5.6352499e+09     0.945413      1018.56    Lakeshore_38um_5130_5144_double_full_cln
