../../sofiacalib/sigma_Lib_cont.txt
single Barr2
../atranfiles/atran_41K_45deg_4-50mum.txt
single Barr2
    lambda_ref   lambda_mean   lambda_1     lambda_pivot  lambda_eff  lambda_eff_ph  lambda_iso   width      Response  F_mean          Fnu_mean    Fnu_lammean   ColorTerm   ColorTerm   Total Count Rate   Source Size Source FWHM    Bkgd          S/N        Fnu_limit   Filter
     microns       microns      microns      microns      microns      microns       microns    microns      e/s/mJy   W/m^2/mum        Jy            Jy                                 electrons/s          pix        arcsec         e-/s                     mJy
      5.35200      5.35578      5.35630      5.35551      5.35376      5.35429      5.35506    0.0154959      214.363  6.61104e-11      632.488      632.314      1.00037      1.00067       96941203.      22.0126      3.01967   1.1844554e+08      3166.45      19.8987    OCLI_N05352-8_2
      5.61200      5.60961      5.60998      5.60943      5.60819      5.60856      5.60894   0.00801690      105.881  5.53521e-11      580.966      580.819      1.00032      1.00052       43981819.      21.9052      3.01229       94049286.      1763.16      36.3251    OCLI_N05612-4
      6.27600      6.34774      6.34805      6.34759      6.34656      6.34687      6.34727    0.0127605      148.930  3.44118e-11      462.493      462.339      1.00038      1.00051       49248583.      21.6082      2.99180   3.3585490e+08      1207.62      46.7165    OCLI_N06276-9_2
      6.61100      6.61333      6.61406      6.61297      6.61053      6.61125      6.61263    0.0142436      159.574  2.93882e-11      428.693      428.464      1.00064      1.00103       48911748.      21.5077      2.98483   5.2879933e+08      982.993      54.3578    N06611
      7.68800      7.70171      7.70480      7.70016      7.68968      7.69279      7.69732    0.0345344      332.317  1.63257e-11      322.887      322.291      1.00225      1.00336       76720247.      21.1251      2.95816   2.3411907e+09      758.340      54.4426    OCLI_N07688-9A_1
      8.60600      8.60460      8.60530      8.60425      8.60185      8.60256      8.60377   0.00883232      76.0490  1.05950e-11      261.641      261.568      1.00036      1.00059       14226749.      20.8405      2.93817   5.1874013e+08      279.603      120.533    OCLI_N08606-9_1
      8.80000      8.80294      9.04433      8.75667      8.61150      8.64365      8.70807    0.0947284      805.645  1.01086e-11      258.554      250.521      1.04300      1.12811   1.4893630e+08      20.8324      2.93759   5.7788627e+09      941.366      35.2284    Reading_F086
      10.6770      10.6502      10.6507      10.6499      10.6480      10.6486      10.6493    0.0107772      74.9698  4.61101e-12      174.448      174.419      1.00022      1.00040       9351005.0      20.3160      2.90096   8.7906311e+08      151.830      148.456    OCLI_N10677-9_2
      11.0350      11.0888      11.0960      11.0852      11.0606      11.0678      11.0788    0.0608353      406.692  3.95102e-12      161.949      161.455      1.00371      1.00566       47092319.      20.2283      2.89469   5.1804895e+09      316.797      66.0802    OCLI_N11035-9A
      11.2000      11.2366      11.2888      11.2106      11.0277      11.0835      11.1616     0.845051      5597.22  3.83802e-12      160.897      157.452      1.02662      1.04075   6.4391163e+08      20.2345      2.89512   7.8653521e+10      927.364      18.6942    Reading_Nprime
      11.2820      11.3425      11.3430      11.3422      11.3406      11.3411      11.3421    0.0112064      73.1965  3.60385e-12      154.648      154.622      1.00021      1.00037       8093591.7      20.1741      2.89081   9.7801133e+08      120.763      165.941    OCLI_N11282-9_1
      11.8030      11.7964      11.8023      11.7935      11.7738      11.7795      11.7889    0.0331881      208.526  3.09838e-12      143.748      143.369      1.00314      1.00453       21432227.      20.0935      2.88503   3.0065758e+09      187.219      99.4057    OCLI_N11803-9X
      11.8032      11.7299      11.7357      11.7270      11.7073      11.7131      11.7219    0.0340994      215.467  3.16779e-12      145.315      145.018      1.00255      1.00400       22387105.      20.1054      2.88589   3.0716151e+09      193.515      97.2117    OCLI-N11803-9X_2
      19.5000      19.6993      19.8146      19.6421      19.3385      19.3881      19.5397     0.159132      601.933  4.24039e-13      54.5710      53.1551      1.03263      1.05075       23486403.      19.7881      2.86302   1.4501163e+10      94.8311      74.6442    FOR-20um-542-090-091_full_cln
      24.4000      24.9198      25.0238      24.8688      24.4877      24.6159      24.7690     0.129878      387.688  1.65838e-13      34.2117      33.5338      1.02440      1.03713       9483369.2      20.7017      2.92822   1.0371618e+10      45.1326      98.3765    Lakeshore_24um_5000_double_full_cln
      25.3580      25.2414      25.2580      25.2332      25.1761      25.1926      25.2169    0.0567806      166.757  1.54457e-13      32.8044      32.7019      1.00379      1.00582       3911306.7      20.8203      2.93672   4.4765830e+09      28.4091      149.842    FOR-25um-25358_22-29um
      25.3870      25.4087      25.4266      25.3998      25.3382      25.3559      25.3823    0.0721528      210.518  1.50506e-13      32.3888      32.2794      1.00409      1.00620       4875172.1      20.8671      2.94002   5.6982825e+09      31.2027      134.738    FOR-25um-25387_22-29um
      31.5000      31.3971      31.5258      31.3334      30.6421      30.9685      31.1937     0.129233      306.171  6.63853e-14      21.7404      21.2706      1.02625      1.03861       4759225.8      23.1125      3.09350   1.0203768e+10      22.8276      123.628    FOR-30um-542-84-85_full_cln
      33.6000      33.4296      33.5071      33.3797      32.6658      33.0040      33.2415    0.0344624      76.5995  5.15608e-14      19.1630      18.7893      1.02294      1.03000       1049533.2      24.2023      3.16556   2.6848543e+09      9.68795      256.941    Lakeshore_33um_4587_double_full_cln
      34.8000      34.6769      34.7794      34.6189      33.8880      34.2353      34.4736    0.0815769      174.861  4.46015e-14      17.8302      17.4823      1.02332      1.03236       2229239.3      24.9318      3.21265   6.7017916e+09      13.1572      175.951    Lakeshore_34um_5004_double_full_cln
      37.1000      37.1236      37.2094      37.0711      36.2258      36.6657      36.9222    0.0464998      93.0561  3.39456e-14      15.5608      15.2707      1.02189      1.02890       1035342.1      26.5710      3.31636   3.4090513e+09      8.50115      237.753    Lakeshore_38um_5130_5144_double_full_cln
