../../sofiacalib/sigma_Lib_cont.txt
dual Barr2
../atranfiles/atran_41K_45deg_4-50mum.txt
dual Barr2
    lambda_ref   lambda_mean   lambda_1     lambda_pivot  lambda_eff  lambda_eff_ph  lambda_iso   width      Response  F_mean          Fnu_mean    Fnu_lammean   ColorTerm   ColorTerm   Total Count Rate   Source Size Source FWHM    Bkgd          S/N        Fnu_limit   Filter
     microns       microns      microns      microns      microns      microns       microns    microns      e/s/mJy   W/m^2/mum        Jy            Jy                                 electrons/s          pix        arcsec         e-/s                     mJy
      5.35200      5.36311      5.36365      5.36284      5.36102      5.36157      5.36246   0.00101252      13.9876  6.57661e-11      630.915      630.700      1.00044      1.00071       6309885.3      22.0095      3.01945       7834601.9      607.341      119.788    OCLI_N05352-8_2
      5.61200      5.61366      5.61414      5.61342      5.61184      5.61231      5.61293  0.000801512      10.5783  5.52048e-11      580.246      579.966      1.00057      1.00083       4388672.9      21.9036      3.01218       9473773.1      424.403      164.478    OCLI_N05612-4
      6.27600      6.35077      6.35108      6.35062      6.34958      6.34989      6.35042    0.0104050      121.381  3.43487e-11      462.085      461.971      1.00030      1.00043       40103267.      21.6070      2.99172   2.8004547e+08      1075.26      52.5221    OCLI_N06276-9_2
      6.61100      6.61993      6.62121      6.61929      6.61498      6.61627      6.61806   0.00803389      89.9229  2.92885e-11      428.055      427.761      1.00088      1.00154       27521721.      21.5058      2.98470   2.8300056e+08      748.232      71.2472    N06611
      7.68800      7.72273      7.72582      7.72118      7.71059      7.71375      7.71843    0.0238653      229.026  1.61541e-11      321.240      320.652      1.00224      1.00344       52604207.      21.1180      2.95767   1.6452464e+09      619.882      66.2928    OCLI_N07688-9A_1
      8.60600      8.66212      8.66281      8.66177      8.65936      8.66008      8.66114  4.17276e-05     0.356901  1.03239e-11      258.367      258.267      1.00047      1.00069       65931.142      20.8233      2.93696       2535875.8      3.50669      9788.72    OCLI_N08606-9_1
      8.80000      8.64296      8.64714      8.64113      8.62989      8.63309      8.63786    0.0605813      519.486  1.04319e-11      259.827      259.347      1.00227      1.00369       96508207.      20.8316      2.93754   3.6279441e+09      769.140      43.3144    Reading_F086
      10.6770      10.6503      10.6509      10.6501      10.6482      10.6488      10.6499   0.00924645      64.3203  4.61071e-12      174.443      174.412      1.00023      1.00041       8022434.6      20.3160      2.90096   7.5421578e+08      140.487      160.448    OCLI_N10677-9_2
      11.0350      11.0106      11.0166      11.0076      10.9873      10.9932      11.0011    0.0505663      340.410  4.05961e-12      164.076      163.701      1.00284      1.00452       39935028.      20.2430      2.89574   4.2737075e+09      295.679      71.7221    OCLI_N11035-9A
      11.2000      11.1372      11.1783      11.1166      10.9768      11.0178      11.0785     0.524391      3501.06  3.95189e-12      162.903      160.091      1.02133      1.03216   4.0778733e+08      20.2452      2.89589   4.6333424e+10      765.010      22.9398    Reading_Nprime
      11.2820      11.3051      11.3056      11.3049      11.3036      11.3040      11.3041  0.000452122      2.96285  3.65058e-12      155.625      155.558      1.00047      1.00054       329681.03      20.1810      2.89131       39328945.      14.7545      1389.89    OCLI_N11282-9_1
      11.8030      11.8967      11.9014      11.8944      11.8781      11.8829      11.8901   0.00140991      8.78312  2.99564e-12      141.369      141.113      1.00221      1.00337       887788.97      20.0744      2.88366   1.2871889e+08      29.9791      616.618    OCLI_N11803-9X
      11.8032      11.8318      11.8374      11.8290      11.8091      11.8150      11.8233   0.00138103      8.65113  3.06210e-12      142.920      142.589      1.00281      1.00415       884041.08      20.0866      2.88454   1.2537802e+08      30.0923      621.118    OCLI-N11803-9X_2
      19.5000      19.6993      19.8146      19.6421      19.3385      19.3881      19.5397     0.141087      533.673  4.24039e-13      54.5710      53.1551      1.03263      1.05075       20822995.      19.7881      2.86302   1.2856700e+10      89.2882      79.2783    FOR-20um-542-090-091_full_cln
      24.4000      27.6787      27.7284      27.6533      27.4213      27.5161      27.6001   0.00831782      22.3037  1.07951e-13      27.5359      27.2752      1.01142      1.01666       439118.92      21.5855      2.99009   6.5634148e+08      7.85159      456.414    Lakeshore_24um_5000_double_full_cln
      25.3580      25.2414      25.2580      25.2332      25.1761      25.1926      25.2169    0.0503415      147.846  1.54457e-13      32.8044      32.7019      1.00379      1.00582       3467756.2      20.8203      2.93672   3.9689290e+09      26.7456      159.163    FOR-25um-25358_22-29um
      25.3870      26.2521      26.2694      26.2434      26.1845      26.2013      26.2269   0.00213937      6.04116  1.32187e-13      30.3675      30.2725      1.00380      1.00577       131170.29      21.1206      2.95781   1.6570746e+08      4.05263      980.472    FOR-25um-25387_22-29um
      31.5000      31.3615      31.4788      31.3054      30.9987      31.0523      31.2023    0.0702655      166.577  6.63108e-14      21.6772      21.3221      1.02030      1.03184       2581802.8      23.1116      3.09351   5.5554096e+09      16.7215      168.313    FOR-30um-542-84-85_full_cln
      33.6000      33.5672      33.5985      33.5513      33.4260      33.4689      33.5199    0.0176251      38.9351  4.98804e-14      18.7297      18.6400      1.00576      1.00849       521406.47      24.3720      3.17714   1.3727984e+09      6.62316      367.623    Lakeshore_33um_4587_double_full_cln
      34.8000      34.6402      34.7179      34.6011      34.3105      34.4030      34.5217    0.0416458      89.2659  4.43562e-14      17.7139      17.5182      1.01346      1.02019       1130591.4      24.9667      3.21524   3.4533308e+09      9.23360      249.164    Lakeshore_34um_5004_double_full_cln
      37.1000      36.9832      37.0477      36.9494      36.6786      36.7698      36.8799    0.0207685      41.6780  3.41059e-14      15.5319      15.3829      1.01153      1.01644       462847.73      26.5492      3.31550   1.5413306e+09      5.55374      363.559    Lakeshore_38um_5130_5144_double_full_cln
