../../sofiacalib/sigma_Lib_cont.txt
dual Barr3
../atranfiles/atran_41K_45deg_4-50mum.txt
dual Barr3
    lambda_ref   lambda_mean   lambda_1     lambda_pivot  lambda_eff  lambda_eff_ph  lambda_iso   width      Response  F_mean          Fnu_mean    Fnu_lammean   ColorTerm   ColorTerm   Total Count Rate   Source Size Source FWHM    Bkgd          S/N        Fnu_limit   Filter
     microns       microns      microns      microns      microns      microns       microns    microns      e/s/mJy   W/m^2/mum        Jy            Jy                                 electrons/s          pix        arcsec         e-/s                     mJy
      5.35200      5.35444      5.35497      5.35418      5.35241      5.35294      5.35379   0.00539169      74.6050  6.61739e-11      632.779      632.607      1.00037      1.00063       33754059.      29.6313      3.50347       98378606.      898.965      81.0086    OCLI_N05352-8_2
      5.61200      5.60237      5.60273      5.60219      5.60098      5.60135      5.60207   0.00189883      25.1106  5.56268e-11      582.344      582.197      1.00032      1.00048       10455439.      29.6777      3.50622       51283159.      396.422      178.769    OCLI_N05612-4
      6.27600      6.35179      6.35208      6.35164      6.35066      6.35095      6.35151    0.0113877      132.823  3.43270e-11      461.943      461.847      1.00025      1.00038       43869986.      29.8306      3.51524   7.0837959e+08      498.463      118.725    OCLI_N06276-9_2
      6.61100      6.59344      6.59408      6.59311      6.59096      6.59160      6.59252    0.0147966      166.268  2.97303e-11      431.083      430.903      1.00051      1.00085       51247672.      29.8838      3.51837   1.2555565e+09      442.513      126.011    N06611
      7.68800      7.70441      7.70747      7.70288      7.69251      7.69558      7.70013    0.0262631      252.635  1.63031e-11      322.669      322.092      1.00219      1.00337       58284800.      30.1533      3.53420   4.2211448e+09      278.520      151.778    OCLI_N07688-9A_1
      8.60600      8.66212      8.66281      8.66177      8.65936      8.66008      8.66114  4.38442e-05     0.375005  1.03239e-11      258.367      258.267      1.00047      1.00069       69275.477      30.4222      3.54992       7409383.8      2.88429      11894.0    OCLI_N08606-9_1
      10.6770      10.6510      10.6516      10.6508      10.6489      10.6494      10.6505   0.00801152      55.7262  4.60955e-12      174.421      174.382      1.00028      1.00046       6949685.9      31.0777      3.58796   2.0058734e+09      48.3735      474.773    OCLI_N10677-9_2
      11.0350      11.0539      11.0607      11.0505      11.0274      11.0341      11.0433    0.0496712      333.098  3.99934e-12      162.903      162.462      1.00334      1.00528       38797817.      31.2212      3.59623   1.3117956e+10      105.779      202.823    OCLI_N11035-9A
      11.2820      11.3051      11.3056      11.3049      11.3036      11.3040      11.3041  0.000475056      3.11314  3.65058e-12      155.625      155.558      1.00047      1.00054       346403.99      31.3229      3.60209   1.2954523e+08      8.06961      2547.20    OCLI_N11282-9_1
      11.8030      11.8967      11.9014      11.8944      11.8781      11.8829      11.8901   0.00148143      9.22864  2.99564e-12      141.369      141.113      1.00221      1.00337       932821.75      31.5529      3.61529   4.3058583e+08      13.2865      1403.25    OCLI_N11803-9X
      11.8032      11.8318      11.8374      11.8290      11.8091      11.8150      11.8233   0.00145108      9.08996  3.06210e-12      142.920      142.589      1.00281      1.00415       928883.75      31.5256      3.61372   4.1883348e+08      13.3953      1407.13    OCLI-N11803-9X_2
      19.5000      19.6993      19.8146      19.6421      19.3385      19.3881      19.5398     0.141087      533.673  4.24039e-13      54.5710      53.1551      1.03263      1.05075       20822994.      35.5878      3.83915   4.7066224e+10      27.5900      239.773    FOR-20um-542-090-091_full_cln
      24.4000      27.6787      27.7284      27.6533      27.4213      27.5161      27.6002   0.00873974      23.4350  1.07951e-13      27.5359      27.2752      1.01142      1.01666       461393.07      42.0914      4.17522   2.5676958e+09      2.81094      1292.17    Lakeshore_24um_5000_double_full_cln
      25.3580      25.2414      25.2580      25.2332      25.1761      25.1926      25.2170    0.0503415      147.846  1.54457e-13      32.8044      32.7019      1.00379      1.00582       3467756.1      39.9800      4.06944   1.5049812e+10      8.83842      489.467    FOR-25um-25358_22-29um
      25.3870      26.2521      26.2694      26.2434      26.1845      26.2013      26.2269   0.00224788      6.34760  1.32187e-13      30.3675      30.2725      1.00380      1.00577       137823.85      40.8653      4.11423   6.5962488e+08      1.60044      2504.26    FOR-25um-25387_22-29um
      31.5000      31.3615      31.4788      31.3054      30.9987      31.0523      31.2023    0.0738297      175.026  6.63108e-14      21.6772      21.3221      1.02030      1.03184       2712763.5      45.6471      4.34747   2.1053871e+10      5.83745      489.754    FOR-30um-542-84-85_full_cln
      33.6000      33.5672      33.5985      33.5513      33.4260      33.4689      33.5199    0.0185191      40.9100  4.98804e-14      18.7297      18.6400      1.00576      1.00849       547854.64      48.2780      4.47161   5.1224021e+09      2.37628      1039.63    Lakeshore_33um_4587_double_full_cln
      34.8000      34.6402      34.7179      34.6011      34.3105      34.4030      34.5217    0.0437582      93.7939  4.43562e-14      17.7139      17.5182      1.01346      1.02019       1187940.3      49.3880      4.52220   1.2525916e+10      3.30944      705.952    Lakeshore_34um_5004_double_full_cln
      37.1000      36.9832      37.0477      36.9494      36.6786      36.7698      36.8799    0.0218219      43.7921  3.41059e-14      15.5319      15.3829      1.01153      1.01644       486325.52      52.2627      4.65195   5.6352499e+09      2.01136      1018.56    Lakeshore_38um_5130_5144_double_full_cln
