../../sofiacalib/sirius_ldecin_2009A.fits
single Barr2
../atranfiles/atran_41K_45deg_4-50mum.txt
single Barr2
    lambda_ref   lambda_mean   lambda_1     lambda_pivot  lambda_eff  lambda_eff_ph  lambda_iso   width      Response  F_mean          Fnu_mean    Fnu_lammean   ColorTerm   ColorTerm   Total Count Rate   Source Size Source FWHM    Bkgd          S/N        Fnu_limit   Filter
     microns       microns      microns      microns      microns      microns       microns    microns      e/s/mJy   W/m^2/mum        Jy            Jy                                 electrons/s          pix        arcsec         e-/s                     mJy
      5.35200      5.35578      5.35630      5.35551      5.35372      5.35424      5.35483    0.0154959      214.363  5.13929e-11      491.683      491.251      1.00098      1.00142       75360146.      22.0126      3.01967   1.1844554e+08      2583.37      19.8987    OCLI_N05352-8_2
      5.61200      5.60961      5.60998      5.60943      5.60818      5.60854      5.61156   0.00801690      105.881  4.29889e-11      451.204      451.789     0.998772     0.998963       34158265.      21.9052      3.01229       94049286.      1414.75      36.3251    OCLI_N05612-4
      6.27600      6.34774      6.34805      6.34759      6.34687      6.34717      6.35720    0.0127605      148.930  2.62779e-11      353.174      355.135     0.994527     0.994649       37607830.      21.6081      2.99179   3.3585490e+08      935.364      46.7165    OCLI_N06276-9_2
      6.61100      6.61333      6.61406      6.61297      6.61040      6.61113      6.61313    0.0142436      159.574  2.25166e-11      328.456      328.454      1.00011      1.00045       37475174.      21.5077      2.98484   5.2879933e+08      760.205      54.3578    N06611
      7.68800      7.70171      7.70480      7.70016      7.69082      7.69391      7.71019    0.0345344      332.317  1.23473e-11      244.204      245.362     0.995682     0.996852       58024508.      21.1247      2.95814   2.3411907e+09      575.649      54.4426    OCLI_N07688-9A_1
      8.60600      8.60460      8.60530      8.60425      8.60180      8.60251      8.60356   0.00883232      76.0490  8.00581e-12      197.702      197.624      1.00048      1.00072       10750048.      20.8405      2.93817   5.1874013e+08      211.844      120.533    OCLI_N08606-9_1
      8.80000      8.80294      9.04433      8.75667      8.60907      8.64196      8.70681    0.0947284      805.645  7.63660e-12      195.325      188.999      1.04442      1.13149   1.1251433e+08      20.8329      2.93762   5.7788627e+09      713.236      35.2284    Reading_F086
      10.6770      10.6502      10.6507      10.6499      10.6480      10.6485      10.6493    0.0107772      74.9698  3.43960e-12      130.130      130.097      1.00030      1.00045       6975410.8      20.3160      2.90097   8.7906311e+08      113.400      148.456    OCLI_N10677-9_2
      11.0350      11.0888      11.0960      11.0852      11.0603      11.0675      11.0779    0.0608353      406.692  2.94122e-12      120.558      120.177      1.00383      1.00576       35056504.      20.2284      2.89470   5.1804895e+09      236.087      66.0802    OCLI_N11035-9A
      11.2000      11.2366      11.2888      11.2106      11.0245      11.0805      11.1592     0.845051      5597.22  2.85739e-12      119.787      117.090      1.02778      1.04204   4.7938956e+08      20.2352      2.89517   7.8653521e+10      690.890      18.6942    Reading_Nprime
      11.2820      11.3425      11.3430      11.3422      11.3406      11.3411      11.3418    0.0112064      73.1965  2.67934e-12      114.976      114.952      1.00025      1.00037       6017318.6      20.1741      2.89081   9.7801133e+08      89.8663      165.941    OCLI_N11282-9_1
      11.8030      11.7964      11.8023      11.7935      11.7734      11.7792      11.7873    0.0331881      208.526  2.29877e-12      106.650      106.395      1.00289      1.00438       15901139.      20.0936      2.88504   3.0065758e+09      139.020      99.4057    OCLI_N11803-9X
      11.8032      11.7299      11.7357      11.7270      11.7070      11.7127      11.7215    0.0340994      215.467  2.35102e-12      107.848      107.591      1.00288      1.00436       16614881.      20.1055      2.88589   3.0716151e+09      143.744      97.2117    OCLI-N11803-9X_2
      19.5000      19.6993      19.8146      19.6421      19.3380      19.3846      19.5367     0.159132      601.933  3.06971e-13      39.5051      38.4396      1.03372      1.05197       17002282.      19.7874      2.86296   1.4501163e+10      68.6647      74.6442    FOR-20um-542-090-091_full_cln
      24.4000      24.9198      25.0238      24.8688      24.4797      24.6104      24.7660     0.129878      387.688  1.18683e-13      24.4839      23.9821      1.02511      1.03804       6786850.7      20.7005      2.92814   1.0371618e+10      32.3034      98.3765    Lakeshore_24um_5000_double_full_cln
      25.3580      25.2414      25.2580      25.2332      25.1753      25.1918      25.2169    0.0567806      166.757  1.10402e-13      23.4478      23.3718      1.00391      1.00589       2795706.5      20.8201      2.93671   4.4765836e+09      20.3085      149.842    FOR-25um-25358_22-29um
      25.3870      25.4087      25.4266      25.3998      25.3373      25.3551      25.3823    0.0721528      210.518  1.07545e-13      23.1435      23.0631      1.00419      1.00632       3483571.4      20.8668      2.94000   5.6982814e+09      22.2985      134.738    FOR-25um-25387_22-29um
      31.5000      31.3971      31.5258      31.3334      30.6123      30.9573      31.1893     0.129233      306.171  4.69985e-14      15.3914      15.0467      1.02708      1.03985       3369364.6      23.1092      3.09329   1.0203768e+10      16.1622      123.628    FOR-30um-542-84-85_full_cln
      33.6000      33.4296      33.5071      33.3797      32.6418      32.9922      33.2361    0.0344624      76.5995  3.63944e-14      13.5263      13.2536      1.02363      1.03082       740817.83      24.1981      3.16528   2.6848543e+09      6.83864      256.941    Lakeshore_33um_4587_double_full_cln
      34.8000      34.6769      34.7794      34.6189      33.8619      34.2240      34.4703    0.0815769      174.861  3.14289e-14      12.5643      12.3070      1.02432      1.03350       1570857.5      24.9272      3.21235   6.7017916e+09      9.27179      175.951    Lakeshore_34um_5004_double_full_cln
      37.1000      37.1236      37.2094      37.0711      36.1928      36.6522      36.9174    0.0464998      93.0561  2.38469e-14      10.9315      10.7195      1.02267      1.02984       727331.24      26.5653      3.31599   3.4090513e+09      5.97233      237.753    Lakeshore_38um_5130_5144_double_full_cln
