../../sofiacalib/sirius_ldecin_2009A.fits
dual Barr3
../atranfiles/atran_41K_45deg_4-50mum.txt
dual Barr3
    lambda_ref   lambda_mean   lambda_1     lambda_pivot  lambda_eff  lambda_eff_ph  lambda_iso   width      Response  F_mean          Fnu_mean    Fnu_lammean   ColorTerm   ColorTerm   Total Count Rate   Source Size Source FWHM    Bkgd          S/N        Fnu_limit   Filter
     microns       microns      microns      microns      microns      microns       microns    microns      e/s/mJy   W/m^2/mum        Jy            Jy                                 electrons/s          pix        arcsec         e-/s                     mJy
      5.35200      5.35444      5.35497      5.35418      5.35236      5.35289      5.35385   0.00539169      74.6050  5.14429e-11      491.916      491.707      1.00052      1.00096       26240071.      29.6313      3.50347       98378606.      718.249      81.0086    OCLI_N05352-8_2
      5.61200      5.60237      5.60273      5.60219      5.60099      5.60135      5.60422   0.00189883      25.1106  4.32026e-11      452.278      452.889     0.998716     0.998899       8120232.5      29.6777      3.50622       51283159.      313.183      178.769    OCLI_N05612-4
      6.27600      6.35179      6.35208      6.35164      6.35094      6.35123      6.35942    0.0113877      132.823  2.62340e-11      353.034      354.784     0.995112     0.995236       33527091.      29.8307      3.51524   7.0837959e+08      383.513      118.725    OCLI_N06276-9_2
      6.61100      6.59344      6.59408      6.59311      6.59087      6.59151      6.59315    0.0147966      166.268  2.27890e-11      330.436      330.409      1.00018      1.00046       39282672.      29.8838      3.51837   1.2555565e+09      340.721      126.011    N06611
      7.68800      7.70441      7.70747      7.70288      7.69361      7.69667      7.71251    0.0262631      252.635  1.23327e-11      244.088      245.196     0.995875     0.997033       44090432.      30.1536      3.53421   4.2211448e+09      211.033      151.778    OCLI_N07688-9A_1
      8.60600      8.66212      8.66281      8.66177      8.65931      8.66003      8.66107  4.38442e-05     0.375005  7.79742e-12      195.139      195.063      1.00047      1.00071       52322.372      30.4222      3.54992       7409383.8      2.17877      11894.0    OCLI_N08606-9_1
      10.6770      10.6510      10.6516      10.6508      10.6488      10.6494      10.6502   0.00801152      55.7262  3.43849e-12      130.110      130.077      1.00030      1.00046       5184114.8      31.0777      3.58796   2.0058734e+09      36.0996      474.773    OCLI_N10677-9_2
      11.0350      11.0539      11.0607      11.0505      11.0270      11.0337      11.0440    0.0496712      333.098  2.97766e-12      121.288      120.925      1.00362      1.00545       28886431.      31.2211      3.59623   1.3117956e+10      78.7857      202.823    OCLI_N11035-9A
      11.2820      11.3051      11.3056      11.3049      11.3036      11.3040      11.3046  0.000475056      3.11314  2.71449e-12      115.719      115.700      1.00021      1.00031       257578.66      31.3229      3.60209   1.2954523e+08      6.00184      2547.20    OCLI_N11282-9_1
      11.8030      11.8967      11.9014      11.8944      11.8778      11.8827      11.8898   0.00148143      9.22864  2.22140e-12      104.832      104.630      1.00233      1.00348       691729.39      31.5528      3.61528   4.3058583e+08      9.85496      1403.25    OCLI_N11803-9X
      11.8032      11.8318      11.8374      11.8290      11.8087      11.8147      11.8234   0.00145108      9.08996  2.27142e-12      106.016      105.767      1.00283      1.00424       689033.01      31.5255      3.61371   4.1883348e+08      9.93891      1407.13    OCLI-N11803-9X_2
      19.5000      19.6993      19.8146      19.6421      19.3380      19.3846      19.5366     0.141087      533.673  3.06971e-13      39.5051      38.4396      1.03372      1.05197       15074186.      35.5850      3.83900   4.7066224e+10      19.9739      239.773    FOR-20um-542-090-091_full_cln
      24.4000      27.6787      27.7284      27.6533      27.4141      27.5127      27.5986   0.00873974      23.4350  7.68395e-14      19.6000      19.4090      1.01170      1.01719       328419.03      42.0885      4.17507   2.5676958e+09      2.00087      1292.17    Lakeshore_24um_5000_double_full_cln
      25.3580      25.2414      25.2580      25.2332      25.1753      25.1918      25.2169    0.0503415      147.846  1.10402e-13      23.4478      23.3718      1.00391      1.00589       2478667.5      39.9794      4.06940   1.5049814e+10      6.31769      489.467    FOR-25um-25358_22-29um
      25.3870      26.2521      26.2694      26.2434      26.1836      26.2005      26.2262   0.00224789      6.34760  9.43039e-14      21.6646      21.5932      1.00396      1.00597       98325.627      40.8646      4.11420   6.5962425e+08      1.14181      2504.25    FOR-25um-25387_22-29um
      31.5000      31.3615      31.4788      31.3054      30.9987      31.0486      31.2003    0.0738297      175.026  4.69315e-14      15.3421      15.0813      1.02094      1.03252       1919960.5      45.6426      4.34726   2.1053871e+10      4.13154      489.754    FOR-30um-542-84-85_full_cln
      33.6000      33.5672      33.5985      33.5513      33.4233      33.4672      33.5180    0.0185191      40.9100  3.51786e-14      13.2093      13.1439      1.00593      1.00876       386379.87      48.2762      4.47153   5.1224021e+09      1.67592      1039.63    Lakeshore_33um_4587_double_full_cln
      34.8000      34.6402      34.7179      34.6011      34.3055      34.3991      34.5208    0.0437582      93.7939  3.12445e-14      12.4777      12.3333      1.01399      1.02088       836786.30      49.3836      4.52199   1.2525916e+10      2.33120      705.952    Lakeshore_34um_5004_double_full_cln
      37.1000      36.9832      37.0477      36.9494      36.6736      36.7662      36.8770    0.0218219      43.7921  2.39521e-14      10.9079      10.8021      1.01164      1.01699       341540.28      52.2583      4.65175   5.6352499e+09      1.41257      1018.56    Lakeshore_38um_5130_5144_double_full_cln
