../../sofiacalib/sirius_ldecin_2009A.fits
dual Barr2
../atranfiles/atran_41K_45deg_4-50mum.txt
dual Barr2
    lambda_ref   lambda_mean   lambda_1     lambda_pivot  lambda_eff  lambda_eff_ph  lambda_iso   width      Response  F_mean          Fnu_mean    Fnu_lammean   ColorTerm   ColorTerm   Total Count Rate   Source Size Source FWHM    Bkgd          S/N        Fnu_limit   Filter
     microns       microns      microns      microns      microns      microns       microns    microns      e/s/mJy   W/m^2/mum        Jy            Jy                                 electrons/s          pix        arcsec         e-/s                     mJy
      5.35200      5.36311      5.36365      5.36284      5.36099      5.36153      5.35967   0.00101252      13.9876  5.11279e-11      490.486      488.778      1.00360      1.00412       4905433.6      22.0095      3.01946       7834601.9      484.948      119.788    OCLI_N05352-8_2
      5.61200      5.61366      5.61414      5.61342      5.61179      5.61226      5.61578  0.000801512      10.5783  4.28573e-11      450.463      451.168     0.998523     0.998773       3407065.6      21.9036      3.01218       9473773.1      335.698      164.478    OCLI_N05612-4
      6.27600      6.35077      6.35108      6.35062      6.34987      6.35018      6.35875    0.0104050      121.381  2.62447e-11      353.065      354.873     0.994951     0.995075       30641639.      21.6069      2.99171   2.8004547e+08      832.982      52.5221    OCLI_N06276-9_2
      6.61100      6.61993      6.62121      6.61929      6.61470      6.61598      6.62017   0.00803389      89.9229  2.24199e-11      327.670      327.798     0.999802      1.00038       21067484.      21.5059      2.98471   2.8300056e+08      578.305      71.2472    N06611
      7.68800      7.72273      7.72582      7.72118      7.71167      7.71481      7.72943    0.0238653      229.026  1.22269e-11      243.145      244.074     0.996596     0.997760       39815792.      21.1176      2.95764   1.6452464e+09      470.860      66.2928    OCLI_N07688-9A_1
      8.60600      8.66212      8.66281      8.66177      8.65931      8.66003      8.66107  4.17276e-05     0.356901  7.79742e-12      195.139      195.063      1.00047      1.00071       49796.463      20.8233      2.93696       2535875.8      2.64878      9788.72    OCLI_N08606-9_1
      8.80000      8.64296      8.64714      8.64113      8.62971      8.63291      8.63784    0.0605813      519.486  7.88071e-12      196.285      195.911      1.00233      1.00377       72906456.      20.8316      2.93755   3.6279441e+09      582.792      43.3144    Reading_F086
      10.6770      10.6503      10.6509      10.6501      10.6482      10.6487      10.6495   0.00924645      64.3203  3.43937e-12      130.126      130.093      1.00030      1.00045       5984353.7      20.3160      2.90096   7.5421578e+08      104.928      160.448    OCLI_N10677-9_2
      11.0350      11.0106      11.0166      11.0076      10.9870      10.9929      11.0019    0.0505663      340.410  3.02310e-12      122.184      121.862      1.00319      1.00482       29738735.      20.2430      2.89575   4.2737075e+09      220.432      71.7221    OCLI_N11035-9A
      11.2000      11.1372      11.1783      11.1166      10.9745      11.0155      11.0767     0.524391      3501.06  2.94294e-12      121.313      119.154      1.02188      1.03311   3.0367646e+08      20.2457      2.89593   4.6333424e+10      570.116      22.9398    Reading_Nprime
      11.2820      11.3051      11.3056      11.3049      11.3036      11.3040      11.3046  0.000452122      2.96285  2.71449e-12      115.719      115.700      1.00021      1.00031       245143.83      20.1810      2.89131       39328945.      10.9749      1389.89    OCLI_N11282-9_1
      11.8030      11.8967      11.9014      11.8944      11.8778      11.8827      11.8898   0.00140991      8.78312  2.22140e-12      104.832      104.630      1.00233      1.00348       658335.55      20.0744      2.88367   1.2871889e+08      22.2425      616.618    OCLI_N11803-9X
      11.8032      11.8318      11.8374      11.8290      11.8087      11.8147      11.8234   0.00138103      8.65113  2.27142e-12      106.016      105.767      1.00283      1.00424       655769.34      20.0866      2.88454   1.2537802e+08      22.3339      621.118    OCLI-N11803-9X_2
      19.5000      19.6993      19.8146      19.6421      19.3380      19.3846      19.5367     0.141087      533.673  3.06971e-13      39.5051      38.4396      1.03372      1.05197       15074187.      19.7874      2.86296   1.2856700e+10      64.6512      79.2783    FOR-20um-542-090-091_full_cln
      24.4000      27.6787      27.7284      27.6533      27.4141      27.5127      27.5984   0.00831782      22.3037  7.68395e-14      19.6000      19.4090      1.01170      1.01719       312564.32      21.5847      2.99003   6.5634148e+08      5.58921      456.414    Lakeshore_24um_5000_double_full_cln
      25.3580      25.2414      25.2580      25.2332      25.1753      25.1918      25.2169    0.0503415      147.846  1.10402e-13      23.4478      23.3718      1.00391      1.00589       2478667.6      20.8201      2.93671   3.9689297e+09      19.1193      159.163    FOR-25um-25358_22-29um
      25.3870      26.2521      26.2694      26.2434      26.1836      26.2005      26.2262   0.00213937      6.04117  9.43039e-14      21.6646      21.5932      1.00396      1.00597       93578.872      21.1203      2.95779   1.6570716e+08      2.89142      980.471    FOR-25um-25387_22-29um
      31.5000      31.3615      31.4788      31.3054      30.9987      31.0486      31.2003    0.0702655      166.577  4.69315e-14      15.3421      15.0813      1.02094      1.03252       1827273.0      23.1092      3.09335   5.5554096e+09      11.8354      168.313    FOR-30um-542-84-85_full_cln
      33.6000      33.5672      33.5985      33.5513      33.4233      33.4672      33.5180    0.0176251      38.9351  3.51786e-14      13.2093      13.1439      1.00593      1.00876       367727.04      24.3711      3.17708   1.3727984e+09      4.67128      367.623    Lakeshore_33um_4587_double_full_cln
      34.8000      34.6402      34.7179      34.6011      34.3055      34.3991      34.5208    0.0416458      89.2659  3.12445e-14      12.4777      12.3333      1.01399      1.02088       796389.65      24.9644      3.21509   3.4533308e+09      6.50445      249.164    Lakeshore_34um_5004_double_full_cln
      37.1000      36.9832      37.0477      36.9494      36.6736      36.7662      36.8770    0.0207685      41.6780  2.39521e-14      10.9079      10.8021      1.01164      1.01699       325052.12      26.5469      3.31535   1.5413306e+09      3.90048      363.559    Lakeshore_38um_5130_5144_double_full_cln
