../sofiacalib/cohen_supertemplates/HD118290.tem.txt

atranfiles/atran_41K_45deg_1-6mum.txt

    lambda_ref   lambda_mean   lambda_1     lambda_pivot  lambda_eff  lambda_eff_ph  lambda_iso   width      Response  F_mean          Fnu_mean    Fnu_lammean  ColorTerm   ColorTerm   Source Count Rate   Source Size Source FWHM    Bkgd          S/N        Fnu_limit   Filter
     microns       microns      microns      microns      microns      microns       microns    microns      e/s/mJy   W/m^2/mum        Jy           Jy                                 electrons/s          pix        arcsec         e-/s                     microJy
      1.25000      1.24639      1.25114      1.24398      1.24193      1.24674      1.24962    0.0242547      1447.22  1.76354e-11      9.10318      9.18227     0.995225     0.999656       9419655.1      81.8121      3.60043       16633.264      3018.43      16.7939    Jband
      1.65000      1.63218      1.63618      1.63018      1.62667      1.63062      1.62302    0.0311562      1417.61  1.34022e-11      11.8803      12.5956     0.945531     0.945312       12041705.      77.4720      3.50367       60466.366      3421.18      32.4408    Hband
      1.80000      1.79410      1.80692      1.78765      1.76199      1.77435      1.82082    0.0587275      2442.52  1.08026e-11      11.5152      11.6514     0.995458      1.02429       20110167.      76.3304      3.47770       124199.67      4439.79      26.9454    Hwide
      2.12000      2.10579      2.11085      2.10325      2.08845      2.09347      2.09932    0.0392226      1383.19  6.60432e-12      9.74521      9.63461      1.01392      1.02067       9637852.6      74.1889      3.42864       79676.191      3048.99      38.1369    Kband
      2.50000      2.48550      2.49220      2.48216      2.46262      2.46957      2.39598    0.0473828      1416.08  3.12524e-12      6.42278      5.81096      1.10826      1.03469       6503061.1      72.6123      3.39203       1077132.3      2321.23      136.699    Klong
      2.32000      2.31019      2.33133      2.29944      2.21981      2.24073      2.29259    0.0812529      2630.02  4.56232e-12      8.04653      7.81024      1.03991      1.14326       15131176.      73.5754      3.41439       958453.74      3740.75      69.4317    Kwide
      3.55000      3.53470      3.54237      3.53084      3.50676      3.51451      3.52755    0.0637146      1338.29  1.04507e-12      4.34594      4.32415      1.00724      1.01290       4158520.8      71.6890      3.37040       68531852.      486.867      1153.54    Lband
      3.87000      3.84861      3.85584      3.84498      3.82011      3.82725      3.84887    0.0658777      1270.48  7.59839e-13      3.74705      3.75508     0.999745      1.00478       3403794.7      71.7210      3.37116   1.8382919e+08      248.579      1990.10    LPrimeband
      4.10000      4.09208      4.24302      4.01531      3.53321      3.64549      3.95591     0.251178      4722.84  6.83505e-13      3.67586      3.23078      1.18168      1.44198       12412746.      71.7653      3.37220   2.1527974e+09      266.742      1832.03    LPlusM
      4.90000      4.84380      4.84880      4.84129      4.82894      4.83396      4.85500    0.0544819      834.122  2.45080e-13      1.91606      1.93259     0.992477     0.994794       1142735.7      71.9687      3.37697   7.8688495e+08      40.7007      6271.33    Mband
      3.61000      3.60272      3.60361      3.60227      3.59943      3.60032      3.60203    0.0207094      425.950  9.68099e-13      4.19038      4.18837      1.00073      1.00141       1276197.4      71.6916      3.37047       25488237.      245.470      2210.30    NbL
      4.81000      4.80657      4.80703      4.80634      4.80533      4.80579      4.80665    0.0146122      225.234  2.51748e-13      1.93988      1.94014     0.999963      1.00009       312403.15      71.9576      3.37671   2.2464983e+08      20.8163      12409.5    NbM
      3.05000      3.05022      3.05095      3.04986      3.04772      3.04844      3.05001    0.0169901      412.744  1.75524e-12      5.44599      5.44590      1.00025      1.00085       1607178.6      71.6955      3.37056       3661076.6      683.233      864.547    IceBand
      1.87000      1.87433      1.87436      1.87431      1.87427      1.87430      1.87159   0.00216053      85.3955  9.80056e-12      11.4846      12.2601     0.936756     0.934945       701222.42      75.5057      3.45896       92901.462      676.841      666.849    Palpha
      1.90000      1.90006      1.90009      1.90005      1.89996      1.89999      1.89602   0.00224497      87.5311  9.14793e-12      11.0162      11.2520     0.979062     0.979743       689445.86      75.3295      3.45492       3905.8159      699.334      138.462    PalphaCont
      1.87000      1.87436      1.87439      1.87434      1.87430      1.87433      1.87164   0.00208952      82.5878  9.80062e-12      11.4850      12.2847     0.934914     0.933111       678192.68      75.5055      3.45896       89567.204      662.802      677.078    Palpha+Hw
      1.90000      1.90005      1.90008      1.90004      1.89995      1.89998      1.89602   0.00217773      84.9098  9.14808e-12      11.0163      11.2541     0.978884     0.979565       668804.74      75.3296      3.45492       3790.2467      685.759      140.769    PalphaCont+Hw
      3.30000      3.30067      3.30090      3.30055      3.29983      3.30006      3.30047   0.00898904      201.769  1.32532e-12      4.81587      4.81515      1.00022      1.00040       694761.16      71.6794      3.37018       4803538.3      289.399      2025.74    PAHband
