../sofiacalib/cohen_supertemplates/HD118280.tem.txt

atranfiles/atran_41K_45deg_1-6mum.txt

    lambda_ref   lambda_mean   lambda_1     lambda_pivot  lambda_eff  lambda_eff_ph  lambda_iso   width      Response  F_mean          Fnu_mean    Fnu_lammean  ColorTerm   ColorTerm   Source Count Rate   Source Size Source FWHM    Bkgd          S/N        Fnu_limit   Filter
     microns       microns      microns      microns      microns      microns       microns    microns      e/s/mJy   W/m^2/mum        Jy           Jy                                 electrons/s          pix        arcsec         e-/s                     microJy
      1.25000      1.24639      1.25114      1.24398      1.24127      1.24608      1.24978    0.0242547      1447.22  8.81483e-12      4.55011      4.59246     0.994615     0.999589       4708296.0      81.8214      3.60064       16633.273      2099.85      16.7940    Jband
      1.65000      1.63218      1.63618      1.63018      1.62435      1.62831      1.61546    0.0311562      1417.61  6.14522e-12      5.44740      5.66541     0.963884     0.964660       5521417.6      77.4930      3.50415       60466.387      2279.23      32.4408    Hband
      1.80000      1.79410      1.80692      1.78765      1.76135      1.77387      1.78185    0.0587275      2442.52  4.90772e-12      5.23146      5.09630      1.03394      1.00735       9136238.9      76.3353      3.47781       124199.67      2957.54      26.9454    Hwide
      2.12000      2.10579      2.11085      2.10325      2.08844      2.09347      2.10478    0.0392226      1383.19  3.02453e-12      4.46293      4.42590      1.01080      1.01773       4413766.8      74.1889      3.42864       79676.191      2021.39      38.1369    Kband
      2.50000      2.48550      2.49220      2.48216      2.46238      2.46922      2.40674    0.0473828      1416.08  1.49632e-12      3.07514      2.73454      1.12758      1.08195       3113574.0      72.6126      3.39203       1077132.3      1474.45      136.699    Klong
      2.32000      2.31019      2.33133      2.29944      2.22375      2.24477      2.29247    0.0812529      2630.02  2.13047e-12      3.75749      3.63385      1.04372      1.11522       7065805.3      73.5578      3.41398       958453.73      2453.13      69.4317    Kwide
      3.55000      3.53470      3.54237      3.53084      3.50704      3.51480      3.52453    0.0637146      1338.29  4.71247e-13      1.95968      1.94520      1.00965      1.01521       1875169.3      71.6890      3.37041       68531852.      223.057      1153.54    Lband
      3.87000      3.84861      3.85584      3.84498      3.82113      3.82832      3.83987    0.0658777      1270.48  3.44298e-13      1.69786      1.68499      1.00954      1.01567       1542328.3      71.7211      3.37116   1.8382919e+08      113.200      1990.10    LPrimeband
      4.10000      4.09208      4.24302      4.01531      3.53470      3.64722      3.94770     0.251178      4722.84  3.10181e-13      1.66814      1.49961      1.15532      1.30534       5633014.8      71.7657      3.37220   2.1527974e+09      121.240      1832.03    LPlusM
      4.90000      4.84380      4.84880      4.84129      4.82765      4.83266      4.86428    0.0544819      834.122  1.12179e-13     0.877032     0.891544     0.984742     0.987518       523059.45      71.9682      3.37696   7.8688495e+08      18.6371      6271.33    Mband
      3.61000      3.60272      3.60361      3.60227      3.59967      3.60057      3.59701    0.0207094      425.950  4.36331e-13      1.88864      1.87811      1.00586      1.00653       575193.34      71.6916      3.37047       25488237.      112.099      2210.30    NbL
      4.81000      4.80657      4.80703      4.80634      4.80545      4.80590      4.81837    0.0146122      225.234  1.16102e-13     0.894643     0.900409     0.993691     0.993839       144075.48      71.9577      3.37671   2.2464983e+08      9.60375      12409.5    NbM
      3.05000      3.05022      3.05095      3.04986      3.04766      3.04838      3.04932    0.0169901      412.744  7.91071e-13      2.45446      2.45237      1.00109      1.00172       724341.64      71.6955      3.37056       3661076.6      335.886      864.547    IceBand
      1.87000      1.87433      1.87436      1.87431      1.87424      1.87427      1.87246   0.00216053      85.3955  4.41130e-12      5.16929      5.15072      1.00362      1.00366       315625.36      75.5059      3.45897       92901.462      380.590      666.849    Palpha
      1.90000      1.90006      1.90009      1.90005      1.90003      1.90006      1.90069   0.00224497      87.5311  4.20592e-12      5.06489      5.04999      1.00296      1.00290       316984.74      75.3290      3.45491       3905.8154      409.411      138.462    PalphaCont
      1.87000      1.87436      1.87439      1.87434      1.87427      1.87430      1.87249   0.00208952      82.5878  4.41107e-12      5.16919      5.15060      1.00363      1.00366       305241.82      75.5057      3.45896       89567.204      371.796      677.078    Palpha+Hw
      1.90000      1.90005      1.90008      1.90004      1.90002      1.90005      1.90069   0.00217773      84.9098  4.20594e-12      5.06486      5.04987      1.00298      1.00291       307490.54      75.3291      3.45491       3790.2462      400.370      140.769    PalphaCont+Hw
      3.30000      3.30067      3.30090      3.30055      3.29980      3.30003      3.30090   0.00898904      201.769  5.98186e-13      2.17365      2.17437     0.999738     0.999931       313582.23      71.6794      3.37018       4803538.3      135.167      2025.74    PAHband
