../sofiacalib/cohen_supertemplates/HD118280.tem.txt

atranfiles/atran_41K_45deg_1-6mum.txt

    lambda_ref   lambda_mean   lambda_1     lambda_pivot  lambda_eff  lambda_eff_ph  lambda_iso   width      Response  F_mean          Fnu_mean    Fnu_lammean  ColorTerm   ColorTerm   Source Count Rate   Source Size Source FWHM    Bkgd          S/N        Fnu_limit   Filter
     microns       microns      microns      microns      microns      microns       microns    microns      e/s/mJy   W/m^2/mum        Jy           Jy                                 electrons/s          pix        arcsec         e-/s                     microJy
      1.25000      1.24155      1.24643      1.23909      1.23632      1.24124      1.24458    0.0309841      1856.14  8.85156e-12      4.53322      4.55870     0.998363     0.994836       6016218.8      81.8913      3.60217       20904.588      2389.35      14.6490    Jband
      1.65000      1.63157      1.63558      1.62957      1.62374      1.62770      1.61530    0.0352372      1603.90  6.14964e-12      5.44722      5.63291     0.969417     0.956605       6246801.7      77.4985      3.50427       68207.113      2431.27      30.4434    Hband
      1.80000      1.79316      1.80603      1.78669      1.76035      1.77290      1.78182    0.0658856      2741.73  4.91416e-12      5.23272      5.09722      1.03403      1.01330       10257903.      76.3431      3.47799       134092.73      3139.70      24.9400    Hwide
      2.12000      2.10506      2.11012      2.10252      2.08774      2.09276      2.10474    0.0434523      1532.88  3.02813e-12      4.46516      4.44099      1.00787      1.04025       4893872.9      74.1927      3.42873       54277.397      2141.47      28.4298    Kband
      2.50000      2.48515      2.49187      2.48181      2.46198      2.46882      2.39159    0.0515381      1540.49  1.49725e-12      3.07618      2.73945      1.12595      1.08680       3388263.1      72.6140      3.39207       357013.87      1691.22      72.3679    Klong
      2.32000      2.30798      2.32920      2.29720      2.22152      2.24250      2.29232    0.0890971      2886.77  2.13921e-12      3.76557      3.62488      1.04859      1.14813       7772294.8      73.5678      3.41421       343648.74      2683.61      37.8894    Kwide
      3.55000      3.53464      3.54231      3.53078      3.50699      3.51475      3.52446    0.0682343      1433.24  4.71277e-13      1.95974      1.94525      1.00965      1.01520       2008278.7      71.6890      3.37041       29409167.      356.791      705.605    Lband
      3.87000      3.84796      3.85520      3.84433      3.82046      3.82765      3.83927    0.0702619      1355.26  3.44522e-13      1.69839      1.68561      1.00949      1.01562       1645765.1      71.7210      3.37116   1.0420343e+08      159.765      1404.60    LPrimeband
      4.10000      4.08735      4.23882      4.01041      3.53016      3.64244      3.94304     0.268389      5052.92  3.11766e-13      1.67258      1.50306      1.15589      1.30458       6042761.8      71.7654      3.37220   1.2180012e+09      172.699      1288.00    LPlusM
      4.90000      4.84380      4.84880      4.84129      4.82765      4.83266      4.86428    0.0579102      886.609  1.12179e-13     0.877032     0.891544     0.984742     0.987518       555973.05      71.9682      3.37696   4.3565091e+08      26.6118      4390.07    Mband
      3.61000      3.60272      3.60361      3.60227      3.59967      3.60057      3.59701    0.0222433      457.499  4.36331e-13      1.88864      1.87811      1.00586      1.00653       617797.01      71.6916      3.37047       10643701.      181.968      1329.85    NbL
      4.81000      4.80657      4.80703      4.80634      4.80545      4.80590      4.81837    0.0155316      239.407  1.16102e-13     0.894643     0.900409     0.993691     0.993839       153141.45      71.9577      3.37671   1.2892641e+08      13.4653      8844.43    NbM
      3.05000      3.05020      3.05092      3.04984      3.04764      3.04836      3.04930    0.0184375      447.910  7.91093e-13      2.45449      2.45241      1.00109      1.00172       786063.75      71.6955      3.37056       1360509.7      506.169      485.697    IceBand
      1.87000      1.87432      1.87435      1.87431      1.87423      1.87426      1.87246   0.00240303      94.9810  4.41135e-12      5.16930      5.15074      1.00362      1.00366       351054.84      75.5060      3.45897       103097.13      409.933      631.483    Palpha
      1.90000      1.90006      1.90009      1.90005      1.90003      1.90006      1.90069   0.00249163      97.1485  4.20593e-12      5.06489      5.04999      1.00297      1.00290       351813.44      75.3290      3.45491       4139.1293      441.662      128.158    PalphaCont
      1.87000      1.87435      1.87438      1.87434      1.87426      1.87429      1.87249   0.00232405      91.8578  4.41112e-12      5.16920      5.15062      1.00362      1.00366       339504.59      75.5058      3.45896       99398.817      400.632      641.174    Palpha+Hw
      1.90000      1.90005      1.90008      1.90004      1.90002      1.90005      1.90069   0.00241700      94.2392  4.20594e-12      5.06487      5.04987      1.00298      1.00292       341275.98      75.3291      3.45491       4016.4953      432.078      130.282    PalphaCont+Hw
      3.30000      3.30063      3.30086      3.30051      3.29976      3.29999      3.30086   0.00964305      216.452  5.98215e-13      2.17370      2.17442     0.999738     0.999931       336409.26      71.6794      3.37018       1986015.9      209.136      1214.27    PAHband
