../sofiacalib/cohen_supertemplates/HD118290.tem.txt

atranfiles/atran_41K_45deg_1-6mum.txt

    lambda_ref   lambda_mean   lambda_1     lambda_pivot  lambda_eff  lambda_eff_ph  lambda_iso   width      Response  F_mean          Fnu_mean    Fnu_lammean  ColorTerm   ColorTerm   Source Count Rate   Source Size Source FWHM    Bkgd          S/N        Fnu_limit   Filter
     microns       microns      microns      microns      microns      microns       microns    microns      e/s/mJy   W/m^2/mum        Jy           Jy                                 electrons/s          pix        arcsec         e-/s                     microJy
      1.25000      1.24155      1.24643      1.23909      1.23698      1.24190      1.24801    0.0309841      1856.14  1.76997e-11      9.06471      9.11062     0.998914     0.994949       12030126.      81.8819      3.60197       20904.579      3422.70      14.6490    Jband
      1.65000      1.63157      1.63558      1.62957      1.62606      1.63001      1.62277    0.0352372      1603.90  1.34088e-11      11.8772      12.5847     0.946113     0.941410       13620663.      77.4775      3.50380       68207.092      3643.48      30.4433    Hband
      1.80000      1.79316      1.80603      1.78669      1.76101      1.77339      1.82093    0.0658856      2741.73  1.08161e-11      11.5173      11.6196     0.998391      1.02472       22577804.      76.3380      3.47787       134092.73      4708.39      24.9400    Hwide
      2.12000      2.10506      2.11012      2.10252      2.08775      2.09276      2.09995    0.0434523      1532.88  6.61222e-12      9.75011      9.63442      1.01445      1.04596       10686241.      74.1927      3.42873       54277.397      3219.85      28.4298    Kband
      2.50000      2.48515      2.49187      2.48181      2.46221      2.46916      2.39589    0.0515381      1540.49  3.12732e-12      6.42522      5.79375      1.11198      1.03385       7077069.1      72.6137      3.39206       357013.87      2549.97      72.3679    Klong
      2.32000      2.30798      2.32920      2.29720      2.21759      2.23847      2.29253    0.0890971      2886.77  4.58206e-12      8.06564      7.76785      1.04811      1.18866       16647812.      73.5854      3.41462       343648.76      4006.75      37.8894    Kwide
      3.55000      3.53464      3.54231      3.53078      3.50672      3.51446      3.52749    0.0682343      1433.24  1.04514e-12      4.34606      4.32426      1.00724      1.01289       4453703.5      71.6890      3.37040       29409167.      762.370      705.605    Lband
      3.87000      3.84796      3.85520      3.84433      3.81944      3.82658      3.84818    0.0702619      1355.26  7.60340e-13      3.74825      3.75612     0.999790      1.00483       3632100.7      71.7209      3.37115   1.0420343e+08      349.336      1404.60    LPrimeband
      4.10000      4.08735      4.23882      4.01041      3.52869      3.64073      3.95106     0.268389      5052.92  6.87012e-13      3.68572      3.24498      1.17982      1.43991       13315919.      71.7651      3.37219   1.2180012e+09      379.437      1288.00    LPlusM
      4.90000      4.84380      4.84880      4.84129      4.82894      4.83396      4.85500    0.0579102      886.609  2.45080e-13      1.91606      1.93259     0.992477     0.994794       1214642.5      71.9687      3.37697   4.3565091e+08      58.0955      4390.07    Mband
      3.61000      3.60272      3.60361      3.60227      3.59943      3.60032      3.60202    0.0222433      457.499  9.68100e-13      4.19038      4.18838      1.00073      1.00141       1370723.6      71.6916      3.37047       10643701.      391.164      1329.85    NbL
      4.81000      4.80657      4.80703      4.80634      4.80533      4.80579      4.80665    0.0155316      239.407  2.51748e-13      1.93988      1.94014     0.999963      1.00009       332061.17      71.9576      3.37671   1.2892641e+08      29.1771      8844.43    NbM
      3.05000      3.05020      3.05092      3.04984      3.04770      3.04842      3.04998    0.0184375      447.910  1.75529e-12      5.44605      5.44597      1.00025      1.00085       1744128.1      71.6955      3.37056       1360509.7      950.120      485.697    IceBand
      1.87000      1.87432      1.87435      1.87431      1.87427      1.87429      1.87159   0.00240303      94.9810  9.80062e-12      11.4846      12.2553     0.937124     0.935312       779933.05      75.5057      3.45896       103097.13      723.448      631.483    Palpha
      1.90000      1.90006      1.90009      1.90005      1.89996      1.89999      1.89602   0.00249163      97.1485  9.14790e-12      11.0162      11.2520     0.979058     0.979740       765194.90      75.3295      3.45492       4139.1298      747.501      128.158    PalphaCont
      1.87000      1.87435      1.87438      1.87434      1.87430      1.87432      1.87163   0.00232405      91.8578  9.80068e-12      11.4850      12.2799     0.935282     0.933484       754315.81      75.5055      3.45896       99398.816      708.681      641.174    Palpha+Hw
      1.90000      1.90005      1.90008      1.90004      1.89995      1.89998      1.89602   0.00241700      94.2392  9.14805e-12      11.0162      11.2541     0.978880     0.979562       742285.75      75.3296      3.45492       4016.4958      733.224      130.282    PalphaCont+Hw
      3.30000      3.30063      3.30086      3.30051      3.29978      3.30001      3.30043   0.00964305      216.452  1.32538e-12      4.81597      4.81524      1.00022      1.00040       745334.75      71.6794      3.37018       1986015.9      430.576      1214.27    PAHband
