../sofiacalib/cohen_supertemplates/HD139513.tem.txt

atranfiles/atran_41K_45deg_1-6mum.txt

    lambda_ref   lambda_mean   lambda_1     lambda_pivot  lambda_eff  lambda_eff_ph  lambda_iso   width      Response  F_mean          Fnu_mean    Fnu_lammean  ColorTerm   ColorTerm   Source Count Rate   Source Size Source FWHM    Bkgd          S/N        Fnu_limit   Filter
     microns       microns      microns      microns      microns      microns       microns    microns      e/s/mJy   W/m^2/mum        Jy           Jy                                 electrons/s          pix        arcsec         e-/s                     microJy
      1.25000      1.24639      1.25114      1.24398      1.24066      1.24548      1.25039    0.0242547      1447.22  4.65727e-12      2.40403      2.42966     0.993281     0.997901       2487606.1      81.8300      3.60083       16633.282      1484.81      16.7940    Jband
      1.65000      1.63218      1.63618      1.63018      1.62370      1.62762      1.61556    0.0311562      1417.61  3.19451e-12      2.83176      2.96543     0.957270     0.972998       2870234.8      77.4990      3.50428       60466.393      1600.19      32.4408    Hband
      1.80000      1.79410      1.80692      1.78765      1.75530      1.76778      1.77892    0.0587275      2442.52  2.45334e-12      2.61518      2.56845      1.02556      1.06963       4567160.6      76.3827      3.47889       124199.72      2047.86      26.9454    Hwide
      2.12000      2.10579      2.11085      2.10325      2.08832      2.09335      2.10492    0.0392226      1383.19  1.44168e-12      2.12731      2.10638      1.01237      1.02657       2103873.4      74.1896      3.42866       79676.191      1341.95      38.1369    Kband
      2.50000      2.48550      2.49220      2.48216      2.46313      2.46990      2.42501    0.0473828      1416.08  7.42575e-13      1.52609      1.39756      1.09491      1.05903       1545163.7      72.6101      3.39197       1077132.3      908.793      136.699    Klong
      2.32000      2.31019      2.33133      2.29944      2.22749      2.24867      2.29214    0.0812529      2630.02  1.03353e-12      1.82282      1.77395      1.03718      1.10782       3427745.7      73.5414      3.41360       958453.71      1588.19      69.4317    Kwide
      3.55000      3.53470      3.54237      3.53084      3.50633      3.51407      3.52562    0.0637146      1338.29  2.38423e-13     0.991480     0.984379      1.00942      1.01523       948722.53      71.6890      3.37040       68531852.      113.601      1153.54    Lband
      3.87000      3.84861      3.85584      3.84498      3.82085      3.82804      3.84138    0.0658777      1270.48  1.73159e-13     0.853913     0.849274      1.00736      1.01293       775688.33      71.7211      3.37116   1.8382919e+08      57.0498      1990.10    LPrimeband
      4.10000      4.09208      4.24302      4.01531      3.53772      3.65194      3.93342     0.251178      4722.84  1.57669e-13     0.847938     0.756337      1.16439      1.34069       2863342.2      71.7667      3.37223   2.1527974e+09      61.6675      1832.03    LPlusM
      4.90000      4.84380      4.84880      4.84129      4.83323      4.83826      4.89749    0.0544819      834.122  5.74849e-14     0.449424     0.466989     0.963383     0.965011       268035.27      71.9701      3.37701   7.8688495e+08      9.55188      6271.33    Mband
      3.61000      3.60272      3.60361      3.60227      3.59944      3.60033      3.60176    0.0207094      425.950  2.20450e-13     0.954207     0.953498      1.00099      1.00166       290607.91      71.6916      3.37047       25488237.      56.9448      2210.30    NbL
      4.81000      4.80657      4.80703      4.80634      4.80654      4.80700      4.82535    0.0146122      225.234  5.91527e-14     0.455810     0.456875     0.997763     0.997676       73404.772      71.9580      3.37672   2.2464983e+08      4.89377      12409.5    NbM
      3.05000      3.05022      3.05095      3.04986      3.04763      3.04835      3.04980    0.0169901      412.744  4.04547e-13      1.25519      1.25485      1.00051      1.00114       370421.68      71.6955      3.37056       3661076.6      178.703      864.547    IceBand
      1.87000      1.87433      1.87436      1.87431      1.87423      1.87426      1.87607   0.00216053      85.3955  2.10640e-12      2.46834      2.43244      1.01477      1.01490       150711.20      75.5060      3.45897       92901.462      208.432      666.849    Palpha
      1.90000      1.90006      1.90009      1.90005      1.90003      1.90006      1.89901   0.00224497      87.5311  2.02931e-12      2.44376      2.43557      1.00337      1.00325       152941.88      75.3290      3.45491       3905.8154      231.780      138.462    PalphaCont
      1.87000      1.87436      1.87439      1.87434      1.87426      1.87429      1.87598   0.00208952      82.5878  2.10629e-12      2.46829      2.43216      1.01487      1.01500       145753.02      75.5058      3.45896       89567.205      203.193      677.078    Palpha+Hw
      1.90000      1.90005      1.90008      1.90004      1.90003      1.90005      1.89899   0.00217773      84.9098  2.02932e-12      2.44374      2.43548      1.00341      1.00328       148361.03      75.3291      3.45491       3790.2462      226.060      140.769    PalphaCont+Hw
      3.30000      3.30067      3.30090      3.30055      3.29983      3.30006      3.30025   0.00898904      201.769  3.03219e-13      1.10182      1.10139      1.00046      1.00064       158954.07      71.6794      3.37018       4803538.3      69.5220      2025.74    PAHband
