../sofiacalib/cohen_supertemplates/HD139308.tem.txt

atranfiles/atran_41K_45deg_1-6mum.txt

    lambda_ref   lambda_mean   lambda_1     lambda_pivot  lambda_eff  lambda_eff_ph  lambda_iso   width      Response  F_mean          Fnu_mean    Fnu_lammean  ColorTerm   ColorTerm   Source Count Rate   Source Size Source FWHM    Bkgd          S/N        Fnu_limit   Filter
     microns       microns      microns      microns      microns      microns       microns    microns      e/s/mJy   W/m^2/mum        Jy           Jy                                 electrons/s          pix        arcsec         e-/s                     microJy
      1.25000      1.24155      1.24643      1.23909      1.23532      1.24024      1.24787    0.0309841      1856.14  1.77952e-11      9.11361      9.17179     0.997605     0.995262       12095028.      81.9056      3.60249       20904.603      3432.15      14.6491    Jband
      1.65000      1.63157      1.63558      1.62957      1.62247      1.62639      1.60759    0.0352372      1603.90  1.25053e-11      11.0769      11.3712     0.976522     0.965921       12702904.      77.5101      3.50453       68207.124      3515.35      30.4434    Hband
      1.80000      1.79316      1.80603      1.78669      1.75196      1.76447      1.77766    0.0658856      2741.73  9.46295e-12      10.0764      9.68072      1.04843      1.10361       19753145.      76.4090      3.47949       134092.80      4398.31      24.9400    Hwide
      2.12000      2.10506      2.11012      2.10252      2.08786      2.09288      2.10472    0.0434523      1532.88  5.47349e-12      8.07098      8.03445      1.00697      1.03443       8845894.1      74.1921      3.42872       54277.396      2920.45      28.4298    Kband
      2.50000      2.48515      2.49187      2.48181      2.46349      2.47030      2.40440    0.0515381      1540.49  2.80623e-12      5.76553      5.32487      1.08568      1.06779       6350454.3      72.6091      3.39195       357013.86      2404.38      72.3679    Klong
      2.32000      2.30798      2.32920      2.29720      2.22519      2.24639      2.29257    0.0890971      2886.77  3.92845e-12      6.91511      6.61825      1.05469      1.14380       14273084.      73.5519      3.41384       343648.72      3699.04      37.8894    Kwide
      3.55000      3.53464      3.54231      3.53078      3.50636      3.51411      3.52499    0.0682343      1433.24  8.84818e-13      3.67940      3.65175      1.00977      1.01554       3770529.6      71.6890      3.37040       29409167.      651.986      705.605    Lband
      3.87000      3.84796      3.85520      3.84433      3.82014      3.82734      3.84009    0.0702619      1355.26  6.43239e-13      3.17098      3.15093      1.00826      1.01408       3072717.2      71.7210      3.37116   1.0420343e+08      296.302      1404.60    LPrimeband
      4.10000      4.08735      4.23882      4.01041      3.52984      3.64303      3.93049     0.268389      5052.92  5.87437e-13      3.15152      2.80891      1.16543      1.33300       11385918.      71.7659      3.37221   1.2180012e+09      324.696      1288.00    LPlusM
      4.90000      4.84380      4.84880      4.84129      4.83128      4.83630      4.88743    0.0579102      886.609  2.11328e-13      1.65219      1.70398     0.970610     0.972654       1047365.5      71.9694      3.37699   4.3565091e+08      50.1043      4390.07    Mband
      3.61000      3.60272      3.60361      3.60227      3.59950      3.60039      3.60020    0.0222433      457.499  8.17981e-13      3.54059      3.53229      1.00260      1.00327       1158171.1      71.6916      3.37047       10643701.      333.406      1329.85    NbL
      4.81000      4.80657      4.80703      4.80634      4.80617      4.80662      4.84287    0.0155316      239.407  2.17854e-13      1.67871      1.68482     0.996468     0.996465       287354.07      71.9579      3.37672   1.2892641e+08      25.2532      8844.43    NbM
      3.05000      3.05020      3.05092      3.04984      3.04760      3.04832      3.04971    0.0184375      447.910  1.50052e-12      4.65559      4.65397      1.00059      1.00122       1490978.8      71.6955      3.37056       1360509.7      844.558      485.697    IceBand
      1.87000      1.87432      1.87435      1.87431      1.87428      1.87431      1.88077   0.00240303      94.9810  8.00394e-12      9.37917      9.38568     0.999323     0.999315       636953.19      75.5056      3.45896       103097.13      630.903      631.483    Palpha
      1.90000      1.90006      1.90009      1.90005      1.90003      1.90006      1.89736   0.00249163      97.1485  7.76898e-12      9.35563      9.37702     0.997733     0.997740       649852.60      75.3290      3.45491       4139.1293      672.941      128.158    PalphaCont
      1.87000      1.87435      1.87438      1.87434      1.87431      1.87434      1.88079   0.00232405      91.8578  8.00381e-12      9.37933      9.38591     0.999314     0.999306       616018.27      75.5054      3.45895       99398.816      617.677      641.174    Palpha+Hw
      1.90000      1.90005      1.90008      1.90004      1.90003      1.90006      1.89734   0.00241700      94.2392  7.76903e-12      9.35561      9.37700     0.997734     0.997740       630390.06      75.3291      3.45491       4016.4953      659.751      130.282    PalphaCont+Hw
      3.30000      3.30063      3.30086      3.30051      3.29978      3.30001      3.30060   0.00964305      216.452  1.12626e-12      4.09241      4.09255      1.00004      1.00022       633355.58      71.6794      3.37018       1986015.9      372.921      1214.27    PAHband
