../sofiacalib/cohen_supertemplates/HD139308.tem.txt

atranfiles/atran_41K_45deg_1-6mum.txt

    lambda_ref   lambda_mean   lambda_1     lambda_pivot  lambda_eff  lambda_eff_ph  lambda_iso   width      Response  F_mean          Fnu_mean    Fnu_lammean  ColorTerm   ColorTerm   Source Count Rate   Source Size Source FWHM    Bkgd          S/N        Fnu_limit   Filter
     microns       microns      microns      microns      microns      microns       microns    microns      e/s/mJy   W/m^2/mum        Jy           Jy                                 electrons/s          pix        arcsec         e-/s                     microJy
      1.25000      1.24639      1.25114      1.24398      1.24028      1.24510      1.24982    0.0242547      1447.22  1.77073e-11      9.14029      9.22891     0.994233     0.999338       9458057.0      81.8353      3.60094       16633.287      3024.77      16.7940    Jband
      1.65000      1.63218      1.63618      1.63018      1.62308      1.62699      1.60753    0.0311562      1417.61  1.24949e-11      11.0760      11.4329     0.971172     0.974215       11226539.      77.5046      3.50441       60466.399      3299.98      32.4408    Hband
      1.80000      1.79410      1.80692      1.78765      1.75297      1.76547      1.77749    0.0587275      2442.52  9.44674e-12      10.0699      9.62358      1.05395      1.10516       17586121.      76.4010      3.47931       124199.74      4145.91      26.9454    Hwide
      2.12000      2.10579      2.11085      2.10325      2.08856      2.09359      2.10477    0.0392226      1383.19  5.46705e-12      8.06708      8.00325      1.01041      1.01560       7978210.4      74.1883      3.42863       79676.190      2763.92      38.1369    Kband
      2.50000      2.48550      2.49220      2.48216      2.46389      2.47069      2.40444    0.0473828      1416.08  2.80461e-12      5.76384      5.32067      1.08621      1.06644       5835889.0      72.6078      3.39192       1077132.3      2177.70      136.699    Klong
      2.32000      2.31019      2.33133      2.29944      2.22744      2.24867      2.29264    0.0812529      2630.02  3.91314e-12      6.90157      6.71262      1.03779      1.11612       12978141.      73.5418      3.41361       958453.71      3443.00      69.4317    Kwide
      3.55000      3.53470      3.54237      3.53084      3.50641      3.51416      3.52505    0.0637146      1338.29  8.84765e-13      3.67929      3.65166      1.00977      1.01555       3520624.3      71.6890      3.37040       68531852.      413.997      1153.54    Lband
      3.87000      3.84861      3.85584      3.84498      3.82082      3.82801      3.84072    0.0658777      1270.48  6.42816e-13      3.16997      3.14985      1.00828      1.01410       2879577.6      71.7211      3.37116   1.8382919e+08      210.590      1990.10    LPrimeband
      4.10000      4.09208      4.24302      4.01531      3.53440      3.64783      3.93555     0.251178      4722.84  5.84435e-13      3.14306      2.80195      1.16505      1.33358       10613593.      71.7661      3.37221   2.1527974e+09      228.174      1832.03    LPlusM
      4.90000      4.84380      4.84880      4.84129      4.83128      4.83630      4.88743    0.0544819      834.122  2.11328e-13      1.65219      1.70398     0.970610     0.972654       985361.50      71.9694      3.37699   7.8688495e+08      35.0990      6271.33    Mband
      3.61000      3.60272      3.60361      3.60227      3.59950      3.60039      3.60020    0.0207094      425.950  8.17980e-13      3.54059      3.53229      1.00260      1.00327       1078302.8      71.6916      3.37047       25488237.      208.169      2210.30    NbL
      4.81000      4.80657      4.80703      4.80634      4.80617      4.80662      4.84287    0.0146122      225.234  2.17854e-13      1.67871      1.68482     0.996468     0.996465       270342.71      71.9579      3.37672   2.2464983e+08      18.0154      12409.5    NbM
      3.05000      3.05022      3.05095      3.04986      3.04762      3.04834      3.04974    0.0169901      412.744  1.50048e-12      4.65554      4.65391      1.00059      1.00122       1373905.5      71.6955      3.37056       3661076.6      596.780      864.547    IceBand
      1.87000      1.87433      1.87436      1.87431      1.87428      1.87431      1.88077   0.00216053      85.3955  8.00390e-12      9.37919      9.38572     0.999320     0.999312       572672.92      75.5056      3.45896       92901.462      589.167      666.849    Palpha
      1.90000      1.90006      1.90009      1.90005      1.90003      1.90006      1.89736   0.00224497      87.5311  7.76899e-12      9.35564      9.37702     0.997735     0.997742       585520.52      75.3290      3.45491       3905.8154      628.469      138.462    PalphaCont
      1.87000      1.87436      1.87439      1.87434      1.87432      1.87434      1.88079   0.00208952      82.5878  8.00377e-12      9.37934      9.38595     0.999311     0.999303       553852.55      75.5054      3.45895       89567.204      576.605      677.078    Palpha+Hw
      1.90000      1.90005      1.90008      1.90004      1.90003      1.90006      1.89734   0.00217773      84.9098  7.76904e-12      9.35562      9.37700     0.997735     0.997742       567984.81      75.3291      3.45491       3790.2462      615.942      140.769    PalphaCont+Hw
      3.30000      3.30067      3.30090      3.30055      3.29982      3.30005      3.30064   0.00898904      201.769  1.12620e-12      4.09233      4.09247      1.00004      1.00022       590379.86      71.6794      3.37018       4803538.3      248.177      2025.74    PAHband
