../sofiacalib/cohen_supertemplates/HD139513.tem.txt

atranfiles/atran_41K_45deg_1-6mum.txt

    lambda_ref   lambda_mean   lambda_1     lambda_pivot  lambda_eff  lambda_eff_ph  lambda_iso   width      Response  F_mean          Fnu_mean    Fnu_lammean  ColorTerm   ColorTerm   Source Count Rate   Source Size Source FWHM    Bkgd          S/N        Fnu_limit   Filter
     microns       microns      microns      microns      microns      microns       microns    microns      e/s/mJy   W/m^2/mum        Jy           Jy                                 electrons/s          pix        arcsec         e-/s                     microJy
      1.25000      1.24155      1.24643      1.23909      1.23570      1.24062      1.24851    0.0309841      1856.14  4.67893e-12      2.39626      2.41121     0.997749     0.993980       3180167.5      81.9001      3.60237       20904.597      1698.92      14.6491    Jband
      1.65000      1.63157      1.63558      1.62957      1.62309      1.62701      1.61525    0.0352372      1603.90  3.19699e-12      2.83182      2.96073     0.958819     0.968914       3247498.6      77.5045      3.50441       68207.118      1711.03      30.4434    Hband
      1.80000      1.79316      1.80603      1.78669      1.75430      1.76680      1.78157    0.0658856      2741.73  2.45727e-12      2.61656      2.57309      1.02427      1.07558       5129349.5      76.3906      3.47907       134092.78      2178.09      24.9400    Hwide
      2.12000      2.10506      2.11012      2.10252      2.08762      2.09264      2.10487    0.0434523      1532.88  1.44340e-12      2.12838      2.12611      1.00348      1.04077       2332725.0      74.1934      3.42875       54277.398      1429.92      28.4298    Kband
      2.50000      2.48515      2.49187      2.48181      2.46273      2.46951      2.42495    0.0515381      1540.49  7.43003e-13      1.52654      1.40001      1.09332      1.06193       1681405.9      72.6114      3.39200       357013.87      1107.02      72.3679    Klong
      2.32000      2.30798      2.32920      2.29720      2.22524      2.24639      2.29197    0.0890971      2886.77  1.03756e-12      1.82638      1.75884      1.04817      1.13430       3769716.6      73.5515      3.41383       343648.72      1800.14      37.8894    Kwide
      3.55000      3.53464      3.54231      3.53078      3.50628      3.51402      3.52556    0.0682343      1433.24  2.38437e-13     0.991506     0.984406      1.00941      1.01523       1016064.3      71.6890      3.37040       29409167.      183.409      705.605    Lband
      3.87000      3.84796      3.85520      3.84433      3.82017      3.82737      3.84073    0.0702619      1355.26  1.73273e-13     0.854183     0.849547      1.00736      1.01293       827714.12      71.7210      3.37116   1.0420343e+08      80.6629      1404.60    LPrimeband
      4.10000      4.08735      4.23882      4.01041      3.53315      3.64712      3.92847     0.268389      5052.92  1.58474e-13     0.850190     0.758278      1.16465      1.34024       3071600.3      71.7664      3.37222   1.2180012e+09      87.8915      1288.00    LPlusM
      4.90000      4.84380      4.84880      4.84129      4.83323      4.83826      4.89749    0.0579102      886.609  5.74849e-14     0.449424     0.466989     0.963383     0.965011       284901.44      71.9701      3.37701   4.3565091e+08      13.6411      4390.07    Mband
      3.61000      3.60272      3.60361      3.60227      3.59944      3.60033      3.60176    0.0222433      457.499  2.20450e-13     0.954208     0.953499      1.00099      1.00166       312132.82      71.6916      3.37047       10643701.      93.1804      1329.85    NbL
      4.81000      4.80657      4.80703      4.80634      4.80654      4.80700      4.82535    0.0155316      239.407  5.91527e-14     0.455810     0.456875     0.997763     0.997676       78023.780      71.9580      3.37672   1.2892641e+08      6.86242      8844.43    NbM
      3.05000      3.05020      3.05092      3.04984      3.04761      3.04833      3.04978    0.0184375      447.910  4.04558e-13      1.25520      1.25487      1.00051      1.00114       401986.07      71.6955      3.37056       1360509.7      282.304      485.697    IceBand
      1.87000      1.87432      1.87435      1.87431      1.87423      1.87426      1.87613   0.00240303      94.9810  2.10642e-12      2.46835      2.43249      1.01476      1.01488       167628.88      75.5060      3.45897       103097.13      226.042      631.483    Palpha
      1.90000      1.90006      1.90009      1.90005      1.90003      1.90006      1.89901   0.00249163      97.1485  2.02931e-12      2.44376      2.43557      1.00337      1.00325       169746.24      75.3290      3.45491       4139.1293      252.356      128.158    PalphaCont
      1.87000      1.87435      1.87438      1.87434      1.87426      1.87429      1.87598   0.00232405      91.8578  2.10631e-12      2.46830      2.43222      1.01485      1.01498       162113.59      75.5058      3.45896       99398.817      220.459      641.174    Palpha+Hw
      1.90000      1.90005      1.90008      1.90004      1.90002      1.90005      1.89898   0.00241700      94.2392  2.02932e-12      2.44375      2.43548      1.00341      1.00328       164662.03      75.3291      3.45491       4016.4953      246.218      130.282    PalphaCont+Hw
      3.30000      3.30063      3.30086      3.30051      3.29979      3.30002      3.30020   0.00964305      216.452  3.03233e-13      1.10184      1.10141      1.00046      1.00064       170524.73      71.6794      3.37018       1986015.9      109.581      1214.27    PAHband
