lvega5.sav

atranfiles/atran_41K_45deg_1-6mum.txt

    lambda_ref   lambda_mean   lambda_1     lambda_pivot  lambda_eff  lambda_eff_ph  lambda_iso   width      Response  F_mean          Fnu_mean    Fnu_lammean  ColorTerm   ColorTerm   Source Count Rate   Source Size Source FWHM    Bkgd          S/N        Fnu_limit   Filter
     microns       microns      microns      microns      microns      microns       microns    microns      e/s/mJy   W/m^2/mum        Jy           Jy                                 electrons/s          pix        arcsec         e-/s                     microJy
      1.25000      1.24155      1.24643      1.23909      1.22385      1.22876      1.23110    0.0309841      1856.14  2.08422e-11      10.6741      10.6034      1.01066      1.02847       14165988.      82.0701      3.60610       20904.767      3721.40      14.6494    Jband
      1.65000      1.63157      1.63558      1.62957      1.61763      1.62163      1.61492    0.0352372      1603.90  7.81630e-12      6.92351      7.05361     0.983974      1.01152       7939793.3      77.5540      3.50553       68207.168      2756.81      30.4434    Hband
      1.80000      1.79316      1.80603      1.78669      1.74785      1.76039      1.72803    0.0658856      2741.73  5.70798e-12      6.07801      6.08175      1.00664      1.03366       11914952.      76.4414      3.48023       115546.44      3395.53      23.1558    Hwide
      2.12000      2.10506      2.11012      2.10252      2.08647      2.09148      2.10267    0.0434523      1532.88  3.12021e-12      4.60093      4.59596      1.00350      1.01030       5042675.5      74.1997      3.42889       54277.404      2175.80      28.4298    Kband
      2.50000      2.48515      2.49187      2.48181      2.45976      2.46626      2.47943    0.0515381      1540.49  1.68010e-12      3.45185      3.43077      1.00886      1.02350       3802049.8      72.6195      3.39219       356718.40      1806.96      72.3380    Klong
      2.32000      2.30798      2.32920      2.29720      2.22763      2.24874      2.23786    0.0890971      2886.77  2.29326e-12      4.03674      3.90475      1.04353      1.06987       8331995.8      73.5404      3.41358       334272.60      2786.91      37.3695    Kwide
      3.55000      3.53464      3.54231      3.53078      3.50500      3.51272      3.52862    0.0682343      1433.24  4.39635e-13      1.82816      1.82007      1.00664      1.01296       1873444.3      71.6889      3.37040       29409068.      333.547      705.604    Lband
      3.87000      3.84796      3.85520      3.84433      3.81981      3.82704      3.77612    0.0702619      1355.26  3.16400e-13      1.55976      1.55848      1.00271      1.00778       1511424.7      71.7210      3.37116       74642023.      172.897      1188.79    LPrimeband
      4.10000      4.08735      4.23882      4.01041      3.55149      3.67300      3.78783     0.268389      5052.92  3.05057e-13      1.63659      1.39402      1.21948      1.35216       5912724.5      71.7731      3.37238   1.2171478e+09      169.051      1287.55    LPlusM
      4.90000      4.84380      4.84880      4.84129      4.82505      4.83008      4.66705    0.0579102      886.609  1.29463e-13      1.01216      1.01344     0.999767      1.00283       641633.32      71.9674      3.37694   4.3565091e+08      30.7090      4390.07    Mband
      3.61000      3.60272      3.60361      3.60227      3.59926      3.60015      3.60135    0.0222433      457.499  4.06185e-13      1.75815      1.75471      1.00221      1.00222       575113.09      71.6916      3.37047       10642281.      169.721      1329.76    NbL
      4.81000      4.80657      4.80703      4.80634      4.80482      4.80527      4.80565    0.0155316      239.407  1.33480e-13      1.02855      1.02808      1.00055      1.00045       176062.74      71.9575      3.37671   1.2889910e+08      15.4810      8843.50    NbM
      3.05000      3.05020      3.05092      3.04984      3.04750      3.04823      3.03190    0.0184375      447.910  7.64978e-13      2.37346      2.35690      1.00727      1.00633       760114.84      71.6956      3.37056       1208709.6      508.560      457.807    IceBand
      1.87000      1.87432      1.87435      1.87431      1.87414      1.87417      1.87649   0.00240304      94.9814  4.54023e-12      5.32033      4.87552      1.09125      1.09325       361312.76      75.5066      3.45898       4747.7319      449.788      139.762    Palpha
      1.90000      1.90006      1.90009      1.90005      1.89998      1.90001      1.89541   0.00249163      97.1485  4.55743e-12      5.48819      5.49473     0.998825     0.998994       381216.01      75.3294      3.45492       4139.1297      467.856      128.158    PalphaCont
      1.87000      1.87435      1.87438      1.87434      1.87417      1.87420      1.87649   0.00232405      91.8578  4.53951e-12      5.31966      4.86646      1.09314      1.09521       349386.15      75.5064      3.45898       4600.8519      439.068      142.403    Palpha+Hw
      1.90000      1.90005      1.90008      1.90004      1.89997      1.90000      1.89554   0.00241700      94.2392  4.55750e-12      5.48822      5.49607     0.998587     0.999008       369801.68      75.3294      3.45492       4016.4957      457.843      130.282    PalphaCont+Hw
      3.30000      3.30063      3.30086      3.30051      3.29977      3.30001      3.28945   0.00964305      216.452  5.59377e-13      2.03258      1.94540      1.04488      1.04275       314568.71      71.6794      3.37018       1986015.9      196.389      1214.27    PAHband
