../sofiacalib/cohen_supertemplates/HD149845.tem.txt

atranfiles/atran_41K_45deg_1-6mum.txt

    lambda_ref   lambda_mean   lambda_1     lambda_pivot  lambda_eff  lambda_eff_ph  lambda_iso   width      Response  F_mean          Fnu_mean    Fnu_lammean  ColorTerm   ColorTerm   Source Count Rate   Source Size Source FWHM    Bkgd          S/N        Fnu_limit   Filter
     microns       microns      microns      microns      microns      microns       microns    microns      e/s/mJy   W/m^2/mum        Jy           Jy                                 electrons/s          pix        arcsec         e-/s                     microJy
      1.25000      1.24639      1.25114      1.24398      1.24046      1.24528      1.25004    0.0242547      1447.22  1.56184e-11      8.06205      8.14072     0.994171     0.999014       8342328.3      81.8328      3.60089       16633.284      2834.58      16.7940    Jband
      1.65000      1.63218      1.63618      1.63018      1.62317      1.62708      1.60790    0.0311562      1417.61  1.11100e-11      9.84840      10.1677     0.970975     0.974074       9982225.7      77.5038      3.50439       60466.398      3105.93      32.4408    Hband
      1.80000      1.79410      1.80692      1.78765      1.75323      1.76573      1.77748    0.0587275      2442.52  8.41394e-12      8.96898      8.57589      1.05340      1.10437       15663459.      76.3990      3.47926       124199.73      3907.30      26.9454    Hwide
      2.12000      2.10579      2.11085      2.10325      2.08864      2.09367      2.10478    0.0392226      1383.19  4.88521e-12      7.20852      7.15288      1.01021      1.01540       7129112.0      74.1879      3.42862       79676.190      2606.12      38.1369    Kband
      2.50000      2.48550      2.49220      2.48216      2.46397      2.47078      2.40441    0.0473828      1416.08  2.51201e-12      5.16250      4.76634      1.08603      1.06642       5227030.3      72.6076      3.39192       1077132.3      2038.85      136.699    Klong
      2.32000      2.31019      2.33133      2.29944      2.22775      2.24898      2.29265    0.0812529      2630.02  3.50005e-12      6.17300      6.00740      1.03720      1.11538       11608079.      73.5405      3.41358       958453.71      3239.69      69.4317    Kwide
      3.55000      3.53470      3.54237      3.53084      3.50646      3.51421      3.52503    0.0637146      1338.29  7.95038e-13      3.30616      3.28126      1.00979      1.01555       3163583.4      71.6890      3.37040       68531852.      372.934      1153.54    Lband
      3.87000      3.84861      3.85584      3.84498      3.82086      3.82805      3.84084    0.0658777      1270.48  5.77946e-13      2.85007      2.83232      1.00816      1.01398       2588982.3      71.7211      3.37116   1.8382919e+08      189.486      1990.10    LPrimeband
      4.10000      4.09208      4.24302      4.01531      3.53506      3.64857      3.93628     0.251178      4722.84  5.25170e-13      2.82434      2.52035      1.16388      1.33209       9537307.1      71.7662      3.37222   2.1527974e+09      205.087      1832.03    LPlusM
      4.90000      4.84380      4.84880      4.84129      4.83129      4.83631      4.88778    0.0544819      834.122  1.90234e-13      1.48727      1.53387     0.970624     0.972630       887003.10      71.9694      3.37699   7.8688495e+08      31.5974      6271.33    Mband
      3.61000      3.60272      3.60361      3.60227      3.59951      3.60040      3.60024    0.0207094      425.950  7.35167e-13      3.18214      3.17480      1.00256      1.00324       969135.38      71.6916      3.37047       25488237.      187.476      2210.30    NbL
      4.81000      4.80657      4.80703      4.80634      4.80617      4.80662      4.84270    0.0146122      225.234  1.96124e-13      1.51126      1.51700     0.996313     0.996310       243377.22      71.9579      3.37672   2.2464983e+08      16.2194      12409.5    NbM
      3.05000      3.05022      3.05095      3.04986      3.04763      3.04835      3.04958    0.0169901      412.744  1.34694e-12      4.17915      4.17688      1.00078      1.00142       1233318.6      71.6955      3.37056       3661076.6      542.963      864.547    IceBand
      1.87000      1.87433      1.87436      1.87431      1.87429      1.87432      1.88077   0.00216053      85.3955  7.13870e-12      8.36532      8.37167     0.999258     0.999242       510768.23      75.5056      3.45896       92901.462      543.589      666.849    Palpha
      1.90000      1.90006      1.90009      1.90005      1.90004      1.90006      1.89739   0.00224497      87.5311  6.93102e-12      8.34653      8.36560     0.997736     0.997737       522365.87      75.3290      3.45491       3905.8154      582.265      138.462    PalphaCont
      1.87000      1.87436      1.87439      1.87434      1.87432      1.87435      1.88079   0.00208952      82.5878  7.13858e-12      8.36546      8.37194     0.999241     0.999226       493982.44      75.5054      3.45895       89567.204      531.820      677.078    Palpha+Hw
      1.90000      1.90005      1.90008      1.90004      1.90003      1.90006      1.89740   0.00217773      84.9098  6.93107e-12      8.34652      8.36557     0.997737     0.997739       506721.54      75.3290      3.45491       3790.2462      570.439      140.769    PalphaCont+Hw
      3.30000      3.30067      3.30090      3.30055      3.29982      3.30005      3.30054   0.00898904      201.769  1.01140e-12      3.67516      3.67488      1.00015      1.00033       530197.53      71.6794      3.37018       4803538.3      224.073      2025.74    PAHband
