../sofiacalib/cohen_supertemplates/HD149845.tem.txt

atranfiles/atran_41K_45deg_1-6mum.txt

    lambda_ref   lambda_mean   lambda_1     lambda_pivot  lambda_eff  lambda_eff_ph  lambda_iso   width      Response  F_mean          Fnu_mean    Fnu_lammean  ColorTerm   ColorTerm   Source Count Rate   Source Size Source FWHM    Bkgd          S/N        Fnu_limit   Filter
     microns       microns      microns      microns      microns      microns       microns    microns      e/s/mJy   W/m^2/mum        Jy           Jy                                 electrons/s          pix        arcsec         e-/s                     microJy
      1.25000      1.24155      1.24643      1.23909      1.23550      1.24042      1.24791    0.0309841      1856.14  1.56936e-11      8.03732      8.08742     0.997754     0.995052       10666637.      81.9030      3.60243       20904.600      3217.51      14.6491    Jband
      1.65000      1.63157      1.63558      1.62957      1.62256      1.62648      1.60759    0.0352372      1603.90  1.11192e-11      9.84913      10.1103     0.976568     0.965664       11294856.      77.5093      3.50451       68207.123      3309.20      30.4434    Hband
      1.80000      1.79316      1.80603      1.78669      1.75222      1.76473      1.77759    0.0658856      2741.73  8.42828e-12      8.97465      8.62705      1.04784      1.10290       17593351.      76.4070      3.47944       134092.80      4145.64      24.9400    Hwide
      2.12000      2.10506      2.11012      2.10252      2.08794      2.09296      2.10473    0.0434523      1532.88  4.89094e-12      7.21197      7.18122      1.00671      1.03416       7904408.3      74.1917      3.42871       54277.396      2754.79      28.4298    Kband
      2.50000      2.48515      2.49187      2.48181      2.46357      2.47039      2.40441    0.0515381      1540.49  2.51345e-12      5.16400      4.76927      1.08569      1.06793       5687898.9      72.6089      3.39195       357013.86      2263.70      72.3679    Klong
      2.32000      2.30798      2.32920      2.29720      2.22549      2.24670      2.29258    0.0890971      2886.77  3.51369e-12      6.18501      5.92317      1.05403      1.14293       12766130.      73.5505      3.41381       343648.72      3489.82      37.8894    Kwide
      3.55000      3.53464      3.54231      3.53078      3.50641      3.51416      3.52497    0.0682343      1433.24  7.95085e-13      3.30625      3.28134      1.00979      1.01555       3388143.8      71.6890      3.37040       29409167.      589.243      705.605    Lband
      3.87000      3.84796      3.85520      3.84433      3.82018      3.82738      3.84021    0.0702619      1355.26  5.78325e-13      2.85097      2.83329      1.00814      1.01396       2762628.2      71.7210      3.37116   1.0420343e+08      266.785      1404.60    LPrimeband
      4.10000      4.08735      4.23882      4.01041      3.53050      3.64376      3.93120     0.268389      5052.92  5.27863e-13      2.83191      2.52657      1.16427      1.33150       10231224.      71.7659      3.37221   1.2180012e+09      291.904      1288.00    LPlusM
      4.90000      4.84380      4.84880      4.84129      4.83129      4.83631      4.88778    0.0579102      886.609  1.90234e-13      1.48727      1.53387     0.970624     0.972630       942817.92      71.9694      3.37699   4.3565091e+08      45.1083      4390.07    Mband
      3.61000      3.60272      3.60361      3.60227      3.59951      3.60040      3.60024    0.0222433      457.499  7.35168e-13      3.18214      3.17480      1.00256      1.00323       1040917.8      71.6916      3.37047       10643701.      301.118      1329.85    NbL
      4.81000      4.80657      4.80703      4.80634      4.80617      4.80662      4.84270    0.0155316      239.407  1.96124e-13      1.51126      1.51700     0.996313     0.996310       258691.78      71.9579      3.37672   1.2892641e+08      22.7368      8844.43    NbM
      3.05000      3.05020      3.05092      3.04984      3.04761      3.04833      3.04955    0.0184375      447.910  1.34698e-12      4.17920      4.17693      1.00078      1.00142       1338412.1      71.6955      3.37056       1360509.7      777.404      485.697    IceBand
      1.87000      1.87432      1.87435      1.87431      1.87428      1.87431      1.88076   0.00240303      94.9810  7.13873e-12      8.36531      8.37162     0.999262     0.999246       568099.90      75.5056      3.45896       103097.13      582.730      631.483    Palpha
      1.90000      1.90006      1.90009      1.90005      1.90004      1.90006      1.89737   0.00249163      97.1485  6.93101e-12      8.34652      8.36560     0.997734     0.997735       579759.04      75.3290      3.45491       4139.1293      624.276      128.158    PalphaCont
      1.87000      1.87435      1.87438      1.87434      1.87431      1.87434      1.88079   0.00232405      91.8578  7.13861e-12      8.36544      8.37189     0.999246     0.999230       549428.16      75.5054      3.45895       99398.816      570.330      641.174    Palpha+Hw
      1.90000      1.90005      1.90008      1.90004      1.90003      1.90006      1.89740   0.00241700      94.2392  6.93106e-12      8.34650      8.36557     0.997736     0.997737       562395.71      75.3290      3.45491       4016.4953      611.813      130.282    PalphaCont+Hw
      3.30000      3.30063      3.30086      3.30051      3.29978      3.30001      3.30050   0.00964305      216.452  1.01145e-12      3.67524      3.67496      1.00015      1.00033       568792.32      71.6794      3.37018       1986015.9      338.718      1214.27    PAHband
