../sofiacalib/cohen_supertemplates/HD172651.tem.txt

atranfiles/atran_41K_45deg_1-6mum.txt

    lambda_ref   lambda_mean   lambda_1     lambda_pivot  lambda_eff  lambda_eff_ph  lambda_iso   width      Response  F_mean          Fnu_mean    Fnu_lammean  ColorTerm   ColorTerm   Source Count Rate   Source Size Source FWHM    Bkgd          S/N        Fnu_limit   Filter
     microns       microns      microns      microns      microns      microns       microns    microns      e/s/mJy   W/m^2/mum        Jy           Jy                                 electrons/s          pix        arcsec         e-/s                     microJy
      1.25000      1.24639      1.25114      1.24398      1.24140      1.24621      1.25061    0.0242547      1447.22  3.29835e-11      17.0257      17.2090     0.993181     0.997248       17617619.      81.8196      3.60060       16633.271      4159.82      16.7940    Jband
      1.65000      1.63218      1.63618      1.63018      1.62366      1.62757      1.60782    0.0311562      1417.61  2.44670e-11      21.6886      22.4036     0.970465     0.972842       21983317.      77.4994      3.50429       60466.394      4652.06      32.4408    Hband
      1.80000      1.79410      1.80692      1.78765      1.75458      1.76709      1.77746    0.0587275      2442.52  1.86950e-11      19.9283      19.1072      1.05052      1.10055       34802806.      76.3884      3.47902       124199.72      5865.22      26.9454    Hwide
      2.12000      2.10579      2.11085      2.10325      2.08906      2.09409      2.10480    0.0392226      1383.19  1.10393e-11      16.2893      16.1729      1.00963      1.01484       16109867.      74.1856      3.42857       79676.187      3970.32      38.1369    Kband
      2.50000      2.48550      2.49220      2.48216      2.46440      2.47121      2.40451    0.0473828      1416.08  5.74495e-12      11.8066      10.9072      1.08538      1.06555       11954202.      72.6063      3.39189       1077132.3      3277.91      136.699    Klong
      2.32000      2.31019      2.33133      2.29944      2.22930      2.25056      2.29269    0.0812529      2630.02  7.94820e-12      14.0182      13.6816      1.03421      1.11144       26360621.      73.5336      3.41342       958453.70      5018.48      69.4317    Kwide
      3.55000      3.53470      3.54237      3.53084      3.50674      3.51449      3.52539    0.0637146      1338.29  1.84967e-12      7.69185      7.63783      1.00928      1.01494       7360135.7      71.6890      3.37040       68531852.      843.394      1153.54    Lband
      3.87000      3.84861      3.85584      3.84498      3.82108      3.82827      3.84106    0.0658777      1270.48  1.34851e-12      6.65002      6.61039      1.00789      1.01367       6040829.6      71.7211      3.37116   1.8382919e+08      438.092      1990.10    LPrimeband
      4.10000      4.09208      4.24302      4.01531      3.53858      3.65246      3.94017     0.251178      4722.84  1.22179e-12      6.57075      5.89456      1.15775      1.32416       22188309.      71.7664      3.37222   2.1527974e+09      475.740      1832.03    LPlusM
      4.90000      4.84380      4.84880      4.84129      4.83139      4.83641      4.88806    0.0544819      834.122  4.46545e-13      3.49114      3.60129     0.970420     0.972396       2082107.1      71.9695      3.37699   7.8688495e+08      74.1140      6271.33    Mband
      3.61000      3.60272      3.60361      3.60227      3.59954      3.60043      3.60021    0.0207094      425.950  1.71213e-12      7.41090      7.39401      1.00253      1.00319       2257020.5      71.6916      3.37047       25488237.      426.458      2210.30    NbL
      4.81000      4.80657      4.80703      4.80634      4.80618      4.80663      4.84303    0.0146122      225.234  4.60372e-13      3.54747      3.56075     0.996365     0.996357       571293.01      71.9579      3.37672   2.2464983e+08      38.0450      12409.5    NbM
      3.05000      3.05022      3.05095      3.04986      3.04766      3.04838      3.04965    0.0169901      412.744  3.11628e-12      9.66891      9.66464      1.00068      1.00130       2853414.1      71.6955      3.37056       3661076.6      1095.88      864.547    IceBand
      1.87000      1.87433      1.87436      1.87431      1.87429      1.87432      1.88077   0.00216053      85.3955  1.59752e-11      18.7202      18.7378     0.999077     0.999061       1143015.7      75.5056      3.45896       92901.462      928.595      666.849    Palpha
      1.90000      1.90006      1.90009      1.90005      1.90004      1.90007      1.89759   0.00224497      87.5311  1.55311e-11      18.7030      18.7486     0.997579     0.997601       1170521.3      75.3290      3.45491       3905.8154      971.063      138.462    PalphaCont
      1.87000      1.87436      1.87439      1.87434      1.87432      1.87435      1.88079   0.00208952      82.5878  1.59750e-11      18.7206      18.7384     0.999062     0.999046       1105453.7      75.5054      3.45895       89567.204      910.451      677.078    Palpha+Hw
      1.90000      1.90005      1.90008      1.90004      1.90003      1.90006      1.89758   0.00217773      84.9098  1.55312e-11      18.7029      18.7487     0.997575     0.997597       1135465.0      75.3290      3.45491       3790.2461      953.593      140.769    PalphaCont+Hw
      3.30000      3.30067      3.30090      3.30055      3.29983      3.30006      3.30053   0.00898904      201.769  2.34762e-12      8.53065      8.52998      1.00015      1.00033       1230675.3      71.6794      3.37018       4803538.3      490.341      2025.74    PAHband
