../sofiacalib/cohen_supertemplates/HD172651.tem.txt

atranfiles/atran_41K_45deg_1-6mum.txt

    lambda_ref   lambda_mean   lambda_1     lambda_pivot  lambda_eff  lambda_eff_ph  lambda_iso   width      Response  F_mean          Fnu_mean    Fnu_lammean  ColorTerm   ColorTerm   Source Count Rate   Source Size Source FWHM    Bkgd          S/N        Fnu_limit   Filter
     microns       microns      microns      microns      microns      microns       microns    microns      e/s/mJy   W/m^2/mum        Jy           Jy                                 electrons/s          pix        arcsec         e-/s                     microJy
      1.25000      1.24155      1.24643      1.23909      1.23646      1.24137      1.24892    0.0309841      1856.14  3.31167e-11      16.9603      17.0895     0.996383     0.993290       22508712.      81.8893      3.60213       20904.586      4710.58      14.6490    Jband
      1.65000      1.63157      1.63558      1.62957      1.62305      1.62697      1.60582    0.0352372      1603.90  2.44860e-11      21.6892      22.2807     0.975852     0.964650       24872896.      77.5048      3.50441       68207.119      4952.08      30.4434    Hband
      1.80000      1.79316      1.80603      1.78669      1.75357      1.76610      1.77750    0.0658856      2741.73  1.87257e-11      19.9396      19.2212      1.04490      1.09891       39088363.      76.3963      3.47920       134092.78      6219.02      24.9400    Hwide
      2.12000      2.10506      2.11012      2.10252      2.08836      2.09338      2.10476    0.0434523      1532.88  1.10519e-11      16.2967      16.2352      1.00621      1.03357       17861332.      74.1894      3.42865       54277.394      4187.92      28.4298    Kband
      2.50000      2.48515      2.49187      2.48181      2.46399      2.47081      2.40441    0.0515381      1540.49  5.74819e-12      11.8099      10.9141      1.08500      1.06690       13008073.      72.6076      3.39192       357013.86      3522.96      72.3679    Klong
      2.32000      2.30798      2.32920      2.29720      2.22704      2.24827      2.29262    0.0890971      2886.77  7.97858e-12      14.0444      13.4872      1.05111      1.13905       28988234.      73.5437      3.41365       343648.72      5327.80      37.8894    Kwide
      3.55000      3.53464      3.54231      3.53078      3.50669      3.51444      3.52533    0.0682343      1433.24  1.84978e-12      7.69205      7.63802      1.00928      1.01494       7882577.1      71.6890      3.37040       29409167.      1286.24      705.605    Lband
      3.87000      3.84796      3.85520      3.84433      3.82041      3.82760      3.84044    0.0702619      1355.26  1.34939e-12      6.65209      6.61264      1.00787      1.01365       6445959.5      71.7210      3.37116   1.0420343e+08      612.059      1404.60    LPrimeband
      4.10000      4.08735      4.23882      4.01041      3.53402      3.64765      3.93510     0.268389      5052.92  1.22800e-12      6.58806      5.90860      1.15819      1.32358       23801603.      71.7662      3.37222   1.2180012e+09      675.357      1288.00    LPlusM
      4.90000      4.84380      4.84880      4.84129      4.83139      4.83641      4.88806    0.0579102      886.609  4.46545e-13      3.49114      3.60129     0.970420     0.972396       2213124.0      71.9695      3.37699   4.3565091e+08      105.731      4390.07    Mband
      3.61000      3.60272      3.60361      3.60227      3.59954      3.60043      3.60021    0.0222433      457.499  1.71213e-12      7.41090      7.39402      1.00253      1.00319       2424194.7      71.6916      3.37047       10643701.      663.901      1329.85    NbL
      4.81000      4.80657      4.80703      4.80634      4.80618      4.80663      4.84303    0.0155316      239.407  4.60372e-13      3.54747      3.56075     0.996365     0.996357       607241.72      71.9579      3.37672   1.2892641e+08      53.2997      8844.43    NbM
      3.05000      3.05020      3.05092      3.04984      3.04764      3.04836      3.04963    0.0184375      447.910  3.11637e-12      9.66903      9.66477      1.00068      1.00130       3096558.1      71.6955      3.37056       1360509.7      1424.97      485.697    IceBand
      1.87000      1.87432      1.87435      1.87431      1.87428      1.87431      1.88076   0.00240303      94.9810  1.59753e-11      18.7202      18.7377     0.999081     0.999065       1271314.2      75.5056      3.45896       103097.13      988.630      631.483    Palpha
      1.90000      1.90006      1.90009      1.90005      1.90004      1.90007      1.89759   0.00249163      97.1485  1.55311e-11      18.7029      18.7486     0.997578     0.997599       1299128.3      75.3290      3.45491       4139.1292      1032.93      128.158    PalphaCont
      1.87000      1.87435      1.87438      1.87434      1.87431      1.87434      1.88079   0.00232405      91.8578  1.59751e-11      18.7205      18.7383     0.999066     0.999050       1229532.0      75.5054      3.45895       99398.816      969.564      641.174    Palpha+Hw
      1.90000      1.90005      1.90008      1.90004      1.90003      1.90006      1.89758   0.00241700      94.2392  1.55312e-11      18.7029      18.7487     0.997574     0.997595       1260220.0      75.3290      3.45491       4016.4953      1014.59      130.282    PalphaCont+Hw
      3.30000      3.30063      3.30086      3.30051      3.29978      3.30001      3.30049   0.00964305      216.452  2.34773e-12      8.53083      8.53016      1.00015      1.00033       1320259.7      71.6794      3.37018       1986015.9      698.624      1214.27    PAHband
