../sofiacalib/cohen_supertemplates/HD197806.tem.txt

atranfiles/atran_41K_45deg_1-6mum.txt

    lambda_ref   lambda_mean   lambda_1     lambda_pivot  lambda_eff  lambda_eff_ph  lambda_iso   width      Response  F_mean          Fnu_mean    Fnu_lammean  ColorTerm   ColorTerm   Source Count Rate   Source Size Source FWHM    Bkgd          S/N        Fnu_limit   Filter
     microns       microns      microns      microns      microns      microns       microns    microns      e/s/mJy   W/m^2/mum        Jy           Jy                                 electrons/s          pix        arcsec         e-/s                     microJy
      1.25000      1.24155      1.24643      1.23909      1.23445      1.23937      1.24866    0.0309841      1856.14  2.93637e-12      1.50383      1.51722     0.995113     0.992160       1995790.7      81.9179      3.60276       20904.615      1310.41      14.6491    Jband
      1.65000      1.63157      1.63558      1.62957      1.62221      1.62614      1.59762    0.0352372      1603.90  1.83159e-12      1.62239      1.65045     0.985416     0.967532       1860532.0      77.5124      3.50459       68207.126      1250.01      30.4434    Hband
      1.80000      1.79316      1.80603      1.78669      1.75368      1.76620      1.77194    0.0658856      2741.73  1.40051e-12      1.49129      1.46978      1.02200      1.07691       2923442.2      76.3955      3.47918       134092.78      1599.63      24.9400    Hwide
      2.12000      2.10506      2.11012      2.10252      2.08779      2.09279      2.10462    0.0434523      1532.88  8.18177e-13      1.20645      1.20485      1.00375      1.03445       1322284.3      74.1925      3.42873       54277.397      1029.11      28.4298    Kband
      2.50000      2.48515      2.49187      2.48181      2.46357      2.47029      2.41176    0.0515381      1540.49  4.33435e-13     0.890514     0.823877      1.08380      1.07789       980857.60      72.6085      3.39194       357013.86      773.895      72.3679    Klong
      2.32000      2.30798      2.32920      2.29720      2.22843      2.24970      2.27615    0.0890971      2886.77  5.95744e-13      1.04867      1.01515      1.04274      1.12029       2164490.8      73.5375      3.41351       343648.71      1298.16      37.8894    Kwide
      3.55000      3.53464      3.54231      3.53078      3.50666      3.51441      3.52567    0.0682343      1433.24  1.29942e-13     0.540348     0.536199      1.00994      1.01602       553731.37      71.6890      3.37040       29409167.      100.715      705.605    Lband
      3.87000      3.84796      3.85520      3.84433      3.82099      3.82822      3.83838    0.0702619      1355.26  9.50264e-14     0.468452     0.464924      1.00949      1.01488       453936.09      71.7211      3.37116   1.0420343e+08      44.3160      1404.60    LPrimeband
      4.10000      4.08735      4.23882      4.01041      3.54794      3.66552      3.91562     0.268389      5052.92  8.80796e-14     0.472535     0.420638      1.16689      1.31451       1707191.4      71.7698      3.37230   1.2180012e+09      48.8773      1288.00    LPlusM
      4.90000      4.84380      4.84880      4.84129      4.82585      4.83089      4.84441    0.0579102      886.609  3.49010e-14     0.272860     0.273271     0.999530      1.00237       172973.08      71.9676      3.37695   4.3565091e+08      8.28305      4390.07    Mband
      3.61000      3.60272      3.60361      3.60227      3.59951      3.60039      3.60211    0.0222433      457.499  1.20347e-13     0.520917     0.520729      1.00061      1.00125       170398.34      71.6916      3.37047       10643701.      51.1930      1329.85    NbL
      4.81000      4.80657      4.80703      4.80634      4.80501      4.80546      4.80840    0.0155316      239.407  3.58530e-14     0.276271     0.276652     0.998717     0.998942       47290.939      71.9575      3.37671   1.2892641e+08      4.15987      8844.43    NbM
      3.05000      3.05020      3.05092      3.04984      3.04767      3.04839      3.04863    0.0184375      447.910  2.19484e-13     0.680983     0.679868      1.00188      1.00251       218088.56      71.6955      3.37056       1360509.7      160.614      485.697    IceBand
      1.87000      1.87432      1.87435      1.87431      1.87423      1.87426      1.87631   0.00240303      94.9810  1.20671e-12      1.41405      1.41366      1.00029      1.00033       96030.128      75.5060      3.45897       103097.13      138.847      631.483    Palpha
      1.90000      1.90006      1.90009      1.90005      1.90000      1.90002      1.89624   0.00249163      97.1485  1.16263e-12      1.40007      1.40039     0.999789     0.999823       97250.825      75.3293      3.45492       4139.1295      157.770      128.158    PalphaCont
      1.87000      1.87435      1.87438      1.87434      1.87426      1.87429      1.87633   0.00232405      91.8578  1.20666e-12      1.41403      1.41363      1.00030      1.00033       92871.195      75.5058      3.45896       99398.817      135.252      641.174    Palpha+Hw
      1.90000      1.90005      1.90008      1.90004      1.89999      1.90002      1.89623   0.00241700      94.2392  1.16265e-12      1.40008      1.40040     0.999787     0.999821       94338.710      75.3293      3.45492       4016.4956      153.661      130.282    PalphaCont+Hw
      3.30000      3.30063      3.30086      3.30051      3.29982      3.30005      3.30010   0.00964305      216.452  1.64682e-13     0.598398     0.598116      1.00054      1.00071       92609.973      71.6794      3.37018       1986015.9      60.4933      1214.27    PAHband
