../sofiacalib/cohen_supertemplates/HD197806.tem.txt

atranfiles/atran_41K_45deg_1-6mum.txt

    lambda_ref   lambda_mean   lambda_1     lambda_pivot  lambda_eff  lambda_eff_ph  lambda_iso   width      Response  F_mean          Fnu_mean    Fnu_lammean  ColorTerm   ColorTerm   Source Count Rate   Source Size Source FWHM    Bkgd          S/N        Fnu_limit   Filter
     microns       microns      microns      microns      microns      microns       microns    microns      e/s/mJy   W/m^2/mum        Jy           Jy                                 electrons/s          pix        arcsec         e-/s                     microJy
      1.25000      1.24639      1.25114      1.24398      1.23943      1.24425      1.25026    0.0242547      1447.22  2.91984e-12      1.50719      1.52762     0.990449     0.999359       1559587.0      81.8474      3.60121       16633.299      1137.78      16.7940    Jband
      1.65000      1.63218      1.63618      1.63018      1.62282      1.62675      1.59790    0.0311562      1417.61  1.83002e-12      1.62221      1.65116     0.984887     0.977501       1644257.3      77.5069      3.50446       60466.401      1165.19      32.4409    Hband
      1.80000      1.79410      1.80692      1.78765      1.75469      1.76719      1.77704    0.0587275      2442.52  1.39823e-12      1.49046      1.46558      1.02433      1.06859       2602947.7      76.3875      3.47900       124199.72      1500.41      26.9454    Hwide
      2.12000      2.10579      2.11085      2.10325      2.08849      2.09350      2.10474    0.0392226      1383.19  8.17202e-13      1.20585      1.19807      1.00892      1.01062       1192564.1      74.1887      3.42864       79676.190      958.946      38.1369    Kband
      2.50000      2.48550      2.49220      2.48216      2.46397      2.47068      2.41100    0.0473828      1416.08  4.33201e-13     0.890284     0.824673      1.08247      1.07914       901412.09      72.6072      3.39191       1077132.3      601.336      136.699    Klong
      2.32000      2.31019      2.33133      2.29944      2.23070      2.25199      2.28484    0.0812529      2630.02  5.93522e-13      1.04679      1.01159      1.04450      1.09177       1968444.2      73.5274      3.41328       958453.70      1100.60      69.4317    Kwide
      3.55000      3.53470      3.54237      3.53084      3.50671      3.51445      3.52572    0.0637146      1338.29  1.29935e-13     0.540333     0.536182      1.00995      1.01602       517031.40      71.6890      3.37040       68531852.      62.1021      1153.54    Lband
      3.87000      3.84861      3.85584      3.84498      3.82167      3.82889      3.83903    0.0658777      1270.48  9.49656e-14     0.468311     0.464782      1.00949      1.01487       425410.45      71.7212      3.37116   1.8382919e+08      31.3175      1990.10    LPrimeband
      4.10000      4.09208      4.24302      4.01531      3.55262      3.67044      3.92026     0.251178      4722.84  8.76459e-14     0.471355     0.419770      1.16624      1.31383       1591686.7      71.7700      3.37231   2.1527974e+09      34.2901      1832.03    LPlusM
      4.90000      4.84380      4.84880      4.84129      4.82585      4.83089      4.84441    0.0544819      834.122  3.49010e-14     0.272860     0.273271     0.999530      1.00237       162733.08      71.9676      3.37695   7.8688495e+08      5.79965      6271.33    Mband
      3.61000      3.60272      3.60361      3.60227      3.59951      3.60040      3.60211    0.0207094      425.950  1.20347e-13     0.520917     0.520729      1.00061      1.00125       158647.54      71.6916      3.37047       25488237.      31.1661      2210.31    NbL
      4.81000      4.80657      4.80703      4.80634      4.80501      4.80546      4.80840    0.0146122      225.234  3.58530e-14     0.276271     0.276652     0.998717     0.998942       44491.316      71.9575      3.37671   2.2464983e+08      2.96635      12409.5    NbM
      3.05000      3.05022      3.05095      3.04986      3.04769      3.04842      3.04866    0.0169901      412.744  2.19478e-13     0.680976     0.679859      1.00188      1.00251       200964.28      71.6955      3.37056       3661076.6      98.9219      864.547    IceBand
      1.87000      1.87433      1.87436      1.87431      1.87424      1.87427      1.87631   0.00216053      85.3955  1.20670e-12      1.41404      1.41365      1.00029      1.00033       86338.478      75.5059      3.45897       92901.462      127.513      666.849    Palpha
      1.90000      1.90006      1.90009      1.90005      1.90000      1.90002      1.89625   0.00224497      87.5311  1.16263e-12      1.40008      1.40039     0.999790     0.999824       87623.409      75.3293      3.45492       3905.8157      144.033      138.462    PalphaCont
      1.87000      1.87436      1.87439      1.87434      1.87427      1.87430      1.87634   0.00208952      82.5878  1.20665e-12      1.41403      1.41363      1.00030      1.00033       83498.633      75.5057      3.45896       89567.204      124.157      677.078    Palpha+Hw
      1.90000      1.90005      1.90008      1.90004      1.89999      1.90002      1.89624   0.00217773      84.9098  1.16265e-12      1.40008      1.40040     0.999788     0.999821       84999.602      75.3293      3.45492       3790.2464      140.240      140.769    PalphaCont+Hw
      3.30000      3.30067      3.30090      3.30055      3.29986      3.30009      3.30015   0.00898904      201.769  1.64675e-13     0.598386     0.598105      1.00054      1.00071       86326.238      71.6794      3.37018       4803538.3      38.0217      2025.74    PAHband
