lvega5.sav

atranfiles/atran_41K_45deg_1-6mum.txt

    lambda_ref   lambda_mean   lambda_1     lambda_pivot  lambda_eff  lambda_eff_ph  lambda_iso   width      Response  F_mean          Fnu_mean    Fnu_lammean  ColorTerm   ColorTerm   Source Count Rate   Source Size Source FWHM    Bkgd          S/N        Fnu_limit   Filter
     microns       microns      microns      microns      microns      microns       microns    microns      e/s/mJy   W/m^2/mum        Jy           Jy                                 electrons/s          pix        arcsec         e-/s                     microJy
      1.25000      1.24155      1.24643      1.23909      1.22396      1.22887      1.23112    0.0309841      1856.14  1.54434e-11      7.90915      7.85940      1.01033      1.02804       10496536.      82.0686      3.60607       20904.766      3190.90      14.6494    Jband
      1.65000      1.63157      1.63558      1.62957      1.61769      1.62169      1.61491    0.0352372      1603.90  5.81972e-12      5.15498      5.25251     0.983850      1.01136       5911665.0      77.5535      3.50551       68207.168      2361.52      30.4434    Hband
      1.80000      1.79316      1.80603      1.78669      1.74800      1.76054      1.72851    0.0658856      2741.73  4.25412e-12      4.52989      4.53418      1.00631      1.03324       8880128.8      76.4402      3.48020       115546.44      2915.30      23.1558    Hwide
      2.12000      2.10506      2.11012      2.10252      2.08651      2.09152      2.10267    0.0434523      1532.88  2.32985e-12      3.43550      3.43209      1.00341      1.01019       3765350.6      74.1994      3.42889       54277.404      1860.93      28.4298    Kband
      2.50000      2.48515      2.49187      2.48181      2.45981      2.46631      2.47944    0.0515381      1540.49  1.25618e-12      2.58088      2.56532      1.00878      1.02340       2842717.1      72.6194      3.39219       356718.40      1526.49      72.3380    Klong
      2.32000      2.30798      2.32920      2.29720      2.22780      2.24891      2.23785    0.0890971      2886.77  1.71331e-12      3.01587      2.91815      1.04321      1.06947       6224889.7      73.5397      3.41356       334272.60      2381.69      37.3695    Kwide
      3.55000      3.53464      3.54231      3.53078      3.50505      3.51276      3.52864    0.0682343      1433.24  3.29357e-13      1.36958      1.36360      1.00659      1.01289       1403507.2      71.6889      3.37040       29409068.      251.762      705.604    Lband
      3.87000      3.84796      3.85520      3.84433      3.81985      3.82708      3.77610    0.0702619      1355.26  2.37137e-13      1.16902      1.16809      1.00269      1.00774       1132789.8      71.7210      3.37116       74642023.      129.906      1188.79    LPrimeband
      4.10000      4.08735      4.23882      4.01041      3.55204      3.67363      3.78454     0.268389      5052.92  2.28564e-13      1.22621      1.04514      1.21870      1.35103       4430105.6      71.7732      3.37238   1.2171478e+09      126.738      1287.55    LPlusM
      4.90000      4.84380      4.84880      4.84129      4.82507      4.83009      4.67213    0.0579102      886.609  9.71430e-14     0.759476     0.760482     0.999712      1.00277       481451.23      71.9674      3.37694   4.3565091e+08      23.0468      4390.07    Mband
      3.61000      3.60272      3.60361      3.60227      3.59927      3.60016      3.60135    0.0222433      457.499  3.04341e-13      1.31733      1.31475      1.00221      1.00222       430913.40      71.6916      3.37047       10642281.      127.972      1329.76    NbL
      4.81000      4.80657      4.80703      4.80634      4.80482      4.80527      4.80565    0.0155316      239.407  1.00160e-13     0.771796     0.771454      1.00054      1.00044       132113.01      71.9575      3.37671   1.2889910e+08      11.6185      8843.50    NbM
      3.05000      3.05020      3.05092      3.04984      3.04751      3.04823      3.03190    0.0184375      447.910  5.72685e-13      1.77685      1.76445      1.00726      1.00632       569044.61      71.6956      3.37056       1208709.6      398.130      457.807    IceBand
      1.87000      1.87432      1.87435      1.87431      1.87414      1.87417      1.87648   0.00240304      94.9814  3.38659e-12      3.96847      3.63669      1.09125      1.09325       269505.64      75.5066      3.45898       4747.7319      362.258      139.762    Palpha
      1.90000      1.90006      1.90009      1.90005      1.89998      1.90001      1.89550   0.00249163      97.1485  3.39992e-12      4.09428      4.09916     0.998824     0.998993       284393.24      75.3294      3.45492       4139.1297      377.650      128.158    PalphaCont
      1.87000      1.87435      1.87438      1.87434      1.87417      1.87420      1.87649   0.00232405      91.8578  3.38605e-12      3.96797      3.62993      1.09314      1.09521       260609.55      75.5064      3.45898       4600.8519      353.198      142.403    Palpha+Hw
      1.90000      1.90005      1.90008      1.90004      1.89997      1.90000      1.89551   0.00241700      94.2392  3.39997e-12      4.09430      4.10016     0.998586     0.999007       275877.96      75.3294      3.45492       4016.4957      369.164      130.282    PalphaCont+Hw
      3.30000      3.30063      3.30086      3.30051      3.29977      3.30001      3.28945   0.00964305      216.452  4.18920e-13      1.52221      1.45690      1.04490      1.04276       235582.10      71.6794      3.37018       1986015.9      149.394      1214.27    PAHband
