lvega5.sav

atranfiles/atran_41K_45deg_1-6mum.txt

    lambda_ref   lambda_mean   lambda_1     lambda_pivot  lambda_eff  lambda_eff_ph  lambda_iso   width      Response  F_mean          Fnu_mean    Fnu_lammean  ColorTerm   ColorTerm   Source Count Rate   Source Size Source FWHM    Bkgd          S/N        Fnu_limit   Filter
     microns       microns      microns      microns      microns      microns       microns    microns      e/s/mJy   W/m^2/mum        Jy           Jy                                 electrons/s          pix        arcsec         e-/s                     microJy
      1.25000      1.24155      1.24643      1.23909      1.22396      1.22887      1.23112    0.0309841      1856.14  7.25675e-11      37.1646      36.9308      1.01033      1.02804       49322581.      82.0686      3.60607       20904.766      7000.02      14.6494    Jband
      1.65000      1.63157      1.63558      1.62957      1.61769      1.62169      1.61491    0.0352372      1603.90  2.73465e-11      24.2229      24.6812     0.983850      1.01136       27778553.      77.5535      3.50551       68207.168      5237.18      30.4434    Hband
      1.80000      1.79316      1.80603      1.78669      1.74800      1.76054      1.72851    0.0658856      2741.73  1.99898e-11      21.2857      21.3058      1.00631      1.03324       41727183.      76.4402      3.48020       115546.44      6429.05      23.1558    Hwide
      2.12000      2.10506      2.11012      2.10252      2.08651      2.09152      2.10267    0.0434523      1532.88  1.09478e-11      16.1432      16.1272      1.00341      1.01019       17693152.      74.1994      3.42889       54277.404      4167.79      28.4298    Kband
      2.50000      2.48515      2.49187      2.48181      2.45981      2.46631      2.47944    0.0515381      1540.49  5.90271e-12      12.1274      12.0543      1.00878      1.02340       13357754.      72.6194      3.39219       356718.40      3572.18      72.3380    Klong
      2.32000      2.30798      2.32920      2.29720      2.22780      2.24891      2.23785    0.0890971      2886.77  8.05073e-12      14.1714      13.7122      1.04321      1.06947       29250376.      73.5397      3.41356       334272.60      5353.17      37.3695    Kwide
      3.55000      3.53464      3.54231      3.53078      3.50505      3.51276      3.52864    0.0682343      1433.24  1.54763e-12      6.43559      6.40746      1.00659      1.01289       6594994.6      71.6889      3.37040       29409068.      1095.08      705.604    Lband
      3.87000      3.84796      3.85520      3.84433      3.81985      3.82708      3.77610    0.0702619      1355.26  1.11429e-12      5.49313      5.48876      1.00269      1.00774       5322910.0      71.7210      3.37116       74642023.      594.265      1188.79    LPrimeband
      4.10000      4.08735      4.23882      4.01041      3.55204      3.67363      3.78454     0.268389      5052.92  1.07401e-12      5.76189      4.91105      1.21870      1.35103       20816796.      71.7732      3.37238   1.2171478e+09      591.580      1287.55    LPlusM
      4.90000      4.84380      4.84880      4.84129      4.82507      4.83009      4.67213    0.0579102      886.609  4.56469e-13      3.56873      3.57346     0.999712      1.00277       2262309.9      71.9674      3.37694   4.3565091e+08      108.075      4390.07    Mband
      3.61000      3.60272      3.60361      3.60227      3.59927      3.60016      3.60135    0.0222433      457.499  1.43008e-12      6.19004      6.17794      1.00221      1.00222       2024835.8      71.6916      3.37047       10642281.      563.058      1329.76    NbL
      4.81000      4.80657      4.80703      4.80634      4.80482      4.80527      4.80565    0.0155316      239.407  4.70644e-13      3.62662      3.62502      1.00054      1.00044       620790.94      71.9575      3.37671   1.2889910e+08      54.4918      8843.50    NbM
      3.05000      3.05020      3.05092      3.04984      3.04751      3.04823      3.03190    0.0184375      447.910  2.69101e-12      8.34929      8.29106      1.00726      1.00632       2673905.8      71.6956      3.37056       1208709.6      1312.93      457.807    IceBand
      1.87000      1.87432      1.87435      1.87431      1.87414      1.87417      1.87648   0.00240304      94.9814  1.59134e-11      18.6476      17.0886      1.09125      1.09325       1266390.5      75.5066      3.45898       4747.7319      1017.07      139.762    Palpha
      1.90000      1.90006      1.90009      1.90005      1.89998      1.90001      1.89550   0.00249163      97.1485  1.59760e-11      19.2388      19.2617     0.998824     0.998993       1336346.4      75.3294      3.45492       4139.1297      1050.24      128.158    PalphaCont
      1.87000      1.87435      1.87438      1.87434      1.87417      1.87420      1.87649   0.00232405      91.8578  1.59108e-11      18.6452      17.0568      1.09314      1.09521       1224588.4      75.5064      3.45898       4600.8519      997.080      142.403    Palpha+Hw
      1.90000      1.90005      1.90008      1.90004      1.89997      1.90000      1.89551   0.00241700      94.2392  1.59762e-11      19.2389      19.2664     0.998586     0.999007       1296333.7      75.3294      3.45492       4016.4957      1031.66      130.282    PalphaCont+Hw
      3.30000      3.30063      3.30086      3.30051      3.29977      3.30001      3.28945   0.00964305      216.452  1.96848e-12      7.15277      6.84590      1.04490      1.04276       1106985.9      71.6794      3.37018       1986015.9      604.084      1214.27    PAHband
