lvega5.sav

atranfiles/atran_41K_45deg_1-6mum.txt

    lambda_ref   lambda_mean   lambda_1     lambda_pivot  lambda_eff  lambda_eff_ph  lambda_iso   width      Response  F_mean          Fnu_mean    Fnu_lammean  ColorTerm   ColorTerm   Source Count Rate   Source Size Source FWHM    Bkgd          S/N        Fnu_limit   Filter
     microns       microns      microns      microns      microns      microns       microns    microns      e/s/mJy   W/m^2/mum        Jy           Jy                                 electrons/s          pix        arcsec         e-/s                     microJy
      1.25000      1.24155      1.24643      1.23909      1.22402      1.22893      1.23117    0.0309841      1856.14  3.35056e-11      17.1595      17.0551      1.01012      1.02778       22773025.      82.0676      3.60605       20904.765      4738.48      14.6494    Jband
      1.65000      1.63157      1.63558      1.62957      1.61772      1.62172      1.61490    0.0352372      1603.90  1.26645e-11      11.2180      11.4311     0.983772      1.01126       12864641.      77.5532      3.50551       68207.167      3538.24      30.4434    Hband
      1.80000      1.79316      1.80603      1.78669      1.74810      1.76064      1.72851    0.0658856      2741.73  9.26326e-12      9.86376      9.87510      1.00610      1.03297       19336315.      76.4395      3.48018       115546.44      4352.72      23.1558    Hwide
      2.12000      2.10506      2.11012      2.10252      2.08654      2.09155      2.10267    0.0434523      1532.88  5.07917e-12      7.48954      7.48250      1.00336      1.01012       8208628.1      74.1993      3.42888       54277.404      2809.38      28.4298    Kband
      2.50000      2.48515      2.49187      2.48181      2.45983      2.46634      2.47944    0.0515381      1540.49  2.74078e-12      5.63107      5.59737      1.00873      1.02334       6202345.3      72.6193      3.39219       356718.40      2373.68      72.3380    Klong
      2.32000      2.30798      2.32920      2.29720      2.22790      2.24902      2.23790    0.0890971      2886.77  3.73637e-12      6.57699      6.36509      1.04301      1.06922       13575186.      73.5392      3.41355       334272.60      3604.84      37.3695    Kwide
      3.55000      3.53464      3.54231      3.53078      3.50507      3.51278      3.52865    0.0682343      1433.24  7.19490e-13      2.99190      2.97893      1.00655      1.01285       3066007.4      71.6889      3.37040       29409068.      535.837      705.604    Lband
      3.87000      3.84796      3.85520      3.84433      3.81987      3.82710      3.77608    0.0702619      1355.26  5.18174e-13      2.55445      2.55246      1.00267      1.00772       2475289.3      71.7210      3.37116       74642023.      281.387      1188.79    LPrimeband
      4.10000      4.08735      4.23882      4.01041      3.55239      3.67401      3.78716     0.268389      5052.92  4.99343e-13      2.67890      2.28423      1.21821      1.35033       9678446.5      71.7732      3.37238   1.2171478e+09      276.291      1287.55    LPlusM
      4.90000      4.84380      4.84880      4.84129      4.82507      4.83010      4.67562    0.0579102      886.609  2.12423e-13      1.66075      1.66301     0.999678      1.00274       1052793.1      71.9674      3.37694   4.3565091e+08      50.3637      4390.07    Mband
      3.61000      3.60272      3.60361      3.60227      3.59927      3.60016      3.60136    0.0222433      457.499  6.64903e-13      2.87800      2.87239      1.00220      1.00221       941429.58      71.6916      3.37047       10642281.      273.495      1329.76    NbL
      4.81000      4.80657      4.80703      4.80634      4.80482      4.80527      4.80565    0.0155316      239.407  2.19024e-13      1.68772      1.68698      1.00053      1.00044       288897.82      71.9575      3.37671   1.2889910e+08      25.3914      8843.50    NbM
      3.05000      3.05020      3.05092      3.04984      3.04751      3.04824      3.03190    0.0184375      447.910  1.25050e-12      3.87987      3.85282      1.00726      1.00632       1242547.8      71.6956      3.37056       1208709.6      753.906      457.807    IceBand
      1.87000      1.87432      1.87435      1.87431      1.87414      1.87417      1.87648   0.00240304      94.9814  7.37803e-12      8.64572      7.92290      1.09125      1.09325       587145.28      75.5066      3.45898       4747.7319      629.082      139.762    Palpha
      1.90000      1.90006      1.90009      1.90005      1.89998      1.90001      1.89552   0.00249163      97.1485  7.40774e-12      8.92061      8.93125     0.998824     0.998993       619636.11      75.3294      3.45492       4139.1297      652.305      128.158    PalphaCont
      1.87000      1.87435      1.87438      1.87434      1.87417      1.87420      1.87649   0.00232405      91.8578  7.37685e-12      8.64462      7.90817      1.09314      1.09521       567764.32      75.5064      3.45898       4600.8519      615.252      142.403    Palpha+Hw
      1.90000      1.90005      1.90008      1.90004      1.89997      1.90000      1.89548   0.00241700      94.2392  7.40785e-12      8.92066      8.93343     0.998586     0.999007       601083.00      75.3294      3.45492       4016.4957      639.425      130.282    PalphaCont+Hw
      3.30000      3.30063      3.30086      3.30051      3.29977      3.30001      3.28945   0.00964305      216.452  9.14951e-13      3.32461      3.18195      1.04491      1.04277       514527.84      71.6794      3.37018       1986015.9      309.395      1214.27    PAHband
