lvega5.sav

atranfiles/atran_41K_45deg_1-6mum.txt

    lambda_ref   lambda_mean   lambda_1     lambda_pivot  lambda_eff  lambda_eff_ph  lambda_iso   width      Response  F_mean          Fnu_mean    Fnu_lammean  ColorTerm   ColorTerm   Source Count Rate   Source Size Source FWHM    Bkgd          S/N        Fnu_limit   Filter
     microns       microns      microns      microns      microns      microns       microns    microns      e/s/mJy   W/m^2/mum        Jy           Jy                                 electrons/s          pix        arcsec         e-/s                     microJy
      1.25000      1.24155      1.24643      1.23909      1.22376      1.22867      1.23110    0.0309841      1856.14  4.36134e-12      2.23361      2.21818      1.01095      1.02884       2964307.6      82.0714      3.60613       20904.768      1634.60      14.6494    Jband
      1.65000      1.63157      1.63558      1.62957      1.61759      1.62158      1.61492    0.0352372      1603.90  1.62869e-12      1.44266      1.46960     0.984084      1.01167       1654422.0      77.5545      3.50554       68207.168      1167.11      30.4434    Hband
      1.80000      1.79316      1.80603      1.78669      1.74772      1.76026      1.72835    0.0658856      2741.73  1.18836e-12      1.26539      1.26581      1.00693      1.03404       2480599.0      76.4424      3.48025       115546.44      1462.00      23.1558    Hwide
      2.12000      2.10506      2.11012      2.10252      2.08643      2.09144      2.10267    0.0434523      1532.88  6.48533e-13     0.956301     0.955194      1.00358      1.01039       1048116.9      74.1999      3.42890       54277.404      893.257      28.4298    Kband
      2.50000      2.48515      2.49187      2.48181      2.45972      2.46622      2.47943    0.0515381      1540.49  3.48807e-13     0.716640     0.712216      1.00893      1.02359       789344.29      72.6196      3.39220       356718.40      663.664      72.3380    Klong
      2.32000      2.30798      2.32920      2.29720      2.22748      2.24859      2.20693    0.0890971      2886.77  4.76423e-13     0.838631     0.810993      1.04381      1.07023       1730969.7      73.5411      3.41359       334272.60      1132.25      37.3695    Kwide
      3.55000      3.53464      3.54231      3.53078      3.50497      3.51268      3.52844    0.0682343      1433.24  9.11151e-14     0.378890     0.377193      1.00669      1.01302       388274.30      71.6889      3.37040       29409068.      70.8152      705.604    Lband
      3.87000      3.84796      3.85520      3.84433      3.81978      3.82701      3.77619    0.0702619      1355.26  6.55494e-14     0.323139     0.322866      1.00274      1.00781       313125.94      71.7210      3.37116       74642023.      36.1037      1188.79    LPrimeband
      4.10000      4.08735      4.23882      4.01041      3.55100      3.67246      3.78823     0.268389      5052.92  6.32169e-14     0.339149     0.288720      1.22017      1.35314       1225292.5      71.7731      3.37238   1.2171478e+09      35.0996      1287.55    LPlusM
      4.90000      4.84380      4.84880      4.84129      4.82504      4.83007      4.66123    0.0579102      886.609  2.67941e-14     0.209479     0.209735     0.999816      1.00288       132794.37      71.9674      3.37694   4.3565091e+08      6.35933      4390.07    Mband
      3.61000      3.60272      3.60361      3.60227      3.59926      3.60015      3.60135    0.0222433      457.499  8.41718e-14     0.364334     0.363618      1.00222      1.00223       119178.00      71.6916      3.37047       10642281.      35.8902      1329.76    NbL
      4.81000      4.80657      4.80703      4.80634      4.80481      4.80527      4.80565    0.0155316      239.407  2.76246e-14     0.212866     0.212768      1.00055      1.00046       36437.542      71.9575      3.37671   1.2889910e+08      3.20564      8843.50    NbM
      3.05000      3.05020      3.05092      3.04984      3.04750      3.04823      3.03191    0.0184375      447.910  1.58641e-13     0.492209     0.488771      1.00727      1.00633       157632.40      71.6956      3.37056       1208709.6      123.412      457.807    IceBand
      1.87000      1.87432      1.87435      1.87431      1.87414      1.87417      1.87649   0.00240304      94.9814  9.44559e-13      1.10685      1.01431      1.09125      1.09325       75168.223      75.5066      3.45898       4747.7320      125.430      139.762    Palpha
      1.90000      1.90006      1.90009      1.90005      1.89998      1.90000      1.89549   0.00249163      97.1485  9.48016e-13      1.14163      1.14299     0.998825     0.998995       79298.777      75.3294      3.45492       4139.1297      131.798      128.158    PalphaCont
      1.87000      1.87435      1.87438      1.87434      1.87417      1.87420      1.87649   0.00232405      91.8578  9.44408e-13      1.10671      1.01243      1.09315      1.09522       72686.977      75.5064      3.45898       4600.8519      121.736      142.403    Palpha+Hw
      1.90000      1.90005      1.90008      1.90004      1.89997      1.90000      1.89557   0.00241700      94.2392  9.48029e-13      1.14163      1.14327     0.998587     0.999008       76924.425      75.3294      3.45492       4016.4957      128.295      130.282    PalphaCont+Hw
      3.30000      3.30063      3.30086      3.30051      3.29977      3.30000      3.28945   0.00964305      216.452  1.15966e-13     0.421380     0.403312      1.04487      1.04273       65214.187      71.6794      3.37018       1986015.9      42.8494      1214.27    PAHband
