../sofiacalib/cohen_supertemplates/HD215141.tem.txt

atranfiles/atran_41K_45deg_1-6mum.txt

    lambda_ref   lambda_mean   lambda_1     lambda_pivot  lambda_eff  lambda_eff_ph  lambda_iso   width      Response  F_mean          Fnu_mean    Fnu_lammean  ColorTerm   ColorTerm   Source Count Rate   Source Size Source FWHM    Bkgd          S/N        Fnu_limit   Filter
     microns       microns      microns      microns      microns      microns       microns    microns      e/s/mJy   W/m^2/mum        Jy           Jy                                 electrons/s          pix        arcsec         e-/s                     microJy
      1.25000      1.24155      1.24643      1.23909      1.23644      1.24136      1.24515    0.0309841      1856.14  6.67272e-12      3.41736      3.43333     0.999303     0.995771       4535310.5      81.8896      3.60214       20904.587      2057.46      14.6490    Jband
      1.65000      1.63157      1.63558      1.62957      1.62555      1.62947      1.61265    0.0352372      1603.90  4.90851e-12      4.34786      4.67591     0.932134     0.903257       4986065.8      77.4822      3.50390       68207.096      2157.52      30.4434    Hband
      1.80000      1.79316      1.80603      1.78669      1.75931      1.77169      1.79071    0.0658856      2741.73  3.92800e-12      4.18264      4.19071      1.00532     0.982166       8199388.4      76.3513      3.47818       134092.74      2793.40      24.9400    Hwide
      2.12000      2.10506      2.11012      2.10252      2.08821      2.09326      2.09276    0.0434523      1532.88  2.37021e-12      3.49501      3.56860     0.981744      1.03922       3830576.0      74.1903      3.42867       54277.395      1878.27      28.4298    Kband
      2.50000      2.48515      2.49187      2.48181      2.46204      2.46893      2.40729    0.0515381      1540.49  1.19361e-12      2.45233      2.22219      1.10654      1.03129       2701123.5      72.6139      3.39206       357013.87      1480.95      72.3679    Klong
      2.32000      2.30798      2.32920      2.29720      2.22339      2.24445      2.29070    0.0890971      2886.77  1.68695e-12      2.96948      2.99040      1.00235      1.13943       6129130.4      73.5596      3.41402       343648.73      2360.01      37.8894    Kwide
      3.55000      3.53464      3.54231      3.53078      3.50676      3.51451      3.52594    0.0682343      1433.24  3.77268e-13      1.56882      1.55892      1.00855      1.01418       1607672.9      71.6890      3.37040       29409167.      287.442      705.605    Lband
      3.87000      3.84796      3.85520      3.84433      3.81989      3.82706      3.84328    0.0702619      1355.26  2.74881e-13      1.35508      1.35118      1.00479      1.01039       1313091.4      71.7209      3.37116   1.0420343e+08      127.670      1404.60    LPrimeband
      4.10000      4.08735      4.23882      4.01041      3.52786      3.63989      3.94502     0.268389      5052.92  2.48969e-13      1.33568      1.18583      1.17000      1.37115       4825605.2      71.7651      3.37219   1.2180012e+09      137.982      1288.00    LPlusM
      4.90000      4.84380      4.84880      4.84129      4.82826      4.83327      4.86031    0.0579102      886.609  8.89006e-14     0.695035     0.703803     0.988566     0.990977       440600.81      71.9684      3.37697   4.3565091e+08      21.0923      4390.07    Mband
      3.61000      3.60272      3.60361      3.60227      3.59954      3.60043      3.59952    0.0222433      457.499  3.49274e-13      1.51182      1.50720      1.00331      1.00399       494533.39      71.6916      3.37047       10643701.      146.447      1329.85    NbL
      4.81000      4.80657      4.80703      4.80634      4.80539      4.80584      4.81163    0.0155316      239.407  9.16504e-14     0.706227     0.708305     0.997160     0.997320       120889.00      71.9577      3.37671   1.2892641e+08      10.6308      8844.43    NbM
      3.05000      3.05020      3.05092      3.04984      3.04765      3.04837      3.04958    0.0184375      447.910  6.34570e-13      1.96885      1.96786      1.00074      1.00137       630535.88      71.6955      3.37056       1360509.7      419.782      485.697    IceBand
      1.87000      1.87432      1.87435      1.87431      1.87423      1.87426      1.87305   0.00240303      94.9810  3.46568e-12      4.06115      4.05231      1.00220      1.00223       275798.73      75.5060      3.45897       103097.13      339.970      631.483    Palpha
      1.90000      1.90006      1.90009      1.90005      1.90003      1.90006      1.90066   0.00249163      97.1485  3.29730e-12      3.97070      3.96000      1.00272      1.00265       275809.09      75.3290      3.45491       4139.1293      369.055      128.158    PalphaCont
      1.87000      1.87435      1.87438      1.87434      1.87426      1.87429      1.87308   0.00232405      91.8578  3.46550e-12      4.06107      4.05222      1.00220      1.00223       266724.29      75.5058      3.45896       99398.817      332.022      641.174    Palpha+Hw
      1.90000      1.90005      1.90008      1.90004      1.90002      1.90005      1.90066   0.00241700      94.2392  3.29731e-12      3.97068      3.95991      1.00273      1.00267       267548.15      75.3291      3.45491       4016.4953      360.719      130.282    PalphaCont+Hw
      3.30000      3.30063      3.30086      3.30051      3.29977      3.30000      3.30068   0.00964305      216.452  4.79033e-13      1.74064      1.74087     0.999939      1.00013       269386.93      71.6794      3.37018       1986015.9      169.682      1214.27    PAHband
