../sofiacalib/cohen_supertemplates/HD215141.tem.txt

atranfiles/atran_41K_45deg_1-6mum.txt

    lambda_ref   lambda_mean   lambda_1     lambda_pivot  lambda_eff  lambda_eff_ph  lambda_iso   width      Response  F_mean          Fnu_mean    Fnu_lammean  ColorTerm   ColorTerm   Source Count Rate   Source Size Source FWHM    Bkgd          S/N        Fnu_limit   Filter
     microns       microns      microns      microns      microns      microns       microns    microns      e/s/mJy   W/m^2/mum        Jy           Jy                                 electrons/s          pix        arcsec         e-/s                     microJy
      1.25000      1.24639      1.25114      1.24398      1.24139      1.24621      1.24946    0.0242547      1447.22  6.64561e-12      3.43038      3.45878     0.995630      1.00024       3549642.5      81.8196      3.60060       16633.271      1804.65      16.7940    Jband
      1.65000      1.63218      1.63618      1.63018      1.62615      1.63007      1.61729    0.0311562      1417.61  4.90587e-12      4.34878      4.61523     0.944585     0.914585       4407874.7      77.4768      3.50378       60466.371      2021.44      32.4408    Hband
      1.80000      1.79410      1.80692      1.78765      1.76029      1.77265      1.79081    0.0587275      2442.52  3.92277e-12      4.18154      4.28836     0.982143     0.982210       7302654.9      76.3436      3.47800       124199.68      2630.13      26.9454    Hwide
      2.12000      2.10579      2.11085      2.10325      2.08891      2.09398      2.09257    0.0392226      1383.19  2.36746e-12      3.49339      3.53993     0.989237      1.03939       3454900.8      74.1865      3.42859       79676.188      1770.25      38.1369    Kband
      2.50000      2.48550      2.49220      2.48216      2.46245      2.46933      2.40691    0.0473828      1416.08  1.19285e-12      2.45145      2.23982      1.09743      1.03434       2482095.6      72.6126      3.39203       1077132.3      1268.66      136.699    Klong
      2.32000      2.31019      2.33133      2.29944      2.22563      2.24672      2.30211    0.0812529      2630.02  1.68021e-12      2.96338      2.96468      1.00893      1.10004       5572512.2      73.5496      3.41379       958453.72      2136.50      69.4317    Kwide
      3.55000      3.53470      3.54237      3.53084      3.50681      3.51456      3.52600    0.0637146      1338.29  3.77245e-13      1.56877      1.55888      1.00855      1.01419       1501117.3      71.6890      3.37040       68531852.      179.037      1153.54    Lband
      3.87000      3.84861      3.85584      3.84498      3.82056      3.82772      3.84393    0.0658777      1270.48  2.74701e-13      1.35465      1.35073      1.00479      1.01039       1230556.1      71.7210      3.37116   1.8382919e+08      90.3929      1990.10    LPrimeband
      4.10000      4.09208      4.24302      4.01531      3.53238      3.64467      3.94983     0.251178      4722.84  2.47695e-13      1.33209      1.18191      1.17058      1.37242       4498252.3      71.7653      3.37220   2.1527974e+09      96.8417      1832.03    LPlusM
      4.90000      4.84380      4.84880      4.84129      4.82826      4.83327      4.86031    0.0544819      834.122  8.89006e-14     0.695035     0.703803     0.988566     0.990977       414517.24      71.9684      3.37697   7.8688495e+08      14.7706      6271.33    Mband
      3.61000      3.60272      3.60361      3.60227      3.59954      3.60043      3.59952    0.0207094      425.950  3.49273e-13      1.51182      1.50720      1.00331      1.00399       460430.02      71.6916      3.37047       25488237.      89.9288      2210.30    NbL
      4.81000      4.80657      4.80703      4.80634      4.80539      4.80584      4.81163    0.0146122      225.234  9.16504e-14     0.706227     0.708305     0.997160     0.997320       113732.37      71.9577      3.37671   2.2464983e+08      7.58166      12409.5    NbM
      3.05000      3.05022      3.05095      3.04986      3.04768      3.04840      3.04960    0.0169901      412.744  6.34553e-13      1.96883      1.96783      1.00074      1.00137       581025.87      71.6955      3.37056       3661076.6      273.678      864.547    IceBand
      1.87000      1.87433      1.87436      1.87431      1.87423      1.87426      1.87306   0.00216053      85.3955  3.46565e-12      4.06114      4.05229      1.00220      1.00224       247964.22      75.5060      3.45897       92901.462      314.893      666.849    Palpha
      1.90000      1.90006      1.90009      1.90005      1.90003      1.90006      1.90066   0.00224497      87.5311  3.29729e-12      3.97069      3.96000      1.00271      1.00265       248504.65      75.3290      3.45491       3905.8154      341.033      138.462    PalphaCont
      1.87000      1.87436      1.87439      1.87434      1.87427      1.87429      1.87309   0.00208952      82.5878  3.46546e-12      4.06106      4.05221      1.00220      1.00224       239806.40      75.5057      3.45896       89567.205      307.395      677.078    Palpha+Hw
      1.90000      1.90005      1.90008      1.90004      1.90002      1.90005      1.90065   0.00217773      84.9098  3.29730e-12      3.97067      3.95991      1.00273      1.00267       241061.58      75.3291      3.45491       3790.2462      333.199      140.769    PalphaCont+Hw
      3.30000      3.30067      3.30090      3.30055      3.29981      3.30004      3.30072   0.00898904      201.769  4.79011e-13      1.74060      1.74083     0.999939      1.00013       251107.85      71.6794      3.37018       4803538.3      108.872      2025.74    PAHband
