../sofiacalib/cohen_supertemplates/HD222732.tem.txt

atranfiles/atran_41K_45deg_1-6mum.txt

    lambda_ref   lambda_mean   lambda_1     lambda_pivot  lambda_eff  lambda_eff_ph  lambda_iso   width      Response  F_mean          Fnu_mean    Fnu_lammean  ColorTerm   ColorTerm   Source Count Rate   Source Size Source FWHM    Bkgd          S/N        Fnu_limit   Filter
     microns       microns      microns      microns      microns      microns       microns    microns      e/s/mJy   W/m^2/mum        Jy           Jy                                 electrons/s          pix        arcsec         e-/s                     microJy
      1.25000      1.24639      1.25114      1.24398      1.23974      1.24456      1.24946    0.0242547      1447.22  5.58056e-12      2.88062      2.90599     0.995106      1.00059       2980763.0      81.8430      3.60111       16633.295      1640.84      16.7940    Jband
      1.65000      1.63218      1.63618      1.63018      1.62280      1.62671      1.59824    0.0311562      1417.61  3.84268e-12      3.40632      3.51428     0.971664     0.974754       3452604.1      77.5072      3.50447       60466.402      1771.22      32.4409    Hband
      1.80000      1.79410      1.80692      1.78765      1.75219      1.76467      1.77754    0.0587275      2442.52  2.89032e-12      3.08099      2.94016      1.05548      1.10756       5380644.8      76.4072      3.47945       124199.74      2236.62      26.9454    Hwide
      2.12000      2.10579      2.11085      2.10325      2.08832      2.09335      2.10476    0.0392226      1383.19  1.65626e-12      2.44394      2.42415      1.01060      1.01632       2417019.2      74.1896      3.42866       79676.191      1451.97      38.1369    Kband
      2.50000      2.48550      2.49220      2.48216      2.46364      2.47044      2.40447    0.0473828      1416.08  8.43748e-13      1.73401      1.60011      1.08660      1.06702       1755685.6      72.6086      3.39194       1077132.3      996.949      136.699    Klong
      2.32000      2.31019      2.33133      2.29944      2.22654      2.24775      2.29262    0.0812529      2630.02  1.18213e-12      2.08491      2.02420      1.03965      1.11841       3920590.2      73.5458      3.41370       958453.71      1727.45      69.4317    Kwide
      3.55000      3.53470      3.54237      3.53084      3.50625      3.51399      3.52491    0.0637146      1338.29  2.63537e-13      1.09592      1.08740      1.01004      1.01589       1048656.6      71.6890      3.37040       68531852.      125.477      1153.54    Lband
      3.87000      3.84861      3.85584      3.84498      3.82069      3.82788      3.84075    0.0658777      1270.48  1.91150e-13     0.942635     0.936649      1.00829      1.01413       856282.90      71.7211      3.37116   1.8382919e+08      62.9636      1990.10    LPrimeband
      4.10000      4.09208      4.24302      4.01531      3.53238      3.64560      3.93333     0.251178      4722.84  1.74083e-13     0.936213     0.832295      1.16828      1.33821       3161430.6      71.7659      3.37221   2.1527974e+09      68.0827      1832.03    LPlusM
      4.90000      4.84380      4.84880      4.84129      4.83122      4.83625      4.88741    0.0544819      834.122  6.26197e-14     0.489568     0.504907     0.970627     0.972663       291977.29      71.9694      3.37699   7.8688495e+08      10.4049      6271.33    Mband
      3.61000      3.60272      3.60361      3.60227      3.59949      3.60038      3.60017    0.0207094      425.950  2.43506e-13      1.05401      1.05148      1.00265      1.00333       321002.70      71.6916      3.37047       25488237.      62.8640      2210.30    NbL
      4.81000      4.80657      4.80703      4.80634      4.80616      4.80661      4.84264    0.0146122      225.234  6.45613e-14     0.497488     0.499327     0.996410     0.996407       80116.593      71.9579      3.37672   2.2464983e+08      5.34115      12409.5    NbM
      3.05000      3.05022      3.05095      3.04986      3.04760      3.04833      3.04964    0.0169901      412.744  4.48445e-13      1.39139      1.39074      1.00071      1.00135       410616.88      71.6955      3.37056       3661076.6      197.175      864.547    IceBand
      1.87000      1.87433      1.87436      1.87431      1.87428      1.87431      1.87945   0.00216053      85.3955  2.43860e-12      2.85761      2.85930     0.999424     0.999409       174479.63      75.5056      3.45896       92901.462      235.999      666.849    Palpha
      1.90000      1.90006      1.90009      1.90005      1.90003      1.90006      1.89716   0.00224497      87.5311  2.36521e-12      2.84825      2.85512     0.997610     0.997619       178257.33      75.3290      3.45491       3905.8154      262.618      138.462    PalphaCont
      1.87000      1.87436      1.87439      1.87434      1.87431      1.87434      1.87947   0.00208952      82.5878  2.43855e-12      2.85766      2.85940     0.999407     0.999391       168745.35      75.5054      3.45895       89567.204      230.160      677.078    Palpha+Hw
      1.90000      1.90005      1.90008      1.90004      1.90003      1.90005      1.89717   0.00217773      84.9098  2.36523e-12      2.84825      2.85511     0.997610     0.997619       172918.75      75.3291      3.45491       3790.2462      256.274      140.769    PalphaCont+Hw
      3.30000      3.30067      3.30090      3.30055      3.29981      3.30004      3.30042   0.00898904      201.769  3.35844e-13      1.22037      1.22012      1.00028      1.00047       176056.98      71.6794      3.37018       4803538.3      76.8766      2025.74    PAHband
