lvega5.sav

atranfiles/atran_41K_45deg_1-6mum.txt

    lambda_ref   lambda_mean   lambda_1     lambda_pivot  lambda_eff  lambda_eff_ph  lambda_iso   width      Response  F_mean          Fnu_mean    Fnu_lammean  ColorTerm   ColorTerm   Source Count Rate   Source Size Source FWHM    Bkgd          S/N        Fnu_limit   Filter
     microns       microns      microns      microns      microns      microns       microns    microns      e/s/mJy   W/m^2/mum        Jy           Jy                                 electrons/s          pix        arcsec         e-/s                     microJy
      1.25000      1.24155      1.24643      1.23909      1.22612      1.23104      1.23598    0.0309841      1856.14  1.15153e-12     0.589743     0.589792      1.00389      1.01977       782670.53      82.0373      3.60538       20904.734      743.901      14.6493    Jband
      1.65000      1.63157      1.63558      1.62957      1.61881      1.62282      1.61497    0.0352372      1603.90  4.79341e-13     0.424590     0.433711     0.981381      1.00814       486914.50      77.5433      3.50528       68207.157      530.675      30.4434    Hband
      1.80000      1.79316      1.80603      1.78669      1.75107      1.76366      1.72671    0.0658856      2741.73  3.57602e-13     0.380784     0.383649     0.999735      1.02475       746466.35      76.4159      3.47965       115546.41      697.724      23.1558    Hwide
      2.12000      2.10506      2.11012      2.10252      2.08745      2.09246      2.04336    0.0434523      1532.88  2.03563e-13     0.300165     0.300390      1.00166      1.00798       328984.71      74.1944      3.42877       54277.399      405.680      28.4298    Kband
      2.50000      2.48515      2.49187      2.48181      2.46073      2.46724      2.48028    0.0515381      1540.49  1.12772e-13     0.231696     0.230656      1.00722      1.02143       255201.42      72.6165      3.39213       356718.40      271.975      72.3380    Klong
      2.32000      2.30798      2.32920      2.29720      2.23131      2.25246      2.20857    0.0890971      2886.77  1.51412e-13     0.266525     0.259480      1.03682      1.06138       550118.96      73.5241      3.41320       334272.58      511.593      37.3695    Kwide
      3.55000      3.53464      3.54231      3.53078      3.50589      3.51360      3.52949    0.0682343      1433.24  3.07969e-14     0.128064     0.127653      1.00542      1.01149       131236.49      71.6889      3.37040       29409068.      24.0385      705.604    Lband
      3.87000      3.84796      3.85520      3.84433      3.82057      3.82780      3.77625    0.0702619      1355.26  2.23735e-14     0.110295     0.110268      1.00213      1.00699       106877.11      71.7211      3.37116       74642023.      12.3399      1188.79    LPrimeband
      4.10000      4.08735      4.23882      4.01041      3.56355      3.68654      3.79113     0.268389      5052.92  2.14291e-14     0.114964    0.0992781      1.20286      1.32822       415345.99      71.7745      3.37241   1.2171478e+09      11.9019      1287.55    LPlusM
      4.90000      4.84380      4.84880      4.84129      4.82535      4.83038      4.72121    0.0579102      886.609  9.38661e-15    0.0733857    0.0735662     0.998581      1.00160       46521.083      71.9675      3.37694   4.3565091e+08      2.22805      4390.07    Mband
      3.61000      3.60272      3.60361      3.60227      3.59935      3.60024      3.60155    0.0222433      457.499  2.85425e-14     0.123545     0.123316      1.00210      1.00209       40413.033      71.6916      3.37047       10642281.      12.2140      1329.76    NbL
      4.81000      4.80657      4.80703      4.80634      4.80484      4.80530      4.80574    0.0155316      239.407  9.68394e-15    0.0746212    0.0746013      1.00036      1.00026       12773.353      71.9575      3.37671   1.2889910e+08      1.12386      8843.50    NbM
      3.05000      3.05020      3.05092      3.04984      3.04758      3.04831      3.03182    0.0184375      447.910  5.27744e-14     0.163741     0.162615      1.00716      1.00620       52438.930      71.6955      3.37056       1208709.6      42.4460      457.807    IceBand
      1.87000      1.87432      1.87435      1.87431      1.87414      1.87418      1.87645   0.00240304      94.9814  2.89487e-13     0.339227     0.310873      1.09123      1.09322       23037.485      75.5066      3.45898       4747.7319      41.5776      139.762    Palpha
      1.90000      1.90006      1.90009      1.90005      1.89998      1.90001      1.89516   0.00249163      97.1485  2.91506e-13     0.351039     0.351461     0.998814     0.998980       24383.593      75.3293      3.45492       4139.1296      44.0012      128.158    PalphaCont
      1.87000      1.87435      1.87438      1.87434      1.87418      1.87421      1.87646   0.00232405      91.8578  2.89442e-13     0.339185     0.310296      1.09312      1.09518       22277.127      75.5064      3.45898       4600.8519      40.2649      142.403    Palpha+Hw
      1.90000      1.90005      1.90008      1.90004      1.89998      1.90000      1.89516   0.00241700      94.2392  2.91509e-13     0.351041     0.351547     0.998576     0.998994       23653.481      75.3294      3.45492       4016.4957      42.7430      130.282    PalphaCont+Hw
      3.30000      3.30063      3.30086      3.30051      3.29979      3.30003      3.28944   0.00964305      216.452  3.88984e-14     0.141343     0.135240      1.04520      1.04305       21874.714      71.6794      3.37018       1986015.9      14.5093      1214.27    PAHband
