lvega5.sav

atranfiles/atran_41K_45deg_1-6mum.txt

    lambda_ref   lambda_mean   lambda_1     lambda_pivot  lambda_eff  lambda_eff_ph  lambda_iso   width      Response  F_mean          Fnu_mean    Fnu_lammean  ColorTerm   ColorTerm   Source Count Rate   Source Size Source FWHM    Bkgd          S/N        Fnu_limit   Filter
     microns       microns      microns      microns      microns      microns       microns    microns      e/s/mJy   W/m^2/mum        Jy           Jy                                 electrons/s          pix        arcsec         e-/s                     microJy
      1.25000      1.24155      1.24643      1.23909      1.22502      1.22993      1.23424    0.0309841      1856.14  1.08256e-11      5.54421      5.52720      1.00706      1.02387       7357939.2      82.0532      3.60573       20904.750      2654.67      14.6493    Jband
      1.65000      1.63157      1.63558      1.62957      1.61824      1.62224      1.61494    0.0352372      1603.90  4.28406e-12      3.79473      3.87139     0.982613      1.00975       4351749.7      77.5485      3.50540       68207.163      2005.88      30.4434    Hband
      1.80000      1.79316      1.80603      1.78669      1.74951      1.76207      1.72867    0.0658856      2741.73  3.16296e-12      3.36800      3.38223      1.00302      1.02901       6602431.3      76.4283      3.47993       115546.43      2495.38      23.1558    Hwide
      2.12000      2.10506      2.11012      2.10252      2.08697      2.09198      2.10311    0.0434523      1532.88  1.76550e-12      2.60334      2.60300      1.00254      1.00910       2853292.7      74.1969      3.42883       54277.401      1599.56      28.4298    Kband
      2.50000      2.48515      2.49187      2.48181      2.46026      2.46677      2.47983    0.0515381      1540.49  9.64666e-13      1.98195      1.97151      1.00801      1.02243       2183024.8      72.6180      3.39216       356718.40      1302.68      72.3380    Klong
      2.32000      2.30798      2.32920      2.29720      2.22952      2.25065      2.20778    0.0890971      2886.77  1.30557e-12      2.29814      2.23047      1.04003      1.06546       4743457.1      73.5320      3.41338       334272.59      2050.84      37.3695    Kwide
      3.55000      3.53464      3.54231      3.53078      3.50546      3.51317      3.52896    0.0682343      1433.24  2.58034e-13      1.07300      1.06892      1.00601      1.01220       1099576.9      71.6889      3.37040       29409068.      198.214      705.604    Lband
      3.87000      3.84796      3.85520      3.84433      3.82020      3.82743      3.77610    0.0702619      1355.26  1.86605e-13     0.919907     0.919427      1.00241      1.00737       891400.69      71.7210      3.37116       74642023.      102.386      1188.79    LPrimeband
      4.10000      4.08735      4.23882      4.01041      3.55768      3.67995      3.82706     0.268389      5052.92  1.79295e-13     0.961893     0.825172      1.21085      1.33973       3475164.9      71.7738      3.37240   1.2171478e+09      99.4575      1287.55    LPlusM
      4.90000      4.84380      4.84880      4.84129      4.82521      4.83023      4.72056    0.0579102      886.609  7.73433e-14     0.604680     0.605818     0.999156      1.00220       383321.90      71.9674      3.37694   4.3565091e+08      18.3515      4390.07    Mband
      3.61000      3.60272      3.60361      3.60227      3.59931      3.60020      3.60136    0.0222433      457.499  2.38785e-13      1.03357      1.03160      1.00215      1.00215       338093.06      71.6916      3.37047       10642281.      100.820      1329.76    NbL
      4.81000      4.80657      4.80703      4.80634      4.80483      4.80528      4.80567    0.0155316      239.407  7.97688e-14     0.614671     0.614452      1.00045      1.00035       105216.93      71.9575      3.37671   1.2889910e+08      9.25414      8843.50    NbM
      3.05000      3.05020      3.05092      3.04984      3.04754      3.04827      3.03189    0.0184375      447.910  4.45471e-13      1.38214      1.37257      1.00721      1.00626       442639.23      71.6955      3.37056       1208709.6      319.741      457.807    IceBand
      1.87000      1.87432      1.87435      1.87431      1.87414      1.87417      1.87647   0.00240304      94.9814  2.53888e-12      2.97511      2.72641      1.09124      1.09324       202045.01      75.5066      3.45898       4747.7319      289.816      139.762    Palpha
      1.90000      1.90006      1.90009      1.90005      1.89998      1.90001      1.89510   0.00249163      97.1485  2.55266e-12      3.07398      3.07766     0.998819     0.998987       213522.30      75.3294      3.45492       4139.1296      303.111      128.158    PalphaCont
      1.87000      1.87435      1.87438      1.87434      1.87417      1.87420      1.87646   0.00232405      91.8578  2.53848e-12      2.97474      2.72135      1.09313      1.09520       195376.08      75.5064      3.45898       4600.8519      282.237      142.403    Palpha+Hw
      1.90000      1.90005      1.90008      1.90004      1.89997      1.90000      1.89507   0.00241700      94.2392  2.55269e-12      3.07400      3.07841     0.998581     0.999000       207128.94      75.3294      3.45492       4016.4957      295.985      130.282    PalphaCont+Hw
      3.30000      3.30063      3.30086      3.30051      3.29978      3.30002      3.28945   0.00964305      216.452  3.27078e-13      1.18849      1.13734      1.04505      1.04290       183934.14      71.6794      3.37018       1986015.9      117.872      1214.27    PAHband
