../sofiacalib/cohen_supertemplates/HD222732.tem.txt

atranfiles/atran_41K_45deg_1-6mum.txt

    lambda_ref   lambda_mean   lambda_1     lambda_pivot  lambda_eff  lambda_eff_ph  lambda_iso   width      Response  F_mean          Fnu_mean    Fnu_lammean  ColorTerm   ColorTerm   Source Count Rate   Source Size Source FWHM    Bkgd          S/N        Fnu_limit   Filter
     microns       microns      microns      microns      microns      microns       microns    microns      e/s/mJy   W/m^2/mum        Jy           Jy                                 electrons/s          pix        arcsec         e-/s                     microJy
      1.25000      1.24155      1.24643      1.23909      1.23476      1.23968      1.24227    0.0309841      1856.14  5.61081e-12      2.87351      2.88934     0.998475     0.996588       3813549.4      81.9135      3.60266       20904.610      1874.85      14.6491    Jband
      1.65000      1.63157      1.63558      1.62957      1.62219      1.62611      1.59783    0.0352372      1603.90  3.84599e-12      3.40669      3.49421     0.977356     0.966317       3906750.2      77.5127      3.50459       68207.127      1892.47      30.4434    Hband
      1.80000      1.79316      1.80603      1.78669      1.75118      1.76367      1.77831    0.0658856      2741.73  2.89539e-12      3.08308      2.95721      1.05013      1.10575       6043892.0      76.4152      3.47963       134092.80      2377.83      24.9400    Hwide
      2.12000      2.10506      2.11012      2.10252      2.08762      2.09264      2.10471    0.0434523      1532.88  1.65823e-12      2.44516      2.43371      1.00713      1.03515       2679929.4      74.1934      3.42875       54277.398      1545.05      28.4298    Kband
      2.50000      2.48515      2.49187      2.48181      2.46324      2.47005      2.40439    0.0515381      1540.49  8.44239e-13      1.73453      1.60123      1.08617      1.06842       1910500.5      72.6099      3.39197       357013.87      1199.69      72.3679    Klong
      2.32000      2.30798      2.32920      2.29720      2.22428      2.24547      2.28521    0.0890971      2886.77  1.18681e-12      2.08909      1.99634      1.05631      1.14594       4311971.4      73.5559      3.41394       343648.73      1942.48      37.8894    Kwide
      3.55000      3.53464      3.54231      3.53078      3.50620      3.51395      3.52485    0.0682343      1433.24  2.63553e-13      1.09595      1.08743      1.01004      1.01588       1123093.8      71.6890      3.37040       29409167.      202.376      705.605    Lband
      3.87000      3.84796      3.85520      3.84433      3.82001      3.82721      3.84012    0.0702619      1355.26  1.91277e-13     0.942938     0.936973      1.00827      1.01412       913718.57      71.7210      3.37116   1.0420343e+08      89.0079      1404.60    LPrimeband
      4.10000      4.08735      4.23882      4.01041      3.52783      3.64079      3.92827     0.268389      5052.92  1.74982e-13     0.938755     0.834390      1.16866      1.33762       3391569.3      71.7657      3.37220   1.2180012e+09      97.0344      1288.00    LPlusM
      4.90000      4.84380      4.84880      4.84129      4.83122      4.83625      4.88741    0.0579102      886.609  6.26197e-14     0.489568     0.504907     0.970627     0.972663       310350.02      71.9694      3.37699   4.3565091e+08      14.8592      4390.07    Mband
      3.61000      3.60272      3.60361      3.60227      3.59949      3.60038      3.60017    0.0222433      457.499  2.43507e-13      1.05401      1.05148      1.00265      1.00333       344778.89      71.6916      3.37047       10643701.      102.777      1329.85    NbL
      4.81000      4.80657      4.80703      4.80634      4.80616      4.80661      4.84264    0.0155316      239.407  6.45613e-14     0.497488     0.499327     0.996410     0.996407       85157.944      71.9579      3.37672   1.2892641e+08      7.48968      8844.43    NbM
      3.05000      3.05020      3.05092      3.04984      3.04758      3.04830      3.04962    0.0184375      447.910  4.48457e-13      1.39141      1.39076      1.00071      1.00135       445606.47      71.6955      3.37056       1360509.7      309.625      485.697    IceBand
      1.87000      1.87432      1.87435      1.87431      1.87428      1.87431      1.87945   0.00240303      94.9810  2.43861e-12      2.85761      2.85929     0.999429     0.999413       194064.31      75.5057      3.45896       103097.13      255.618      631.483    Palpha
      1.90000      1.90006      1.90009      1.90005      1.90003      1.90006      1.89716   0.00249163      97.1485  2.36521e-12      2.84825      2.85512     0.997609     0.997617       197842.75      75.3290      3.45491       4139.1293      285.398      128.158    PalphaCont
      1.87000      1.87435      1.87438      1.87434      1.87431      1.87434      1.87947   0.00232405      91.8578  2.43856e-12      2.85765      2.85938     0.999412     0.999396       187685.77      75.5054      3.45895       99398.816      249.406      641.174    Palpha+Hw
      1.90000      1.90005      1.90008      1.90004      1.90003      1.90005      1.89716   0.00241700      94.2392  2.36522e-12      2.84825      2.85511     0.997609     0.997618       191917.57      75.3291      3.45491       4016.4953      278.610      130.282    PalphaCont+Hw
      3.30000      3.30063      3.30086      3.30051      3.29977      3.30000      3.30037   0.00964305      216.452  3.35860e-13      1.22040      1.22014      1.00028      1.00047       188872.81      71.6794      3.37018       1986015.9      120.914      1214.27    PAHband
