lvega5.sav

atranfiles/atran_41K_45deg_1-6mum.txt

    lambda_ref   lambda_mean   lambda_1     lambda_pivot  lambda_eff  lambda_eff_ph  lambda_iso   width      Response  F_mean          Fnu_mean    Fnu_lammean  ColorTerm   ColorTerm   Source Count Rate   Source Size Source FWHM    Bkgd          S/N        Fnu_limit   Filter
     microns       microns      microns      microns      microns      microns       microns    microns      e/s/mJy   W/m^2/mum        Jy           Jy                                 electrons/s          pix        arcsec         e-/s                     microJy
      1.25000      1.24155      1.24643      1.23909      1.22481      1.22972      1.23418    0.0309841      1856.14  2.92172e-12      1.49633      1.49080      1.00769      1.02468       1985833.1      82.0562      3.60580       20904.753      1306.53      14.6493    Jband
      1.65000      1.63157      1.63558      1.62957      1.61813      1.62213      1.61493    0.0352372      1603.90  1.14512e-12      1.01432      1.03456     0.982854      1.01007       1163212.3      77.5495      3.50542       68207.164      944.050      30.4434    Hband
      1.80000      1.79316      1.80603      1.78669      1.74921      1.76177      1.72869    0.0658856      2741.73  8.43785e-13     0.898484     0.901704      1.00366      1.02983       1761333.4      76.4307      3.47998       115546.43      1198.57      23.1558    Hwide
      2.12000      2.10506      2.11012      2.10252      2.08688      2.09189      2.10307    0.0434523      1532.88  4.69222e-13     0.691896     0.691690      1.00271      1.00931       758326.21      74.1974      3.42884       54277.402      727.351      28.4298    Kband
      2.50000      2.48515      2.49187      2.48181      2.46017      2.46668      2.47982    0.0515381      1540.49  2.55708e-13     0.525365     0.522518      1.00816      1.02262       578663.54      72.6182      3.39217       356718.40      527.384      72.3380    Klong
      2.32000      2.30798      2.32920      2.29720      2.22918      2.25031      2.23805    0.0890971      2886.77  3.46600e-13     0.610107     0.591789      1.04066      1.06624       1259287.0      73.5335      3.41342       334272.59      921.995      37.3695    Kwide
      3.55000      3.53464      3.54231      3.53078      3.50538      3.51309      3.52892    0.0682343      1433.24  6.81286e-14     0.283303     0.282195      1.00612      1.01233       290320.39      71.6889      3.37040       29409068.      53.0364      705.604    Lband
      3.87000      3.84796      3.85520      3.84433      3.82013      3.82736      3.77610    0.0702619      1355.26  4.92263e-14     0.242671     0.242532      1.00247      1.00744       235151.17      71.7210      3.37116       74642023.      27.1272      1188.79    LPrimeband
      4.10000      4.08735      4.23882      4.01041      3.55656      3.67870      3.82680     0.268389      5052.92  4.73270e-14     0.253903     0.217537      1.21239      1.34194       917309.79      71.7737      3.37239   1.2171478e+09      26.2805      1287.55    LPlusM
      4.90000      4.84380      4.84880      4.84129      4.82518      4.83021      4.71977    0.0579102      886.609  2.03560e-14     0.159146     0.159428     0.999266      1.00231       100886.48      71.9674      3.37694   4.3565091e+08      4.83149      4390.07    Mband
      3.61000      3.60272      3.60361      3.60227      3.59930      3.60019      3.60136    0.0222433      457.499  6.30280e-14     0.272814     0.272292      1.00216      1.00216       89240.685      71.6916      3.37047       10642281.      26.9112      1329.76    NbL
      4.81000      4.80657      4.80703      4.80634      4.80483      4.80528      4.80567    0.0155316      239.407  2.09931e-14     0.161766     0.161705      1.00047      1.00037       27690.421      71.9575      3.37671   1.2889910e+08      2.43618      8843.50    NbM
      3.05000      3.05020      3.05092      3.04984      3.04753      3.04826      3.03189    0.0184375      447.910  1.17784e-13     0.365443     0.362908      1.00722      1.00627       117035.02      71.6955      3.37056       1208709.6      92.7893      457.807    IceBand
      1.87000      1.87432      1.87435      1.87431      1.87414      1.87417      1.87648   0.00240304      94.9814  6.76198e-13     0.792382     0.726141      1.09124      1.09324       53812.004      75.5066      3.45898       4747.7319      92.5892      139.762    Palpha
      1.90000      1.90006      1.90009      1.90005      1.89998      1.90001      1.89508   0.00249163      97.1485  6.79667e-13     0.818474     0.819453     0.998820     0.998988       56852.181      75.3294      3.45492       4139.1296      97.5639      128.158    PalphaCont
      1.87000      1.87435      1.87438      1.87434      1.87417      1.87420      1.87647   0.00232405      91.8578  6.76091e-13     0.792283     0.724793      1.09313      1.09520       52035.807      75.5064      3.45898       4600.8519      89.7891      142.403    Palpha+Hw
      1.90000      1.90005      1.90008      1.90004      1.89997      1.90000      1.89503   0.00241700      94.2392  6.79677e-13     0.818479     0.819653     0.998582     0.999002       55149.898      75.3294      3.45492       4016.4957      94.8980      130.282    PalphaCont+Hw
      3.30000      3.30063      3.30086      3.30051      3.29978      3.30001      3.28945   0.00964305      216.452  8.64168e-14     0.314008     0.300502      1.04502      1.04288       48596.947      71.6794      3.37018       1986015.9      32.0461      1214.27    PAHband
