../sofiacalib/cohen_supertemplates/HD29250.tem.txt

atranfiles/atran_41K_45deg_1-6mum.txt

    lambda_ref   lambda_mean   lambda_1     lambda_pivot  lambda_eff  lambda_eff_ph  lambda_iso   width      Response  F_mean          Fnu_mean    Fnu_lammean  ColorTerm   ColorTerm   Source Count Rate   Source Size Source FWHM    Bkgd          S/N        Fnu_limit   Filter
     microns       microns      microns      microns      microns      microns       microns    microns      e/s/mJy   W/m^2/mum        Jy           Jy                                 electrons/s          pix        arcsec         e-/s                     microJy
      1.25000      1.24639      1.25114      1.24398      1.23078      1.23564      1.24548    0.0242547      1447.22  5.18169e-13     0.267473     0.267656      1.00319      1.01204       276771.54      81.9705      3.60392       16633.422      358.348      16.7943    Jband
      1.65000      1.63218      1.63618      1.63018      1.61884      1.62284      1.62065    0.0311562      1417.61  2.10278e-13     0.186399     0.186038      1.00441      1.02931       188932.18      77.5430      3.50528       60466.437      258.025      32.4409    Hband
      1.80000      1.79410      1.80692      1.78765      1.75066      1.76321      1.75581    0.0587275      2442.52  1.55105e-13     0.165337     0.166807     0.998351      1.05166       288744.69      76.4192      3.47972       124199.75      346.220      26.9454    Hwide
      2.12000      2.10579      2.11085      2.10325      2.08768      2.09270      2.10524    0.0392226      1383.19  8.67375e-14     0.127988     0.128150      1.00115      1.00930       126578.32      74.1931      3.42874       79676.195      182.582      38.1369    Kband
      2.50000      2.48550      2.49220      2.48216      2.45991      2.46642      2.47301    0.0473828      1416.08  4.73295e-14    0.0972683    0.0961181      1.01469      1.03154       98484.113      72.6190      3.39218       1077132.3      81.9518      136.699    Klong
      2.32000      2.31019      2.33133      2.29944      2.23136      2.25246      2.29786    0.0812529      2630.02  6.39301e-14     0.112753     0.111353      1.02206      1.05200       212027.34      73.5237      3.41319       958453.69      176.544      69.4317    Kwide
      3.55000      3.53470      3.54237      3.53084      3.50493      3.51263      3.52885    0.0637146      1338.29  1.25961e-14    0.0523807    0.0521638      1.00635      1.01255       50121.808      71.6889      3.37040       68531852.      6.04065      1153.54    Lband
      3.87000      3.84861      3.85584      3.84498      3.82079      3.82802      3.84900    0.0658777      1270.48  9.06410e-15    0.0446985    0.0447908     0.999822      1.00453       40603.807      71.7211      3.37116   1.8382919e+08      2.99225      1990.10    LPrimeband
      4.10000      4.09208      4.24302      4.01531      3.56018      3.68241      3.88513     0.251178      4722.84  8.69904e-15    0.0467830    0.0399918      1.21498      1.34387       157978.28      71.7738      3.37239   2.1527974e+09      3.40450      1832.03    LPlusM
      4.90000      4.84380      4.84880      4.84129      4.82520      4.83023      4.84687    0.0544819      834.122  3.74683e-15    0.0292932    0.0293836     0.997958      1.00026       17470.385      71.9674      3.37694   7.8688495e+08     0.622685      6271.33    Mband
      3.61000      3.60272      3.60361      3.60227      3.59922      3.60010      3.60115    0.0207094      425.950  1.16294e-14    0.0503376    0.0502584      1.00182      1.00261       15330.528      71.6916      3.37047       25488237.      3.02003      2210.30    NbL
      4.81000      4.80657      4.80703      4.80634      4.80484      4.80530      4.80690    0.0146122      225.234  3.86654e-15    0.0297943    0.0298056     0.999713      1.00002       4798.1388      71.9575      3.37671   2.2464983e+08     0.319932      12409.5    NbM
      3.05000      3.05022      3.05095      3.04986      3.04759      3.04832      3.02843    0.0169901      412.744  2.17768e-14    0.0675670    0.0663207      1.01903      1.01649       19939.832      71.6955      3.37056       3661076.6      10.0377      864.547    IceBand
      1.87000      1.87433      1.87436      1.87431      1.87416      1.87419      1.87606   0.00216053      85.3955  1.24122e-13     0.145450     0.137454      1.05818      1.05860       8880.8282      75.5065      3.45898       92901.463      14.3876      666.849    Palpha
      1.90000      1.90006      1.90009      1.90005      1.90001      1.90004      1.90101   0.00224497      87.5311  1.25385e-13     0.150992     0.151304     0.997956     0.997971       9449.8275      75.3292      3.45491       3905.8156      17.4900      138.462    PalphaCont
      1.87000      1.87436      1.87439      1.87434      1.87419      1.87422      1.87607   0.00208952      82.5878  1.24105e-13     0.145434     0.137401      1.05848      1.05890       8587.9038      75.5062      3.45897       89567.205      13.9797      677.078    Palpha+Hw
      1.90000      1.90005      1.90008      1.90004      1.90000      1.90003      1.90100   0.00217773      84.9098  1.25387e-13     0.150993     0.151304     0.997958     0.997972       9166.8486      75.3292      3.45492       3790.2463      16.9778      140.769    PalphaCont+Hw
      3.30000      3.30067      3.30090      3.30055      3.29996      3.30019      3.28237   0.00898904      201.769  1.60019e-14    0.0581467    0.0568794      1.02235      1.02201       8388.5405      71.6794      3.37018       4803538.3      3.72291      2025.74    PAHband
