../sofiacalib/cohen_supertemplates/HD29250.tem.txt

atranfiles/atran_41K_45deg_1-6mum.txt

    lambda_ref   lambda_mean   lambda_1     lambda_pivot  lambda_eff  lambda_eff_ph  lambda_iso   width      Response  F_mean          Fnu_mean    Fnu_lammean  ColorTerm   ColorTerm   Source Count Rate   Source Size Source FWHM    Bkgd          S/N        Fnu_limit   Filter
     microns       microns      microns      microns      microns      microns       microns    microns      e/s/mJy   W/m^2/mum        Jy           Jy                                 electrons/s          pix        arcsec         e-/s                     microJy
      1.25000      1.24155      1.24643      1.23909      1.22569      1.23061      1.24108    0.0309841      1856.14  5.24876e-13     0.268809     0.269660      1.00081      1.01233       356747.18      82.0435      3.60552       20904.740      432.286      14.6493    Jband
      1.65000      1.63157      1.63558      1.62957      1.61822      1.62222      1.62058    0.0352372      1603.90  2.10543e-13     0.186494     0.186678      1.00148      1.02671       213869.31      77.5487      3.50540       68207.163      283.563      30.4434    Hband
      1.80000      1.79316      1.80603      1.78669      1.74963      1.76220      1.75550    0.0658856      2741.73  1.55395e-13     0.165469     0.166925     0.998469      1.04247       324374.70      76.4273      3.47991       134092.82      376.799      24.9400    Hwide
      2.12000      2.10506      2.11012      2.10252      2.08697      2.09199      2.10458    0.0434523      1532.88  8.68480e-14     0.128063     0.128255      1.00091      1.00904       140358.03      74.1969      3.42883       54277.401      204.948      28.4298    Kband
      2.50000      2.48515      2.49187      2.48181      2.45953      2.46605      2.47259    0.0515381      1540.49  4.73566e-14    0.0972965    0.0961851      1.01428      1.03114       107167.38      72.6203      3.39221       357013.88      125.196      72.3679    Klong
      2.32000      2.30798      2.32920      2.29720      2.22909      2.25017      2.29547    0.0890971      2886.77  6.41643e-14     0.112946     0.111654      1.02109      1.05158       233125.49      73.5338      3.41342       343648.71      253.053      37.8894    Kwide
      3.55000      3.53464      3.54231      3.53078      3.50489      3.51259      3.52881    0.0682343      1433.24  1.25967e-14    0.0523816    0.0521654      1.00634      1.01253       53679.024      71.6889      3.37040       29409167.      9.84515      705.605    Lband
      3.87000      3.84796      3.85520      3.84433      3.82012      3.82735      3.84755    0.0702619      1355.26  9.07006e-15    0.0447127    0.0447889      1.00019      1.00454       43327.181      71.7210      3.37116   1.0420343e+08      4.23816      1404.60    LPrimeband
      4.10000      4.08735      4.23882      4.01041      3.55537      3.67736      3.88146     0.268389      5052.92  8.74187e-15    0.0468989    0.0400410      1.21664      1.34498       169438.12      71.7735      3.37239   1.2180012e+09      4.85411      1288.00    LPlusM
      4.90000      4.84380      4.84880      4.84129      4.82520      4.83023      4.84687    0.0579102      886.609  3.74683e-15    0.0292932    0.0293836     0.997958      1.00026       18569.712      71.9674      3.37694   4.3565091e+08     0.889394      4390.07    Mband
      3.61000      3.60272      3.60361      3.60227      3.59921      3.60010      3.60115    0.0222433      457.499  1.16295e-14    0.0503376    0.0502585      1.00182      1.00261       16466.042      71.6916      3.37047       10643701.      4.98165      1329.85    NbL
      4.81000      4.80657      4.80703      4.80634      4.80484      4.80530      4.80690    0.0155316      239.407  3.86654e-15    0.0297943    0.0298056     0.999713      1.00002       5100.0626      71.9575      3.37671   1.2892641e+08     0.448692      8844.43    NbM
      3.05000      3.05020      3.05092      3.04984      3.04756      3.04829      3.02843    0.0184375      447.910  2.17774e-14    0.0675677    0.0663146      1.01914      1.01659       21638.913      71.6955      3.37056       1360509.7      16.8598      485.697    IceBand
      1.87000      1.87432      1.87435      1.87431      1.87416      1.87419      1.87606   0.00240303      94.9810  1.24124e-13     0.145451     0.137465      1.05811      1.05853       9877.7974      75.5065      3.45898       103097.13      15.7728      631.483    Palpha
      1.90000      1.90006      1.90009      1.90005      1.90001      1.90004      1.90101   0.00249163      97.1485  1.25385e-13     0.150992     0.151304     0.997955     0.997969       10488.096      75.3292      3.45491       4139.1294      19.3695      128.158    PalphaCont
      1.87000      1.87435      1.87438      1.87434      1.87419      1.87422      1.87606   0.00232405      91.8578  1.24107e-13     0.145435     0.137411      1.05841      1.05883       9551.9560      75.5063      3.45897       99398.817      15.3313      641.174    Palpha+Hw
      1.90000      1.90005      1.90008      1.90004      1.90000      1.90003      1.90100   0.00241700      94.2392  1.25386e-13     0.150992     0.151304     0.997957     0.997971       10174.023      75.3292      3.45492       4016.4955      18.8035      130.282    PalphaCont+Hw
      3.30000      3.30063      3.30086      3.30051      3.29991      3.30015      3.28236   0.00964305      216.452  1.60023e-14    0.0581468    0.0568753      1.02243      1.02209       8998.9832      71.6794      3.37018       1986015.9      5.98592      1214.27    PAHband
