lvega5.sav

atranfiles/atran_41K_45deg_1-6mum.txt

    lambda_ref   lambda_mean   lambda_1     lambda_pivot  lambda_eff  lambda_eff_ph  lambda_iso   width      Response  F_mean          Fnu_mean    Fnu_lammean  ColorTerm   ColorTerm   Source Count Rate   Source Size Source FWHM    Bkgd          S/N        Fnu_limit   Filter
     microns       microns      microns      microns      microns      microns       microns    microns      e/s/mJy   W/m^2/mum        Jy           Jy                                 electrons/s          pix        arcsec         e-/s                     microJy
      1.25000      1.24155      1.24643      1.23909      1.22412      1.22903      1.23122    0.0309841      1856.14  3.98180e-11      20.3924      20.2745      1.00981      1.02739       27063479.      82.0662      3.60602       20904.763      5171.36      14.6494    Jband
      1.65000      1.63157      1.63558      1.62957      1.61777      1.62177      1.61492    0.0352372      1603.90  1.51190e-11      13.3920      13.6481     0.983656      1.01111       15357829.      77.5528      3.50550       68207.167      3874.38      30.4434    Hband
      1.80000      1.79316      1.80603      1.78669      1.74823      1.76078      1.72853    0.0658856      2741.73  1.10687e-11      11.7862      11.8034      1.00579      1.03258       23104997.      76.4384      3.48016       115546.44      4765.87      23.1558    Hwide
      2.12000      2.10506      2.11012      2.10252      2.08658      2.09159      2.10267    0.0434523      1532.88  6.07983e-12      8.96506      8.95736      1.00328      1.01002       9825815.5      74.1990      3.42888       54277.403      3083.47      28.4298    Kband
      2.50000      2.48515      2.49187      2.48181      2.45988      2.46638      2.47945    0.0515381      1540.49  3.28479e-12      6.74877      6.70886      1.00866      1.02325       7433436.7      72.6191      3.39219       356718.40      2618.53      72.3380    Klong
      2.32000      2.30798      2.32920      2.29720      2.22806      2.24918      2.23446    0.0890971      2886.77  4.47477e-12      7.87678      7.62518      1.04272      1.06885       16258012.      73.5385      3.41353       334272.60      3958.99      37.3695    Kwide
      3.55000      3.53464      3.54231      3.53078      3.50511      3.51282      3.52883    0.0682343      1433.24  8.63899e-13      3.59241      3.57702      1.00650      1.01278       3681385.2      71.6889      3.37040       29409068.      637.422      705.604    Lband
      3.87000      3.84796      3.85520      3.84433      3.81990      3.82713      3.77605    0.0702619      1355.26  6.22431e-13      3.06840      3.06609      1.00264      1.00768       2973316.6      71.7210      3.37116       74642023.      336.920      1188.79    LPrimeband
      4.10000      4.08735      4.23882      4.01041      3.55291      3.67460      3.82619     0.268389      5052.92  5.99635e-13      3.21695      2.74467      1.21748      1.34927       11622337.      71.7733      3.37238   1.2171478e+09      331.521      1287.55    LPlusM
      4.90000      4.84380      4.84880      4.84129      4.82509      4.83012      4.68113    0.0579102      886.609  2.55440e-13      1.99706      1.99988     0.999627      1.00269       1265987.4      71.9674      3.37694   4.3565091e+08      60.5477      4390.07    Mband
      3.61000      3.60272      3.60361      3.60227      3.59927      3.60016      3.60136    0.0222433      457.499  7.98464e-13      3.45612      3.44939      1.00220      1.00221       1130537.1      71.6916      3.37047       10642281.      325.843      1329.76    NbL
      4.81000      4.80657      4.80703      4.80634      4.80482      4.80527      4.80566    0.0155316      239.407  2.63384e-13      2.02955      2.02868      1.00053      1.00043       347410.17      71.9575      3.37671   1.2889910e+08      30.5272      8843.50    NbM
      3.05000      3.05020      3.05092      3.04984      3.04751      3.04824      3.03190    0.0184375      447.910  1.50049e-12      4.65551      4.62307      1.00725      1.00631       1490951.6      71.6956      3.37056       1208709.6      865.898      457.807    IceBand
      1.87000      1.87432      1.87435      1.87431      1.87414      1.87417      1.87648   0.00240304      94.9814  8.82281e-12      10.3387      9.47439      1.09125      1.09325       702121.66      75.5066      3.45898       4747.7319      707.055      139.762    Palpha
      1.90000      1.90006      1.90009      1.90005      1.89998      1.90001      1.89556   0.00249163      97.1485  8.85956e-12      10.6689      10.6817     0.998824     0.998992       741076.63      75.3294      3.45492       4139.1297      732.418      128.158    PalphaCont
      1.87000      1.87435      1.87438      1.87434      1.87417      1.87420      1.87649   0.00232405      91.8578  8.82141e-12      10.3374      9.45678      1.09314      1.09521       678945.59      75.5064      3.45898       4600.8519      691.949      142.403    Palpha+Hw
      1.90000      1.90005      1.90008      1.90004      1.89997      1.90000      1.89544   0.00241700      94.2392  8.85969e-12      10.6690      10.6843     0.998585     0.999006       718887.33      75.3294      3.45492       4016.4957      718.359      130.282    PalphaCont+Hw
      3.30000      3.30063      3.30086      3.30051      3.29977      3.30001      3.28945   0.00964305      216.452  1.09824e-12      3.99063      3.81933      1.04492      1.04278       617602.43      71.6794      3.37018       1986015.9      364.642      1214.27    PAHband
