../sofiacalib/cohen_supertemplates/HD5319.tem.txt

atranfiles/atran_41K_45deg_1-6mum.txt

    lambda_ref   lambda_mean   lambda_1     lambda_pivot  lambda_eff  lambda_eff_ph  lambda_iso   width      Response  F_mean          Fnu_mean    Fnu_lammean  ColorTerm   ColorTerm   Source Count Rate   Source Size Source FWHM    Bkgd          S/N        Fnu_limit   Filter
     microns       microns      microns      microns      microns      microns       microns    microns      e/s/mJy   W/m^2/mum        Jy           Jy                                 electrons/s          pix        arcsec         e-/s                     microJy
      1.25000      1.24639      1.25114      1.24398      1.23833      1.24316      1.24964    0.0242547      1447.22  9.13616e-12      4.71598      4.77250     0.991983      1.00189       4879930.5      81.8630      3.60155       16633.315      2140.14      16.7941    Jband
      1.65000      1.63218      1.63618      1.63018      1.62225      1.62617      1.62109    0.0311562      1417.61  5.45016e-12      4.83126      4.91293     0.985797     0.978957       4896912.1      77.5121      3.50458       60466.407      2138.41      32.4409    Hband
      1.80000      1.79410      1.80692      1.78765      1.75311      1.76559      1.77193    0.0587275      2442.52  4.12073e-12      4.39256      4.30654      1.02735      1.07282       7671177.0      76.4000      3.47928       124199.73      2699.06      26.9454    Hwide
      2.12000      2.10579      2.11085      2.10325      2.08800      2.09302      2.10466    0.0392226      1383.19  2.36127e-12      3.48425      3.45854      1.00987      1.01181       3445865.1      74.1913      3.42870       79676.193      1767.71      38.1369    Kband
      2.50000      2.48550      2.49220      2.48216      2.46348      2.47018      2.40477    0.0473828      1416.08  1.23422e-12      2.53648      2.34708      1.08360      1.07995       2568187.6      72.6087      3.39194       1077132.3      1298.15      136.699    Klong
      2.32000      2.31019      2.33133      2.29944      2.22887      2.25014      2.28476    0.0812529      2630.02  1.70495e-12      3.00701      2.89693      1.04773      1.09611       5654560.1      73.5355      3.41346       958453.70      2155.01      69.4317    Kwide
      3.55000      3.53470      3.54237      3.53084      3.50637      3.51411      3.52553    0.0637146      1338.29  3.62852e-13      1.50892      1.49703      1.01015      1.01627       1443847.4      71.6890      3.37040       68531852.      172.277      1153.54    Lband
      3.87000      3.84861      3.85584      3.84498      3.82140      3.82862      3.83892    0.0658777      1270.48  2.64280e-13      1.30326      1.29329      1.00962      1.01501       1183876.3      71.7212      3.37116   1.8382919e+08      86.9749      1990.10    LPrimeband
      4.10000      4.09208      4.24302      4.01531      3.54837      3.66576      3.91629     0.251178      4722.84  2.44723e-13      1.31611      1.16540      1.17292      1.32287       4444270.0      71.7697      3.37230   2.1527974e+09      95.6807      1832.03    LPlusM
      4.90000      4.84380      4.84880      4.84129      4.82573      4.83077      4.84395    0.0544819      834.122  9.64535e-14     0.754085     0.754957     0.999881      1.00275       449734.26      71.9676      3.37695   7.8688495e+08      16.0252      6271.33    Mband
      3.61000      3.60272      3.60361      3.60227      3.59947      3.60036      3.60197    0.0207094      425.950  3.35684e-13      1.45299      1.45226      1.00075      1.00140       442515.61      71.6916      3.37047       25488237.      86.4594      2210.30    NbL
      4.81000      4.80657      4.80703      4.80634      4.80499      4.80544      4.80820    0.0146122      225.234  9.90905e-14     0.763558     0.764526     0.998829     0.999061       122965.16      71.9575      3.37671   2.2464983e+08      8.19697      12409.5    NbM
      3.05000      3.05022      3.05095      3.04986      3.04766      3.04838      3.04872    0.0169901      412.744  6.17001e-13      1.91437      1.91136      1.00182      1.00245       564954.81      71.6955      3.37056       3661076.6      266.584      864.547    IceBand
      1.87000      1.87433      1.87436      1.87431      1.87423      1.87426      1.87623   0.00216053      85.3955  3.52690e-12      4.13292      4.13234      1.00016      1.00016       252347.11      75.5060      3.45897       92901.462      319.332      666.849    Palpha
      1.90000      1.90006      1.90009      1.90005      1.89999      1.90002      1.89639   0.00224497      87.5311  3.39251e-12      4.08535      4.08692     0.999633     0.999651       255680.98      75.3293      3.45492       3905.8157      348.534      138.462    PalphaCont
      1.87000      1.87436      1.87439      1.87434      1.87426      1.87429      1.87627   0.00208952      82.5878  3.52673e-12      4.13286      4.13240      1.00013      1.00013       244046.40      75.5058      3.45896       89567.205      311.746      677.078    Palpha+Hw
      1.90000      1.90005      1.90008      1.90004      1.89999      1.90001      1.89638   0.00217773      84.9098  3.39255e-12      4.08537      4.08692     0.999635     0.999654       248024.95      75.3293      3.45492       3790.2464      340.565      140.769    PalphaCont+Hw
      3.30000      3.30067      3.30090      3.30055      3.29985      3.30008      3.30033   0.00898904      201.769  4.61138e-13      1.67566      1.67518      1.00035      1.00053       241738.79      71.6794      3.37018       4803538.3      104.902      2025.74    PAHband
