../sofiacalib/cohen_supertemplates/HD5319.tem.txt

atranfiles/atran_41K_45deg_1-6mum.txt

    lambda_ref   lambda_mean   lambda_1     lambda_pivot  lambda_eff  lambda_eff_ph  lambda_iso   width      Response  F_mean          Fnu_mean    Fnu_lammean  ColorTerm   ColorTerm   Source Count Rate   Source Size Source FWHM    Bkgd          S/N        Fnu_limit   Filter
     microns       microns      microns      microns      microns      microns       microns    microns      e/s/mJy   W/m^2/mum        Jy           Jy                                 electrons/s          pix        arcsec         e-/s                     microJy
      1.25000      1.24155      1.24643      1.23909      1.23332      1.23825      1.24790    0.0309841      1856.14  9.19632e-12      4.70979      4.74380     0.996775     0.994609       6250542.6      81.9340      3.60311       20904.631      2437.75      14.6491    Jband
      1.65000      1.63157      1.63558      1.62957      1.62164      1.62557      1.62102    0.0352372      1603.90  5.45513e-12      4.83204      4.91127     0.986292     0.968931       5541323.2      77.5176      3.50470       68207.132      2282.06      30.4434    Hband
      1.80000      1.79316      1.80603      1.78669      1.75210      1.76459      1.77164    0.0658856      2741.73  4.12775e-12      4.39534      4.31779      1.02535      1.08144       8616353.7      76.4079      3.47947       115546.41      2869.81      23.1558    Hwide
      2.12000      2.10506      2.11012      2.10252      2.08731      2.09230      2.10453    0.0434523      1532.88  2.36417e-12      3.48610      3.47820      1.00469      1.03562       3820809.6      74.1951      3.42879       54277.399      1875.68      28.4298    Kband
      2.50000      2.48515      2.49187      2.48181      2.46308      2.46980      2.40475    0.0515381      1540.49  1.23490e-12      2.53717      2.34502      1.08486      1.07890       2794567.0      72.6100      3.39197       356718.39      1511.17      72.3380    Klong
      2.32000      2.30798      2.32920      2.29720      2.22661      2.24785      2.27581    0.0890971      2886.77  1.71149e-12      3.01267      2.90752      1.04592      1.12502       6218276.3      73.5455      3.41370       334272.61      2380.31      37.3695    Kwide
      3.55000      3.53464      3.54231      3.53078      3.50633      3.51407      3.52547    0.0682343      1433.24  3.62874e-13      1.50896      1.49707      1.01014      1.01627       1546335.6      71.6890      3.37040       29409068.      276.748      705.604    Lband
      3.87000      3.84796      3.85520      3.84433      3.82073      3.82795      3.83826    0.0702619      1355.26  2.64451e-13      1.30367      1.29368      1.00962      1.01502       1263268.7      71.7211      3.37116       74642023.      144.745      1188.79    LPrimeband
      4.10000      4.08735      4.23882      4.01041      3.54370      3.66084      3.91163     0.268389      5052.92  2.45947e-13      1.31947      1.16785      1.17360      1.32360       4767038.4      71.7694      3.37229   1.2171478e+09      136.358      1287.55    LPlusM
      4.90000      4.84380      4.84880      4.84129      4.82573      4.83077      4.84395    0.0579102      886.609  9.64535e-14     0.754085     0.754957     0.999881      1.00275       478033.87      71.9676      3.37695   4.3565091e+08      22.8833      4390.07    Mband
      3.61000      3.60272      3.60361      3.60227      3.59947      3.60036      3.60197    0.0222433      457.499  3.35684e-13      1.45299      1.45226      1.00075      1.00140       475292.13      71.6916      3.37047       10642281.      140.876      1329.76    NbL
      4.81000      4.80657      4.80703      4.80634      4.80499      4.80544      4.80820    0.0155316      239.407  9.90905e-14     0.763558     0.764526     0.998829     0.999061       130702.77      71.9575      3.37671   1.2889910e+08      11.4946      8843.50    NbM
      3.05000      3.05020      3.05092      3.04984      3.04764      3.04836      3.04870    0.0184375      447.910  6.17018e-13      1.91439      1.91138      1.00181      1.00245       613095.18      71.6955      3.37056       1208709.6      424.398      457.807    IceBand
      1.87000      1.87432      1.87435      1.87431      1.87423      1.87426      1.87628   0.00240304      94.9814  3.52694e-12      4.13294      4.13232      1.00016      1.00017       280674.59      75.5060      3.45897       4747.7313      373.522      139.762    Palpha
      1.90000      1.90006      1.90009      1.90005      1.89999      1.90002      1.89638   0.00249163      97.1485  3.39251e-12      4.08535      4.08692     0.999632     0.999651       283773.33      75.3293      3.45492       4139.1296      377.033      128.158    PalphaCont
      1.87000      1.87435      1.87438      1.87434      1.87426      1.87429      1.87626   0.00232405      91.8578  3.52677e-12      4.13287      4.13239      1.00013      1.00014       271440.26      75.5058      3.45896       4600.8513      364.272      142.403    Palpha+Hw
      1.90000      1.90005      1.90008      1.90004      1.89999      1.90001      1.89637   0.00241700      94.2392  3.39255e-12      4.08537      4.08692     0.999635     0.999653       275276.04      75.3293      3.45492       4016.4956      368.558      130.282    PalphaCont+Hw
      3.30000      3.30063      3.30086      3.30051      3.29981      3.30004      3.30029   0.00964305      216.452  4.61159e-13      1.67569      1.67521      1.00036      1.00053       259335.24      71.6794      3.37018       1986015.9      163.677      1214.27    PAHband
