lvega5.sav

atranfiles/atran_41K_45deg_1-6mum.txt

    lambda_ref   lambda_mean   lambda_1     lambda_pivot  lambda_eff  lambda_eff_ph  lambda_iso   width      Response  F_mean          Fnu_mean    Fnu_lammean  ColorTerm   ColorTerm   Source Count Rate   Source Size Source FWHM    Bkgd          S/N        Fnu_limit   Filter
     microns       microns      microns      microns      microns      microns       microns    microns      e/s/mJy   W/m^2/mum        Jy           Jy                                 electrons/s          pix        arcsec         e-/s                     microJy
      1.25000      1.24155      1.24643      1.23909      1.22401      1.22892      1.23117    0.0309841      1856.14  4.36759e-11      22.3681      22.2311      1.01016      1.02783       29685596.      82.0678      3.60605       20904.765      5418.92      14.6494    Jband
      1.65000      1.63157      1.63558      1.62957      1.61771      1.62171      1.61491    0.0352372      1603.90  1.64988e-11      14.6143      14.8917     0.983787      1.01128       16759464.      77.5533      3.50551       68207.167      4051.15      30.4434    Hband
      1.80000      1.79316      1.80603      1.78669      1.74808      1.76062      1.72851    0.0658856      2741.73  1.20663e-11      12.8485      12.8627      1.00614      1.03303       25187370.      76.4396      3.48019       115546.44      4979.49      23.1558    Hwide
      2.12000      2.10506      2.11012      2.10252      2.08653      2.09155      2.10267    0.0434523      1532.88  6.61455e-12      9.75354      9.74426      1.00337      1.01013       10689996.      74.1993      3.42888       54277.404      3220.42      28.4298    Kband
      2.50000      2.48515      2.49187      2.48181      2.45983      2.46633      2.47944    0.0515381      1540.49  3.56870e-12      7.33206      7.28812      1.00874      1.02336       8075910.6      72.6193      3.39219       356718.40      2737.81      72.3379    Klong
      2.32000      2.30798      2.32920      2.29720      2.22788      2.24900      2.23793    0.0890971      2886.77  4.86549e-12      8.56455      8.28830      1.04305      1.06927       17677587.      73.5393      3.41355       334272.60      4134.18      37.3695    Kwide
      3.55000      3.53464      3.54231      3.53078      3.50507      3.51278      3.52865    0.0682343      1433.24  9.36598e-13      3.89471      3.87780      1.00656      1.01286       3991181.7      71.6889      3.37040       29409068.      687.876      705.604    Lband
      3.87000      3.84796      3.85520      3.84433      3.81987      3.82709      3.77608    0.0702619      1355.26  6.74498e-13      3.32507      3.32248      1.00267      1.00772       3222037.9      71.7210      3.37116       74642023.      364.522      1188.79    LPrimeband
      4.10000      4.08735      4.23882      4.01041      3.55232      3.67394      3.78669     0.268389      5052.92  6.50011e-13      3.48722      2.97322      1.21831      1.35047       12598747.      71.7732      3.37238   1.2171478e+09      359.230      1287.55    LPlusM
      4.90000      4.84380      4.84880      4.84129      4.82507      4.83010      4.67446    0.0579102      886.609  2.76467e-13      2.16146      2.16438     0.999685      1.00275       1370203.0      71.9674      3.37694   4.3565091e+08      65.5242      4390.07    Mband
      3.61000      3.60272      3.60361      3.60227      3.59927      3.60016      3.60136    0.0222433      457.499  8.65523e-13      3.74638      3.73907      1.00220      1.00221       1225485.8      71.6916      3.37047       10642281.      351.825      1329.76    NbL
      4.81000      4.80657      4.80703      4.80634      4.80482      4.80527      4.80565    0.0155316      239.407  2.85057e-13      2.19655      2.19559      1.00053      1.00044       375997.15      71.9575      3.37671   1.2889910e+08      33.0355      8843.50    NbM
      3.05000      3.05020      3.05092      3.04984      3.04751      3.04824      3.03190    0.0184375      447.910  1.62798e-12      5.05107      5.01585      1.00726      1.00632       1617632.2      71.6956      3.37056       1208709.6      920.020      457.807    IceBand
      1.87000      1.87432      1.87435      1.87431      1.87414      1.87417      1.87648   0.00240304      94.9814  9.60958e-12      11.2607      10.3193      1.09125      1.09325       764733.38      75.5066      3.45898       4747.7319      746.764      139.762    Palpha
      1.90000      1.90006      1.90009      1.90005      1.89998      1.90001      1.89552   0.00249163      97.1485  9.64812e-12      11.6185      11.6324     0.998824     0.998993       807036.63      75.3294      3.45492       4139.1297      773.092      128.158    PalphaCont
      1.87000      1.87435      1.87438      1.87434      1.87417      1.87420      1.87649   0.00232405      91.8578  9.60805e-12      11.2593      10.3001      1.09314      1.09521       739490.43      75.5064      3.45898       4600.8519      731.018      142.403    Palpha+Hw
      1.90000      1.90005      1.90008      1.90004      1.89997      1.90000      1.89549   0.00241700      94.2392  9.64825e-12      11.6186      11.6352     0.998586     0.999007       782872.38      75.3294      3.45492       4016.4957      758.443      130.282    PalphaCont+Hw
      3.30000      3.30063      3.30086      3.30051      3.29977      3.30001      3.28945   0.00964305      216.452  1.19109e-12      4.32800      4.14229      1.04491      1.04277       669816.10      71.6794      3.37018       1986015.9      391.920      1214.27    PAHband
