../sofiacalib/cohen_supertemplates/HD62388.tem.txt

atranfiles/atran_41K_45deg_1-6mum.txt

    lambda_ref   lambda_mean   lambda_1     lambda_pivot  lambda_eff  lambda_eff_ph  lambda_iso   width      Response  F_mean          Fnu_mean    Fnu_lammean  ColorTerm   ColorTerm   Source Count Rate   Source Size Source FWHM    Bkgd          S/N        Fnu_limit   Filter
     microns       microns      microns      microns      microns      microns       microns    microns      e/s/mJy   W/m^2/mum        Jy           Jy                                 electrons/s          pix        arcsec         e-/s                     microJy
      1.25000      1.24639      1.25114      1.24398      1.22954      1.23441      1.24330    0.0242547      1447.22  9.89585e-13     0.510812     0.507347      1.01073      1.01801       528570.81      81.9882      3.60430       16633.440      573.857      16.7944    Jband
      1.65000      1.63218      1.63618      1.63018      1.61870      1.62270      1.62078    0.0311562      1417.61  3.83573e-13     0.340016     0.339717      1.00334      1.02711       344635.93      77.5443      3.50531       60466.439      414.334      32.4409    Hband
      1.80000      1.79410      1.80692      1.78765      1.75000      1.76253      1.79206    0.0587275      2442.52  2.81869e-13     0.300463     0.301542      1.00363      1.04810       524729.11      76.4244      3.47984       124199.76      543.667      26.9454    Hwide
      2.12000      2.10579      2.11085      2.10325      2.08743      2.09245      2.10430    0.0392226      1383.19  1.56096e-13     0.230333     0.230247      1.00279      1.01024       227795.35      74.1945      3.42877       79676.196      298.636      38.1369    Kband
      2.50000      2.48550      2.49220      2.48216      2.45989      2.46640      2.47351    0.0473828      1416.08  8.46619e-14     0.173991     0.171760      1.01571      1.03437       176165.99      72.6191      3.39219       1077132.3      142.803      136.699    Klong
      2.32000      2.31019      2.33133      2.29944      2.23059      2.25170      2.29723    0.0812529      2630.02  1.14754e-13     0.202391     0.199581      1.02359      1.05514       380588.84      73.5272      3.41327       958453.70      299.858      69.4317    Kwide
      3.55000      3.53470      3.54237      3.53084      3.50477      3.51248      3.52721    0.0637146      1338.29  2.23925e-14    0.0931192    0.0925603      1.00824      1.01429       89103.489      71.6889      3.37040       68531852.      10.7357      1153.54    Lband
      3.87000      3.84861      3.85584      3.84498      3.82078      3.82801      3.84811    0.0658777      1270.48  1.60923e-14    0.0793570    0.0794909      1.00020      1.00509       72087.336      71.7211      3.37116   1.8382919e+08      5.31195      1990.10    LPrimeband
      4.10000      4.09208      4.24302      4.01531      3.55871      3.68080      3.88341     0.251178      4722.84  1.54650e-14    0.0831703    0.0710826      1.21522      1.34571       280851.90      71.7737      3.37239   2.1527974e+09      6.05230      1832.03    LPlusM
      4.90000      4.84380      4.84880      4.84129      4.82521      4.83024      4.84707    0.0544819      834.122  6.64121e-15    0.0519218    0.0521089     0.997443      1.00032       30966.031      71.9674      3.37694   7.8688495e+08      1.10369      6271.33    Mband
      3.61000      3.60272      3.60361      3.60227      3.59921      3.60010      3.60106    0.0207094      425.950  2.06391e-14    0.0893356    0.0891813      1.00198      1.00279       27207.552      71.6916      3.37047       25488237.      5.35850      2210.30    NbL
      4.81000      4.80657      4.80703      4.80634      4.80486      4.80531      4.80608    0.0146122      225.234  6.85536e-15    0.0528251    0.0528105      1.00037      1.00062       8507.0722      71.9575      3.37671   2.2464983e+08     0.567233      12409.5    NbM
      3.05000      3.05022      3.05095      3.04986      3.04752      3.04825      3.02918    0.0169901      412.744  3.88252e-14     0.120463     0.117848      1.02243      1.02017       35550.158      71.6955      3.37056       3661076.6      17.8607      864.547    IceBand
      1.87000      1.87433      1.87436      1.87431      1.87417      1.87420      1.87613   0.00216053      85.3955  2.26462e-13     0.265375     0.252436      1.05127      1.05164       16203.211      75.5064      3.45898       92901.463      26.0017      666.849    Palpha
      1.90000      1.90006      1.90009      1.90005      1.89999      1.90002      1.90044   0.00224497      87.5311  2.26855e-13     0.273185     0.273699     0.998139     0.998169       17097.235      75.3293      3.45492       3905.8157      31.2375      138.462    PalphaCont
      1.87000      1.87436      1.87439      1.87434      1.87420      1.87423      1.87616   0.00208952      82.5878  2.26433e-13     0.265348     0.252348      1.05153      1.05191       15668.897      75.5062      3.45897       89567.205      25.2705      677.078    Palpha+Hw
      1.90000      1.90005      1.90008      1.90004      1.89998      1.90001      1.90043   0.00217773      84.9098  2.26858e-13     0.273186     0.273700     0.998139     0.998169       16585.286      75.3293      3.45492       3790.2464      30.3339      140.769    PalphaCont+Hw
      3.30000      3.30067      3.30090      3.30055      3.29997      3.30021      3.28241   0.00898904      201.769  2.84879e-14     0.103518     0.101306      1.02190      1.02161       14933.993      71.6794      3.37018       4803538.3      6.62358      2025.74    PAHband
