../sofiacalib/cohen_supertemplates/HD62388.tem.txt

atranfiles/atran_41K_45deg_1-6mum.txt

    lambda_ref   lambda_mean   lambda_1     lambda_pivot  lambda_eff  lambda_eff_ph  lambda_iso   width      Response  F_mean          Fnu_mean    Fnu_lammean  ColorTerm   ColorTerm   Source Count Rate   Source Size Source FWHM    Bkgd          S/N        Fnu_limit   Filter
     microns       microns      microns      microns      microns      microns       microns    microns      e/s/mJy   W/m^2/mum        Jy           Jy                                 electrons/s          pix        arcsec         e-/s                     microJy
      1.25000      1.24155      1.24643      1.23909      1.22444      1.22935      1.23871    0.0309841      1856.14  1.00345e-12     0.513905     0.511648      1.00840      1.02102       682022.81      82.0615      3.60591       20904.758      679.854      14.6493    Jband
      1.65000      1.63157      1.63558      1.62957      1.61808      1.62208      1.62068    0.0352372      1603.90  3.84062e-13     0.340194     0.340827      1.00060      1.02467       390129.83      77.5500      3.50543       68207.164      451.957      30.4434    Hband
      1.80000      1.79316      1.80603      1.78669      1.74898      1.76152      1.75408    0.0658856      2741.73  2.82404e-13     0.300711     0.301730      1.00385      1.03942       589494.57      76.4325      3.48002       134092.82      587.665      24.9400    Hwide
      2.12000      2.10506      2.11012      2.10252      2.08673      2.09174      2.10358    0.0434523      1532.88  1.56297e-13     0.230469     0.230412      1.00266      1.01009       252596.50      74.1983      3.42886       54277.403      331.316      28.4298    Kband
      2.50000      2.48515      2.49187      2.48181      2.45950      2.46602      2.47303    0.0515381      1540.49  8.47107e-14     0.174042     0.171895      1.01522      1.03388       191698.98      72.6204      3.39222       357013.88      212.050      72.3679    Klong
      2.32000      2.30798      2.32920      2.29720      2.22833      2.24942      2.29510    0.0890971      2886.77  1.15179e-13     0.202745     0.200024      1.02315      1.05463       418475.15      73.5372      3.41350       343648.71      411.525      37.8894    Kwide
      3.55000      3.53464      3.54231      3.53078      3.50473      3.51243      3.52717    0.0682343      1433.24  2.23936e-14    0.0931206    0.0925630      1.00822      1.01427       95427.041      71.6889      3.37040       29409167.      17.4898      705.605    Lband
      3.87000      3.84796      3.85520      3.84433      3.82010      3.82733      3.84649    0.0702619      1355.26  1.61028e-14    0.0793823    0.0794850      1.00060      1.00507       76922.422      71.7210      3.37116   1.0420343e+08      7.52316      1404.60    LPrimeband
      4.10000      4.08735      4.23882      4.01041      3.55391      3.67575      3.87968     0.268389      5052.92  1.55415e-14    0.0833777    0.0711697      1.21692      1.34678       301230.34      71.7734      3.37239   1.2180012e+09      8.62927      1288.00    LPlusM
      4.90000      4.84380      4.84880      4.84129      4.82521      4.83024      4.84707    0.0579102      886.609  6.64121e-15    0.0519218    0.0521089     0.997443      1.00032       32914.573      71.9674      3.37694   4.3565091e+08      1.57641      4390.07    Mband
      3.61000      3.60272      3.60361      3.60227      3.59921      3.60010      3.60105    0.0222433      457.499  2.06392e-14    0.0893357    0.0891814      1.00198      1.00279       29222.782      71.6916      3.37047       10643701.      8.83592      1329.85    NbL
      4.81000      4.80657      4.80703      4.80634      4.80486      4.80531      4.80608    0.0155316      239.407  6.85536e-15    0.0528251    0.0528105      1.00037      1.00062       9042.3812      71.9575      3.37671   1.2892641e+08     0.795516      8844.43    NbM
      3.05000      3.05020      3.05092      3.04984      3.04750      3.04823      3.02917    0.0184375      447.910  3.88262e-14     0.120464     0.117838      1.02253      1.02027       38579.400      71.6956      3.37056       1360509.7      29.9054      485.697    IceBand
      1.87000      1.87432      1.87435      1.87431      1.87416      1.87419      1.87613   0.00240303      94.9810  2.26466e-13     0.265378     0.252454      1.05121      1.05158       18022.187      75.5065      3.45898       103097.13      28.4834      631.483    Palpha
      1.90000      1.90006      1.90009      1.90005      1.89999      1.90002      1.90044   0.00249163      97.1485  2.26855e-13     0.273185     0.273699     0.998138     0.998168       18975.740      75.3293      3.45492       4139.1296      34.5481      128.158    PalphaCont
      1.87000      1.87435      1.87438      1.87434      1.87419      1.87422      1.87616   0.00232405      91.8578  2.26436e-13     0.265351     0.252366      1.05147      1.05184       17427.831      75.5062      3.45897       99398.817      27.6929      641.174    Palpha+Hw
      1.90000      1.90005      1.90008      1.90004      1.89998      1.90001      1.90043   0.00241700      94.2392  2.26858e-13     0.273186     0.273700     0.998138     0.998167       18407.537      75.3293      3.45492       4016.4956      33.5520      130.282    PalphaCont+Hw
      3.30000      3.30063      3.30086      3.30051      3.29993      3.30016      3.28240   0.00964305      216.452  2.84886e-14     0.103518     0.101300      1.02197      1.02168       16020.741      71.6794      3.37018       1986015.9      10.6401      1214.27    PAHband
