lvega5.sav

atranfiles/atran_41K_45deg_1-6mum.txt

    lambda_ref   lambda_mean   lambda_1     lambda_pivot  lambda_eff  lambda_eff_ph  lambda_iso   width      Response  F_mean          Fnu_mean    Fnu_lammean  ColorTerm   ColorTerm   Source Count Rate   Source Size Source FWHM    Bkgd          S/N        Fnu_limit   Filter
     microns       microns      microns      microns      microns      microns       microns    microns      e/s/mJy   W/m^2/mum        Jy           Jy                                 electrons/s          pix        arcsec         e-/s                     microJy
      1.25000      1.24155      1.24643      1.23909      1.22402      1.22893      1.23117    0.0309841      1856.14  8.18685e-11      41.9280      41.6729      1.01012      1.02778       55644309.      82.0676      3.60605       20904.765      7437.86      14.6494    Jband
      1.65000      1.63157      1.63558      1.62957      1.61772      1.62172      1.61490    0.0352372      1603.90  3.09449e-11      27.4104      27.9312     0.983772      1.01126       31433859.      77.5532      3.50551       68207.167      5575.20      30.4434    Hband
      1.80000      1.79316      1.80603      1.78669      1.74810      1.76064      1.72851    0.0658856      2741.73  2.26341e-11      24.1014      24.1291      1.00610      1.03298       47246945.      76.4395      3.48018       134092.83      6843.52      24.9401    Hwide
      2.12000      2.10506      2.11012      2.10252      2.08654      2.09155      2.10267    0.0434523      1532.88  1.24106e-11      18.3002      18.2830      1.00336      1.01012       20057214.      74.1993      3.42888       54277.404      4442.28      28.4298    Kband
      2.50000      2.48515      2.49187      2.48181      2.45983      2.46634      2.47944    0.0515381      1540.49  6.69691e-12      13.7591      13.6768      1.00873      1.02334       15155001.      72.6193      3.39219       357013.88      3815.00      72.3679    Klong
      2.32000      2.30798      2.32920      2.29720      2.22790      2.24902      2.23790    0.0890971      2886.77  9.12955e-12      16.0704      15.5527      1.04301      1.06922       33170027.      73.5392      3.41355       343648.71      5706.63      37.8894    Kwide
      3.55000      3.53464      3.54231      3.53078      3.50507      3.51278      3.52865    0.0682343      1433.24  1.75803e-12      7.31050      7.27880      1.00655      1.01285       7491576.5      71.6889      3.37040       29409167.      1228.86      705.605    Lband
      3.87000      3.84796      3.85520      3.84433      3.81987      3.82710      3.77608    0.0702619      1355.26  1.26612e-12      6.24161      6.23675      1.00267      1.00772       6048197.8      71.7210      3.37116   1.0420343e+08      575.323      1404.60    LPrimeband
      4.10000      4.08735      4.23882      4.01041      3.55239      3.67401      3.78716     0.268389      5052.92  1.22011e-12      6.54571      5.58137      1.21821      1.35033       23648613.      71.7732      3.37238   1.2180012e+09      671.057      1288.00    LPlusM
      4.90000      4.84380      4.84880      4.84129      4.82507      4.83010      4.67562    0.0579102      886.609  5.19042e-13      4.05793      4.06345     0.999678      1.00274       2572427.0      71.9674      3.37694   4.3565091e+08      122.847      4390.07    Mband
      3.61000      3.60272      3.60361      3.60227      3.59927      3.60016      3.60136    0.0222433      457.499  1.62464e-12      7.03220      7.01848      1.00220      1.00221       2300317.9      71.6916      3.37047       10643701.      632.923      1329.85    NbL
      4.81000      4.80657      4.80703      4.80634      4.80482      4.80527      4.80565    0.0155316      239.407  5.35170e-13      4.12384      4.12203      1.00053      1.00044       705901.80      71.9575      3.37671   1.2892641e+08      61.9359      8844.43    NbM
      3.05000      3.05020      3.05092      3.04984      3.04751      3.04824      3.03190    0.0184375      447.910  3.05550e-12      9.48018      9.41409      1.00726      1.00632       3036079.5      71.6956      3.37056       1360509.7      1406.18      485.697    IceBand
      1.87000      1.87432      1.87435      1.87431      1.87414      1.87417      1.87648   0.00240303      94.9810  1.80277e-11      21.1252      19.3592      1.09124      1.09324       1434643.7      75.5066      3.45898       103097.13      1064.32      631.483    Palpha
      1.90000      1.90006      1.90009      1.90005      1.89998      1.90001      1.89552   0.00249163      97.1485  1.81003e-11      21.7969      21.8229     0.998824     0.998993       1514037.9      75.3294      3.45492       4139.1297      1129.52      128.158    PalphaCont
      1.87000      1.87435      1.87438      1.87434      1.87417      1.87420      1.87649   0.00232405      91.8578  1.80248e-11      21.1225      19.3231      1.09314      1.09521       1387292.8      75.5064      3.45898       99398.817      1043.96      641.174    Palpha+Hw
      1.90000      1.90005      1.90008      1.90004      1.89997      1.90000      1.89548   0.00241700      94.2392  1.81006e-11      21.7970      21.8282     0.998586     0.999007       1468704.6      75.3294      3.45492       4016.4957      1109.83      130.282    PalphaCont+Hw
      3.30000      3.30063      3.30086      3.30051      3.29977      3.30001      3.28945   0.00964305      216.452  2.23562e-12      8.12346      7.77487      1.04491      1.04277       1257213.1      71.6794      3.37018       1986015.9      671.213      1214.27    PAHband
