../sofiacalib/cohen_supertemplates/HD71264.tem.txt

atranfiles/atran_41K_45deg_1-6mum.txt

    lambda_ref   lambda_mean   lambda_1     lambda_pivot  lambda_eff  lambda_eff_ph  lambda_iso   width      Response  F_mean          Fnu_mean    Fnu_lammean  ColorTerm   ColorTerm   Source Count Rate   Source Size Source FWHM    Bkgd          S/N        Fnu_limit   Filter
     microns       microns      microns      microns      microns      microns       microns    microns      e/s/mJy   W/m^2/mum        Jy           Jy                                 electrons/s          pix        arcsec         e-/s                     microJy
      1.25000      1.24155      1.24643      1.23909      1.22481      1.22972      1.23885    0.0309841      1856.14  1.14467e-12     0.586231     0.584119      1.00760      1.01978       778009.98      82.0563      3.60580       20904.753      741.009      14.6493    Jband
      1.65000      1.63157      1.63558      1.62957      1.61827      1.62227      1.62066    0.0352372      1603.90  4.45554e-13     0.394662     0.395647     0.999969      1.02391       452593.16      77.5482      3.50539       68207.162      503.636      30.4434    Hband
      1.80000      1.79316      1.80603      1.78669      1.74950      1.76205      1.75458    0.0658856      2741.73  3.28756e-13     0.350068     0.351654      1.00271      1.03804       686251.32      76.4284      3.47993       134092.82      653.432      24.9400    Hwide
      2.12000      2.10506      2.11012      2.10252      2.08688      2.09190      2.10390    0.0434523      1532.88  1.83152e-13     0.270069     0.270168      1.00205      1.00971       295998.58      74.1974      3.42884       54277.402      374.514      28.4298    Kband
      2.50000      2.48515      2.49187      2.48181      2.45966      2.46618      2.47313    0.0515381      1540.49  9.97238e-14     0.204887     0.202411      1.01496      1.03357       225673.55      72.6199      3.39220       357013.88      244.600      72.3679    Klong
      2.32000      2.30798      2.32920      2.29720      2.22892      2.25002      2.29571    0.0890971      2886.77  1.35230e-13     0.238040     0.235046      1.02227      1.05351       491324.61      73.5346      3.41344       343648.71      466.996      37.8894    Kwide
      3.55000      3.53464      3.54231      3.53078      3.50484      3.51254      3.52718    0.0682343      1433.24  2.65362e-14     0.110347     0.109697      1.00812      1.01406       113080.11      71.6889      3.37040       29409167.      20.7191      705.605    Lband
      3.87000      3.84796      3.85520      3.84433      3.82019      3.82742      3.84679    0.0702619      1355.26  1.91041e-14    0.0941776    0.0943121      1.00046      1.00486       91259.258      71.7210      3.37116   1.0420343e+08      8.92471      1404.60    LPrimeband
      4.10000      4.08735      4.23882      4.01041      3.55535      3.67734      3.88070     0.268389      5052.92  1.84179e-14    0.0988096    0.0845105      1.21449      1.34445       356983.28      71.7735      3.37239   1.2180012e+09      10.2262      1288.00    LPlusM
      4.90000      4.84380      4.84880      4.84129      4.82525      4.83027      4.84712    0.0579102      886.609  7.89686e-15    0.0617386    0.0619637     0.997401      1.00029       39137.706      71.9674      3.37694   4.3565091e+08      1.87445      4390.07    Mband
      3.61000      3.60272      3.60361      3.60227      3.59922      3.60011      3.60114    0.0222433      457.499  2.44669e-14     0.105904     0.105732      1.00187      1.00268       34642.422      71.6916      3.37047       10643701.      10.4720      1329.85    NbL
      4.81000      4.80657      4.80703      4.80634      4.80486      4.80532      4.80606    0.0155316      239.407  8.15141e-15    0.0628120    0.0627936      1.00039      1.00064       10751.897      71.9575      3.37671   1.2892641e+08     0.945907      8844.43    NbM
      3.05000      3.05020      3.05092      3.04984      3.04751      3.04824      3.02917    0.0184375      447.910  4.59101e-14     0.142443     0.139326      1.02261      1.02034       45618.193      71.6956      3.37056       1360509.7      35.2871      485.697    IceBand
      1.87000      1.87432      1.87435      1.87431      1.87416      1.87419      1.87612   0.00240303      94.9810  2.64423e-13     0.309856     0.294763      1.05122      1.05159       21042.798      75.5065      3.45898       103097.13      33.1326      631.483    Palpha
      1.90000      1.90006      1.90009      1.90005      1.89999      1.90002      1.90050   0.00249163      97.1485  2.64977e-13     0.319092     0.319698     0.998120     0.998148       22164.508      75.3293      3.45492       4139.1295      40.1421      128.158    PalphaCont
      1.87000      1.87435      1.87438      1.87434      1.87419      1.87422      1.87613   0.00232405      91.8578  2.64388e-13     0.309826     0.294661      1.05148      1.05185       20348.836      75.5062      3.45897       99398.817      32.2159      641.174    Palpha+Hw
      1.90000      1.90005      1.90008      1.90004      1.89999      1.90001      1.90049   0.00241700      94.2392  2.64980e-13     0.319093     0.319699     0.998120     0.998148       21500.817      75.3293      3.45492       4016.4956      38.9904      130.282    PalphaCont+Hw
      3.30000      3.30063      3.30086      3.30051      3.29994      3.30017      3.28235   0.00964305      216.452  3.37290e-14     0.122559     0.119936      1.02194      1.02165       18967.703      71.6794      3.37018       1986015.9      12.5892      1214.27    PAHband
