../sofiacalib/cohen_supertemplates/HD71264.tem.txt

atranfiles/atran_41K_45deg_1-6mum.txt

    lambda_ref   lambda_mean   lambda_1     lambda_pivot  lambda_eff  lambda_eff_ph  lambda_iso   width      Response  F_mean          Fnu_mean    Fnu_lammean  ColorTerm   ColorTerm   Source Count Rate   Source Size Source FWHM    Bkgd          S/N        Fnu_limit   Filter
     microns       microns      microns      microns      microns      microns       microns    microns      e/s/mJy   W/m^2/mum        Jy           Jy                                 electrons/s          pix        arcsec         e-/s                     microJy
      1.25000      1.24639      1.25114      1.24398      1.22990      1.23477      1.24350    0.0242547      1447.22  1.12921e-12     0.582883     0.579450      1.00982      1.01644       603146.99      81.9831      3.60419       16633.435      627.817      16.7944    Jband
      1.65000      1.63218      1.63618      1.63018      1.61889      1.62289      1.62078    0.0311562      1417.61  4.44994e-13     0.394463     0.394366      1.00270      1.02638       399822.61      77.5426      3.50527       60466.437      462.589      32.4409    Hband
      1.80000      1.79410      1.80692      1.78765      1.75052      1.76306      1.79269    0.0587275      2442.52  3.28142e-13     0.349788     0.351438      1.00250      1.04668       610870.88      76.4203      3.47975       124199.75      605.543      26.9454    Hwide
      2.12000      2.10579      2.11085      2.10325      2.08759      2.09261      2.10463    0.0392226      1383.19  1.82919e-13     0.269912     0.269966      1.00222      1.00990       266938.83      74.1936      3.42875       79676.195      338.744      38.1369    Kband
      2.50000      2.48550      2.49220      2.48216      2.46004      2.46656      2.47361    0.0473828      1416.08  9.96668e-14     0.204828     0.202253      1.01546      1.03406       207388.49      72.6187      3.39218       1077132.3      166.414      136.699    Klong
      2.32000      2.31019      2.33133      2.29944      2.23119      2.25231      2.29777    0.0812529      2630.02  1.34735e-13     0.237631     0.234553      1.02262      1.05393       446855.95      73.5245      3.41321       958453.69      345.044      69.4317    Kwide
      3.55000      3.53470      3.54237      3.53084      3.50488      3.51259      3.52722    0.0637146      1338.29  2.65349e-14     0.110345     0.109694      1.00814      1.01408       105586.78      71.6889      3.37040       68531852.      12.7201      1153.54    Lband
      3.87000      3.84861      3.85584      3.84498      3.82087      3.82809      3.84846    0.0658777      1270.48  1.90916e-14    0.0941478    0.0943199      1.00006      1.00488       85523.192      71.7211      3.37116   1.8382919e+08      6.30177      1990.10    LPrimeband
      4.10000      4.09208      4.24302      4.01531      3.56016      3.68239      3.88438     0.251178      4722.84  1.83277e-14    0.0985656    0.0844031      1.21288      1.34342       332839.19      71.7738      3.37239   2.1527974e+09      7.17253      1832.03    LPlusM
      4.90000      4.84380      4.84880      4.84129      4.82525      4.83027      4.84712    0.0544819      834.122  7.89686e-15    0.0617386    0.0619637     0.997401      1.00029       36820.754      71.9674      3.37694   7.8688495e+08      1.31236      6271.33    Mband
      3.61000      3.60272      3.60361      3.60227      3.59922      3.60011      3.60114    0.0207094      425.950  2.44668e-14     0.105904     0.105732      1.00187      1.00268       32253.449      71.6916      3.37047       25488237.      6.35166      2210.30    NbL
      4.81000      4.80657      4.80703      4.80634      4.80486      4.80532      4.80606    0.0146122      225.234  8.15141e-15    0.0628120    0.0627936      1.00039      1.00064       10115.385      71.9575      3.37671   2.2464983e+08     0.674470      12409.5    NbM
      3.05000      3.05022      3.05095      3.04986      3.04754      3.04827      3.02918    0.0169901      412.744  4.59088e-14     0.142442     0.139338      1.02252      1.02024       42036.273      71.6955      3.37056       3661076.6      21.1021      864.547    IceBand
      1.87000      1.87433      1.87436      1.87431      1.87417      1.87420      1.87612   0.00216053      85.3955  2.64419e-13     0.309853     0.294743      1.05128      1.05165       18918.953      75.5064      3.45898       92901.463      30.2541      666.849    Palpha
      1.90000      1.90006      1.90009      1.90005      1.89999      1.90002      1.90050   0.00224497      87.5311  2.64977e-13     0.319093     0.319698     0.998122     0.998149       19970.331      75.3293      3.45492       3905.8157      36.3131      138.462    PalphaCont
      1.87000      1.87436      1.87439      1.87434      1.87420      1.87423      1.87613   0.00208952      82.5878  2.64384e-13     0.309822     0.294641      1.05154      1.05192       18295.096      75.5062      3.45897       89567.205      29.4057      677.078    Palpha+Hw
      1.90000      1.90005      1.90008      1.90004      1.89999      1.90001      1.90049   0.00217773      84.9098  2.64980e-13     0.319094     0.319699     0.998122     0.998149       19372.347      75.3293      3.45492       3790.2464      35.2673      140.769    PalphaCont+Hw
      3.30000      3.30067      3.30090      3.30055      3.29998      3.30021      3.28236   0.00898904      201.769  3.37282e-14     0.122559     0.119944      1.02188      1.02158       17681.056      71.6794      3.37018       4803538.3      7.83985      2025.74    PAHband
