lvega5.sav

atranfiles/atran_41K_45deg_1-6mum.txt

    lambda_ref   lambda_mean   lambda_1     lambda_pivot  lambda_eff  lambda_eff_ph  lambda_iso   width      Response  F_mean          Fnu_mean    Fnu_lammean  ColorTerm   ColorTerm   Source Count Rate   Source Size Source FWHM    Bkgd          S/N        Fnu_limit   Filter
     microns       microns      microns      microns      microns      microns       microns    microns      e/s/mJy   W/m^2/mum        Jy           Jy                                 electrons/s          pix        arcsec         e-/s                     microJy
      1.25000      1.24639      1.25114      1.24398      1.22913      1.23399      1.23115    0.0242547      1447.22  6.43457e-12      3.32145      3.28446      1.01518      1.01947       3436918.3      81.9942      3.60444       16633.446      1773.22      16.7944    Jband
      1.65000      1.63218      1.63618      1.63018      1.61834      1.62234      1.61498    0.0311562      1417.61  2.46389e-12      2.18410      2.22266     0.985071      1.01884       2213778.7      77.5476      3.50538       60466.442      1383.34      32.4409    Hband
      1.80000      1.79410      1.80692      1.78765      1.74912      1.76165      1.72866    0.0587275      2442.52  1.80103e-12      1.91984      1.92211      1.00604      1.03503       3352812.7      76.4314      3.48000       124199.77      1729.16      26.9454    Hwide
      2.12000      2.10579      2.11085      2.10325      2.08724      2.09226      2.10321    0.0392226      1383.19  9.88169e-13      1.45812      1.45664      1.00344      1.01039       1442059.8      74.1955      3.42879       79676.197      1076.01      38.1369    Kband
      2.50000      2.48550      2.49220      2.48216      2.46022      2.46671      2.47983    0.0473828      1416.08  5.33621e-13      1.09666      1.09000      1.00882      1.02409       1110367.8      72.6180      3.39216       1077132.3      708.515      136.699    Klong
      2.32000      2.31019      2.33133      2.29944      2.23017      2.25131      2.20820    0.0812529      2630.02  7.25166e-13      1.27897      1.23782      1.04293      1.06906       2405051.2      73.5291      3.41331       958453.70      1261.38      69.4317    Kwide
      3.55000      3.53470      3.54237      3.53084      3.50512      3.51283      3.52884    0.0637146      1338.29  1.40153e-13     0.582824     0.580297      1.00655      1.01283       557690.02      71.6889      3.37040       68531852.      66.9661      1153.54    Lband
      3.87000      3.84861      3.85584      3.84498      3.82055      3.82777      3.77699    0.0658777      1270.48  1.00876e-13     0.497457     0.497065      1.00268      1.00773       451886.33      71.7211      3.37116   1.8382919e+08      33.2642      1990.10    LPrimeband
      4.10000      4.09208      4.24302      4.01531      3.55720      3.67907      3.82757     0.251178      4722.84  9.67940e-14     0.520554     0.444209      1.21711      1.34880       1757821.3      71.7735      3.37239   2.1527974e+09      37.8677      1832.03    LPlusM
      4.90000      4.84380      4.84880      4.84129      4.82507      4.83010      4.67562    0.0544819      834.122  4.13811e-14     0.323523     0.323962     0.999678      1.00274       192947.99      71.9674      3.37694   7.8688495e+08      6.87635      6271.33    Mband
      3.61000      3.60272      3.60361      3.60227      3.59927      3.60016      3.60136    0.0207094      425.950  1.29526e-13     0.560649     0.559553      1.00221      1.00222       170748.01      71.6916      3.37047       25488237.      33.5354      2210.30    NbL
      4.81000      4.80657      4.80703      4.80634      4.80482      4.80527      4.80565    0.0146122      225.234  4.26669e-14     0.328777     0.328633      1.00053      1.00044       52947.015      71.9575      3.37671   2.2464983e+08      3.53005      12409.5    NbM
      3.05000      3.05022      3.05095      3.04986      3.04753      3.04826      3.03190    0.0169901      412.744  2.43597e-13     0.755809     0.750560      1.00723      1.00629       223048.31      71.6955      3.37056       3661076.6      109.500      864.547    IceBand
      1.87000      1.87433      1.87436      1.87431      1.87414      1.87417      1.87648   0.00216053      85.3955  1.43725e-12      1.68421      1.54287      1.09163      1.09363       102833.93      75.5066      3.45898       92901.463      149.214      666.849    Palpha
      1.90000      1.90006      1.90009      1.90005      1.89998      1.90001      1.89552   0.00224497      87.5311  1.44307e-12      1.73778      1.73985     0.998825     0.998994       108758.61      75.3294      3.45492       3905.8158      173.879      138.462    PalphaCont
      1.87000      1.87436      1.87439      1.87434      1.87418      1.87421      1.87649   0.00208952      82.5878  1.43702e-12      1.68399      1.53998      1.09353      1.09562       99440.204      75.5064      3.45898       89567.205      145.322      677.078    Palpha+Hw
      1.90000      1.90005      1.90008      1.90004      1.89997      1.90000      1.89549   0.00217773      84.9098  1.44309e-12      1.73779      1.74028     0.998587     0.999007       105502.19      75.3294      3.45492       3790.2465      169.404      140.769    PalphaCont+Hw
      3.30000      3.30067      3.30090      3.30055      3.29982      3.30005      3.28945   0.00898904      201.769  1.78231e-13     0.647646     0.619955      1.04474      1.04178       93432.752      71.6794      3.37018       4803538.3      41.1233      2025.74    PAHband
