lvega5.sav

atranfiles/atran_41K_45deg_1-6mum.txt

    lambda_ref   lambda_mean   lambda_1     lambda_pivot  lambda_eff  lambda_eff_ph  lambda_iso   width      Response  F_mean          Fnu_mean    Fnu_lammean  ColorTerm   ColorTerm   Source Count Rate   Source Size Source FWHM    Bkgd          S/N        Fnu_limit   Filter
     microns       microns      microns      microns      microns      microns       microns    microns      e/s/mJy   W/m^2/mum        Jy           Jy                                 electrons/s          pix        arcsec         e-/s                     microJy
      1.25000      1.24155      1.24643      1.23909      1.22402      1.22893      1.23117    0.0309841      1856.14  6.52705e-12      3.34275      3.32241      1.01012      1.02778       4436297.2      82.0676      3.60605       20904.765      2033.23      14.6494    Jband
      1.65000      1.63157      1.63558      1.62957      1.61772      1.62172      1.61490    0.0352372      1603.90  2.46712e-12      2.18532      2.22684     0.983772      1.01126       2506095.3      77.5532      3.50551       68207.167      1481.60      30.4434    Hband
      1.80000      1.79316      1.80603      1.78669      1.74810      1.76064      1.72851    0.0658856      2741.73  1.80453e-12      1.92151      1.92372      1.00610      1.03297       3766809.1      76.4395      3.48018       134092.83      1841.62      24.9400    Hwide
      2.12000      2.10506      2.11012      2.10252      2.08654      2.09155      2.10267    0.0434523      1532.88  9.89448e-13      1.45900      1.45763      1.00336      1.01012       1599081.1      74.1993      3.42888       54277.404      1151.72      28.4298    Kband
      2.50000      2.48515      2.49187      2.48181      2.45983      2.46634      2.47944    0.0515381      1540.49  5.33917e-13      1.09696      1.09040      1.00873      1.02334       1208247.3      72.6193      3.39219       357013.88      892.234      72.3679    Klong
      2.32000      2.30798      2.32920      2.29720      2.22790      2.24902      2.23790    0.0890971      2886.77  7.27862e-13      1.28123      1.23995      1.04301      1.06922       2644513.0      73.5392      3.41355       343648.71      1464.64      37.8894    Kwide
      3.55000      3.53464      3.54231      3.53078      3.50507      3.51278      3.52865    0.0682343      1433.24  1.40160e-13     0.582837     0.580310      1.00655      1.01285       597273.30      71.6889      3.37040       29409167.      108.556      705.605    Lband
      3.87000      3.84796      3.85520      3.84433      3.81987      3.82710      3.77608    0.0702619      1355.26  1.00943e-13     0.497619     0.497231      1.00267      1.00772       482198.51      71.7210      3.37116   1.0420343e+08      47.0688      1404.60    LPrimeband
      4.10000      4.08735      4.23882      4.01041      3.55239      3.67401      3.78716     0.268389      5052.92  9.72745e-14     0.521863     0.444980      1.21821      1.35033       1885408.9      71.7732      3.37238   1.2180012e+09      53.9757      1288.00    LPlusM
      4.90000      4.84380      4.84880      4.84129      4.82507      4.83010      4.67562    0.0579102      886.609  4.13811e-14     0.323523     0.323962     0.999678      1.00274       205089.27      71.9674      3.37694   4.3565091e+08      9.82062      4390.07    Mband
      3.61000      3.60272      3.60361      3.60227      3.59927      3.60016      3.60136    0.0222433      457.499  1.29526e-13     0.560649     0.559555      1.00220      1.00221       183395.11      71.6916      3.37047       10643701.      55.0654      1329.85    NbL
      4.81000      4.80657      4.80703      4.80634      4.80482      4.80527      4.80565    0.0155316      239.407  4.26669e-14     0.328777     0.328633      1.00053      1.00044       56278.715      71.9575      3.37671   1.2892641e+08      4.95029      8844.43    NbM
      3.05000      3.05020      3.05092      3.04984      3.04751      3.04824      3.03190    0.0184375      447.910  2.43603e-13     0.755817     0.750548      1.00726      1.00632       242054.42      71.6956      3.37056       1360509.7      177.117      485.697    IceBand
      1.87000      1.87432      1.87435      1.87431      1.87414      1.87417      1.87648   0.00240303      94.9810  1.43728e-12      1.68423      1.54343      1.09124      1.09324       114378.38      75.5066      3.45898       103097.13      162.292      631.483    Palpha
      1.90000      1.90006      1.90009      1.90005      1.89998      1.90001      1.89552   0.00249163      97.1485  1.44307e-12      1.73778      1.73985     0.998824     0.998993       120708.16      75.3294      3.45492       4139.1297      190.047      128.158    PalphaCont
      1.87000      1.87435      1.87438      1.87434      1.87417      1.87420      1.87649   0.00232405      91.8578  1.43705e-12      1.68402      1.54055      1.09314      1.09521       110603.28      75.5064      3.45898       99398.817      158.130      641.174    Palpha+Hw
      1.90000      1.90005      1.90008      1.90004      1.89997      1.90000      1.89548   0.00241700      94.2392  1.44308e-12      1.73779      1.74028     0.998586     0.999007       117093.92      75.3294      3.45492       4016.4957      185.216      130.282    PalphaCont+Hw
      3.30000      3.30063      3.30086      3.30051      3.29977      3.30001      3.28945   0.00964305      216.452  1.78237e-13     0.647651     0.619859      1.04491      1.04277       100232.55      71.6794      3.37018       1986015.9      65.3662      1214.27    PAHband
