lvega5.sav

./atran_41K_45deg_1-6mum.txt

    lambda_ref   lambda_mean   lambda_1     lambda_pivot  lambda_eff  lambda_eff_ph  lambda_iso   width      Response  F_mean          Fnu_mean    Fnu_lammean  ColorTerm   ColorTerm   Source Count Rate   Source Size Source FWHM    Bkgd          S/N        Fnu_limit   Filter
     microns       microns      microns      microns      microns      microns       microns    microns      e/s/mJy   W/m^2/mum        Jy           Jy                                 electrons/s          pix        arcsec         e-/s                     microJy
      1.25000      1.25143      1.25626      1.24900      1.23420      1.23908      1.24678    0.0620425      3687.13  5.37494e-12      2.79689      2.77841      1.01058      1.02019       7373436.9      76.2518      3.47601       42489.081      2682.24      10.4477    J_Band
      1.65000      1.64227      1.64618      1.64031      1.62898      1.63289      1.60756    0.0700589      3167.89  2.06000e-12      1.84884      1.61629      1.14662      1.01875       4187697.4      76.3023      3.47716       135150.12      1982.06      21.6572    H_Band
      1.80000      1.80244      1.81517      1.79604      1.75813      1.77055      1.72811     0.131374      5438.15  1.51543e-12      1.63060      1.59830      1.02750      1.12577       6340237.8      76.3239      3.47765       228579.82      2447.63      16.4025    Hwide
      2.12000      2.12069      2.12568      2.11819      2.10233      2.10728      2.11672    0.0871360      3051.11  8.27682e-13      1.23872      1.23537      1.00509      1.01165       2702335.0      76.3816      3.47897       111584.11      1571.99      20.4347    K_Band
      2.50000      2.49997      2.50647      2.49674      2.47570      2.48194      2.49113    0.0961238      2855.82  4.49082e-13     0.933801     0.924508      1.01266      1.01433       1906740.4      76.4586      3.48072       827607.70      1124.39      59.4137    Klong
      2.32000      2.32496      2.34561      2.31448      2.24761      2.26803      2.21359     0.170907      5495.16  6.07871e-13      1.08618      1.05312      1.04074      1.06594       4267627.1      76.4146      3.47972       770195.76      1875.25      29.7872    Kwide
      3.55000      3.55493      3.56221      3.55127      3.52707      3.53433      3.54936     0.135451      2828.53  1.18395e-13     0.498061     0.496178      1.00586      1.01155       1007276.1      76.7415      3.48715       64477458.      124.339      529.396    L_Band
      3.87000      3.86705      3.87400      3.86357      3.84029      3.84720      3.78308     0.139589      2678.97  8.55738e-14     0.426088     0.425308      1.00364      1.00689       816154.30      76.8445      3.48949   1.6981247e+08      62.4548      907.095    LPrime
      4.10000      4.10111      4.25382      4.02319      3.55781      3.68233      3.79182     0.547504      10276.9  8.31795e-14     0.449093     0.382833      1.21896      1.35228       3299926.2      76.8108      3.48872   2.6322847e+09      64.2768      930.975    LplusM
      4.90000      4.87358      4.87843      4.87114      4.85538      4.86026      4.87493     0.116884      1778.50  3.49885e-14     0.276928     0.277486     0.998986      1.00217       352148.54      77.2379      3.49841   9.3753831e+08      11.4979      3210.51    M_Band
      3.61000      3.60667      3.60753      3.60624      3.60335      3.60421      3.60506    0.0441398      906.861  1.11452e-13     0.483481     0.482811      1.00163      1.00269       313492.10      76.7627      3.48763       22350797.      65.6447      972.179    NbL
      4.81000      4.80710      4.80754      4.80688      4.80541      4.80585      4.80626    0.0312313      481.349  3.69578e-14     0.284848     0.284846      1.00010      1.00080       98034.490      77.2135      3.49786   2.6938912e+08      5.97028      6358.64    NbM
      3.05000      3.05245      3.05319      3.05209      3.04975      3.05049      3.03226    0.0372024      903.107  2.09598e-13     0.651272     0.649533      1.00292      1.00213       420540.01      76.5983      3.48390       2589414.9      236.888      332.296    Ice_308
      1.87000      1.87445      1.87447      1.87444      1.87430      1.87432      1.87589   0.00391060      154.557  1.22061e-12      1.43054      1.31213      1.09025      1.09173       158086.32      76.3398      3.47801       9127.1578      284.683      116.335    Palpha
      1.90000      1.90313      1.90316      1.90312      1.90305      1.90307      1.89787   0.00472657      183.991  1.23071e-12      1.48686      1.48820     0.999110     0.999096       195601.38      76.3446      3.47812       9010.9338      332.641      97.1115    Palpha_Cont
      1.87000      1.87447      1.87449      1.87446      1.87433      1.87435      1.87590   0.00373357      147.558  1.22049e-12      1.43044      1.30993      1.09201      1.09354       150917.13      76.3398      3.47801       8718.0359      275.175      119.140    Palpha+Hw
      1.90000      1.90313      1.90315      1.90311      1.90304      1.90307      1.89788   0.00457349      178.033  1.23073e-12      1.48687      1.48819     0.999125     0.999111       189268.97      76.3446      3.47812       8722.4992      324.999      98.7711    PaCont+Hw
      3.30000      3.30062      3.30085      3.30051      3.29979      3.30002      3.28945    0.0191236      429.257  1.53864e-13     0.559087     0.535156      1.04479      1.04265       171594.37      76.6689      3.48550       4140177.7      81.3113      883.990    PAH
