lvega5.sav

./atran_41K_45deg_1-6mum.txt

    lambda_ref   lambda_mean   lambda_1     lambda_pivot  lambda_eff  lambda_eff_ph  lambda_iso   width      Response  F_mean          Fnu_mean    Fnu_lammean  ColorTerm   ColorTerm   Source Count Rate   Source Size Source FWHM    Bkgd          S/N        Fnu_limit   Filter
     microns       microns      microns      microns      microns      microns       microns    microns      e/s/mJy   W/m^2/mum        Jy           Jy                                 electrons/s          pix        arcsec         e-/s                     microJy
      1.25000      1.25143      1.25626      1.24900      1.23420      1.23908      1.24678    0.0545974      3244.67  5.37494e-12      2.79689      2.77841      1.01058      1.02019       6488624.4      76.2518      3.47601       37399.720      2512.97      11.1417    J_Band
      1.65000      1.64227      1.64618      1.64031      1.62898      1.63289      1.60756    0.0616518      2787.74  2.06000e-12      1.84884      1.61629      1.14662      1.01875       3685173.7      76.3023      3.47716       119256.06      1855.27      23.1201    H_Band
      1.80000      1.80244      1.81517      1.79604      1.75813      1.77055      1.72811     0.115609      4785.57  1.51543e-12      1.63060      1.59830      1.02750      1.12577       5579409.3      76.3239      3.47765       212418.78      2290.62      17.9688    Hwide
      2.12000      2.12069      2.12568      2.11819      2.10233      2.10728      2.11672    0.0766797      2684.98  8.27682e-13      1.23872      1.23537      1.00509      1.01165       2378054.8      76.3816      3.47897       191347.07      1444.40      30.3981    K_Band
      2.50000      2.49997      2.50647      2.49674      2.47570      2.48194      2.49113    0.0845889      2513.12  4.49082e-13     0.933801     0.924508      1.01266      1.01433       1677931.5      76.4586      3.48072       3287088.6      742.535      134.540    Klong
      2.32000      2.32496      2.34561      2.31448      2.24761      2.26803      2.21359     0.150398      4835.74  6.07871e-13      1.08618      1.05312      1.04074      1.06594       3755511.8      76.4146      3.47972       2914704.8      1438.96      65.8409    Kwide
      3.55000      3.55493      3.56221      3.55127      3.52707      3.53433      3.54936     0.119197      2489.10  1.18395e-13     0.498061     0.496178      1.00586      1.01155       886402.99      76.7415      3.48715   2.2124559e+08      59.4548      1114.37    L_Band
      3.87000      3.86705      3.87400      3.86357      3.84029      3.84720      3.78308     0.122838      2357.49  8.55738e-14     0.426088     0.425308      1.00364      1.00689       718215.78      76.8445      3.48949   5.2144819e+08      31.4262      1806.30    LPrime
      4.10000      4.10111      4.25382      4.02319      3.55781      3.68233      3.79182     0.481803      9043.66  8.31795e-14     0.449093     0.382833      1.21896      1.35228       2903935.0      76.8108      3.48872   6.7908532e+09      35.2312      1699.23    LplusM
      4.90000      4.87358      4.87843      4.87114      4.85538      4.86026      4.87493     0.102858      1565.08  3.49885e-14     0.276928     0.277486     0.998986      1.00217       309890.71      77.2379      3.49841   2.5088102e+09      6.18636      5968.03    M_Band
      3.61000      3.60667      3.60753      3.60624      3.60335      3.60421      3.60506    0.0388430      798.038  1.11452e-13     0.483481     0.482811      1.00163      1.00269       275873.05      76.7627      3.48763       77057156.      31.3421      2051.25    NbL
      4.81000      4.80710      4.80754      4.80688      4.80541      4.80585      4.80626    0.0274835      423.587  3.69578e-14     0.284848     0.284846      1.00010      1.00080       86270.350      77.2135      3.49786   6.8228382e+08      3.30222      11499.4    NbM
      3.05000      3.05245      3.05319      3.05209      3.04975      3.05049      3.03226    0.0327381      794.734  2.09598e-13     0.651272     0.649533      1.00292      1.00213       370075.21      76.5983      3.48390       10176226.      113.199      748.543    Ice_308
      1.87000      1.87445      1.87447      1.87444      1.87430      1.87432      1.87589   0.00344133      136.010  1.22061e-12      1.43054      1.31213      1.09025      1.09174       139115.96      76.3398      3.47801       8281.4058      258.980      126.038    Palpha
      1.90000      1.90313      1.90316      1.90312      1.90305      1.90307      1.89787   0.00415938      161.912  1.23071e-12      1.48686      1.48820     0.999110     0.999096       172129.22      76.3446      3.47812       8339.8438      303.512      106.241    Palpha_Cont
      1.87000      1.87447      1.87449      1.87446      1.87433      1.87435      1.87590   0.00328554      129.851  1.22049e-12      1.43044      1.30993      1.09201      1.09354       132807.07      76.3398      3.47801       7910.5569      250.148      129.085    Palpha+Hw
      1.90000      1.90313      1.90315      1.90311      1.90304      1.90307      1.89788   0.00402467      156.669  1.23073e-12      1.48687      1.48819     0.999125     0.999111       166556.69      76.3446      3.47812       8073.0053      296.389      108.060    PaCont+Hw
      3.30000      3.30062      3.30085      3.30051      3.29979      3.30002      3.28945    0.0168288      377.746  1.53864e-13     0.559087     0.535156      1.04479      1.04265       151003.04      76.6689      3.48550       14593252.      39.1378      1885.90    PAH
