lvega5.sav

atranfiles/atran_41K_45deg_1-6mum.txt

    lambda_ref   lambda_mean   lambda_1     lambda_pivot  lambda_eff  lambda_eff_ph  lambda_iso   width      Response  F_mean          Fnu_mean    Fnu_lammean  ColorTerm   ColorTerm   Source Count Rate   Source Size Source FWHM    Bkgd          S/N        Fnu_limit   Filter
     microns       microns      microns      microns      microns      microns       microns    microns      e/s/mJy   W/m^2/mum        Jy           Jy                                 electrons/s          pix        arcsec         e-/s                     microJy
      1.25000      1.24155      1.24643      1.23909      1.22370      1.22860      1.23109    0.0309841      1856.14  1.61156e-11      8.25341      8.19471      1.01116      1.02911       10953422.      82.0723      3.60615       20904.769      3261.65      14.6494    Jband
      1.65000      1.63157      1.63558      1.62957      1.61755      1.62155      1.61492    0.0352372      1603.90  5.99999e-12      5.31467      5.41350     0.984163      1.01177       6094790.9      77.5548      3.50554       68207.169      2399.86      30.4434    Hband
      1.80000      1.79316      1.80603      1.78669      1.74763      1.76017      1.72839    0.0658856      2741.73  4.37515e-12      4.65877      4.65934      1.00713      1.03430       9132777.3      76.4432      3.48027       115546.44      2958.24      23.1558    Hwide
      2.12000      2.10506      2.11012      2.10252      2.08640      2.09141      2.10267    0.0434523      1532.88  2.38488e-12      3.51665      3.51239      1.00363      1.01046       3854293.2      74.2000      3.42890       54277.404      1884.53      28.4298    Kband
      2.50000      2.48515      2.49187      2.48181      2.45969      2.46619      2.47942    0.0515381      1540.49  1.28163e-12      2.63317      2.61679      1.00898      1.02365       2900309.3      72.6197      3.39220       356718.40      1544.65      72.3380    Klong
      2.32000      2.30798      2.32920      2.29720      2.22737      2.24848      2.20692    0.0890971      2886.77  1.75138e-12      3.08288      2.98072      1.04401      1.07048       6363203.2      73.5415      3.41360       334272.60      2410.33      37.3695    Kwide
      3.55000      3.53464      3.54231      3.53078      3.50494      3.51266      3.52842    0.0682343      1433.24  3.34374e-13      1.39045      1.38417      1.00673      1.01306       1424886.2      71.6889      3.37040       29409068.      255.509      705.604    Lband
      3.87000      3.84796      3.85520      3.84433      3.81976      3.82699      3.77624    0.0702619      1355.26  2.40487e-13      1.18553      1.18451      1.00276      1.00783       1148794.9      71.7210      3.37116       74642023.      131.727      1188.79    LPrimeband
      4.10000      4.08735      4.23882      4.01041      3.55066      3.67207      3.78844     0.268389      5052.92  2.31975e-13      1.24452      1.05904      1.22066      1.35385       4496232.9      71.7730      3.37238   1.2171478e+09      128.626      1287.55    LPlusM
      4.90000      4.84380      4.84880      4.84129      4.82503      4.83006      4.66046    0.0579102      886.609  9.82309e-14     0.767981     0.768893     0.999850      1.00292       486843.08      71.9674      3.37694   4.3565091e+08      23.3048      4390.07    Mband
      3.61000      3.60272      3.60361      3.60227      3.59926      3.60014      3.60135    0.0222433      457.499  3.08865e-13      1.33691      1.33428      1.00222      1.00223       437318.96      71.6916      3.37047       10642281.      129.838      1329.76    NbL
      4.81000      4.80657      4.80703      4.80634      4.80481      4.80527      4.80564    0.0155316      239.407  1.01274e-13     0.780383     0.780020      1.00056      1.00047       133582.77      71.9575      3.37671   1.2889910e+08      11.7477      8843.50    NbM
      3.05000      3.05020      3.05092      3.04984      3.04750      3.04823      3.03191    0.0184375      447.910  5.82436e-13      1.80710      1.79448      1.00727      1.00634       578733.64      71.6956      3.37056       1208709.6      403.952      457.807    IceBand
      1.87000      1.87432      1.87435      1.87431      1.87414      1.87417      1.87649   0.00240304      94.9814  3.47577e-12      4.07298      3.73245      1.09125      1.09325       276602.83      75.5066      3.45898       4747.7320      369.437      139.762    Palpha
      1.90000      1.90006      1.90009      1.90005      1.89998      1.90000      1.89551   0.00249163      97.1485  3.48818e-12      4.20056      4.20556     0.998826     0.998995       291775.68      75.3294      3.45492       4139.1297      384.956      128.158    PalphaCont
      1.87000      1.87435      1.87438      1.87434      1.87417      1.87420      1.87649   0.00232405      91.8578  3.47522e-12      4.07246      3.72551      1.09315      1.09522       267472.35      75.5064      3.45898       4600.8519      360.236      142.403    Palpha+Hw
      1.90000      1.90005      1.90008      1.90004      1.89997      1.90000      1.89560   0.00241700      94.2392  3.48822e-12      4.20058      4.20659     0.998587     0.999009       283039.38      75.3294      3.45492       4016.4957      376.342      130.282    PalphaCont+Hw
      3.30000      3.30063      3.30086      3.30051      3.29977      3.30000      3.28945   0.00964305      216.452  4.25662e-13      1.54671      1.48040      1.04486      1.04273       239373.21      71.6794      3.37018       1986015.9      151.683      1214.27    PAHband
