lvega5.sav

atranfiles/atran_41K_45deg_1-6mum.txt

    lambda_ref   lambda_mean   lambda_1     lambda_pivot  lambda_eff  lambda_eff_ph  lambda_iso   width      Response  F_mean          Fnu_mean    Fnu_lammean  ColorTerm   ColorTerm   Source Count Rate   Source Size Source FWHM    Bkgd          S/N        Fnu_limit   Filter
     microns       microns      microns      microns      microns      microns       microns    microns      e/s/mJy   W/m^2/mum        Jy           Jy                                 electrons/s          pix        arcsec         e-/s                     microJy
      1.25000      1.24639      1.25114      1.24398      1.22902      1.23388      1.23855    0.0242547      1447.22  6.79581e-12      3.50791      3.46767      1.01552      1.01991       3629869.3      81.9958      3.60447       16633.447      1826.45      16.7944    Jband
      1.65000      1.63218      1.63618      1.63018      1.61828      1.62228      1.61497    0.0311562      1417.61  2.58910e-12      2.29510      2.33530     0.985203      1.01901       2326282.1      77.5481      3.50539       60466.443      1422.72      32.4409    Hband
      1.80000      1.79410      1.80692      1.78765      1.74897      1.76149      1.72866    0.0587275      2442.52  1.89058e-12      2.01530      2.01698      1.00639      1.03548       3519520.1      76.4326      3.48003       107392.52      1780.00      25.0613    Hwide
      2.12000      2.10579      2.11085      2.10325      2.08719      2.09221      2.10320    0.0392226      1383.19  1.03523e-12      1.52757      1.52588      1.00353      1.01050       1510744.5      74.1957      3.42880       79676.197      1106.31      38.1369    Kband
      2.50000      2.48550      2.49220      2.48216      2.46017      2.46666      2.47982    0.0473828      1416.08  5.58257e-13      1.14729      1.14023      1.00890      1.02419       1161631.5      72.6182      3.39216       1076869.0      733.648      136.683    Klong
      2.32000      2.31019      2.33133      2.29944      2.22999      2.25112      2.20810    0.0812529      2630.02  7.59259e-13      1.33910      1.29560      1.04327      1.06948       2518120.0      73.5299      3.41333       950110.58      1302.06      69.1290    Kwide
      3.55000      3.53470      3.54237      3.53084      3.50507      3.51279      3.52882    0.0637146      1338.29  1.46316e-13     0.608454     0.605780      1.00661      1.01290       582214.79      71.6889      3.37040       68531759.      69.8987      1153.54    Lband
      3.87000      3.84861      3.85584      3.84498      3.82051      3.82773      3.77721    0.0658777      1270.48  1.05263e-13     0.519092     0.518668      1.00271      1.00777       471539.90      71.7211      3.37116   1.5607587e+08      37.6555      1833.73    LPrimeband
      4.10000      4.09208      4.24302      4.01531      3.55661      3.67840      3.82729     0.251178      4722.84  1.01037e-13     0.543371     0.463364      1.21794      1.34999       1834872.7      71.7734      3.37239   2.1520323e+09      39.5339      1831.70    LPlusM
      4.90000      4.84380      4.84880      4.84129      4.82506      4.83009      4.67004    0.0544819      834.122  4.31278e-14     0.337179     0.337617     0.999736      1.00280       201092.52      71.9674      3.37694   7.8688495e+08      7.16657      6271.33    Mband
      3.61000      3.60272      3.60361      3.60227      3.59927      3.60015      3.60135    0.0207094      425.950  1.35201e-13     0.585214     0.584067      1.00221      1.00223       178229.36      71.6916      3.37047       25486901.      35.0006      2210.25    NbL
      4.81000      4.80657      4.80703      4.80634      4.80482      4.80527      4.80565    0.0146122      225.234  4.44666e-14     0.342644     0.342491      1.00054      1.00045       55180.244      71.9575      3.37671   2.2462413e+08      3.67913      12408.8    NbM
      3.05000      3.05022      3.05095      3.04986      3.04753      3.04826      3.03191    0.0169901      412.744  2.54500e-13     0.789638     0.784151      1.00724      1.00630       233031.83      71.6955      3.37056       3521254.5      116.234      847.879    IceBand
      1.87000      1.87433      1.87436      1.87431      1.87414      1.87417      1.87649   0.00216053      85.3958  1.50740e-12      1.76642      1.61816      1.09164      1.09364       107853.87      75.5066      3.45898       4400.6366      172.378      150.027    Palpha
      1.90000      1.90006      1.90009      1.90005      1.89998      1.90001      1.89546   0.00224497      87.5311  1.51327e-12      1.82232      1.82449     0.998826     0.998994       114049.63      75.3294      3.45492       3905.8158      181.117      138.462    PalphaCont
      1.87000      1.87436      1.87439      1.87434      1.87418      1.87421      1.87649   0.00208952      82.5878  1.50716e-12      1.76619      1.61515      1.09354      1.09563       104294.09      75.5064      3.45898       4264.5302      167.481      152.873    Palpha+Hw
      1.90000      1.90005      1.90008      1.90004      1.89997      1.90000      1.89553   0.00217773      84.9098  1.51329e-12      1.82233      1.82494     0.998587     0.999008       110634.79      75.3294      3.45492       3790.2465      176.481      140.769    PalphaCont+Hw
      3.30000      3.30067      3.30090      3.30055      3.29981      3.30005      3.28945   0.00898904      201.769  1.86136e-13     0.676370     0.647460      1.04472      1.04177       97576.630      71.6794      3.37018       4803538.3      42.9300      2025.74    PAHband
