lvega5.sav

atranfiles/atran_41K_45deg_1-6mum.txt

    lambda_ref   lambda_mean   lambda_1     lambda_pivot  lambda_eff  lambda_eff_ph  lambda_iso   width      Response  F_mean          Fnu_mean    Fnu_lammean  ColorTerm   ColorTerm   Source Count Rate   Source Size Source FWHM    Bkgd          S/N        Fnu_limit   Filter
     microns       microns      microns      microns      microns      microns       microns    microns      e/s/mJy   W/m^2/mum        Jy           Jy                                 electrons/s          pix        arcsec         e-/s                     microJy
      1.25000      1.24155      1.24643      1.23909      1.22413      1.22904      1.23122    0.0309841      1856.14  2.63583e-11      13.4991      13.4213      1.00979      1.02736       17915180.      82.0661      3.60602       20904.763      4194.83      14.6494    Jband
      1.65000      1.63157      1.63558      1.62957      1.61778      1.62178      1.61492    0.0352372      1603.90  1.00113e-11      8.86780      9.03743     0.983648      1.01110       10169477.      77.5527      3.50550       68207.167      3134.72      30.4434    Hband
      1.80000      1.79316      1.80603      1.78669      1.74824      1.76079      1.72853    0.0658856      2741.73  7.32979e-12      7.80495      7.81648      1.00577      1.03255       15300352.      76.4383      3.48016       115546.44      3861.64      23.1558    Hwide
      2.12000      2.10506      2.11012      2.10252      2.08659      2.09160      2.10268    0.0434523      1532.88  4.02659e-12      5.93745      5.93238      1.00327      1.01001       6507514.4      74.1990      3.42888       54277.403      2488.91      28.4298    Kband
      2.50000      2.48515      2.49187      2.48181      2.45988      2.46638      2.47945    0.0515381      1540.49  2.17566e-12      4.46999      4.44358      1.00866      1.02325       4923476.8      72.6191      3.39219       356718.40      2090.14      72.3380    Klong
      2.32000      2.30798      2.32920      2.29720      2.22807      2.24919      2.23624    0.0890971      2886.77  2.96369e-12      5.21687      5.05033      1.04270      1.06882       10767847.      73.5384      3.41353       334272.60      3192.79      37.3695    Kwide
      3.55000      3.53464      3.54231      3.53078      3.50511      3.51282      3.52883    0.0682343      1433.24  5.72267e-13      2.37969      2.36951      1.00649      1.01278       2438636.8      71.6889      3.37040       29409068.      430.336      705.604    Lband
      3.87000      3.84796      3.85520      3.84433      3.81991      3.82713      3.77605    0.0702619      1355.26  4.12324e-13      2.03264      2.03111      1.00264      1.00768       1969648.9      71.7210      3.37116       74642023.      224.642      1188.79    LPrimeband
      4.10000      4.08735      4.23882      4.01041      3.55294      3.67464      3.82615     0.268389      5052.92  3.97215e-13      2.13100      1.81822      1.21743      1.34920       7698970.9      71.7733      3.37238   1.2171478e+09      219.961      1287.55    LPlusM
      4.90000      4.84380      4.84880      4.84129      4.82509      4.83012      4.68147    0.0579102      886.609  1.69226e-13      1.32303      1.32490     0.999623      1.00268       838703.50      71.9674      3.37694   4.3565091e+08      40.1318      4390.07    Mband
      3.61000      3.60272      3.60361      3.60227      3.59927      3.60016      3.60136    0.0222433      457.499  5.28926e-13      2.28943      2.28498      1.00220      1.00221       748901.35      71.6916      3.37047       10642281.      219.353      1329.76    NbL
      4.81000      4.80657      4.80703      4.80634      4.80482      4.80527      4.80566    0.0155316      239.407  1.74490e-13      1.34456      1.34398      1.00052      1.00043       230156.06      71.9575      3.37671   1.2889910e+08      20.2331      8843.50    NbM
      3.05000      3.05020      3.05092      3.04984      3.04751      3.04824      3.03190    0.0184375      447.910  9.93917e-13      3.08378      3.06230      1.00725      1.00631       987598.10      71.6956      3.37056       1208709.6      629.486      457.807    IceBand
      1.87000      1.87432      1.87435      1.87431      1.87414      1.87417      1.87648   0.00240304      94.9814  5.84285e-12      6.84677      6.27435      1.09125      1.09325       464975.59      75.5066      3.45898       4747.7319      537.285      139.762    Palpha
      1.90000      1.90006      1.90009      1.90005      1.89998      1.90001      1.89556   0.00249163      97.1485  5.86724e-12      7.06550      7.07393     0.998824     0.998992       490777.76      75.3294      3.45492       4139.1297      558.032      128.158    PalphaCont
      1.87000      1.87435      1.87438      1.87434      1.87417      1.87420      1.87649   0.00232405      91.8578  5.84192e-12      6.84590      6.26269      1.09314      1.09521       449627.39      75.5064      3.45898       4600.8519      525.010      142.403    Palpha+Hw
      1.90000      1.90005      1.90008      1.90004      1.89997      1.90000      1.89546   0.00241700      94.2392  5.86732e-12      7.06554      7.07565     0.998585     0.999006       476082.90      75.3294      3.45492       4016.4957      546.584      130.282    PalphaCont+Hw
      3.30000      3.30063      3.30086      3.30051      3.29977      3.30001      3.28945   0.00964305      216.452  7.27486e-13      2.64343      2.52996      1.04492      1.04278       409105.83      71.6794      3.37018       1986015.9      250.830      1214.27    PAHband
