../sofiacalib/cohen_supertemplates/SA108_1918.tem.txt

atranfiles/atran_41K_45deg_1-6mum.txt

    lambda_ref   lambda_mean   lambda_1     lambda_pivot  lambda_eff  lambda_eff_ph  lambda_iso   width      Response  F_mean          Fnu_mean    Fnu_lammean  ColorTerm   ColorTerm   Source Count Rate   Source Size Source FWHM    Bkgd          S/N        Fnu_limit   Filter
     microns       microns      microns      microns      microns      microns       microns    microns      e/s/mJy   W/m^2/mum        Jy           Jy                                 electrons/s          pix        arcsec         e-/s                     microJy
      1.25000      1.24639      1.25114      1.24398      1.24171      1.24652      1.25010    0.0242547      1447.22  9.03383e-13     0.466315     0.470853     0.994198     0.998730       482527.12      81.8152      3.60050       16633.267      538.905      16.7939    Jband
      1.65000      1.63218      1.63618      1.63018      1.62458      1.62855      1.61555    0.0311562      1417.61  6.42386e-13     0.569439     0.592465     0.963499     0.964256       577176.96      77.4909      3.50410       60466.385      600.378      32.4408    Hband
      1.80000      1.79410      1.80692      1.78765      1.76199      1.77452      1.78186    0.0587275      2442.52  5.15282e-13     0.549273     0.535613      1.03292      1.00588       959252.32      76.3303      3.47770       124199.66      820.827      26.9454    Hwide
      2.12000      2.10579      2.11085      2.10325      2.08864      2.09367      2.10479    0.0392226      1383.19  3.20030e-13     0.472230     0.468450      1.01050      1.01727       467027.42      74.1879      3.42862       79676.190      515.416      38.1369    Kband
      2.50000      2.48550      2.49220      2.48216      2.46256      2.46940      2.41148    0.0473828      1416.08  1.59203e-13     0.327183     0.291175      1.12669      1.08137       331272.26      72.6121      3.39202       1077132.3      255.816      136.699    Klong
      2.32000      2.31019      2.33133      2.29944      2.22446      2.24549      2.29251    0.0812529      2630.02  2.25927e-13     0.398464     0.385952      1.04210      1.11324       749296.74      73.5547      3.41391       958453.72      532.535      69.4317    Kwide
      3.55000      3.53470      3.54237      3.53084      3.50717      3.51493      3.52465    0.0637146      1338.29  5.05553e-14     0.210234     0.208715      1.00948      1.01502       201167.80      71.6890      3.37041       68531852.      24.2181      1153.54    Lband
      3.87000      3.84861      3.85584      3.84498      3.82124      3.82843      3.84007    0.0658777      1270.48  3.69871e-14     0.182398     0.181055      1.00932      1.01544       165688.61      71.7212      3.37116   1.8382919e+08      12.2061      1990.10    LPrimeband
      4.10000      4.09208      4.24302      4.01531      3.53638      3.64907      3.94925     0.251178      4722.84  3.32745e-14     0.178949     0.161277      1.15241      1.30158       604279.42      71.7658      3.37221   2.1527974e+09      13.0211      1832.03    LPlusM
      4.90000      4.84380      4.84880      4.84129      4.82770      4.83271      4.86427    0.0544819      834.122  1.20859e-14    0.0944887    0.0960583     0.984680     0.987485       56352.824      71.9682      3.37696   7.8688495e+08      2.00850      6271.33    Mband
      3.61000      3.60272      3.60361      3.60227      3.59969      3.60058      3.59695    0.0207094      425.950  4.68290e-14     0.202697     0.201568      1.00585      1.00651       61732.354      71.6916      3.37047       25488237.      12.1500      2210.30    NbL
      4.81000      4.80657      4.80703      4.80634      4.80545      4.80590      4.81857    0.0146122      225.234  1.25097e-14    0.0963951    0.0970284     0.993568     0.993716       15523.702      71.9577      3.37671   2.2464983e+08      1.03507      12409.5    NbM
      3.05000      3.05022      3.05095      3.04986      3.04768      3.04840      3.04936    0.0169901      412.744  8.46396e-14     0.262612     0.262403      1.00103      1.00167       77499.979      71.6955      3.37056       3661076.6      38.7320      864.547    IceBand
      1.87000      1.87433      1.87436      1.87431      1.87424      1.87427      1.87247   0.00216053      85.3955  4.64623e-13     0.544458     0.542493      1.00364      1.00367       33243.430      75.5059      3.45897       92901.462      52.2134      666.849    Palpha
      1.90000      1.90006      1.90009      1.90005      1.90003      1.90006      1.90069   0.00224497      87.5311  4.43264e-13     0.533791     0.532230      1.00295      1.00287       33407.165      75.3290      3.45491       3905.8154      59.4400      138.462    PalphaCont
      1.87000      1.87436      1.87439      1.87434      1.87427      1.87430      1.87250   0.00208952      82.5878  4.64599e-13     0.544448     0.542482      1.00364      1.00368       32149.803      75.5057      3.45896       89567.204      50.7739      677.078    Palpha+Hw
      1.90000      1.90005      1.90008      1.90004      1.90002      1.90005      1.90068   0.00217773      84.9098  4.43265e-13     0.533788     0.532216      1.00297      1.00289       32406.562      75.3291      3.45491       3790.2462      57.7618      140.769    PalphaCont+Hw
      3.30000      3.30067      3.30090      3.30055      3.29981      3.30004      3.30090   0.00898904      201.769  6.41044e-14     0.232939     0.233016     0.999737     0.999929       33604.944      71.6794      3.37018       4803538.3      14.8773      2025.74    PAHband
