../sofiacalib/cohen_supertemplates/SA108_475.tem.txt

atranfiles/atran_41K_45deg_1-6mum.txt

    lambda_ref   lambda_mean   lambda_1     lambda_pivot  lambda_eff  lambda_eff_ph  lambda_iso   width      Response  F_mean          Fnu_mean    Fnu_lammean  ColorTerm   ColorTerm   Source Count Rate   Source Size Source FWHM    Bkgd          S/N        Fnu_limit   Filter
     microns       microns      microns      microns      microns      microns       microns    microns      e/s/mJy   W/m^2/mum        Jy           Jy                                 electrons/s          pix        arcsec         e-/s                     microJy
      1.25000      1.24155      1.24643      1.23909      1.23646      1.24138      1.24453    0.0309841      1856.14  9.02922e-13     0.462421     0.465073     0.998248     0.994604       613697.40      81.8893      3.60213       20904.586      633.848      14.6490    Jband
      1.65000      1.63157      1.63558      1.62957      1.62381      1.62778      1.61532    0.0352372      1603.90  6.31352e-13     0.559238     0.578386     0.969276     0.956466       641326.75      77.4979      3.50426       68207.112      642.574      30.4434    Hband
      1.80000      1.79316      1.80603      1.78669      1.76055      1.77310      1.78183    0.0658856      2741.73  5.05216e-13     0.537967     0.524202      1.03371      1.01274       1054597.0      76.3415      3.47795       134092.73      869.521      24.9400    Hwide
      2.12000      2.10506      2.11012      2.10252      2.08781      2.09282      2.10474    0.0434523      1532.88  3.12089e-13     0.460194     0.457698      1.00788      1.04007       504377.68      74.1924      3.42872       54277.397      552.622      28.4298    Kband
      2.50000      2.48515      2.49187      2.48181      2.46203      2.46888      2.40675    0.0515381      1540.49  1.54585e-13     0.317602     0.283010      1.12526      1.08649       349823.64      72.6138      3.39206       357013.87      354.214      72.3679    Klong
      2.32000      2.30798      2.32920      2.29720      2.22174      2.24273      2.29234    0.0890971      2886.77  2.20628e-13     0.388364     0.374043      1.04806      1.14722       801598.68      73.5668      3.41419       343648.74      673.328      37.8894    Kwide
      3.55000      3.53464      3.54231      3.53078      3.50703      3.51479      3.52454    0.0682343      1433.24  4.87872e-14     0.202875     0.201393      1.00956      1.01511       207899.63      71.6890      3.37041       29409167.      38.0319      705.605    Lband
      3.87000      3.84796      3.85520      3.84433      3.82049      3.82769      3.83934    0.0702619      1355.26  3.56805e-14     0.175894     0.174578      1.00945      1.01561       170443.85      71.7210      3.37116   1.0420343e+08      16.6623      1404.60    LPrimeband
      4.10000      4.08735      4.23882      4.01041      3.53070      3.64303      3.94334     0.268389      5052.92  3.22729e-14     0.173140     0.155726      1.15489      1.30325       625526.03      71.7655      3.37220   1.2180012e+09      17.9169      1288.00    LPlusM
      4.90000      4.84380      4.84880      4.84129      4.82767      4.83268      4.86412    0.0579102      886.609  1.16291e-14    0.0909180    0.0924265     0.984698     0.987548       57635.223      71.9682      3.37696   4.3565091e+08      2.76031      4390.07    Mband
      3.61000      3.60272      3.60361      3.60227      3.59968      3.60057      3.59693    0.0222433      457.499  4.51755e-14     0.195540     0.194442      1.00590      1.00656       63963.617      71.6916      3.37047       10643701.      19.3097      1329.85    NbL
      4.81000      4.80657      4.80703      4.80634      4.80545      4.80591      4.81890    0.0155316      239.407  1.20371e-14    0.0927541    0.0933805     0.993386     0.993534       15877.266      71.9577      3.37671   1.2892641e+08      1.39679      8844.43    NbM
      3.05000      3.05020      3.05092      3.04984      3.04764      3.04836      3.04932    0.0184375      447.910  8.18224e-14     0.253867     0.253657      1.00107      1.00170       81302.208      71.6955      3.37056       1360509.7      62.2290      485.697    IceBand
      1.87000      1.87432      1.87435      1.87431      1.87423      1.87426      1.87242   0.00240303      94.9810  4.53981e-13     0.531984     0.530073      1.00362      1.00366       36127.819      75.5060      3.45897       103097.13      55.8499      631.483    Palpha
      1.90000      1.90006      1.90009      1.90005      1.90003      1.90006      1.90069   0.00249163      97.1485  4.32927e-13     0.521343     0.519826      1.00293      1.00285       36213.108      75.3290      3.45491       4139.1293      64.1247      128.158    PalphaCont
      1.87000      1.87435      1.87438      1.87434      1.87426      1.87429      1.87244   0.00232405      91.8578  4.53958e-13     0.531974     0.530062      1.00362      1.00366       34939.167      75.5058      3.45896       99398.817      54.3306      641.174    Palpha+Hw
      1.90000      1.90005      1.90008      1.90004      1.90002      1.90005      1.90068   0.00241700      94.2392  4.32929e-13     0.521341     0.519812      1.00296      1.00288       35128.457      75.3291      3.45491       4016.4953      62.3221      130.282    PalphaCont+Hw
      3.30000      3.30063      3.30086      3.30051      3.29976      3.29999      3.30086   0.00964305      216.452  6.19093e-14     0.224957     0.225032     0.999735     0.999927       34815.029      71.6794      3.37018       1986015.9      23.0270      1214.27    PAHband
