../sofiacalib/cohen_supertemplates/SA107_484.tem.txt

atranfiles/atran_41K_45deg_1-6mum.txt

    lambda_ref   lambda_mean   lambda_1     lambda_pivot  lambda_eff  lambda_eff_ph  lambda_iso   width      Response  F_mean          Fnu_mean    Fnu_lammean  ColorTerm   ColorTerm   Source Count Rate   Source Size Source FWHM    Bkgd          S/N        Fnu_limit   Filter
     microns       microns      microns      microns      microns      microns       microns    microns      e/s/mJy   W/m^2/mum        Jy           Jy                                 electrons/s          pix        arcsec         e-/s                     microJy
      1.25000      1.24639      1.25114      1.24398      1.24054      1.24536      1.24932    0.0242547      1447.22  6.77722e-13     0.349832     0.352770     0.995512      1.00103       361994.20      81.8317      3.60087       16633.283      438.582      16.7940    Jband
      1.65000      1.63218      1.63618      1.63018      1.62397      1.62793      1.61557    0.0311562      1417.61  4.57238e-13     0.405316     0.421316     0.964391     0.965453       410823.83      77.4965      3.50423       60466.391      471.908      32.4408    Hband
      1.80000      1.79410      1.80692      1.78765      1.76029      1.77281      1.78176    0.0587275      2442.52  3.62529e-13     0.386443     0.375829      1.03568      1.00955       674885.91      76.3436      3.47800       124199.68      648.988      26.9454    Hwide
      2.12000      2.10579      2.11085      2.10325      2.08812      2.09314      2.10476    0.0392226      1383.19  2.20570e-13     0.325469     0.322498      1.01165      1.01838       321883.46      74.1907      3.42868       79676.192      391.518      38.1369    Kband
      2.50000      2.48550      2.49220      2.48216      2.46211      2.46895      2.39163    0.0473828      1416.08  1.08155e-13     0.222272     0.197517      1.12836      1.08307       225050.35      72.6135      3.39205       1077132.3      179.569      136.699    Klong
      2.32000      2.31019      2.33133      2.29944      2.22261      2.24362      2.29240    0.0812529      2630.02  1.54818e-13     0.273051     0.263354      1.04654      1.11843       513462.37      73.5629      3.41410       958453.73      388.814      69.4317    Kwide
      3.55000      3.53470      3.54237      3.53084      3.50682      3.51458      3.52445    0.0637146      1338.29  3.35937e-14     0.139699     0.138649      1.00978      1.01541       133674.67      71.6890      3.37040       68531852.      16.1006      1153.54    Lband
      3.87000      3.84861      3.85584      3.84498      3.82096      3.82815      3.83986    0.0658777      1270.48  2.44888e-14     0.120764     0.119835      1.00965      1.01586       109700.74      71.7211      3.37116   1.8382919e+08      8.08276      1990.10    LPrimeband
      4.10000      4.09208      4.24302      4.01531      3.53192      3.64417      3.94476     0.251178      4722.84  2.21145e-14     0.118931     0.106509      1.15974      1.31122       401608.29      71.7655      3.37220   2.1527974e+09      8.65434      1832.03    LPlusM
      4.90000      4.84380      4.84880      4.84129      4.82757      4.83258      4.86336    0.0544819      834.122  7.94162e-15    0.0620885    0.0631004     0.984985     0.987889       37029.434      71.9682      3.37696   7.8688495e+08      1.31980      6271.33    Mband
      3.61000      3.60272      3.60361      3.60227      3.59965      3.60054      3.59698    0.0207094      425.950  3.10807e-14     0.134532     0.133777      1.00589      1.00656       40972.209      71.6916      3.37047       25488237.      8.06728      2210.30    NbL
      4.81000      4.80657      4.80703      4.80634      4.80544      4.80589      4.81898    0.0146122      225.234  8.21951e-15    0.0633367    0.0637633     0.993404     0.993550       10199.892      71.9577      3.37671   2.2464983e+08     0.680104      12409.5    NbM
      3.05000      3.05022      3.05095      3.04986      3.04764      3.04836      3.04928    0.0169901      412.744  5.66396e-14     0.175736     0.175576      1.00115      1.00180       51861.888      71.6955      3.37056       3661076.6      26.0023      864.547    IceBand
      1.87000      1.87433      1.87436      1.87431      1.87424      1.87427      1.87255   0.00216053      85.3955  3.24157e-13     0.379856     0.378511      1.00357      1.00361       23193.205      75.5059      3.45897       92901.462      36.8883      666.849    Palpha
      1.90000      1.90006      1.90009      1.90005      1.90003      1.90006      1.90070   0.00224497      87.5311  3.08746e-13     0.371801     0.370711      1.00296      1.00289       23269.081      75.3290      3.45491       3905.8155      42.0825      138.462    PalphaCont
      1.87000      1.87436      1.87439      1.87434      1.87427      1.87430      1.87257   0.00208952      82.5878  3.24140e-13     0.379849     0.378502      1.00357      1.00361       22430.161      75.5057      3.45896       89567.204      35.8611      677.078    Palpha+Hw
      1.90000      1.90005      1.90008      1.90004      1.90002      1.90005      1.90070   0.00217773      84.9098  3.08748e-13     0.371799     0.370702      1.00297      1.00290       22572.143      75.3291      3.45491       3790.2462      40.8764      140.769    PalphaCont+Hw
      3.30000      3.30067      3.30090      3.30055      3.29980      3.30003      3.30084   0.00898904      201.769  4.27186e-14     0.155228     0.155270     0.999799     0.999994       22394.029      71.6794      3.37018       4803538.3      9.92500      2025.74    PAHband
