../sofiacalib/cohen_supertemplates/SA109_231.tem.txt

atranfiles/atran_41K_45deg_1-6mum.txt

    lambda_ref   lambda_mean   lambda_1     lambda_pivot  lambda_eff  lambda_eff_ph  lambda_iso   width      Response  F_mean          Fnu_mean    Fnu_lammean  ColorTerm   ColorTerm   Source Count Rate   Source Size Source FWHM    Bkgd          S/N        Fnu_limit   Filter
     microns       microns      microns      microns      microns      microns       microns    microns      e/s/mJy   W/m^2/mum        Jy           Jy                                 electrons/s          pix        arcsec         e-/s                     microJy
      1.25000      1.24155      1.24643      1.23909      1.23654      1.24145      1.24900    0.0309841      1856.14  6.23500e-12      3.19319      3.21743     0.996408     0.993087       4237800.5      81.8881      3.60210       20904.585      1984.20      14.6490    Jband
      1.65000      1.63157      1.63558      1.62957      1.62310      1.62701      1.60753    0.0352372      1603.90  4.62756e-12      4.09900      4.21106     0.975787     0.964450       4700675.7      77.5044      3.50441       68207.118      2090.64      30.4434    Hband
      1.80000      1.79316      1.80603      1.78669      1.75369      1.76623      1.77748    0.0658856      2741.73  3.54176e-12      3.77135      3.63617      1.04470      1.09864       7393128.0      76.3954      3.47918       134092.78      2645.51      24.9400    Hwide
      2.12000      2.10506      2.11012      2.10252      2.08839      2.09341      2.10476    0.0434523      1532.88  2.09351e-12      3.08700      3.07557      1.00614      1.03302       3383390.6      74.1892      3.42865       54277.393      1756.09      28.4298    Kband
      2.50000      2.48515      2.49187      2.48181      2.46403      2.47086      2.40446    0.0515381      1540.49  1.09001e-12      2.23949      2.06976      1.08492      1.06707       2466685.4      72.6074      3.39191       357013.86      1402.75      72.3679    Klong
      2.32000      2.30798      2.32920      2.29720      2.22718      2.24841      2.29262    0.0890971      2886.77  1.51200e-12      2.66152      2.55633      1.05095      1.13862       5493495.0      73.5431      3.41364       343648.71      2222.59      37.8894    Kwide
      3.55000      3.53464      3.54231      3.53078      3.50673      3.51447      3.52532    0.0682343      1433.24  3.51300e-13      1.46083      1.45053      1.00930      1.01496       1497017.4      71.6890      3.37040       29409167.      268.133      705.605    Lband
      3.87000      3.84796      3.85520      3.84433      3.82043      3.82763      3.84023    0.0702619      1355.26  2.56340e-13      1.26368      1.25595      1.00806      1.01382       1224522.8      71.7210      3.37116   1.0420343e+08      119.109      1404.60    LPrimeband
      4.10000      4.08735      4.23882      4.01041      3.53433      3.64799      3.93526     0.268389      5052.92  2.33214e-13      1.25116      1.12250      1.15779      1.32278       4520231.4      71.7662      3.37222   1.2180012e+09      129.266      1288.00    LPlusM
      4.90000      4.84380      4.84880      4.84129      4.83141      4.83643      4.88810    0.0579102      886.609  8.48733e-14     0.663550     0.684487     0.970416     0.972396       420641.34      71.9695      3.37699   4.3565091e+08      20.1373      4390.07    Mband
      3.61000      3.60272      3.60361      3.60227      3.59954      3.60043      3.60024    0.0222433      457.499  3.25171e-13      1.40749      1.40427      1.00254      1.00321       460406.58      71.6916      3.37047       10643701.      136.545      1329.85    NbL
      4.81000      4.80657      4.80703      4.80634      4.80618      4.80663      4.84303    0.0155316      239.407  8.75022e-14     0.674262     0.676767     0.996393     0.996387       115417.42      71.9579      3.37672   1.2892641e+08      10.1498      8844.43    NbM
      3.05000      3.05020      3.05092      3.04984      3.04764      3.04836      3.04960    0.0184375      447.910  5.91532e-13      1.83532      1.83444      1.00072      1.00134       587771.74      71.6955      3.37056       1360509.7      395.073      485.697    IceBand
      1.87000      1.87432      1.87435      1.87431      1.87428      1.87431      1.88077   0.00240303      94.9810  3.02351e-12      3.54301      3.54598     0.999177     0.999161       240610.89      75.5056      3.45896       103097.13      304.857      631.483    Palpha
      1.90000      1.90006      1.90009      1.90005      1.90004      1.90007      1.89766   0.00249163      97.1485  2.93989e-12      3.54030      3.54876     0.997629     0.997633       245913.20      75.3290      3.45491       4139.1292      338.229      128.158    PalphaCont
      1.87000      1.87435      1.87438      1.87434      1.87431      1.87434      1.88080   0.00232405      91.8578  3.02347e-12      3.54307      3.54610     0.999163     0.999147       232703.14      75.5054      3.45895       99398.816      297.624      641.174    Palpha+Hw
      1.90000      1.90005      1.90008      1.90004      1.90003      1.90006      1.89765   0.00241700      94.2392  2.93991e-12      3.54029      3.54875     0.997629     0.997634       238548.19      75.3290      3.45491       4016.4953      330.448      130.282    PalphaCont+Hw
      3.30000      3.30063      3.30086      3.30051      3.29979      3.30002      3.30048   0.00964305      216.452  4.45766e-13      1.61976      1.61961      1.00016      1.00034       250679.11      71.6794      3.37018       1986015.9      158.487      1214.27    PAHband
