../sofiacalib/cohen_supertemplates/SA108_475.tem.txt

atranfiles/atran_41K_45deg_1-6mum.txt

    lambda_ref   lambda_mean   lambda_1     lambda_pivot  lambda_eff  lambda_eff_ph  lambda_iso   width      Response  F_mean          Fnu_mean    Fnu_lammean  ColorTerm   ColorTerm   Source Count Rate   Source Size Source FWHM    Bkgd          S/N        Fnu_limit   Filter
     microns       microns      microns      microns      microns      microns       microns    microns      e/s/mJy   W/m^2/mum        Jy           Jy                                 electrons/s          pix        arcsec         e-/s                     microJy
      1.25000      1.24639      1.25114      1.24398      1.24141      1.24622      1.24987    0.0242547      1447.22  8.99281e-13     0.464198     0.468573     0.994499     0.999296       480335.91      81.8194      3.60059       16633.271      537.187      16.7940    Jband
      1.65000      1.63218      1.63618      1.63018      1.62442      1.62839      1.61554    0.0311562      1417.61  6.30903e-13     0.559260     0.581680     0.963821     0.964528       566859.35      77.4923      3.50413       60466.387      592.963      32.4408    Hband
      1.80000      1.79410      1.80692      1.78765      1.76155      1.77408      1.78186    0.0587275      2442.52  5.04558e-13     0.537842     0.524124      1.03359      1.00692       939289.44      76.3337      3.47778       124199.67      809.681      26.9454    Hwide
      2.12000      2.10579      2.11085      2.10325      2.08851      2.09353      2.10478    0.0392226      1383.19  3.11718e-13     0.459966     0.456112      1.01089      1.01767       454898.36      74.1886      3.42864       79676.190      505.779      38.1369    Kband
      2.50000      2.48550      2.49220      2.48216      2.46244      2.46927      2.40667    0.0473828      1416.08  1.54489e-13     0.317495     0.282521      1.12682      1.08177       321463.65      72.6125      3.39203       1077132.3      248.971      136.699    Klong
      2.32000      2.31019      2.33133      2.29944      2.22398      2.24500      2.29250    0.0812529      2630.02  2.19729e-13     0.387534     0.375025      1.04305      1.11486       728742.75      73.5568      3.41396       958453.73      520.635      69.4317    Kwide
      3.55000      3.53470      3.54237      3.53084      3.50708      3.51484      3.52461    0.0637146      1338.29  4.87841e-14     0.202869     0.201388      1.00955      1.01512       194119.97      71.6890      3.37041       68531852.      23.3708      1153.54    Lband
      3.87000      3.84861      3.85584      3.84498      3.82117      3.82835      3.83994    0.0658777      1270.48  3.56573e-14     0.175840     0.174512      1.00951      1.01567       159731.53      71.7211      3.37116   1.8382919e+08      11.7674      1990.10    LPrimeband
      4.10000      4.09208      4.24302      4.01531      3.53524      3.64781      3.94803     0.251178      4722.84  3.21091e-14     0.172681     0.155368      1.15434      1.30402       583114.57      71.7657      3.37221   2.1527974e+09      12.5651      1832.03    LPlusM
      4.90000      4.84380      4.84880      4.84129      4.82767      4.83268      4.86412    0.0544819      834.122  1.16291e-14    0.0909180    0.0924265     0.984698     0.987548       54223.217      71.9682      3.37696   7.8688495e+08      1.93260      6271.33    Mband
      3.61000      3.60272      3.60361      3.60227      3.59968      3.60057      3.59693    0.0207094      425.950  4.51755e-14     0.195540     0.194442      1.00590      1.00656       59552.646      71.6916      3.37047       25488237.      11.7215      2210.30    NbL
      4.81000      4.80657      4.80703      4.80634      4.80545      4.80591      4.81890    0.0146122      225.234  1.20371e-14    0.0927541    0.0933805     0.993386     0.993534       14937.332      71.9577      3.37671   2.2464983e+08     0.995975      12409.5    NbM
      3.05000      3.05022      3.05095      3.04986      3.04766      3.04839      3.04934    0.0169901      412.744  8.18201e-14     0.253864     0.253653      1.00107      1.00170       74918.322      71.6955      3.37056       3661076.6      37.4539      864.547    IceBand
      1.87000      1.87433      1.87436      1.87431      1.87424      1.87427      1.87242   0.00216053      85.3955  4.53977e-13     0.531983     0.530071      1.00362      1.00366       32481.696      75.5059      3.45897       92901.462      51.0650      666.849    Palpha
      1.90000      1.90006      1.90009      1.90005      1.90003      1.90006      1.90069   0.00224497      87.5311  4.32927e-13     0.521342     0.519826      1.00293      1.00285       32628.095      75.3290      3.45491       3905.8154      58.1255      138.462    PalphaCont
      1.87000      1.87436      1.87439      1.87434      1.87427      1.87430      1.87245   0.00208952      82.5878  4.53953e-13     0.531972     0.530060      1.00362      1.00366       31413.111      75.5057      3.45896       89567.204      49.6561      677.078    Palpha+Hw
      1.90000      1.90005      1.90008      1.90004      1.90002      1.90005      1.90069   0.00217773      84.9098  4.32928e-13     0.521340     0.519812      1.00295      1.00287       31650.831      75.3291      3.45491       3790.2462      56.4826      140.769    PalphaCont+Hw
      3.30000      3.30067      3.30090      3.30055      3.29980      3.30003      3.30090   0.00898904      201.769  6.19064e-14     0.224952     0.225027     0.999735     0.999927       32452.660      71.6794      3.37018       4803538.3      14.3688      2025.74    PAHband
