../sofiacalib/cohen_supertemplates/SA103_526.tem.txt

atranfiles/atran_41K_45deg_1-6mum.txt

    lambda_ref   lambda_mean   lambda_1     lambda_pivot  lambda_eff  lambda_eff_ph  lambda_iso   width      Response  F_mean          Fnu_mean    Fnu_lammean  ColorTerm   ColorTerm   Source Count Rate   Source Size Source FWHM    Bkgd          S/N        Fnu_limit   Filter
     microns       microns      microns      microns      microns      microns       microns    microns      e/s/mJy   W/m^2/mum        Jy           Jy                                 electrons/s          pix        arcsec         e-/s                     microJy
      1.25000      1.24155      1.24643      1.23909      1.23384      1.23877      1.24825    0.0309841      1856.14  7.69603e-13     0.394143     0.397316     0.995957     0.993382       523083.03      81.9265      3.60295       20904.624      568.383      14.6491    Jband
      1.65000      1.63157      1.63558      1.62957      1.62190      1.62583      1.59759    0.0352372      1603.90  4.67251e-13     0.413881     0.420889     0.985772     0.968368       474633.63      77.5152      3.50465       68207.129      521.138      30.4434    Hband
      1.80000      1.79316      1.80603      1.78669      1.75283      1.76533      1.77177    0.0658856      2741.73  3.55268e-13     0.378299     0.372145      1.02391      1.07950       741594.04      76.4022      3.47933       134092.79      689.081      24.9400    Hwide
      2.12000      2.10506      2.11012      2.10252      2.08753      2.09253      2.10457    0.0434523      1532.88  2.05351e-13     0.302802     0.302275      1.00416      1.03505       331875.09      74.1939      3.42876       54277.398      408.349      28.4298    Kband
      2.50000      2.48515      2.49187      2.48181      2.46331      2.47003      2.41055    0.0515381      1540.49  1.07965e-13     0.221819     0.205131      1.08427      1.07850       244322.30      72.6093      3.39196       357013.87      261.964      72.3679    Klong
      2.32000      2.30798      2.32920      2.29720      2.22745      2.24871      2.27613    0.0890971      2886.77  1.49057e-13     0.262380     0.253610      1.04432      1.12265       541563.35      73.5418      3.41361       343648.71      503.443      37.8894    Kwide
      3.55000      3.53464      3.54231      3.53078      3.50648      3.51422      3.52570    0.0682343      1433.24  3.20206e-14     0.133153     0.132140      1.00987      1.01599       136451.11      71.6890      3.37040       29409167.      24.9914      705.605    Lband
      3.87000      3.84796      3.85520      3.84433      3.82085      3.82808      3.83818    0.0702619      1355.26  2.33718e-14     0.115216     0.114323      1.00971      1.01512       111645.64      71.7211      3.37116   1.0420343e+08      10.9173      1404.60    LPrimeband
      4.10000      4.08735      4.23882      4.01041      3.54564      3.66299      3.91336     0.268389      5052.92  2.17027e-14     0.116432     0.103345      1.17028      1.31891       420650.31      71.7696      3.37230   1.2180012e+09      12.0497      1288.00    LPlusM
      4.90000      4.84380      4.84880      4.84129      4.82580      4.83084      4.84424    0.0579102      886.609  8.55144e-15    0.0668562    0.0669481     0.999662      1.00251       42381.845      71.9676      3.37695   4.3565091e+08      2.02982      4390.07    Mband
      3.61000      3.60272      3.60361      3.60227      3.59948      3.60037      3.60184    0.0222433      457.499  2.96357e-14     0.128277     0.128197      1.00087      1.00151       41960.849      71.6916      3.37047       10643701.      12.6801      1329.85    NbL
      4.81000      4.80657      4.80703      4.80634      4.80500      4.80546      4.80832    0.0155316      239.407  8.78473e-15    0.0676922    0.0677822     0.998766     0.998993       11587.271      71.9575      3.37671   1.2892641e+08      1.01940      8844.43    NbM
      3.05000      3.05020      3.05092      3.04984      3.04765      3.04838      3.04868    0.0184375      447.910  5.42789e-14     0.168409     0.168140      1.00184      1.00247       53933.815      71.6955      3.37056       1360509.7      41.6161      485.697    IceBand
      1.87000      1.87432      1.87435      1.87431      1.87423      1.87426      1.87629   0.00240303      94.9810  3.04747e-13     0.357109     0.357101      1.00004      1.00004       24251.801      75.5060      3.45897       103097.13      38.0344      631.483    Palpha
      1.90000      1.90006      1.90009      1.90005      1.89999      1.90002      1.89650   0.00249163      97.1485  2.93344e-13     0.353253     0.353417     0.999551     0.999575       24537.357      75.3293      3.45492       4139.1295      44.2676      128.158    PalphaCont
      1.87000      1.87435      1.87438      1.87434      1.87426      1.87429      1.87635   0.00232405      91.8578  3.04733e-13     0.357104     0.357106      1.00001      1.00002       23454.004      75.5058      3.45896       99398.817      36.9883      641.174    Palpha+Hw
      1.90000      1.90005      1.90008      1.90004      1.89999      1.90001      1.89646   0.00241700      94.2392  2.93347e-13     0.353254     0.353418     0.999552     0.999576       23802.608      75.3293      3.45492       4016.4956      43.0021      130.282    PalphaCont+Hw
      3.30000      3.30063      3.30086      3.30051      3.29982      3.30005      3.30023   0.00964305      216.452  4.06405e-14     0.147673     0.147622      1.00042      1.00059       22854.383      71.6794      3.37018       1986015.9      15.1558      1214.27    PAHband
