../sofiacalib/cohen_supertemplates/SA103_526.tem.txt

atranfiles/atran_41K_45deg_1-6mum.txt

    lambda_ref   lambda_mean   lambda_1     lambda_pivot  lambda_eff  lambda_eff_ph  lambda_iso   width      Response  F_mean          Fnu_mean    Fnu_lammean  ColorTerm   ColorTerm   Source Count Rate   Source Size Source FWHM    Bkgd          S/N        Fnu_limit   Filter
     microns       microns      microns      microns      microns      microns       microns    microns      e/s/mJy   W/m^2/mum        Jy           Jy                                 electrons/s          pix        arcsec         e-/s                     microJy
      1.25000      1.24639      1.25114      1.24398      1.23883      1.24366      1.24993    0.0242547      1447.22  7.64894e-13     0.394829     0.399885     0.991180      1.00062       408555.47      81.8558      3.60139       16633.307      478.870      16.7940    Jband
      1.65000      1.63218      1.63618      1.63018      1.62251      1.62644      1.62110    0.0311562      1417.61  4.66837e-13     0.413825     0.420970     0.985446     0.978369       419448.21      77.5097      3.50452       60466.404      479.081      32.4409    Hband
      1.80000      1.79410      1.80692      1.78765      1.75384      1.76633      1.77208    0.0587275      2442.52  3.54676e-13     0.378073     0.371215      1.02584      1.07075       660267.22      76.3942      3.47915       124199.73      639.209      26.9454    Hwide
      2.12000      2.10579      2.11085      2.10325      2.08823      2.09324      2.10470    0.0392226      1383.19  2.05103e-13     0.302646     0.300495      1.00959      1.01136       299311.91      74.1901      3.42867       79676.192      370.300      38.1369    Kband
      2.50000      2.48550      2.49220      2.48216      2.46370      2.47041      2.41067    0.0473828      1416.08  1.07906e-13     0.221760     0.205344      1.08285      1.07967       224531.74      72.6080      3.39193       1077132.3      179.186      136.699    Klong
      2.32000      2.31019      2.33133      2.29944      2.22971      2.25100      2.28479    0.0812529      2630.02  1.48494e-13     0.261898     0.252665      1.04626      1.09404       492488.26      73.5318      3.41338       958453.70      375.207      69.4317    Kwide
      3.55000      3.53470      3.54237      3.53084      3.50653      3.51427      3.52575    0.0637146      1338.29  3.20187e-14     0.133149     0.132136      1.00988      1.01599       127407.42      71.6890      3.37040       68531852.      15.3465      1153.54    Lband
      3.87000      3.84861      3.85584      3.84498      3.82153      3.82875      3.83884    0.0658777      1270.48  2.33567e-14     0.115181     0.114288      1.00971      1.01512       104629.37      71.7212      3.37116   1.8382919e+08      7.70921      1990.10    LPrimeband
      4.10000      4.09208      4.24302      4.01531      3.55032      3.66790      3.91803     0.251178      4722.84  2.15952e-14     0.116138     0.103136      1.16954      1.31820       392178.54      71.7698      3.37230   2.1527974e+09      8.45115      1832.03    LPlusM
      4.90000      4.84380      4.84880      4.84129      4.82580      4.83084      4.84424    0.0544819      834.122  8.55144e-15    0.0668562    0.0669481     0.999662      1.00251       39872.840      71.9676      3.37695   7.8688495e+08      1.42114      6271.33    Mband
      3.61000      3.60272      3.60361      3.60227      3.59949      3.60038      3.60184    0.0207094      425.950  2.96356e-14     0.128277     0.128196      1.00087      1.00151       39067.197      71.6916      3.37047       25488237.      7.69248      2210.30    NbL
      4.81000      4.80657      4.80703      4.80634      4.80500      4.80546      4.80832    0.0146122      225.234  8.78473e-15    0.0676922    0.0677822     0.998766     0.998993       10901.304      71.9575      3.37671   2.2464983e+08     0.726872      12409.5    NbM
      3.05000      3.05022      3.05095      3.04986      3.04768      3.04840      3.04870    0.0169901      412.744  5.42774e-14     0.168407     0.168138      1.00184      1.00247       49698.929      71.6955      3.37056       3661076.6      24.9246      864.547    IceBand
      1.87000      1.87433      1.87436      1.87431      1.87424      1.87426      1.87630   0.00216053      85.3955  3.04744e-13     0.357108     0.357102      1.00003      1.00004       21804.230      75.5060      3.45897       92901.462      34.7403      666.849    Palpha
      1.90000      1.90006      1.90009      1.90005      1.89999      1.90002      1.89650   0.00224497      87.5311  2.93344e-13     0.353253     0.353417     0.999552     0.999575       22108.264      75.3293      3.45492       3905.8157      40.0592      138.462    PalphaCont
      1.87000      1.87436      1.87439      1.87434      1.87427      1.87429      1.87636   0.00208952      82.5878  3.04730e-13     0.357103     0.357107      1.00001      1.00001       21087.020      75.5057      3.45896       89567.205      33.7717      677.078    Palpha+Hw
      1.90000      1.90005      1.90008      1.90004      1.89999      1.90001      1.89646   0.00217773      84.9098  2.93347e-13     0.353254     0.353418     0.999553     0.999576       21446.257      75.3293      3.45492       3790.2464      38.9094      140.769    PalphaCont+Hw
      3.30000      3.30067      3.30090      3.30055      3.29986      3.30009      3.30027   0.00898904      201.769  4.06387e-14     0.147670     0.147619      1.00042      1.00059       21303.673      71.6794      3.37018       4803538.3      9.44277      2025.74    PAHband
