../sofiacalib/cohen_supertemplates/SA108_1918.tem.txt

atranfiles/atran_41K_45deg_1-6mum.txt

    lambda_ref   lambda_mean   lambda_1     lambda_pivot  lambda_eff  lambda_eff_ph  lambda_iso   width      Response  F_mean          Fnu_mean    Fnu_lammean  ColorTerm   ColorTerm   Source Count Rate   Source Size Source FWHM    Bkgd          S/N        Fnu_limit   Filter
     microns       microns      microns      microns      microns      microns       microns    microns      e/s/mJy   W/m^2/mum        Jy           Jy                                 electrons/s          pix        arcsec         e-/s                     microJy
      1.25000      1.24155      1.24643      1.23909      1.23677      1.24168      1.24854    0.0309841      1856.14  9.06816e-13     0.464416     0.467233     0.997920     0.994056       616344.00      81.8849      3.60203       20904.582      635.690      14.6490    Jband
      1.65000      1.63157      1.63558      1.62957      1.62397      1.62794      1.61530    0.0352372      1603.90  6.42833e-13     0.569408     0.588980     0.969153     0.956166       652989.92      77.4964      3.50422       68207.110      650.465      30.4434    Hband
      1.80000      1.79316      1.80603      1.78669      1.76099      1.77354      1.78184    0.0658856      2741.73  5.15943e-13     0.549389     0.535678      1.03304      1.01176       1076988.8      76.3381      3.47788       134092.73      881.305      24.9400    Hwide
      2.12000      2.10506      2.11012      2.10252      2.08794      2.09295      2.10475    0.0434523      1532.88  3.20407e-13     0.472460     0.470114      1.00742      1.03984       517821.37      74.1917      3.42871       54277.396      562.830      28.4298    Kband
      2.50000      2.48515      2.49187      2.48181      2.46215      2.46900      2.39348    0.0515381      1540.49  1.59301e-13     0.327292     0.291662      1.12519      1.08596       360496.46      72.6134      3.39205       357013.87      363.040      72.3679    Klong
      2.32000      2.30798      2.32920      2.29720      2.22222      2.24322      2.29238    0.0890971      2886.77  2.26845e-13     0.399308     0.384888      1.04723      1.14587       824188.03      73.5647      3.41414       343648.74      686.852      37.8894    Kwide
      3.55000      3.53464      3.54231      3.53078      3.50712      3.51488      3.52458    0.0682343      1433.24  5.05584e-14     0.210240     0.208719      1.00949      1.01501       215447.68      71.6890      3.37041       29409167.      39.4077      705.605    Lband
      3.87000      3.84796      3.85520      3.84433      3.82057      3.82776      3.83947    0.0702619      1355.26  3.70111e-14     0.182454     0.181122      1.00926      1.01538       176800.08      71.7211      3.37116   1.0420343e+08      17.2831      1404.60    LPrimeband
      4.10000      4.08735      4.23882      4.01041      3.53184      3.64428      3.94458     0.268389      5052.92  3.34438e-14     0.179421     0.161648      1.15295      1.30080       648220.55      71.7656      3.37220   1.2180012e+09      18.5668      1288.00    LPlusM
      4.90000      4.84380      4.84880      4.84129      4.82770      4.83271      4.86427    0.0579102      886.609  1.20859e-14    0.0944887    0.0960583     0.984680     0.987485       59898.835      71.9682      3.37696   4.3565091e+08      2.86871      4390.07    Mband
      3.61000      3.60272      3.60361      3.60227      3.59969      3.60058      3.59695    0.0222433      457.499  4.68290e-14     0.202697     0.201568      1.00585      1.00651       66304.773      71.6916      3.37047       10643701.      20.0143      1329.85    NbL
      4.81000      4.80657      4.80703      4.80634      4.80545      4.80590      4.81857    0.0155316      239.407  1.25097e-14    0.0963951    0.0970284     0.993568     0.993716       16500.534      71.9577      3.37671   1.2892641e+08      1.45162      8844.43    NbM
      3.05000      3.05020      3.05092      3.04984      3.04765      3.04838      3.04934    0.0184375      447.910  8.46419e-14     0.262615     0.262406      1.00103      1.00166       84103.843      71.6955      3.37056       1360509.7      64.3206      485.697    IceBand
      1.87000      1.87432      1.87435      1.87431      1.87423      1.87426      1.87247   0.00240303      94.9810  4.64628e-13     0.544460     0.542495      1.00364      1.00367       36975.055      75.5060      3.45897       103097.13      57.1018      631.483    Palpha
      1.90000      1.90006      1.90009      1.90005      1.90003      1.90006      1.90069   0.00249163      97.1485  4.43265e-13     0.533791     0.532230      1.00295      1.00287       37077.778      75.3290      3.45491       4139.1293      65.5670      128.158    PalphaCont
      1.87000      1.87435      1.87438      1.87434      1.87426      1.87429      1.87250   0.00232405      91.8578  4.64604e-13     0.544450     0.542484      1.00364      1.00367       35758.547      75.5057      3.45896       99398.816      55.5497      641.174    Palpha+Hw
      1.90000      1.90005      1.90008      1.90004      1.90002      1.90005      1.90068   0.00241700      94.2392  4.43266e-13     0.533789     0.532216      1.00297      1.00289       35967.225      75.3291      3.45491       4016.4953      63.7262      130.282    PalphaCont+Hw
      3.30000      3.30063      3.30086      3.30051      3.29977      3.30000      3.30086   0.00964305      216.452  6.41075e-14     0.232944     0.233021     0.999738     0.999929       36051.186      71.6794      3.37018       1986015.9      23.8382      1214.27    PAHband
