../sofiacalib/cohen_supertemplates/SA109_231.tem.txt

atranfiles/atran_41K_45deg_1-6mum.txt

    lambda_ref   lambda_mean   lambda_1     lambda_pivot  lambda_eff  lambda_eff_ph  lambda_iso   width      Response  F_mean          Fnu_mean    Fnu_lammean  ColorTerm   ColorTerm   Source Count Rate   Source Size Source FWHM    Bkgd          S/N        Fnu_limit   Filter
     microns       microns      microns      microns      microns      microns       microns    microns      e/s/mJy   W/m^2/mum        Jy           Jy                                 electrons/s          pix        arcsec         e-/s                     microJy
      1.25000      1.24639      1.25114      1.24398      1.24148      1.24629      1.25069    0.0242547      1447.22  6.21036e-12      3.20572      3.24063     0.993058     0.997214       3317164.0      81.8184      3.60057       16633.270      1739.54      16.7940    Jband
      1.65000      1.63218      1.63618      1.63018      1.62370      1.62761      1.60775    0.0311562      1417.61  4.62398e-12      4.09890      4.23481     0.970287     0.972847       4154597.8      77.4989      3.50428       60466.393      1958.14      32.4408    Hband
      1.80000      1.79410      1.80692      1.78765      1.75470      1.76722      1.77744    0.0587275      2442.52  3.53598e-12      3.76923      3.61443      1.05037      1.10021       6582600.3      76.3874      3.47900       124199.72      2489.90      26.9454    Hwide
      2.12000      2.10579      2.11085      2.10325      2.08909      2.09413      2.10480    0.0392226      1383.19  2.09112e-12      3.08562      3.06473      1.00925      1.01447       3051626.2      74.1854      3.42856       79676.187      1653.61      38.1369    Kband
      2.50000      2.48550      2.49220      2.48216      2.46443      2.47125      2.40447    0.0473828      1416.08  1.08940e-12      2.23886      2.06891      1.08506      1.06578       2266844.9      72.6062      3.39188       1077132.3      1192.67      136.699    Klong
      2.32000      2.31019      2.33133      2.29944      2.22943      2.25070      2.29269    0.0812529      2630.02  1.50626e-12      2.65657      2.59344      1.03394      1.11132       4995575.5      73.5330      3.41341       958453.70      2002.09      69.4317    Kwide
      3.55000      3.53470      3.54237      3.53084      3.50677      3.51452      3.52538    0.0637146      1338.29  3.51280e-13      1.46080      1.45050      1.00930      1.01496       1397798.3      71.6890      3.37040       68531852.      166.837      1153.54    Lband
      3.87000      3.84861      3.85584      3.84498      3.82111      3.82830      3.84085    0.0658777      1270.48  2.56174e-13      1.26329      1.25552      1.00808      1.01384       1147562.0      71.7211      3.37116   1.8382919e+08      84.3153      1990.10    LPrimeband
      4.10000      4.09208      4.24302      4.01531      3.53889      3.65280      3.94028     0.251178      4722.84  2.32035e-13      1.24788      1.11982      1.15737      1.32342       4213863.1      71.7665      3.37222   2.1527974e+09      90.7251      1832.03    LPlusM
      4.90000      4.84380      4.84880      4.84129      4.83141      4.83643      4.88810    0.0544819      834.122  8.48733e-14     0.663550     0.684487     0.970416     0.972396       395739.37      71.9695      3.37699   7.8688495e+08      14.1017      6271.33    Mband
      3.61000      3.60272      3.60361      3.60227      3.59954      3.60043      3.60024    0.0207094      425.950  3.25171e-13      1.40749      1.40426      1.00254      1.00321       428656.62      71.6916      3.37047       25488237.      83.7738      2210.30    NbL
      4.81000      4.80657      4.80703      4.80634      4.80618      4.80663      4.84303    0.0146122      225.234  8.75022e-14     0.674262     0.676767     0.996393     0.996387       108584.71      71.9579      3.37672   2.2464983e+08      7.23859      12409.5    NbM
      3.05000      3.05022      3.05095      3.04986      3.04766      3.04839      3.04962    0.0169901      412.744  5.91516e-13      1.83530      1.83442      1.00072      1.00134       541619.51      71.6955      3.37056       3661076.6      256.240      864.547    IceBand
      1.87000      1.87433      1.87436      1.87431      1.87429      1.87432      1.88078   0.00216053      85.3955  3.02350e-12      3.54302      3.54601     0.999173     0.999157       216328.92      75.5056      3.45896       92901.462      282.007      666.849    Palpha
      1.90000      1.90006      1.90009      1.90005      1.90004      1.90007      1.89766   0.00224497      87.5311  2.93989e-12      3.54030      3.54876     0.997630     0.997635       221569.06      75.3290      3.45491       3905.8154      312.087      138.462    PalphaCont
      1.87000      1.87436      1.87439      1.87434      1.87432      1.87435      1.88080   0.00208952      82.5878  3.02345e-12      3.54308      3.54612     0.999159     0.999143       209219.89      75.5054      3.45895       89567.204      275.193      677.078    Palpha+Hw
      1.90000      1.90005      1.90008      1.90004      1.90003      1.90006      1.89765   0.00217773      84.9098  2.93991e-12      3.54030      3.54875     0.997631     0.997635       214933.20      75.3290      3.45491       3790.2461      304.788      140.769    PalphaCont+Hw
      3.30000      3.30067      3.30090      3.30055      3.29983      3.30006      3.30052   0.00898904      201.769  4.45746e-13      1.61972      1.61957      1.00016      1.00034       233669.65      71.6794      3.37018       4803538.3      101.478      2025.74    PAHband
