../sofiacalib/cohen_supertemplates/SA107_484.tem.txt

atranfiles/atran_41K_45deg_1-6mum.txt

    lambda_ref   lambda_mean   lambda_1     lambda_pivot  lambda_eff  lambda_eff_ph  lambda_iso   width      Response  F_mean          Fnu_mean    Fnu_lammean  ColorTerm   ColorTerm   Source Count Rate   Source Size Source FWHM    Bkgd          S/N        Fnu_limit   Filter
     microns       microns      microns      microns      microns      microns       microns    microns      e/s/mJy   W/m^2/mum        Jy           Jy                                 electrons/s          pix        arcsec         e-/s                     microJy
      1.25000      1.24155      1.24643      1.23909      1.23557      1.24049      1.24560    0.0309841      1856.14  6.80959e-13     0.348745     0.350372     0.999313     0.996343       462833.55      81.9020      3.60241       20904.599      521.849      14.6491    Jband
      1.65000      1.63157      1.63558      1.62957      1.62335      1.62732      1.61528    0.0352372      1603.90  4.57584e-13     0.405318     0.418882     0.970003     0.957410       464813.44      77.5020      3.50435       68207.116      513.419      30.4434    Hband
      1.80000      1.79316      1.80603      1.78669      1.75929      1.77183      1.78180    0.0658856      2741.73  3.63022e-13     0.386555     0.375830      1.03600      1.01565       757779.36      76.3514      3.47818       134092.74      699.307      24.9400    Hwide
      2.12000      2.10506      2.11012      2.10252      2.08742      2.09243      2.10472    0.0434523      1532.88  2.20838e-13     0.325639     0.323744      1.00828      1.04119       356903.97      74.1945      3.42877       54277.399      431.053      28.4298    Kband
      2.50000      2.48515      2.49187      2.48181      2.46171      2.46855      2.39161    0.0515381      1540.49  1.08223e-13     0.222349     0.197874      1.12672      1.08774       244906.72      72.6148      3.39208       357013.87      262.500      72.3679    Klong
      2.32000      2.30798      2.32920      2.29720      2.22038      2.24134      2.29225    0.0890971      2886.77  1.55462e-13     0.273654     0.262757      1.05127      1.15163       564833.87      73.5729      3.41433       343648.74      519.849      37.8894    Kwide
      3.55000      3.53464      3.54231      3.53078      3.50677      3.51453      3.52439    0.0682343      1433.24  3.35958e-14     0.139703     0.138652      1.00979      1.01540       143163.64      71.6890      3.37040       29409167.      26.2179      705.605    Lband
      3.87000      3.84796      3.85520      3.84433      3.82029      3.82748      3.83926    0.0702619      1355.26  2.45049e-14     0.120802     0.119880      1.00959      1.01580       117058.35      71.7210      3.37116   1.0420343e+08      11.4463      1404.60    LPrimeband
      4.10000      4.08735      4.23882      4.01041      3.52738      3.63939      3.94007     0.268389      5052.92  2.22283e-14     0.119252     0.106757      1.16032      1.31048       430837.02      71.7652      3.37219   1.2180012e+09      12.3414      1288.00    LPlusM
      4.90000      4.84380      4.84880      4.84129      4.82757      4.83258      4.86336    0.0579102      886.609  7.94162e-15    0.0620885    0.0631004     0.984985     0.987889       39359.517      71.9682      3.37696   4.3565091e+08      1.88507      4390.07    Mband
      3.61000      3.60272      3.60361      3.60227      3.59965      3.60054      3.59698    0.0222433      457.499  3.10808e-14     0.134532     0.133777      1.00589      1.00656       44006.956      71.6916      3.37047       10643701.      13.2971      1329.85    NbL
      4.81000      4.80657      4.80703      4.80634      4.80544      4.80589      4.81898    0.0155316      239.407  8.21951e-15    0.0633367    0.0637633     0.993404     0.993550       10841.722      71.9577      3.37671   1.2892641e+08     0.953809      8844.43    NbM
      3.05000      3.05020      3.05092      3.04984      3.04761      3.04834      3.04926    0.0184375      447.910  5.66412e-14     0.175738     0.175578      1.00115      1.00179       56281.122      71.6955      3.37056       1360509.7      43.3970      485.697    IceBand
      1.87000      1.87432      1.87435      1.87431      1.87423      1.87426      1.87255   0.00240303      94.9810  3.24161e-13     0.379858     0.378513      1.00357      1.00361       25796.687      75.5060      3.45897       103097.13      40.3806      631.483    Palpha
      1.90000      1.90006      1.90009      1.90005      1.90003      1.90006      1.90070   0.00249163      97.1485  3.08747e-13     0.371802     0.370711      1.00296      1.00289       25825.772      75.3290      3.45491       4139.1293      46.4947      128.158    PalphaCont
      1.87000      1.87435      1.87438      1.87434      1.87426      1.87429      1.87257   0.00232405      91.8578  3.24143e-13     0.379850     0.378504      1.00357      1.00361       24947.907      75.5058      3.45896       99398.817      39.2714      641.174    Palpha+Hw
      1.90000      1.90005      1.90008      1.90004      1.90002      1.90005      1.90070   0.00241700      94.2392  3.08748e-13     0.371800     0.370702      1.00298      1.00291       25052.251      75.3291      3.45491       4016.4954      45.1677      130.282    PalphaCont+Hw
      3.30000      3.30063      3.30086      3.30051      3.29976      3.29998      3.30080   0.00964305      216.452  4.27207e-14     0.155232     0.155274     0.999800     0.999994       24024.198      71.6794      3.37018       1986015.9      15.9275      1214.27    PAHband
