../sofiacalib/cohen_supertemplates/SA114_670.tem.txt

atranfiles/atran_41K_45deg_1-6mum.txt

    lambda_ref   lambda_mean   lambda_1     lambda_pivot  lambda_eff  lambda_eff_ph  lambda_iso   width      Response  F_mean          Fnu_mean    Fnu_lammean  ColorTerm   ColorTerm   Source Count Rate   Source Size Source FWHM    Bkgd          S/N        Fnu_limit   Filter
     microns       microns      microns      microns      microns      microns       microns    microns      e/s/mJy   W/m^2/mum        Jy           Jy                                 electrons/s          pix        arcsec         e-/s                     microJy
      1.25000      1.24639      1.25114      1.24398      1.24008      1.24490      1.25001    0.0242547      1447.22  8.14383e-13     0.420375     0.424527     0.994052     0.999096       434989.14      81.8382      3.60101       16633.290      500.862      16.7940    Jband
      1.65000      1.63218      1.63618      1.63018      1.62340      1.62732      1.61553    0.0311562      1417.61  5.44322e-13     0.482511     0.505048     0.957727     0.973553       489067.40      77.5017      3.50434       60466.396      534.848      32.4408    Hband
      1.80000      1.79410      1.80692      1.78765      1.75447      1.76694      1.78158    0.0587275      2442.52  4.15732e-13     0.443156     0.434496      1.02731      1.07192       773929.14      76.3893      3.47904       124199.72      712.273      26.9454    Hwide
      2.12000      2.10579      2.11085      2.10325      2.08806      2.09309      2.10490    0.0392226      1383.19  2.41782e-13     0.356769     0.353102      1.01283      1.02727       352838.59      74.1910      3.42869       79676.193      419.668      38.1369    Kband
      2.50000      2.48550      2.49220      2.48216      2.46287      2.46964      2.42498    0.0473828      1416.08  1.23623e-13     0.254061     0.232652      1.09496      1.05953       257236.55      72.6109      3.39199       1077132.3      203.180      136.699    Klong
      2.32000      2.31019      2.33133      2.29944      2.22654      2.24771      2.29207    0.0812529      2630.02  1.72811e-13     0.304785     0.296060      1.03912      1.11003       573136.40      73.5457      3.41370       958453.71      426.769      69.4317    Kwide
      3.55000      3.53470      3.54237      3.53084      3.50616      3.51390      3.52542    0.0637146      1338.29  3.92741e-14     0.163321     0.162102      1.00972      1.01561       156277.95      71.6890      3.37040       68531852.      18.8200      1153.54    Lband
      3.87000      3.84861      3.85584      3.84498      3.82071      3.82790      3.84130    0.0658777      1270.48  2.84724e-14     0.140408     0.139626      1.00750      1.01313       127545.83      71.7211      3.37116   1.8382919e+08      9.39714      1990.10    LPrimeband
      4.10000      4.09208      4.24302      4.01531      3.53554      3.64954      3.93094     0.251178      4722.84  2.59723e-14     0.139678     0.124235      1.16770      1.34572       471667.65      71.7665      3.37222   2.1527974e+09      10.1639      1832.03    LPlusM
      4.90000      4.84380      4.84880      4.84129      4.83317      4.83820      4.89722    0.0544819      834.122  9.41695e-15    0.0736229    0.0764941     0.963463     0.965116       43908.485      71.9701      3.37700   7.8688495e+08      1.56497      6271.33    Mband
      3.61000      3.60272      3.60361      3.60227      3.59942      3.60031      3.60185    0.0207094      425.950  3.62905e-14     0.157082     0.156980      1.00089      1.00157       47839.955      71.6916      3.37047       25488237.      9.41826      2210.30    NbL
      4.81000      4.80657      4.80703      4.80634      4.80654      4.80699      4.81479    0.0146122      225.234  9.69022e-15    0.0746695    0.0748449     0.997752     0.997666       12024.958      71.9580      3.37672   2.2464983e+08     0.801792      12409.5    NbM
      3.05000      3.05022      3.05095      3.04986      3.04761      3.04833      3.04980    0.0169901      412.744  6.68733e-14     0.207488     0.207432      1.00051      1.00115       61232.332      71.6955      3.37056       3661076.6      30.6644      864.547    IceBand
      1.87000      1.87433      1.87436      1.87431      1.87423      1.87426      1.87594   0.00216053      85.3955  3.55376e-13     0.416439     0.410354      1.01485      1.01497       25426.851      75.5060      3.45897       92901.462      40.3271      666.849    Palpha
      1.90000      1.90006      1.90009      1.90005      1.90003      1.90006      1.89902   0.00224497      87.5311  3.42103e-13     0.411970     0.410510      1.00357      1.00344       25783.024      75.3290      3.45491       3905.8154      46.4385      138.462    PalphaCont
      1.87000      1.87436      1.87439      1.87434      1.87426      1.87429      1.87595   0.00208952      82.5878  3.55357e-13     0.416430     0.410310      1.01493      1.01505       24590.319      75.5058      3.45896       89567.205      39.2066      677.078    Palpha+Hw
      1.90000      1.90005      1.90008      1.90004      1.90002      1.90005      1.89901   0.00217773      84.9098  3.42104e-13     0.411968     0.410493      1.00361      1.00348       25010.788      75.3291      3.45491       3790.2462      45.1126      140.769    PalphaCont+Hw
      3.30000      3.30067      3.30090      3.30055      3.29982      3.30005      3.30023   0.00898904      201.769  5.00177e-14     0.181751     0.181677      1.00048      1.00066       26220.362      71.6794      3.37018       4803538.3      11.6165      2025.74    PAHband
