../sofiacalib/cohen_supertemplates/SA114_670.tem.txt

atranfiles/atran_41K_45deg_1-6mum.txt

    lambda_ref   lambda_mean   lambda_1     lambda_pivot  lambda_eff  lambda_eff_ph  lambda_iso   width      Response  F_mean          Fnu_mean    Fnu_lammean  ColorTerm   ColorTerm   Source Count Rate   Source Size Source FWHM    Bkgd          S/N        Fnu_limit   Filter
     microns       microns      microns      microns      microns      microns       microns    microns      e/s/mJy   W/m^2/mum        Jy           Jy                                 electrons/s          pix        arcsec         e-/s                     microJy
      1.25000      1.24155      1.24643      1.23909      1.23511      1.24003      1.24471    0.0309841      1856.14  8.18561e-13     0.419217     0.421523     0.998480     0.995226       556358.63      81.9085      3.60255       20904.605      593.026      14.6491    Jband
      1.65000      1.63157      1.63558      1.62957      1.62279      1.62671      1.61365    0.0352372      1603.90  5.44759e-13     0.482536     0.504313     0.959176     0.969612       553366.32      77.5072      3.50447       68207.121      580.662      30.4434    Hband
      1.80000      1.79316      1.80603      1.78669      1.75346      1.76595      1.77735    0.0658856      2741.73  4.16413e-13     0.443407     0.435356      1.02588      1.07793       869228.98      76.3972      3.47922       134092.79      766.551      24.9400    Hwide
      2.12000      2.10506      2.11012      2.10252      2.08736      2.09238      2.10484    0.0434523      1532.88  2.42075e-13     0.356954     0.356359      1.00409      1.04132       391225.74      74.1948      3.42878       54277.399      461.104      28.4298    Kband
      2.50000      2.48515      2.49187      2.48181      2.46247      2.46925      2.42501    0.0515381      1540.49  1.23695e-13     0.254137     0.233013      1.09360      1.06256       279919.74      72.6122      3.39202       357013.87      294.171      72.3679    Klong
      2.32000      2.30798      2.32920      2.29720      2.22429      2.24542      2.29188    0.0890971      2886.77  1.73493e-13     0.305393     0.293612      1.04992      1.13697       630344.90      73.5557      3.41393       343648.73      564.701      37.8894    Kwide
      3.55000      3.53464      3.54231      3.53078      3.50611      3.51385      3.52536    0.0682343      1433.24  3.92764e-14     0.163325     0.162107      1.00972      1.01560       167370.83      71.6890      3.37040       29409167.      30.6386      705.605    Lband
      3.87000      3.84796      3.85520      3.84433      3.82003      3.82723      3.84065    0.0702619      1355.26  2.84912e-14     0.140453     0.139671      1.00750      1.01313       136100.86      71.7210      3.37116   1.0420343e+08      13.3072      1404.60    LPrimeband
      4.10000      4.08735      4.23882      4.01041      3.53098      3.64472      3.92596     0.268389      5052.92  2.61056e-14     0.140053     0.124554      1.16799      1.34520       505987.53      71.7662      3.37222   1.2180012e+09      14.4937      1288.00    LPlusM
      4.90000      4.84380      4.84880      4.84129      4.83317      4.83820      4.89722    0.0579102      886.609  9.41695e-15    0.0736229    0.0764941     0.963463     0.965116       46671.434      71.9701      3.37700   4.3565091e+08      2.23525      4390.07    Mband
      3.61000      3.60272      3.60361      3.60227      3.59942      3.60031      3.60185    0.0222433      457.499  3.62905e-14     0.157082     0.156980      1.00089      1.00157       51383.393      71.6916      3.37047       10643701.      15.5208      1329.85    NbL
      4.81000      4.80657      4.80703      4.80634      4.80654      4.80699      4.81479    0.0155316      239.407  9.69022e-15    0.0746695    0.0748449     0.997752     0.997666       12781.631      71.9580      3.37672   1.2892641e+08      1.12447      8844.43    NbM
      3.05000      3.05020      3.05092      3.04984      3.04759      3.04831      3.04978    0.0184375      447.910  6.68752e-14     0.207491     0.207435      1.00051      1.00114       66450.080      71.6955      3.37056       1360509.7      51.0839      485.696    IceBand
      1.87000      1.87432      1.87435      1.87431      1.87423      1.87426      1.87593   0.00240303      94.9810  3.55379e-13     0.416441     0.410362      1.01483      1.01495       28281.078      75.5060      3.45897       103097.13      44.1354      631.483    Palpha
      1.90000      1.90006      1.90009      1.90005      1.90003      1.90006      1.89902   0.00249163      97.1485  3.42103e-13     0.411970     0.410510      1.00357      1.00344       28615.912      75.3290      3.45491       4139.1293      51.2865      128.158    PalphaCont
      1.87000      1.87435      1.87438      1.87434      1.87426      1.87429      1.87594   0.00232405      91.8578  3.55360e-13     0.416432     0.410319      1.01492      1.01504       27350.553      75.5058      3.45896       99398.817      42.9259      641.174    Palpha+Hw
      1.90000      1.90005      1.90008      1.90004      1.90002      1.90005      1.89901   0.00241700      94.2392  3.42104e-13     0.411968     0.410493      1.00361      1.00348       27758.820      75.3291      3.45491       4016.4953      49.8288      130.282    PalphaCont+Hw
      3.30000      3.30063      3.30086      3.30051      3.29978      3.30001      3.30018   0.00964305      216.452  5.00200e-14     0.181755     0.181680      1.00048      1.00066       28129.013      71.6794      3.37018       1986015.9      18.6321      1214.27    PAHband
