../sofiacalib/cohen_supertemplates/SA112_275.tem.txt

atranfiles/atran_41K_45deg_1-6mum.txt

    lambda_ref   lambda_mean   lambda_1     lambda_pivot  lambda_eff  lambda_eff_ph  lambda_iso   width      Response  F_mean          Fnu_mean    Fnu_lammean  ColorTerm   ColorTerm   Source Count Rate   Source Size Source FWHM    Bkgd          S/N        Fnu_limit   Filter
     microns       microns      microns      microns      microns      microns       microns    microns      e/s/mJy   W/m^2/mum        Jy           Jy                                 electrons/s          pix        arcsec         e-/s                     microJy
      1.25000      1.24155      1.24643      1.23909      1.23464      1.23956      1.24882    0.0309841      1856.14  2.47341e-12      1.26673      1.27813     0.995017     0.991501       1681122.7      81.9152      3.60270       20904.612      1187.27      14.6491    Jband
      1.65000      1.63157      1.63558      1.62957      1.62231      1.62624      1.59760    0.0352372      1603.90  1.55598e-12      1.37825      1.40271     0.984981     0.967247       1580559.9      77.5116      3.50457       68207.126      1136.12      30.4434    Hband
      1.80000      1.79316      1.80603      1.78669      1.75395      1.76647      1.77202    0.0658856      2741.73  1.19190e-12      1.26916      1.25132      1.02162      1.07659       2487992.7      76.3933      3.47913       134092.78      1459.85      24.9400    Hwide
      2.12000      2.10506      2.11012      2.10252      2.08787      2.09287      2.10464    0.0434523      1532.88  6.98643e-13      1.03019      1.02895      1.00362      1.03432       1129100.9      74.1920      3.42871       54277.396      935.174      28.4298    Kband
      2.50000      2.48515      2.49187      2.48181      2.46366      2.47038      2.41366    0.0515381      1540.49  3.71005e-13     0.762248     0.705216      1.08379      1.07778       839579.37      72.6082      3.39193       357013.86      693.631      72.3679    Klong
      2.32000      2.30798      2.32920      2.29720      2.22874      2.25002      2.27618    0.0890971      2886.77  5.09214e-13     0.896352     0.868174      1.04217      1.11961       1850107.4      73.5361      3.41348       343648.71      1178.22      37.8894    Kwide
      3.55000      3.53464      3.54231      3.53078      3.50672      3.51446      3.52586    0.0682343      1433.24  1.11597e-13     0.464061     0.460683      1.00954      1.01554       475555.71      71.6890      3.37040       29409167.      86.6082      705.605    Lband
      3.87000      3.84796      3.85520      3.84433      3.82105      3.82828      3.83851    0.0702619      1355.26  8.16594e-14     0.402557     0.399583      1.00935      1.01472       390082.67      71.7211      3.37116   1.0420343e+08      38.0938      1404.60    LPrimeband
      4.10000      4.08735      4.23882      4.01041      3.54867      3.66632      3.91635     0.268389      5052.92  7.56481e-14     0.405841     0.361643      1.16569      1.31282       1466238.2      71.7698      3.37230   1.2180012e+09      41.9829      1288.00    LPlusM
      4.90000      4.84380      4.84880      4.84129      4.82587      4.83092      4.84442    0.0579102      886.609  3.00285e-14     0.234766     0.235120     0.999530      1.00233       148824.32      71.9676      3.37695   4.3565091e+08      7.12685      4390.07    Mband
      3.61000      3.60272      3.60361      3.60227      3.59951      3.60040      3.60179    0.0222433      457.499  1.03367e-13     0.447419     0.447116      1.00092      1.00156       146356.19      71.6916      3.37047       10643701.      44.0178      1329.85    NbL
      4.81000      4.80657      4.80703      4.80634      4.80501      4.80547      4.80822    0.0155316      239.407  3.08461e-14     0.237690     0.237989     0.998836     0.999062       40686.762      71.9575      3.37671   1.2892641e+08      3.57904      8844.43    NbM
      3.05000      3.05020      3.05092      3.04984      3.04768      3.04841      3.04880    0.0184375      447.910  1.88292e-13     0.584206     0.583377      1.00166      1.00228       187095.12      71.6955      3.37056       1360509.7      138.962      485.697    IceBand
      1.87000      1.87432      1.87435      1.87431      1.87423      1.87426      1.87630   0.00240303      94.9810  1.02848e-12      1.20520      1.20507      1.00012      1.00016       81846.800      75.5060      3.45897       103097.13      120.134      631.483    Palpha
      1.90000      1.90006      1.90009      1.90005      1.90000      1.90002      1.89636   0.00249163      97.1485  9.91120e-13      1.19353      1.19403     0.999602     0.999627       82904.299      75.3293      3.45492       4139.1295      137.109      128.158    PalphaCont
      1.87000      1.87435      1.87438      1.87434      1.87426      1.87429      1.87633   0.00232405      91.8578  1.02844e-12      1.20518      1.20504      1.00014      1.00018       79154.459      75.5058      3.45896       99398.817      116.990      641.174    Palpha+Hw
      1.90000      1.90005      1.90008      1.90004      1.89999      1.90002      1.89635   0.00241700      94.2392  9.91131e-13      1.19354      1.19403     0.999602     0.999627       80421.777      75.3293      3.45492       4016.4956      133.480      130.282    PalphaCont+Hw
      3.30000      3.30063      3.30086      3.30051      3.29982      3.30005      3.30018   0.00964305      216.452  1.41374e-13     0.513704     0.513503      1.00046      1.00063       79502.571      71.6794      3.37018       1986015.9      52.0773      1214.27    PAHband
