../sofiacalib/cohen_supertemplates/SA115_516.tem.txt

atranfiles/atran_41K_45deg_1-6mum.txt

    lambda_ref   lambda_mean   lambda_1     lambda_pivot  lambda_eff  lambda_eff_ph  lambda_iso   width      Response  F_mean          Fnu_mean    Fnu_lammean  ColorTerm   ColorTerm   Source Count Rate   Source Size Source FWHM    Bkgd          S/N        Fnu_limit   Filter
     microns       microns      microns      microns      microns      microns       microns    microns      e/s/mJy   W/m^2/mum        Jy           Jy                                 electrons/s          pix        arcsec         e-/s                     microJy
      1.25000      1.24639      1.25114      1.24398      1.23940      1.24423      1.24939    0.0242547      1447.22  1.22542e-12     0.632549     0.638406     0.994662      1.00026       654539.68      81.8478      3.60122       16633.299      663.271      16.7940    Jband
      1.65000      1.63218      1.63618      1.63018      1.62304      1.62696      1.61551    0.0311562      1417.61  7.94433e-13     0.704220     0.736745     0.958205     0.974373       713789.51      77.5049      3.50442       60466.399      693.010      32.4408    Hband
      1.80000      1.79410      1.80692      1.78765      1.75349      1.76595      1.77736    0.0587275      2442.52  6.02844e-13     0.642612     0.628853      1.02927      1.07471       1122259.4      76.3970      3.47922       124199.73      907.597      26.9454    Hwide
      2.12000      2.10579      2.11085      2.10325      2.08776      2.09279      2.10487    0.0392226      1383.19  3.46337e-13     0.511049     0.505537      1.01334      1.02790       505418.67      74.1926      3.42873       79676.194      545.178      38.1369    Kband
      2.50000      2.48550      2.49220      2.48216      2.46256      2.46933      2.42501    0.0473828      1416.08  1.75535e-13     0.360747     0.330123      1.09571      1.06032       365256.78      72.6118      3.39202       1077132.3      279.245      136.699    Klong
      2.32000      2.31019      2.33133      2.29944      2.22541      2.24656      2.29201    0.0812529      2630.02  2.46658e-13     0.435029     0.421701      1.04128      1.11301       818054.59      73.5507      3.41382       958453.72      571.563      69.4317    Kwide
      3.55000      3.53470      3.54237      3.53084      3.50596      3.51370      3.52523    0.0637146      1338.29  5.50791e-14     0.229046     0.227278      1.00998      1.01591       219168.50      71.6890      3.37040       68531852.      26.3817      1153.54    Lband
      3.87000      3.84861      3.85584      3.84498      3.82054      3.82773      3.84117    0.0658777      1270.48  3.98472e-14     0.196501     0.195376      1.00766      1.01332       178500.40      71.7211      3.37116   1.8382919e+08      13.1495      1990.10    LPrimeband
      4.10000      4.09208      4.24302      4.01531      3.53302      3.64675      3.92832     0.251178      4722.84  3.64237e-14     0.195885     0.173574      1.17210      1.35158       661469.34      71.7663      3.37222   2.1527974e+09      14.2533      1832.03    LPlusM
      4.90000      4.84380      4.84880      4.84129      4.83310      4.83813      4.89707    0.0544819      834.122  1.31203e-14     0.102576     0.106579     0.963438     0.965129       61176.013      71.9700      3.37700   7.8688495e+08      2.18040      6271.33    Mband
      3.61000      3.60272      3.60361      3.60227      3.59940      3.60029      3.60187    0.0207094      425.950  5.08610e-14     0.220150     0.220009      1.00089      1.00157       67047.629      71.6916      3.37047       25488237.      13.1948      2210.31    NbL
      4.81000      4.80657      4.80703      4.80634      4.80654      4.80699      4.81266    0.0146122      225.234  1.35015e-14     0.104038     0.104297     0.997614     0.997528       16754.559      71.9580      3.37672   2.2464983e+08      1.11714      12409.5    NbM
      3.05000      3.05022      3.05095      3.04986      3.04759      3.04831      3.04981    0.0169901      412.744  9.41622e-14     0.292158     0.292078      1.00051      1.00116       86219.314      71.6955      3.37056       3661076.6      43.0429      864.547    IceBand
      1.87000      1.87433      1.87436      1.87431      1.87423      1.87426      1.87593   0.00216053      85.3955  5.12672e-13     0.600763     0.591994      1.01483      1.01494       36681.263      75.5060      3.45897       92901.462      57.3703      666.849    Palpha
      1.90000      1.90006      1.90009      1.90005      1.90003      1.90006      1.89903   0.00224497      87.5311  4.93040e-13     0.593732     0.591673      1.00350      1.00337       37158.606      75.3290      3.45491       3905.8155      65.7256      138.462    PalphaCont
      1.87000      1.87436      1.87439      1.87434      1.87426      1.87429      1.87595   0.00208952      82.5878  5.12644e-13     0.600750     0.591935      1.01491      1.01502       35474.427      75.5058      3.45896       89567.205      55.7935      677.078    Palpha+Hw
      1.90000      1.90005      1.90008      1.90004      1.90002      1.90005      1.89902   0.00217773      84.9098  4.93042e-13     0.593730     0.591649      1.00353      1.00340       36045.667      75.3291      3.45491       3790.2462      63.8799      140.769    PalphaCont+Hw
      3.30000      3.30067      3.30090      3.30055      3.29982      3.30005      3.30023   0.00898904      201.769  7.02627e-14     0.255316     0.255210      1.00049      1.00067       36833.236      71.6794      3.37018       4803538.3      16.3013      2025.74    PAHband
