../sofiacalib/cohen_supertemplates/SA115_516.tem.txt

atranfiles/atran_41K_45deg_1-6mum.txt

    lambda_ref   lambda_mean   lambda_1     lambda_pivot  lambda_eff  lambda_eff_ph  lambda_iso   width      Response  F_mean          Fnu_mean    Fnu_lammean  ColorTerm   ColorTerm   Source Count Rate   Source Size Source FWHM    Bkgd          S/N        Fnu_limit   Filter
     microns       microns      microns      microns      microns      microns       microns    microns      e/s/mJy   W/m^2/mum        Jy           Jy                                 electrons/s          pix        arcsec         e-/s                     microJy
      1.25000      1.24155      1.24643      1.23909      1.23442      1.23934      1.24180    0.0309841      1856.14  1.23241e-12     0.631163     0.633923     0.999602     0.996417       837640.50      81.9184      3.60277       20904.615      777.234      14.6491    Jband
      1.65000      1.63157      1.63558      1.62957      1.62243      1.62636      1.61526    0.0352372      1603.90  7.95098e-13     0.704281     0.735578     0.959812     0.970412       807660.56      77.5104      3.50454       68207.124      749.087      30.4434    Hband
      1.80000      1.79316      1.80603      1.78669      1.75248      1.76496      1.77724    0.0658856      2741.73  6.03860e-13     0.643006     0.630101      1.02789      1.08071       1260510.0      76.4049      3.47940       134092.79      973.331      24.9400    Hwide
      2.12000      2.10506      2.11012      2.10252      2.08706      2.09208      2.10482    0.0434523      1532.88  3.46764e-13     0.511324     0.510159      1.00470      1.04190       560417.11      74.1964      3.42882       54277.401      594.351      28.4298    Kband
      2.50000      2.48515      2.49187      2.48181      2.46216      2.46894      2.42497    0.0515381      1540.49  1.75639e-13     0.360859     0.330740      1.09401      1.06307       397468.23      72.6131      3.39205       357013.87      392.974      72.3679    Klong
      2.32000      2.30798      2.32920      2.29720      2.22316      2.24427      2.29179    0.0890971      2886.77  2.47645e-13     0.435921     0.418207      1.05217      1.13952       899759.70      73.5607      3.41405       343648.73      730.900      37.8894    Kwide
      3.55000      3.53464      3.54231      3.53078      3.50591      3.51365      3.52518    0.0682343      1433.24  5.50823e-14     0.229052     0.227285      1.00998      1.01591       234725.55      71.6889      3.37040       29409167.      42.9200      705.605    Lband
      3.87000      3.84796      3.85520      3.84433      3.81986      3.82706      3.84053    0.0702619      1355.26  3.98736e-14     0.196565     0.195440      1.00766      1.01332       190473.95      71.7210      3.37116   1.0420343e+08      18.6186      1404.60    LPrimeband
      4.10000      4.08735      4.23882      4.01041      3.52846      3.64193      3.92337     0.268389      5052.92  3.66118e-14     0.196417     0.174023      1.17241      1.35113       709622.93      71.7660      3.37221   1.2180012e+09      20.3250      1288.00    LPlusM
      4.90000      4.84380      4.84880      4.84129      4.83310      4.83813      4.89707    0.0579102      886.609  1.31203e-14     0.102576     0.106579     0.963438     0.965129       65025.524      71.9700      3.37700   4.3565091e+08      3.11422      4390.07    Mband
      3.61000      3.60272      3.60361      3.60227      3.59940      3.60029      3.60187    0.0222433      457.499  5.08611e-14     0.220150     0.220009      1.00089      1.00157       72013.752      71.6916      3.37047       10643701.      21.7319      1329.85    NbL
      4.81000      4.80657      4.80703      4.80634      4.80654      4.80699      4.81266    0.0155316      239.407  1.35015e-14     0.104038     0.104297     0.997614     0.997528       17808.842      71.9580      3.37672   1.2892641e+08      1.56670      8844.43    NbM
      3.05000      3.05020      3.05092      3.04984      3.04757      3.04829      3.04978    0.0184375      447.910  9.41649e-14     0.292161     0.292082      1.00051      1.00116       93566.283      71.6955      3.37056       1360509.7      71.3601      485.697    IceBand
      1.87000      1.87432      1.87435      1.87431      1.87422      1.87425      1.87593   0.00240303      94.9810  5.12677e-13     0.600765     0.592006      1.01481      1.01493       40798.835      75.5060      3.45897       103097.13      62.7216      631.483    Palpha
      1.90000      1.90006      1.90009      1.90005      1.90003      1.90006      1.89903   0.00249163      97.1485  4.93040e-13     0.593733     0.591673      1.00350      1.00337       41241.376      75.3290      3.45491       4139.1293      72.4596      128.158    PalphaCont
      1.87000      1.87435      1.87438      1.87434      1.87425      1.87428      1.87595   0.00232405      91.8578  5.12649e-13     0.600752     0.591947      1.01489      1.01501       39456.397      75.5058      3.45896       99398.817      61.0225      641.174    Palpha+Hw
      1.90000      1.90005      1.90008      1.90004      1.90002      1.90005      1.89902   0.00241700      94.2392  4.93042e-13     0.593731     0.591649      1.00353      1.00340       40006.144      75.3291      3.45491       4016.4954      70.4371      130.282    PalphaCont+Hw
      3.30000      3.30063      3.30086      3.30051      3.29978      3.30001      3.30018   0.00964305      216.452  7.02660e-14     0.255322     0.255215      1.00049      1.00067       39514.441      71.6794      3.37018       1986015.9      26.1085      1214.27    PAHband
