../sofiacalib/cohen_supertemplates/SA114_656.tem.txt

atranfiles/atran_41K_45deg_1-6mum.txt

    lambda_ref   lambda_mean   lambda_1     lambda_pivot  lambda_eff  lambda_eff_ph  lambda_iso   width      Response  F_mean          Fnu_mean    Fnu_lammean  ColorTerm   ColorTerm   Source Count Rate   Source Size Source FWHM    Bkgd          S/N        Fnu_limit   Filter
     microns       microns      microns      microns      microns      microns       microns    microns      e/s/mJy   W/m^2/mum        Jy           Jy                                 electrons/s          pix        arcsec         e-/s                     microJy
      1.25000      1.24639      1.25114      1.24398      1.23904      1.24387      1.24917    0.0242547      1447.22  1.42433e-13    0.0735222    0.0741007     0.996035      1.00175       76078.269      81.8528      3.60133       16633.304      120.987      16.7940    Jband
      1.65000      1.63218      1.63618      1.63018      1.62338      1.62731      1.63281    0.0311562      1417.61  9.01109e-14    0.0798782    0.0850586     0.941406     0.973740       80963.652      77.5019      3.50435       60466.396      123.752      32.4408    Hband
      1.80000      1.79410      1.80692      1.78765      1.75513      1.76756      1.78475    0.0587275      2442.52  6.91525e-14    0.0737142    0.0743738     0.998299      1.03636       128734.74      76.3841      3.47892       124199.72      175.936      26.9454    Hwide
      2.12000      2.10579      2.11085      2.10325      2.08707      2.09209      2.10505    0.0392226      1383.19  3.98561e-14    0.0588110    0.0579949      1.01652      1.04265       58163.079      74.1964      3.42882       79676.198      90.5908      38.1369    Kband
      2.50000      2.48550      2.49220      2.48216      2.46283      2.46956      2.44016    0.0473828      1416.08  2.03573e-14    0.0418368    0.0373401      1.12344      1.06659       42359.768      72.6108      3.39199       1077132.3      35.9549      136.699    Klong
      2.32000      2.31019      2.33133      2.29944      2.22587      2.24711      2.29087    0.0812529      2630.02  2.84829e-14    0.0502350    0.0483001      1.04981      1.11344       94464.892      73.5488      3.41377       958453.72      82.0689      69.4317    Kwide
      3.55000      3.53470      3.54237      3.53084      3.50610      3.51384      3.52530    0.0637146      1338.29  6.22736e-15    0.0258965    0.0256937      1.01010      1.01610       24779.675      71.6890      3.37040       68531852.      2.98698      1153.54    Lband
      3.87000      3.84861      3.85584      3.84498      3.82084      3.82804      3.84043    0.0658777      1270.48  4.51554e-15    0.0222678    0.0221250      1.00835      1.01395       20227.933      71.7211      3.37116   1.8382919e+08      1.49076      1990.10    LPrimeband
      4.10000      4.09208      4.24302      4.01531      3.53820      3.65321      3.92414     0.251178      4722.84  4.14601e-15    0.0222970    0.0197513      1.17247      1.34166       75293.294      71.7675      3.37225   2.1527974e+09      1.62263      1832.03    LPlusM
      4.90000      4.84380      4.84880      4.84129      4.83043      4.83546      4.87907    0.0544819      834.122  1.54160e-15    0.0120525    0.0123592     0.976193     0.978283       7188.0492      71.9692      3.37698   7.8688495e+08     0.256201      6271.33    Mband
      3.61000      3.60272      3.60361      3.60227      3.59942      3.60031      3.60195    0.0207094      425.950  5.75397e-15    0.0249059    0.0248921      1.00080      1.00147       7585.1847      71.6916      3.37047       25488237.      1.49446      2210.30    NbL
      4.81000      4.80657      4.80703      4.80634      4.80598      4.80643      4.82661    0.0146122      225.234  1.58555e-15    0.0122177    0.0122397     0.998295     0.998327       1967.5695      71.9579      3.37672   2.2464983e+08     0.131195      12409.5    NbM
      3.05000      3.05022      3.05095      3.04986      3.04761      3.04834      3.04939    0.0169901      412.744  1.06280e-14    0.0329755    0.0329495      1.00103      1.00168       9731.4790      71.6955      3.37056       3661076.6      4.90518      864.547    IceBand
      1.87000      1.87433      1.87436      1.87431      1.87416      1.87419      1.87344   0.00216053      85.3955  5.93879e-14    0.0695924    0.0672686      1.03456      1.03487       4249.1579      75.5064      3.45898       92901.463      6.92617      666.849    Palpha
      1.90000      1.90006      1.90009      1.90005      1.90002      1.90005      1.89800   0.00224497      87.5311  5.65185e-14    0.0680612    0.0673239      1.01097      1.01066       4259.5936      75.3291      3.45491       3905.8155      7.95481      138.462    PalphaCont
      1.87000      1.87436      1.87439      1.87434      1.87419      1.87422      1.87346   0.00208952      82.5878  5.93820e-14    0.0695877    0.0672494      1.03479      1.03509       4109.1719      75.5062      3.45897       89567.205      6.72913      677.078    Palpha+Hw
      1.90000      1.90005      1.90008      1.90004      1.90002      1.90004      1.89799   0.00217773      84.9098  5.65186e-14    0.0680607    0.0673179      1.01105      1.01074       4132.0018      75.3291      3.45491       3790.2462      7.71980      140.769    PalphaCont+Hw
      3.30000      3.30067      3.30090      3.30055      3.29983      3.30006      3.30024   0.00898904      201.769  7.93393e-15    0.0288298    0.0288186      1.00046      1.00064       4159.1399      71.6794      3.37018       4803538.3      1.84663      2025.74    PAHband
