../sofiacalib/cohen_supertemplates/SA114_656.tem.txt

atranfiles/atran_41K_45deg_1-6mum.txt

    lambda_ref   lambda_mean   lambda_1     lambda_pivot  lambda_eff  lambda_eff_ph  lambda_iso   width      Response  F_mean          Fnu_mean    Fnu_lammean  ColorTerm   ColorTerm   Source Count Rate   Source Size Source FWHM    Bkgd          S/N        Fnu_limit   Filter
     microns       microns      microns      microns      microns      microns       microns    microns      e/s/mJy   W/m^2/mum        Jy           Jy                                 electrons/s          pix        arcsec         e-/s                     microJy
      1.25000      1.24155      1.24643      1.23909      1.23406      1.23898      1.24157    0.0309841      1856.14  1.43285e-13    0.0733819    0.0736757     0.999970     0.998076       97388.002      81.9235      3.60288       20904.620      150.051      14.6491    Jband
      1.65000      1.63157      1.63558      1.62957      1.62277      1.62670      1.63274    0.0352372      1603.90  9.01834e-14    0.0798826    0.0853518     0.938227     0.975451       91608.306      77.5074      3.50447       68207.121      137.105      30.4434    Hband
      1.80000      1.79316      1.80603      1.78669      1.75413      1.76657      1.78472    0.0658856      2741.73  6.92632e-14    0.0737532    0.0741828      1.00142      1.05063       144581.25      76.3920      3.47910       134092.78      193.003      24.9400    Hwide
      2.12000      2.10506      2.11012      2.10252      2.08637      2.09138      2.10499    0.0434523      1532.88  3.99072e-14    0.0588455    0.0588972      1.00153      1.05103       64495.351      74.2002      3.42890       54277.404      102.859      28.4298    Kband
      2.50000      2.48515      2.49187      2.48181      2.46244      2.46917      2.44013    0.0515381      1540.49  2.03688e-14    0.0418487    0.0374573      1.12025      1.07130       46094.334      72.6121      3.39202       357013.87      56.2449      72.3679    Klong
      2.32000      2.30798      2.32920      2.29720      2.22361      2.24481      2.29068    0.0890971      2886.77  2.85962e-14    0.0503369    0.0482426      1.05323      1.13870       103897.40      73.5589      3.41400       343648.73      122.481      37.8894    Kwide
      3.55000      3.53464      3.54231      3.53078      3.50605      3.51379      3.52525    0.0682343      1433.24  6.22773e-15    0.0258972    0.0256944      1.01009      1.01610       26538.593      71.6890      3.37040       29409167.      4.86961      705.605    Lband
      3.87000      3.84796      3.85520      3.84433      3.82016      3.82737      3.83978    0.0702619      1355.26  4.51851e-15    0.0222749    0.0221322      1.00835      1.01395       21584.674      71.7210      3.37116   1.0420343e+08      2.11158      1404.60    LPrimeband
      4.10000      4.08735      4.23882      4.01041      3.53360      3.64836      3.91927     0.268389      5052.92  4.16720e-15    0.0223564    0.0197992      1.17290      1.34159       80770.130      71.7672      3.37224   1.2180012e+09      2.31401      1288.00    LPlusM
      4.90000      4.84380      4.84880      4.84129      4.83043      4.83546      4.87907    0.0579102      886.609  1.54160e-15    0.0120525    0.0123592     0.976193     0.978283       7640.3584      71.9692      3.37698   4.3565091e+08     0.365938      4390.07    Mband
      3.61000      3.60272      3.60361      3.60227      3.59942      3.60031      3.60194    0.0222433      457.499  5.75398e-15    0.0249059    0.0248922      1.00080      1.00147       8147.0086      71.6916      3.37047       10643701.      2.46574      1329.85    NbL
      4.81000      4.80657      4.80703      4.80634      4.80598      4.80643      4.82661    0.0155316      239.407  1.58555e-15    0.0122177    0.0122397     0.998295     0.998327       2091.3791      71.9579      3.37672   1.2892641e+08     0.183997      8844.43    NbM
      3.05000      3.05020      3.05092      3.04984      3.04759      3.04831      3.04936    0.0184375      447.910  1.06283e-14    0.0329759    0.0329499      1.00103      1.00167       10560.718      71.6955      3.37056       1360509.7      8.25610      485.697    IceBand
      1.87000      1.87432      1.87435      1.87431      1.87416      1.87419      1.87343   0.00240303      94.9810  5.93889e-14    0.0695932    0.0672723      1.03452      1.03482       4726.1714      75.5065      3.45898       103097.13      7.59675      631.483    Palpha
      1.90000      1.90006      1.90009      1.90005      1.90002      1.90005      1.89800   0.00249163      97.1485  5.65187e-14    0.0680614    0.0673239      1.01097      1.01066       4727.6264      75.3291      3.45491       4139.1293      8.81809      128.158    PalphaCont
      1.87000      1.87435      1.87438      1.87434      1.87419      1.87422      1.87345   0.00232405      91.8578  5.93830e-14    0.0695885    0.0672531      1.03474      1.03504       4570.4551      75.5063      3.45897       99398.817      7.38332      641.174    Palpha+Hw
      1.90000      1.90005      1.90008      1.90004      1.90002      1.90004      1.89799   0.00241700      94.2392  5.65188e-14    0.0680609    0.0673179      1.01105      1.01074       4586.0140      75.3291      3.45491       4016.4954      8.55788      130.282    PalphaCont+Hw
      3.30000      3.30063      3.30086      3.30051      3.29979      3.30002      3.30020   0.00964305      216.452  7.93430e-15    0.0288304    0.0288191      1.00046      1.00064       4461.8937      71.6794      3.37018       1986015.9      2.97094      1214.27    PAHband
