../sofiacalib/cohen_supertemplates/SA112_595.tem.txt

atranfiles/atran_41K_45deg_1-6mum.txt

    lambda_ref   lambda_mean   lambda_1     lambda_pivot  lambda_eff  lambda_eff_ph  lambda_iso   width      Response  F_mean          Fnu_mean    Fnu_lammean  ColorTerm   ColorTerm   Source Count Rate   Source Size Source FWHM    Bkgd          S/N        Fnu_limit   Filter
     microns       microns      microns      microns      microns      microns       microns    microns      e/s/mJy   W/m^2/mum        Jy           Jy                                 electrons/s          pix        arcsec         e-/s                     microJy
      1.25000      1.24639      1.25114      1.24398      1.24318      1.24798      1.22279    0.0242547      1447.22  1.40771e-12     0.726641     0.730760     0.998214      1.00625       751902.94      81.7945      3.60005       16633.246      726.548      16.7939    Jband
      1.65000      1.63218      1.63618      1.63018      1.62662      1.63052      1.63606    0.0311562      1417.61  1.18308e-12      1.04874      1.11812     0.940251     0.996786       1062987.2      77.4725      3.50368       60466.367      895.214      32.4408    Hband
      1.80000      1.79410      1.80692      1.78765      1.75897      1.77127      1.80413    0.0587275      2442.52  9.36747e-13     0.998541     0.968390      1.03859      1.02185       1743854.5      76.3541      3.47824       124199.69      1189.19      26.9454    Hwide
      2.12000      2.10579      2.11085      2.10325      2.08933      2.09432      2.10762    0.0392226      1383.19  5.61859e-13     0.829069     0.836322     0.993723     0.996566       819935.91      74.1841      3.42853       79676.186      756.756      38.1369    Kband
      2.50000      2.48550      2.49220      2.48216      2.46151      2.46841      2.40578    0.0473828      1416.08  2.65573e-13     0.545786     0.493317      1.10934      1.02855       552608.14      72.6156      3.39210       1077132.3      401.086      136.699    Klong
      2.32000      2.31019      2.33133      2.29944      2.21998      2.24073      2.31149    0.0812529      2630.02  3.88169e-13     0.684610     0.662138      1.04363      1.17918       1287381.7      73.5742      3.41436       958453.74      811.310      69.4317    Kwide
      3.55000      3.53470      3.54237      3.53084      3.50687      3.51462      3.52505    0.0637146      1338.29  8.99739e-14     0.374156     0.371225      1.01010      1.01601       358020.60      71.6890      3.37040       68531852.      43.0523      1153.54    Lband
      3.87000      3.84861      3.85584      3.84498      3.81963      3.82676      3.84475    0.0658777      1270.48  6.52021e-14     0.321536     0.320765      1.00429      1.01054       292081.10      71.7209      3.37115   1.8382919e+08      21.5099      1990.10    LPrimeband
      4.10000      4.09208      4.24302      4.01531      3.54212      3.65581      3.94902     0.251178      4722.84  5.87903e-14     0.316172     0.275648      1.19129      1.34364       1067658.1      71.7666      3.37223   2.1527974e+09      23.0036      1832.03    LPlusM
      4.90000      4.84380      4.84880      4.84129      4.82924      4.83428      4.84727    0.0544819      834.122  2.16811e-14     0.169505     0.170062     0.997761     0.999959       101092.50      71.9688      3.37697   7.8688495e+08      3.60298      6271.33    Mband
      3.61000      3.60272      3.60361      3.60227      3.59955      3.60044      3.60007    0.0207094      425.950  8.32538e-14     0.360361     0.359482      1.00269      1.00335       109749.49      71.6916      3.37047       25488237.      21.5805      2210.30    NbL
      4.81000      4.80657      4.80703      4.80634      4.80547      4.80593      4.81510    0.0146122      225.234  2.21325e-14     0.170545     0.171218     0.996165     0.996198       27465.013      71.9577      3.37671   2.2464983e+08      1.83123      12409.5    NbM
      3.05000      3.05022      3.05095      3.04986      3.04799      3.04871      3.05060    0.0169901      412.744  1.49833e-13     0.464887     0.465177     0.999614      1.00011       137193.90      71.6955      3.37056       3661076.6      68.0597      864.547    IceBand
      1.87000      1.87433      1.87436      1.87431      1.87422      1.87425      1.87129   0.00216053      85.3955  8.21025e-13     0.962099     0.961244      1.00091      1.00116       58743.682      75.5061      3.45897       92901.462      89.4931      666.849    Palpha
      1.90000      1.90006      1.90009      1.90005      1.89994      1.89997      1.90102   0.00224497      87.5311  7.76237e-13     0.934766     0.924385      1.01125      1.01068       58502.111      75.3296      3.45493       3905.8160      100.186      138.463    PalphaCont
      1.87000      1.87436      1.87439      1.87434      1.87425      1.87428      1.87134   0.00208952      82.5878  8.20982e-13     0.962080     0.961011      1.00113      1.00138       56811.100      75.5059      3.45896       89567.205      87.0829      677.078    Palpha+Hw
      1.90000      1.90005      1.90008      1.90004      1.89993      1.89996      1.90101   0.00217773      84.9098  7.76246e-13     0.934769     0.924237      1.01141      1.01085       56750.329      75.3297      3.45493       3790.2468      97.4537      140.769    PalphaCont+Hw
      3.30000      3.30067      3.30090      3.30055      3.29983      3.30006      3.30064   0.00898904      201.769  1.14020e-13     0.414319     0.414334      1.00003      1.00022       59771.784      71.6794      3.37018       4803538.3      26.3941      2025.74    PAHband
