../sofiacalib/cohen_supertemplates/SA112_595.tem.txt

atranfiles/atran_41K_45deg_1-6mum.txt

    lambda_ref   lambda_mean   lambda_1     lambda_pivot  lambda_eff  lambda_eff_ph  lambda_iso   width      Response  F_mean          Fnu_mean    Fnu_lammean  ColorTerm   ColorTerm   Source Count Rate   Source Size Source FWHM    Bkgd          S/N        Fnu_limit   Filter
     microns       microns      microns      microns      microns      microns       microns    microns      e/s/mJy   W/m^2/mum        Jy           Jy                                 electrons/s          pix        arcsec         e-/s                     microJy
      1.25000      1.24155      1.24643      1.23909      1.23826      1.24317      1.20566    0.0309841      1856.14  1.41141e-12     0.722835     0.711864      1.01945     0.996978       959302.85      81.8638      3.60157       20904.561      846.940      14.6490    Jband
      1.65000      1.63157      1.63558      1.62957      1.62602      1.62993      1.63564    0.0352372      1603.90  1.18366e-12      1.04846      1.11794     0.940161     0.992291       1202364.4      77.4780      3.50381       68207.092      963.563      30.4433    Hband
      1.80000      1.79316      1.80603      1.78669      1.75799      1.77031      1.80405    0.0658856      2741.73  9.38046e-13     0.998855     0.982525      1.02400      1.02268       1958095.3      76.3617      3.47842       134092.75      1270.69      24.9400    Hwide
      2.12000      2.10506      2.11012      2.10252      2.08863      2.09361      2.10761    0.0434523      1532.88  5.62505e-13     0.829446     0.830641      1.00097      1.01732       909082.90      74.1879      3.42862       54277.392      817.136      28.4297    Kband
      2.50000      2.48515      2.49187      2.48181      2.46110      2.46800      2.40629    0.0515381      1540.49  2.65751e-13     0.545998     0.492329      1.11200      1.02525       601389.79      72.6169      3.39213       357013.87      542.930      72.3679    Klong
      2.32000      2.30798      2.32920      2.29720      2.21778      2.23848      2.31050    0.0890971      2886.77  3.89840e-13     0.686221     0.640613      1.08127      1.23764       1416388.6      73.5841      3.41459       343648.76      993.584      37.8894    Kwide
      3.55000      3.53464      3.54231      3.53078      3.50683      3.51457      3.52500    0.0682343      1433.24  8.99790e-14     0.374165     0.371235      1.01010      1.01600       383432.83      71.6890      3.37040       29409167.      69.9377      705.605    Lband
      3.87000      3.84796      3.85520      3.84433      3.81896      3.82610      3.84414    0.0702619      1355.26  6.52461e-14     0.321644     0.320888      1.00425      1.01050       311677.25      71.7208      3.37115   1.0420343e+08      30.4485      1404.60    LPrimeband
      4.10000      4.08735      4.23882      4.01041      3.53758      3.65103      3.94398     0.268389      5052.92  5.90859e-14     0.316988     0.277039      1.18852      1.34515       1145225.1      71.7663      3.37222   1.2180012e+09      32.7956      1288.00    LPlusM
      4.90000      4.84380      4.84880      4.84129      4.82924      4.83428      4.84727    0.0579102      886.609  2.16811e-14     0.169505     0.170062     0.997761     0.999959       107453.76      71.9688      3.37697   4.3565091e+08      5.14596      4390.07    Mband
      3.61000      3.60272      3.60361      3.60227      3.59955      3.60044      3.60007    0.0222433      457.499  8.32539e-14     0.360361     0.359482      1.00269      1.00335       117878.46      71.6916      3.37047       10643701.      35.4986      1329.85    NbL
      4.81000      4.80657      4.80703      4.80634      4.80547      4.80593      4.81510    0.0155316      239.407  2.21325e-14     0.170545     0.171218     0.996165     0.996198       29193.253      71.9577      3.37671   1.2892641e+08      2.56812      8844.43    NbM
      3.05000      3.05020      3.05092      3.04984      3.04796      3.04868      3.05058    0.0184375      447.910  1.49837e-13     0.464892     0.465181     0.999614      1.00011       148883.99      71.6955      3.37056       1360509.7      111.765      485.697    IceBand
      1.87000      1.87432      1.87435      1.87431      1.87421      1.87424      1.87128   0.00240303      94.9810  8.21034e-13     0.962105     0.961289      1.00086      1.00112       65337.903      75.5061      3.45897       103097.13      97.6546      631.483    Palpha
      1.90000      1.90006      1.90009      1.90005      1.89994      1.89997      1.90102   0.00249163      97.1485  7.76241e-13     0.934771     0.924385      1.01125      1.01069       64930.279      75.3296      3.45493       4139.1299      110.124      128.158    PalphaCont
      1.87000      1.87435      1.87438      1.87434      1.87424      1.87427      1.87133   0.00232405      91.8578  8.20992e-13     0.962086     0.961057      1.00109      1.00134       63188.172      75.5059      3.45897       99398.817      95.0647      641.174    Palpha+Hw
      1.90000      1.90005      1.90008      1.90004      1.89993      1.89996      1.90102   0.00241700      94.2392  7.76250e-13     0.934774     0.924237      1.01142      1.01085       62985.997      75.3297      3.45493       4016.4959      107.146      130.282    PalphaCont+Hw
      3.30000      3.30063      3.30086      3.30051      3.29979      3.30002      3.30060   0.00964305      216.452  1.14025e-13     0.414328     0.414343      1.00003      1.00022       64122.719      71.6794      3.37018       1986015.9      42.1422      1214.27    PAHband
