../sofiacalib/cohen_supertemplates/SA114_548.tem.txt

atranfiles/atran_41K_45deg_1-6mum.txt

    lambda_ref   lambda_mean   lambda_1     lambda_pivot  lambda_eff  lambda_eff_ph  lambda_iso   width      Response  F_mean          Fnu_mean    Fnu_lammean  ColorTerm   ColorTerm   Source Count Rate   Source Size Source FWHM    Bkgd          S/N        Fnu_limit   Filter
     microns       microns      microns      microns      microns      microns       microns    microns      e/s/mJy   W/m^2/mum        Jy           Jy                                 electrons/s          pix        arcsec         e-/s                     microJy
      1.25000      1.24639      1.25114      1.24398      1.24126      1.24608      1.24979    0.0242547      1447.22  6.56031e-13     0.338636     0.341785     0.994623     0.999634       350408.35      81.8215      3.60064       16633.273      428.214      16.7940    Jband
      1.65000      1.63218      1.63618      1.63018      1.62435      1.62831      1.61552    0.0311562      1417.61  4.57221e-13     0.405301     0.421527     0.963872     0.964673       410808.26      77.4930      3.50415       60466.387      471.899      32.4408    Hband
      1.80000      1.79410      1.80692      1.78765      1.76134      1.77386      1.78185    0.0587275      2442.52  3.65124e-13     0.389210     0.379157      1.03394      1.00741       679717.73      76.3354      3.47781       124199.67      652.188      26.9454    Hwide
      2.12000      2.10579      2.11085      2.10325      2.08844      2.09347      2.10478    0.0392226      1383.19  2.24994e-13     0.331997     0.329215      1.01089      1.01761       328339.74      74.1889      3.42864       79676.191      397.479      38.1369    Kband
      2.50000      2.48550      2.49220      2.48216      2.46237      2.46920      2.40672    0.0473828      1416.08  1.11293e-13     0.228721     0.203452      1.12723      1.08176       231579.91      72.6127      3.39204       1077132.3      184.397      136.699    Klong
      2.32000      2.31019      2.33133      2.29944      2.22373      2.24475      2.29248    0.0812529      2630.02  1.58474e-13     0.279500     0.270297      1.04374      1.11557       525588.63      73.5579      3.41398       958453.73      396.622      69.4317    Kwide
      3.55000      3.53470      3.54237      3.53084      3.50703      3.51479      3.52457    0.0637146      1338.29  3.50493e-14     0.145752     0.144677      1.00963      1.01522       139466.91      71.6890      3.37041       68531852.      16.7976      1153.54    Lband
      3.87000      3.84861      3.85584      3.84498      3.82114      3.82832      3.83993    0.0658777      1270.48  2.56068e-14     0.126277     0.125326      1.00949      1.01563       114709.14      71.7211      3.37116   1.8382919e+08      8.45167      1990.10    LPrimeband
      4.10000      4.09208      4.24302      4.01531      3.53468      3.64720      3.94753     0.251178      4722.84  2.30699e-14     0.124069     0.111524      1.15543      1.30541       418958.82      71.7657      3.37220   2.1527974e+09      9.02819      1832.03    LPlusM
      4.90000      4.84380      4.84880      4.84129      4.82765      4.83266      4.86363    0.0544819      834.122  8.34342e-15    0.0652299    0.0663002     0.984877     0.987766       38902.941      71.9682      3.37696   7.8688495e+08      1.38657      6271.33    Mband
      3.61000      3.60272      3.60361      3.60227      3.59967      3.60057      3.59693    0.0207094      425.950  3.24514e-14     0.140465     0.139672      1.00592      1.00659       42779.077      71.6916      3.37047       25488237.      8.42275      2210.30    NbL
      4.81000      4.80657      4.80703      4.80634      4.80545      4.80590      4.81907    0.0146122      225.234  8.63526e-15    0.0665404    0.0669898     0.993384     0.993530       10715.817      71.9577      3.37671   2.2464983e+08     0.714504      12409.5    NbM
      3.05000      3.05022      3.05095      3.04986      3.04766      3.04838      3.04932    0.0169901      412.744  5.88384e-14     0.182558     0.182402      1.00109      1.00173       53875.163      71.6955      3.37056       3661076.6      27.0049      864.547    IceBand
      1.87000      1.87433      1.87436      1.87431      1.87424      1.87427      1.87240   0.00216053      85.3955  3.28181e-13     0.384572     0.383198      1.00360      1.00364       23481.104      75.5059      3.45897       92901.462      37.3326      666.849    Palpha
      1.90000      1.90006      1.90009      1.90005      1.90003      1.90006      1.90069   0.00224497      87.5311  3.12893e-13     0.376794     0.375663      1.00302      1.00294       23581.559      75.3290      3.45491       3905.8154      42.6259      138.462    PalphaCont
      1.87000      1.87436      1.87439      1.87434      1.87427      1.87430      1.87242   0.00208952      82.5878  3.28164e-13     0.384564     0.383189      1.00360      1.00364       22708.615      75.5057      3.45896       89567.204      36.2933      677.078    Palpha+Hw
      1.90000      1.90005      1.90008      1.90004      1.90002      1.90005      1.90068   0.00217773      84.9098  3.12894e-13     0.376792     0.375652      1.00305      1.00296       22875.254      75.3291      3.45491       3790.2462      41.4048      140.769    PalphaCont+Hw
      3.30000      3.30067      3.30090      3.30055      3.29980      3.30003      3.30090   0.00898904      201.769  4.44942e-14     0.161680     0.161735     0.999735     0.999928       23324.844      71.6794      3.37018       4803538.3      10.3366      2025.74    PAHband
