../sofiacalib/cohen_supertemplates/SA113_259.tem.txt

atranfiles/atran_41K_45deg_1-6mum.txt

    lambda_ref   lambda_mean   lambda_1     lambda_pivot  lambda_eff  lambda_eff_ph  lambda_iso   width      Response  F_mean          Fnu_mean    Fnu_lammean  ColorTerm   ColorTerm   Source Count Rate   Source Size Source FWHM    Bkgd          S/N        Fnu_limit   Filter
     microns       microns      microns      microns      microns      microns       microns    microns      e/s/mJy   W/m^2/mum        Jy           Jy                                 electrons/s          pix        arcsec         e-/s                     microJy
      1.25000      1.24639      1.25114      1.24398      1.23976      1.24459      1.24944    0.0242547      1447.22  3.91457e-13     0.202066     0.203855     0.995062      1.00054       209090.47      81.8427      3.60111       16633.294      287.648      16.7940    Jband
      1.65000      1.63218      1.63618      1.63018      1.62281      1.62672      1.59826    0.0311562      1417.61  2.69862e-13     0.239217     0.246785     0.971718     0.974740       242467.76      77.5070      3.50446       60466.402      315.785      32.4409    Hband
      1.80000      1.79410      1.80692      1.78765      1.75223      1.76471      1.77755    0.0587275      2442.52  2.03029e-13     0.216423     0.206533      1.05546      1.10724       377960.91      76.4069      3.47944       124199.74      426.669      26.9454    Hwide
      2.12000      2.10579      2.11085      2.10325      2.08833      2.09336      2.10477    0.0392226      1383.19  1.16397e-13     0.171754     0.170308      1.01093      1.01638       169861.64      74.1896      3.42866       79676.191      234.679      38.1369    Kband
      2.50000      2.48550      2.49220      2.48216      2.46365      2.47046      2.40447    0.0473828      1416.08  5.93158e-14     0.121902     0.112492      1.08656      1.06702       123425.32      72.6086      3.39194       1077132.3      101.832      136.699    Klong
      2.32000      2.31019      2.33133      2.29944      2.22658      2.24780      2.29261    0.0812529      2630.02  8.30879e-14     0.146541     0.142313      1.03937      1.11825       275565.17      73.5457      3.41370       958453.71      224.550      69.4317    Kwide
      3.55000      3.53470      3.54237      3.53084      3.50626      3.51401      3.52474    0.0637146      1338.29  1.85361e-14    0.0770824    0.0764727      1.01018      1.01599       73758.211      71.6890      3.37040       68531852.      8.88778      1153.54    Lband
      3.87000      3.84861      3.85584      3.84498      3.82068      3.82787      3.84065    0.0658777      1270.48  1.34458e-14    0.0663062    0.0658710      1.00851      1.01445       60232.068      71.7211      3.37116   1.8382919e+08      4.43850      1990.10    LPrimeband
      4.10000      4.09208      4.24302      4.01531      3.53247      3.64570      3.93328     0.251178      4722.84  1.22440e-14    0.0658475    0.0585546      1.16796      1.33804       222355.90      71.7659      3.37221   2.1527974e+09      4.79179      1832.03    LPlusM
      4.90000      4.84380      4.84880      4.84129      4.83123      4.83625      4.88737    0.0544819      834.122  4.40521e-15    0.0344405    0.0355198     0.970618     0.972636       20540.215      71.9694      3.37699   7.8688495e+08     0.732100      6271.33    Mband
      3.61000      3.60272      3.60361      3.60227      3.59949      3.60038      3.60038    0.0207094      425.950  1.71283e-14    0.0741392    0.0739775      1.00243      1.00311       22579.424      71.6916      3.37047       25488237.      4.44739      2210.30    NbL
      4.81000      4.80657      4.80703      4.80634      4.80616      4.80661      4.84262    0.0146122      225.234  4.54190e-15    0.0349983    0.0351279     0.996406     0.996404       5636.2128      71.9579      3.37672   2.2464983e+08     0.375813      12409.5    NbM
      3.05000      3.05022      3.05095      3.04986      3.04761      3.04833      3.04967    0.0169901      412.744  3.15352e-14    0.0978446    0.0978016      1.00068      1.00132       28875.136      71.6955      3.37056       3661076.6      14.5193      864.547    IceBand
      1.87000      1.87433      1.87436      1.87431      1.87428      1.87431      1.87936   0.00216053      85.3955  1.71334e-13     0.200774     0.200895     0.999411     0.999430       12258.790      75.5056      3.45896       92901.462      19.7728      666.849    Palpha
      1.90000      1.90006      1.90009      1.90005      1.90003      1.90006      1.89724   0.00224497      87.5311  1.66176e-13     0.200114     0.200613     0.997529     0.997548       12524.085      75.3290      3.45491       3905.8154      23.0588      138.462    PalphaCont
      1.87000      1.87436      1.87439      1.87434      1.87431      1.87434      1.87938   0.00208952      82.5878  1.71331e-13     0.200777     0.200894     0.999429     0.999448       11855.906      75.5054      3.45895       89567.204      19.2166      677.078    Palpha+Hw
      1.90000      1.90005      1.90008      1.90004      1.90003      1.90005      1.89721   0.00217773      84.9098  1.66177e-13     0.200114     0.200613     0.997526     0.997545       12149.005      75.3291      3.45491       3790.2462      22.3869      140.769    PalphaCont+Hw
      3.30000      3.30067      3.30090      3.30055      3.29981      3.30004      3.30044   0.00898904      201.769  2.36185e-14    0.0858234    0.0858074      1.00026      1.00044       12381.318      71.6794      3.37018       4803538.3      5.49279      2025.74    PAHband
