../sofiacalib/cohen_supertemplates/SA113_269.tem.txt

atranfiles/atran_41K_45deg_1-6mum.txt

    lambda_ref   lambda_mean   lambda_1     lambda_pivot  lambda_eff  lambda_eff_ph  lambda_iso   width      Response  F_mean          Fnu_mean    Fnu_lammean  ColorTerm   ColorTerm   Source Count Rate   Source Size Source FWHM    Bkgd          S/N        Fnu_limit   Filter
     microns       microns      microns      microns      microns      microns       microns    microns      e/s/mJy   W/m^2/mum        Jy           Jy                                 electrons/s          pix        arcsec         e-/s                     microJy
      1.25000      1.24639      1.25114      1.24398      1.23898      1.24381      1.24997    0.0242547      1447.22  2.95736e-12      1.52656      1.54627     0.991073      1.00027       1579626.4      81.8537      3.60135       16633.305      1146.30      16.7940    Jband
      1.65000      1.63218      1.63618      1.63018      1.62259      1.62651      1.59789    0.0311562      1417.61  1.81697e-12      1.61065      1.63872     0.985287     0.978200       1632531.5      77.5090      3.50451       60466.403      1160.30      32.4409    Hband
      1.80000      1.79410      1.80692      1.78765      1.75405      1.76654      1.77210    0.0587275      2442.52  1.38239e-12      1.47358      1.44732      1.02550      1.07049       2573459.7      76.3925      3.47912       124199.73      1490.73      26.9454    Hwide
      2.12000      2.10579      2.11085      2.10325      2.08829      2.09331      2.10471    0.0392226      1383.19  8.01545e-13      1.18274      1.17473      1.00926      1.01106       1169714.8      74.1897      3.42866       79676.191      947.597      38.1369    Kband
      2.50000      2.48550      2.49220      2.48216      2.46377      2.47048      2.41071    0.0473828      1416.08  4.22493e-13     0.868277     0.804066      1.08276      1.07959       879130.49      72.6078      3.39192       1077132.3      589.401      136.699    Klong
      2.32000      2.31019      2.33133      2.29944      2.22996      2.25125      2.28481    0.0812529      2630.02  5.80772e-13      1.02430     0.988626      1.04580      1.09349       1926160.8      73.5307      3.41335       958453.70      1084.15      69.4317    Kwide
      3.55000      3.53470      3.54237      3.53084      3.50657      3.51432      3.52545    0.0637146      1338.29  1.25700e-13     0.522723     0.518568      1.01022      1.01631       500180.40      71.6890      3.37040       68531852.      60.0854      1153.54    Lband
      3.87000      3.84861      3.85584      3.84498      3.82157      3.82878      3.83900    0.0658777      1270.48  9.17453e-14     0.452431     0.449001      1.00954      1.01493       410984.91      71.7212      3.37116   1.8382919e+08      30.2567      1990.10    LPrimeband
      4.10000      4.09208      4.24302      4.01531      3.55089      3.66853      3.91873     0.251178      4722.84  8.47852e-14     0.455971     0.405148      1.16889      1.31743       1539735.2      71.7699      3.37230   2.1527974e+09      33.1713      1832.03    LPlusM
      4.90000      4.84380      4.84880      4.84129      4.82581      4.83086      4.84416    0.0544819      834.122  3.36218e-14     0.262859     0.263205     0.999721      1.00256       156768.56      71.9676      3.37695   7.8688495e+08      5.58710      6271.33    Mband
      3.61000      3.60272      3.60361      3.60227      3.59950      3.60039      3.60208    0.0207094      425.950  1.16361e-13     0.503665     0.503469      1.00064      1.00127       153393.22      71.6916      3.37047       25488237.      30.1370      2210.30    NbL
      4.81000      4.80657      4.80703      4.80634      4.80500      4.80546      4.80829    0.0146122      225.234  3.45369e-14     0.266129     0.266479     0.998783     0.999010       42858.114      71.9575      3.37671   2.2464983e+08      2.85747      12409.5    NbM
      3.05000      3.05022      3.05095      3.04986      3.04769      3.04841      3.04864    0.0169901      412.744  2.12896e-13     0.660555     0.659459      1.00190      1.00253       194937.80      71.6955      3.37056       3661076.6      96.0256      864.547    IceBand
      1.87000      1.87433      1.87436      1.87431      1.87424      1.87427      1.87633   0.00216053      85.3955  1.18911e-12      1.39343      1.39333      1.00009      1.00007       85079.560      75.5059      3.45897       92901.462      125.826      666.849    Palpha
      1.90000      1.90006      1.90009      1.90005      1.89999      1.90002      1.89612   0.00224497      87.5311  1.14488e-12      1.37870      1.37886     0.999898     0.999883       86285.629      75.3293      3.45492       3905.8157      142.091      138.462    PalphaCont
      1.87000      1.87436      1.87439      1.87434      1.87427      1.87430      1.87656   0.00208952      82.5878  1.18905e-12      1.39341      1.39337      1.00004      1.00003       82281.051      75.5057      3.45896       89567.205      122.512      677.078    Palpha+Hw
      1.90000      1.90005      1.90008      1.90004      1.89999      1.90002      1.89623   0.00217773      84.9098  1.14490e-12      1.37870      1.37885     0.999909     0.999895       83701.898      75.3293      3.45492       3790.2464      138.344      140.769    PalphaCont+Hw
      3.30000      3.30067      3.30090      3.30055      3.29986      3.30009      3.30012   0.00898904      201.769  1.59480e-13     0.579507     0.579220      1.00056      1.00073       83602.641      71.6794      3.37018       4803538.3      36.8318      2025.74    PAHband
