../sofiacalib/cohen_supertemplates/SA113_269.tem.txt

atranfiles/atran_41K_45deg_1-6mum.txt

    lambda_ref   lambda_mean   lambda_1     lambda_pivot  lambda_eff  lambda_eff_ph  lambda_iso   width      Response  F_mean          Fnu_mean    Fnu_lammean  ColorTerm   ColorTerm   Source Count Rate   Source Size Source FWHM    Bkgd          S/N        Fnu_limit   Filter
     microns       microns      microns      microns      microns      microns       microns    microns      e/s/mJy   W/m^2/mum        Jy           Jy                                 electrons/s          pix        arcsec         e-/s                     microJy
      1.25000      1.24155      1.24643      1.23909      1.23399      1.23892      1.24838    0.0309841      1856.14  2.97520e-12      1.52372      1.53624     0.995786     0.993153       2022183.6      81.9244      3.60290       20904.621      1320.24      14.6491    Jband
      1.65000      1.63157      1.63558      1.62957      1.62198      1.62591      1.59760    0.0352372      1603.90  1.81857e-12      1.61085      1.63802     0.985836     0.968345       1847304.8      77.5145      3.50463       68207.129      1244.84      30.4434    Hband
      1.80000      1.79316      1.80603      1.78669      1.75304      1.76555      1.77179    0.0658856      2741.73  1.38468e-12      1.47444      1.45082      1.02366      1.07895       2890410.2      76.4005      3.47930       115546.40      1593.90      23.1558    Hwide
      2.12000      2.10506      2.11012      2.10252      2.08759      2.09259      2.10459    0.0434523      1532.88  8.02511e-13      1.18335      1.18135      1.00411      1.03487       1296966.3      74.1935      3.42875       54277.398      1017.23      28.4298    Kband
      2.50000      2.48515      2.49187      2.48181      2.46337      2.47009      2.41075    0.0515381      1540.49  4.22723e-13     0.868506     0.803276      1.08412      1.07841       956616.88      72.6091      3.39195       356718.39      760.600      72.3379    Klong
      2.32000      2.30798      2.32920      2.29720      2.22769      2.24895      2.27613    0.0890971      2886.77  5.82967e-13      1.02618     0.992219      1.04396      1.12208       2118072.1      73.5407      3.41358       334272.60      1283.26      37.3695    Kwide
      3.55000      3.53464      3.54231      3.53078      3.50653      3.51427      3.52540    0.0682343      1433.24  1.25707e-13     0.522737     0.518584      1.01021      1.01630       535684.23      71.6890      3.37040       29409068.      97.4618      705.604    Lband
      3.87000      3.84796      3.85520      3.84433      3.82089      3.82811      3.83835    0.0702619      1355.26  9.18044e-14     0.452569     0.449138      1.00954      1.01494       438544.41      71.7211      3.37116       74642023.      50.5224      1188.79    LPrimeband
      4.10000      4.08735      4.23882      4.01041      3.54621      3.66362      3.91407     0.268389      5052.92  8.52066e-14     0.457121     0.405990      1.16956      1.31814       1651506.2      71.7696      3.37230   1.2171478e+09      47.3006      1287.55    LPlusM
      4.90000      4.84380      4.84880      4.84129      4.82581      4.83086      4.84416    0.0579102      886.609  3.36218e-14     0.262859     0.263205     0.999721      1.00256       166633.25      71.9676      3.37695   4.3565091e+08      7.97952      4390.07    Mband
      3.61000      3.60272      3.60361      3.60227      3.59950      3.60039      3.60208    0.0222433      457.499  1.16361e-13     0.503665     0.503470      1.00064      1.00127       164754.84      71.6916      3.37047       10642281.      49.5133      1329.76    NbL
      4.81000      4.80657      4.80703      4.80634      4.80500      4.80546      4.80829    0.0155316      239.407  3.45369e-14     0.266129     0.266479     0.998783     0.999010       45554.968      71.9575      3.37671   1.2889910e+08      4.00762      8843.50    NbM
      3.05000      3.05020      3.05092      3.04984      3.04767      3.04839      3.04862    0.0184375      447.910  2.12902e-13     0.660562     0.659467      1.00190      1.00253       211548.58      71.6955      3.37056       1208709.6      162.952      457.807    IceBand
      1.87000      1.87432      1.87435      1.87431      1.87423      1.87426      1.87634   0.00240304      94.9814  1.18912e-12      1.39343      1.39332      1.00010      1.00008       94630.232      75.5060      3.45897       4747.7313      153.794      139.762    Palpha
      1.90000      1.90006      1.90009      1.90005      1.89999      1.90002      1.89611   0.00249163      97.1485  1.14488e-12      1.37870      1.37886     0.999897     0.999883       95766.059      75.3293      3.45492       4139.1295      155.666      128.158    PalphaCont
      1.87000      1.87435      1.87438      1.87434      1.87426      1.87429      1.87646   0.00232405      91.8578  1.18906e-12      1.39341      1.39336      1.00005      1.00004       91516.959      75.5058      3.45896       4600.8513      149.379      142.403    Palpha+Hw
      1.90000      1.90005      1.90008      1.90004      1.89999      1.90002      1.89622   0.00241700      94.2392  1.14490e-12      1.37870      1.37885     0.999909     0.999894       92898.424      75.3293      3.45492       4016.4956      151.605      130.282    PalphaCont+Hw
      3.30000      3.30063      3.30086      3.30051      3.29982      3.30005      3.30008   0.00964305      216.452  1.59487e-13     0.579518     0.579231      1.00057      1.00073       89688.135      71.6794      3.37018       1986015.9      58.6213      1214.27    PAHband
