../sofiacalib/cohen_supertemplates/SA114_548.tem.txt

atranfiles/atran_41K_45deg_1-6mum.txt

    lambda_ref   lambda_mean   lambda_1     lambda_pivot  lambda_eff  lambda_eff_ph  lambda_iso   width      Response  F_mean          Fnu_mean    Fnu_lammean  ColorTerm   ColorTerm   Source Count Rate   Source Size Source FWHM    Bkgd          S/N        Fnu_limit   Filter
     microns       microns      microns      microns      microns      microns       microns    microns      e/s/mJy   W/m^2/mum        Jy           Jy                                 electrons/s          pix        arcsec         e-/s                     microJy
      1.25000      1.24155      1.24643      1.23909      1.23631      1.24123      1.24464    0.0309841      1856.14  6.58769e-13     0.337381     0.339266     0.998395     0.994856       447751.12      81.8914      3.60218       20904.588      509.767      14.6490    Jband
      1.65000      1.63157      1.63558      1.62957      1.62373      1.62770      1.61530    0.0352372      1603.90  4.57550e-13     0.405288     0.419060     0.969520     0.956536       464778.92      77.4986      3.50427       68207.113      513.395      30.4434    Hband
      1.80000      1.79316      1.80603      1.78669      1.76034      1.77289      1.78183    0.0658856      2741.73  3.65603e-13     0.389304     0.379262      1.03393      1.01317       763167.64      76.3432      3.47799       134092.73      702.679      24.9400    Hwide
      2.12000      2.10506      2.11012      2.10252      2.08774      2.09275      2.10474    0.0434523      1532.88  2.25263e-13     0.332163     0.330414      1.00772      1.04030       364054.86      74.1927      3.42873       54277.397      437.417      28.4298    Kband
      2.50000      2.48515      2.49187      2.48181      2.46196      2.46881      2.39150    0.0515381      1540.49  1.11362e-13     0.228799     0.203835      1.12550      1.08621       252010.69      72.6140      3.39207       357013.87      269.019      72.3679    Klong
      2.32000      2.30798      2.32920      2.29720      2.22150      2.24248      2.29233    0.0890971      2886.77  1.59125e-13     0.280101     0.269515      1.04906      1.14787       578141.28      73.5679      3.41422       343648.74      529.127      37.8894    Kwide
      3.55000      3.53464      3.54231      3.53078      3.50698      3.51474      3.52450    0.0682343      1433.24  3.50515e-14     0.145757     0.144681      1.00964      1.01521       149367.01      71.6890      3.37041       29409167.      27.3511      705.605    Lband
      3.87000      3.84796      3.85520      3.84433      3.82046      3.82765      3.83933    0.0702619      1355.26  2.56235e-14     0.126316     0.125373      1.00943      1.01557       122402.14      71.7210      3.37116   1.0420343e+08      11.9686      1404.60    LPrimeband
      4.10000      4.08735      4.23882      4.01041      3.53014      3.64242      3.94286     0.268389      5052.92  2.31878e-14     0.124399     0.111787      1.15594      1.30465       449434.08      71.7654      3.37220   1.2180012e+09      12.8740      1288.00    LPlusM
      4.90000      4.84380      4.84880      4.84129      4.82765      4.83266      4.86363    0.0579102      886.609  8.34342e-15    0.0652299    0.0663002     0.984877     0.987766       41350.915      71.9682      3.37696   4.3565091e+08      1.98044      4390.07    Mband
      3.61000      3.60272      3.60361      3.60227      3.59967      3.60057      3.59693    0.0222433      457.499  3.24514e-14     0.140465     0.139672      1.00592      1.00659       45947.657      71.6916      3.37047       10643701.      13.8823      1329.85    NbL
      4.81000      4.80657      4.80703      4.80634      4.80545      4.80590      4.81907    0.0155316      239.407  8.63526e-15    0.0665404    0.0669898     0.993384     0.993530       11390.112      71.9577      3.37671   1.2892641e+08      1.00205      8844.43    NbM
      3.05000      3.05020      3.05092      3.04984      3.04764      3.04836      3.04930    0.0184375      447.910  5.88400e-14     0.182560     0.182404      1.00109      1.00173       58465.938      71.6955      3.37056       1360509.7      45.0524      485.697    IceBand
      1.87000      1.87432      1.87435      1.87431      1.87423      1.87426      1.87239   0.00240303      94.9810  3.28184e-13     0.384573     0.383200      1.00360      1.00364       26116.897      75.5060      3.45897       103097.13      40.8658      631.483    Palpha
      1.90000      1.90006      1.90009      1.90005      1.90003      1.90006      1.90069   0.00249163      97.1485  3.12893e-13     0.376794     0.375663      1.00303      1.00294       26172.583      75.3290      3.45491       4139.1293      47.0926      128.158    PalphaCont
      1.87000      1.87435      1.87438      1.87434      1.87426      1.87429      1.87242   0.00232405      91.8578  3.28167e-13     0.384565     0.383191      1.00360      1.00364       25257.611      75.5058      3.45896       99398.817      39.7437      641.174    Palpha+Hw
      1.90000      1.90005      1.90008      1.90004      1.90002      1.90005      1.90068   0.00241700      94.2392  3.12894e-13     0.376793     0.375652      1.00305      1.00296       25388.666      75.3291      3.45491       4016.4953      45.7493      130.282    PalphaCont+Hw
      3.30000      3.30063      3.30086      3.30051      3.29976      3.29999      3.30086   0.00964305      216.452  4.44964e-14     0.161684     0.161738     0.999735     0.999928       25022.762      71.6794      3.37018       1986015.9      16.5859      1214.27    PAHband
