../sofiacalib/cohen_supertemplates/SA113_259.tem.txt

atranfiles/atran_41K_45deg_1-6mum.txt

    lambda_ref   lambda_mean   lambda_1     lambda_pivot  lambda_eff  lambda_eff_ph  lambda_iso   width      Response  F_mean          Fnu_mean    Fnu_lammean  ColorTerm   ColorTerm   Source Count Rate   Source Size Source FWHM    Bkgd          S/N        Fnu_limit   Filter
     microns       microns      microns      microns      microns      microns       microns    microns      e/s/mJy   W/m^2/mum        Jy           Jy                                 electrons/s          pix        arcsec         e-/s                     microJy
      1.25000      1.24155      1.24643      1.23909      1.23478      1.23971      1.24229    0.0309841      1856.14  3.93571e-13     0.201563     0.202666     0.998509     0.996522       267501.92      81.9131      3.60265       20904.610      347.869      14.6491    Jband
      1.65000      1.63157      1.63558      1.62957      1.62220      1.62612      1.59785    0.0352372      1603.90  2.70094e-13     0.239243     0.245388     0.977362     0.966464       274360.98      77.5125      3.50459       68207.127      345.879      30.4434    Hband
      1.80000      1.79316      1.80603      1.78669      1.75121      1.76371      1.77827    0.0658856      2741.73  2.03385e-13     0.216569     0.207730      1.05012      1.10596       424549.65      76.4149      3.47962       134092.80      462.884      24.9400    Hwide
      2.12000      2.10506      2.11012      2.10252      2.08763      2.09265      2.10472    0.0434523      1532.88  1.16536e-13     0.171840     0.171055      1.00701      1.03504       188338.13      74.1933      3.42875       54277.398      261.939      28.4298    Kband
      2.50000      2.48515      2.49187      2.48181      2.46325      2.47006      2.40434    0.0515381      1540.49  5.93503e-14     0.121938     0.112575      1.08610      1.06837       134308.82      72.6099      3.39197       357013.87      154.080      72.3679    Klong
      2.32000      2.30798      2.32920      2.29720      2.22433      2.24551      2.28520    0.0890971      2886.77  8.34164e-14     0.146835     0.140294      1.05647      1.14601       303073.43      73.5557      3.41393       343648.73      316.194      37.8894    Kwide
      3.55000      3.53464      3.54231      3.53078      3.50622      3.51396      3.52468    0.0682343      1433.24  1.85372e-14    0.0770845    0.0764747      1.01018      1.01598       78993.808      71.6890      3.37040       29409167.      14.4819      705.605    Lband
      3.87000      3.84796      3.85520      3.84433      3.82001      3.82720      3.84002    0.0702619      1355.26  1.34547e-14    0.0663275    0.0658944      1.00848      1.01443       64272.178      71.7210      3.37116   1.0420343e+08      6.28632      1404.60    LPrimeband
      4.10000      4.08735      4.23882      4.01041      3.52791      3.64089      3.92823     0.268389      5052.92  1.23072e-14    0.0660262    0.0586959      1.16846      1.33749       238542.18      71.7657      3.37220   1.2180012e+09      6.83363      1288.00    LPlusM
      4.90000      4.84380      4.84880      4.84129      4.83123      4.83625      4.88737    0.0579102      886.609  4.40521e-15    0.0344405    0.0355198     0.970618     0.972636       21832.712      71.9694      3.37699   4.3565091e+08      1.04567      4390.07    Mband
      3.61000      3.60272      3.60361      3.60227      3.59949      3.60038      3.60038    0.0222433      457.499  1.71283e-14    0.0741393    0.0739776      1.00243      1.00311       24251.849      71.6916      3.37047       10643701.      7.33456      1329.85    NbL
      4.81000      4.80657      4.80703      4.80634      4.80616      4.80661      4.84262    0.0155316      239.407  4.54190e-15    0.0349983    0.0351279     0.996406     0.996404       5990.8725      71.9579      3.37672   1.2892641e+08     0.527062      8844.43    NbM
      3.05000      3.05020      3.05092      3.04984      3.04758      3.04831      3.04964    0.0184375      447.910  3.15361e-14    0.0978458    0.0978029      1.00068      1.00132       31335.651      71.6955      3.37056       1360509.7      24.3434      485.697    IceBand
      1.87000      1.87432      1.87435      1.87431      1.87428      1.87431      1.87936   0.00240303      94.9810  1.71334e-13     0.200773     0.200895     0.999409     0.999427       13634.793      75.5057      3.45896       103097.13      21.6684      631.483    Palpha
      1.90000      1.90006      1.90009      1.90005      1.90003      1.90006      1.89724   0.00249163      97.1485  1.66176e-13     0.200114     0.200613     0.997528     0.997547       13900.127      75.3290      3.45491       4139.1293      25.5228      128.158    PalphaCont
      1.87000      1.87435      1.87438      1.87434      1.87431      1.87434      1.87938   0.00232405      91.8578  1.71331e-13     0.200776     0.200895     0.999427     0.999445       13186.644      75.5054      3.45895       99398.816      21.0668      641.174    Palpha+Hw
      1.90000      1.90005      1.90008      1.90004      1.90003      1.90005      1.89722   0.00241700      94.2392  1.66177e-13     0.200113     0.200613     0.997525     0.997544       13483.832      75.3291      3.45491       4016.4953      24.7810      130.282    PalphaCont+Hw
      3.30000      3.30063      3.30086      3.30051      3.29977      3.30000      3.30040   0.00964305      216.452  2.36196e-14    0.0858253    0.0858092      1.00026      1.00044       13282.599      71.6794      3.37018       1986015.9      8.82693      1214.27    PAHband
