../sofiacalib/cohen_supertemplates/SA112_275.tem.txt

atranfiles/atran_41K_45deg_1-6mum.txt

    lambda_ref   lambda_mean   lambda_1     lambda_pivot  lambda_eff  lambda_eff_ph  lambda_iso   width      Response  F_mean          Fnu_mean    Fnu_lammean  ColorTerm   ColorTerm   Source Count Rate   Source Size Source FWHM    Bkgd          S/N        Fnu_limit   Filter
     microns       microns      microns      microns      microns      microns       microns    microns      e/s/mJy   W/m^2/mum        Jy           Jy                                 electrons/s          pix        arcsec         e-/s                     microJy
      1.25000      1.24639      1.25114      1.24398      1.23961      1.24444      1.25039    0.0242547      1447.22  2.45987e-12      1.26975      1.28758     0.989975     0.999033       1313896.7      81.8448      3.60115       16633.296      1028.12      16.7940    Jband
      1.65000      1.63218      1.63618      1.63018      1.62292      1.62684      1.59790    0.0311562      1417.61  1.55466e-12      1.37812      1.40323     0.984517     0.977447       1396842.9      77.5061      3.50444       60466.401      1057.75      32.4409    Hband
      1.80000      1.79410      1.80692      1.78765      1.75496      1.76746      1.77670    0.0587275      2442.52  1.18997e-12      1.26847      1.24783      1.02389      1.06795       2215264.4      76.3854      3.47895       124199.72      1368.09      26.9454    Hwide
      2.12000      2.10579      2.11085      2.10325      2.08857      2.09358      2.10476    0.0392226      1383.19  6.97814e-13      1.02968      1.02318      1.00879      1.01050       1018338.3      74.1882      3.42863       79676.190      869.276      38.1369    Kband
      2.50000      2.48550      2.49220      2.48216      2.46405      2.47076      2.41176    0.0473828      1416.08  3.70805e-13     0.762053     0.705979      1.08233      1.07900       771578.42      72.6069      3.39190       1077132.3      530.271      136.699    Klong
      2.32000      2.31019      2.33133      2.29944      2.23101      2.25231      2.28486    0.0812529      2630.02  5.07323e-13     0.894760     0.865231      1.04382      1.09097       1682561.3      73.5261      3.41324       958453.70      985.841      69.4317    Kwide
      3.55000      3.53470      3.54237      3.53084      3.50676      3.51451      3.52591    0.0637146      1338.29  1.11591e-13     0.464049     0.460669      1.00954      1.01554       444037.13      71.6890      3.37040       68531852.      53.3627      1153.54    Lband
      3.87000      3.84861      3.85584      3.84498      3.82173      3.82895      3.83916    0.0658777      1270.48  8.16073e-14     0.402436     0.399462      1.00935      1.01471       365570.13      71.7212      3.37116   1.8382919e+08      26.9166      1990.10    LPrimeband
      4.10000      4.09208      4.24302      4.01531      3.55335      3.67123      3.92098     0.251178      4722.84  7.52762e-14     0.404832     0.360902      1.16503      1.31215       1367048.7      71.7701      3.37231   2.1527974e+09      29.4522      1832.03    LPlusM
      4.90000      4.84380      4.84880      4.84129      4.82587      4.83092      4.84442    0.0544819      834.122  3.00285e-14     0.234766     0.235120     0.999530      1.00233       140013.92      71.9676      3.37695   7.8688495e+08      4.99003      6271.33    Mband
      3.61000      3.60272      3.60361      3.60227      3.59951      3.60040      3.60179    0.0207094      425.950  1.03367e-13     0.447419     0.447116      1.00092      1.00156       136263.35      71.6916      3.37047       25488237.      26.7804      2210.30    NbL
      4.81000      4.80657      4.80703      4.80634      4.80501      4.80547      4.80822    0.0146122      225.234  3.08461e-14     0.237690     0.237989     0.998836     0.999062       38278.106      71.9575      3.37671   2.2464983e+08      2.55213      12409.5    NbM
      3.05000      3.05022      3.05095      3.04986      3.04771      3.04843      3.04882    0.0169901      412.744  1.88287e-13     0.584200     0.583369      1.00166      1.00228       172404.45      71.6955      3.37056       3661076.6      85.1589      864.547    IceBand
      1.87000      1.87433      1.87436      1.87431      1.87424      1.87427      1.87631   0.00216053      85.3955  1.02847e-12      1.20520      1.20506      1.00012      1.00017       73586.579      75.5059      3.45897       92901.462      110.223      666.849    Palpha
      1.90000      1.90006      1.90009      1.90005      1.90000      1.90002      1.89636   0.00224497      87.5311  9.91121e-13      1.19354      1.19403     0.999603     0.999628       74697.129      75.3293      3.45492       3905.8157      124.987      138.462    PalphaCont
      1.87000      1.87436      1.87439      1.87434      1.87427      1.87430      1.87634   0.00208952      82.5878  1.02843e-12      1.20518      1.20503      1.00014      1.00018       71166.194      75.5057      3.45896       89567.204      107.293      677.078    Palpha+Hw
      1.90000      1.90005      1.90008      1.90004      1.89999      1.90002      1.89635   0.00217773      84.9098  9.91132e-13      1.19354      1.19403     0.999603     0.999628       72460.384      75.3293      3.45492       3790.2464      121.646      140.769    PalphaCont+Hw
      3.30000      3.30067      3.30090      3.30055      3.29987      3.30010      3.30022   0.00898904      201.769  1.41368e-13     0.513695     0.513494      1.00046      1.00063       74108.220      71.6794      3.37018       4803538.3      32.6791      2025.74    PAHband
