../sofiacalib/cohen_supertemplates/SA94_251.tem.txt

atranfiles/atran_41K_45deg_1-6mum.txt

    lambda_ref   lambda_mean   lambda_1     lambda_pivot  lambda_eff  lambda_eff_ph  lambda_iso   width      Response  F_mean          Fnu_mean    Fnu_lammean  ColorTerm   ColorTerm   Source Count Rate   Source Size Source FWHM    Bkgd          S/N        Fnu_limit   Filter
     microns       microns      microns      microns      microns      microns       microns    microns      e/s/mJy   W/m^2/mum        Jy           Jy                                 electrons/s          pix        arcsec         e-/s                     microJy
      1.25000      1.24639      1.25114      1.24398      1.24007      1.24489      1.24978    0.0242547      1447.22  7.33639e-13     0.378696     0.382359     0.994255     0.999629       391861.08      81.8384      3.60101       16633.290      464.683      16.7940    Jband
      1.65000      1.63218      1.63618      1.63018      1.62391      1.62784      1.63254    0.0311562      1417.61  4.85940e-13     0.430758     0.459068     0.940641     0.972674       436611.76      77.4970      3.50424       60466.391      493.209      32.4408    Hband
      1.80000      1.79410      1.80692      1.78765      1.75659      1.76904      1.78477    0.0587275      2442.52  3.76591e-13     0.401433     0.406195     0.995424      1.03259       701063.85      76.3726      3.47866       124199.71      666.114      26.9454    Hwide
      2.12000      2.10579      2.11085      2.10325      2.08752      2.09255      2.10509    0.0392226      1383.19  2.21032e-13     0.326151     0.321856      1.01579      1.04155       322558.36      74.1940      3.42876       79676.196      392.140      38.1369    Kband
      2.50000      2.48550      2.49220      2.48216      2.46328      2.47001      2.44018    0.0473828      1416.08  1.14390e-13     0.235085     0.209986      1.12254      1.06574       238023.73      72.6094      3.39196       1077132.3      189.142      136.699    Klong
      2.32000      2.31019      2.33133      2.29944      2.22757      2.24883      2.29100    0.0812529      2630.02  1.58811e-13     0.280094     0.270128      1.04662      1.10907       526706.05      73.5413      3.41360       958453.71      397.345      69.4317    Kwide
      3.55000      3.53470      3.54237      3.53084      3.50641      3.51415      3.52555    0.0637146      1338.29  3.56518e-14     0.148258     0.147152      1.00972      1.01563       141864.10      71.6890      3.37040       68531852.      17.0860      1153.54    Lband
      3.87000      3.84861      3.85584      3.84498      3.82109      3.82829      3.84059    0.0658777      1270.48  2.59345e-14     0.127893     0.127105      1.00810      1.01361       116177.07      71.7211      3.37116   1.8382919e+08      8.55979      1990.10    LPrimeband
      4.10000      4.09208      4.24302      4.01531      3.54208      3.65750      3.92803     0.251178      4722.84  2.37361e-14     0.127652     0.113725      1.16580      1.33294       431058.75      71.7678      3.37225   2.1527974e+09      9.28891      1832.03    LPlusM
      4.90000      4.84380      4.84880      4.84129      4.83054      4.83557      4.87927    0.0544819      834.122  8.91162e-15    0.0696721    0.0714389     0.976279     0.978341       41552.272      71.9692      3.37698   7.8688495e+08      1.48100      6271.33    Mband
      3.61000      3.60272      3.60361      3.60227      3.59946      3.60035      3.60192    0.0207094      425.950  3.29757e-14     0.142734     0.142653      1.00081      1.00147       43470.254      71.6916      3.37047       25488237.      8.55873      2210.30    NbL
      4.81000      4.80657      4.80703      4.80634      4.80599      4.80644      4.82882    0.0146122      225.234  9.16423e-15    0.0706164    0.0707562     0.998119     0.998147       11372.237      71.9579      3.37672   2.2464983e+08     0.758272      12409.5    NbM
      3.05000      3.05022      3.05095      3.04986      3.04765      3.04837      3.04943    0.0169901      412.744  6.04665e-14     0.187610     0.187475      1.00096      1.00159       55365.932      71.6955      3.37056       3661076.6      27.7470      864.547    IceBand
      1.87000      1.87433      1.87436      1.87431      1.87417      1.87420      1.87343   0.00216053      85.3955  3.25893e-13     0.381890     0.369118      1.03462      1.03493       23317.392      75.5064      3.45898       92901.463      37.0799      666.849    Palpha
      1.90000      1.90006      1.90009      1.90005      1.90003      1.90005      1.89799   0.00224497      87.5311  3.10599e-13     0.374032     0.369954      1.01104      1.01071       23408.722      75.3291      3.45491       3905.8155      42.3254      138.462    PalphaCont
      1.87000      1.87436      1.87439      1.87434      1.87420      1.87423      1.87345   0.00208952      82.5878  3.25861e-13     0.381866     0.369009      1.03486      1.03517       22549.254      75.5062      3.45897       89567.205      36.0459      677.078    Palpha+Hw
      1.90000      1.90005      1.90008      1.90004      1.90002      1.90005      1.89798   0.00217773      84.9098  3.10599e-13     0.374029     0.369918      1.01113      1.01080       22707.528      75.3291      3.45491       3790.2462      41.1125      140.769    PalphaCont+Hw
      3.30000      3.30067      3.30090      3.30055      3.29984      3.30007      3.30025   0.00898904      201.769  4.53079e-14     0.164637     0.164575      1.00045      1.00062       23751.403      71.6794      3.37018       4803538.3      10.5252      2025.74    PAHband
