../sofiacalib/cohen_supertemplates/SA94_251.tem.txt

atranfiles/atran_41K_45deg_1-6mum.txt

    lambda_ref   lambda_mean   lambda_1     lambda_pivot  lambda_eff  lambda_eff_ph  lambda_iso   width      Response  F_mean          Fnu_mean    Fnu_lammean  ColorTerm   ColorTerm   Source Count Rate   Source Size Source FWHM    Bkgd          S/N        Fnu_limit   Filter
     microns       microns      microns      microns      microns      microns       microns    microns      e/s/mJy   W/m^2/mum        Jy           Jy                                 electrons/s          pix        arcsec         e-/s                     microJy
      1.25000      1.24155      1.24643      1.23909      1.23510      1.24002      1.24446    0.0309841      1856.14  7.37401e-13     0.377652     0.379829     0.998219     0.995436       501196.25      81.9087      3.60256       20904.606      551.799      14.6491    Jband
      1.65000      1.63157      1.63558      1.62957      1.62330      1.62724      1.63274    0.0352372      1603.90  4.86306e-13     0.430760     0.460666     0.937385     0.974409       493989.93      77.5025      3.50436       68207.117      536.185      30.4434    Hband
      1.80000      1.79316      1.80603      1.78669      1.75559      1.76806      1.78474    0.0658856      2741.73  3.77167e-13     0.401618     0.405092     0.998617      1.04681       787306.71      76.3804      3.47884       134092.77      717.558      24.9400    Hwide
      2.12000      2.10506      2.11012      2.10252      2.08682      2.09184      2.10504    0.0434523      1532.88  2.21309e-13     0.326333     0.326951      1.00052      1.04974       357664.81      74.1978      3.42885       54277.402      431.729      28.4298    Kband
      2.50000      2.48515      2.49187      2.48181      2.46289      2.46963      2.44008    0.0515381      1540.49  1.14453e-13     0.235150     0.210637      1.11938      1.07030       259005.74      72.6107      3.39199       357013.87      275.393      72.3679    Klong
      2.32000      2.30798      2.32920      2.29720      2.22530      2.24653      2.29080    0.0890971      2886.77  1.59430e-13     0.280639     0.269734      1.05022      1.13439       579250.73      73.5514      3.41383       343648.72      529.910      37.8894    Kwide
      3.55000      3.53464      3.54231      3.53078      3.50636      3.51410      3.52550    0.0682343      1433.24  3.56538e-14     0.148262     0.147157      1.00971      1.01563       151933.86      71.6890      3.37040       29409167.      27.8199      705.605    Lband
      3.87000      3.84796      3.85520      3.84433      3.82041      3.82762      3.83994    0.0702619      1355.26  2.59514e-14     0.127933     0.127146      1.00809      1.01361       123968.60      71.7210      3.37116   1.0420343e+08      12.1216      1404.60    LPrimeband
      4.10000      4.08735      4.23882      4.01041      3.53748      3.65264      3.92318     0.268389      5052.92  2.38563e-14     0.127985     0.113995      1.16622      1.33287       462390.68      71.7675      3.37225   1.2180012e+09      13.2451      1288.00    LPlusM
      4.90000      4.84380      4.84880      4.84129      4.83054      4.83557      4.87927    0.0579102      886.609  8.91162e-15    0.0696721    0.0714389     0.976279     0.978341       44166.955      71.9692      3.37698   4.3565091e+08      2.11531      4390.07    Mband
      3.61000      3.60272      3.60361      3.60227      3.59946      3.60035      3.60192    0.0222433      457.499  3.29757e-14     0.142734     0.142653      1.00081      1.00147       46690.034      71.6916      3.37047       10643701.      14.1061      1329.85    NbL
      4.81000      4.80657      4.80703      4.80634      4.80599      4.80644      4.82882    0.0155316      239.407  9.16423e-15    0.0706164    0.0707562     0.998119     0.998147       12087.837      71.9579      3.37672   1.2892641e+08      1.06343      8844.43    NbM
      3.05000      3.05020      3.05092      3.04984      3.04762      3.04835      3.04940    0.0184375      447.910  6.04682e-14     0.187612     0.187477      1.00096      1.00159       60083.754      71.6955      3.37056       1360509.7      46.2769      485.697    IceBand
      1.87000      1.87432      1.87435      1.87431      1.87416      1.87419      1.87343   0.00240303      94.9810  3.25899e-13     0.381895     0.369140      1.03457      1.03488       25935.010      75.5065      3.45898       103097.13      40.5901      631.483    Palpha
      1.90000      1.90006      1.90009      1.90005      1.90003      1.90005      1.89799   0.00249163      97.1485  3.10600e-13     0.374034     0.369954      1.01104      1.01071       25980.810      75.3291      3.45491       4139.1293      46.7621      128.158    PalphaCont
      1.87000      1.87435      1.87438      1.87434      1.87419      1.87422      1.87344   0.00232405      91.8578  3.25867e-13     0.381870     0.369031      1.03481      1.03512       25080.557      75.5063      3.45897       99398.817      39.4736      641.174    Palpha+Hw
      1.90000      1.90005      1.90008      1.90004      1.90002      1.90005      1.89798   0.00241700      94.2392  3.10601e-13     0.374031     0.369918      1.01113      1.01080       25202.564      75.3291      3.45491       4016.4954      45.4276      130.282    PalphaCont+Hw
      3.30000      3.30063      3.30086      3.30051      3.29980      3.30003      3.30021   0.00964305      216.452  4.53100e-14     0.164641     0.164578      1.00045      1.00062       25480.311      71.6794      3.37018       1986015.9      16.8875      1214.27    PAHband
