../sofiacalib/SAO34401_mod.txt

atranfiles/atran_41K_45deg_1-6mum.txt

    lambda_ref   lambda_mean   lambda_1     lambda_pivot  lambda_eff  lambda_eff_ph  lambda_iso   width      Response  F_mean          Fnu_mean    Fnu_lammean  ColorTerm   ColorTerm   Source Count Rate   Source Size Source FWHM    Bkgd          S/N        Fnu_limit   Filter
     microns       microns      microns      microns      microns      microns       microns    microns      e/s/mJy   W/m^2/mum        Jy           Jy                                 electrons/s          pix        arcsec         e-/s                     microJy
      1.25000      1.24155      1.24643      1.23909      1.22766      1.23258      1.24108    0.0309841      1856.14  2.08975e-12      1.07024      1.07348      1.00095      1.00837       1420358.8      82.0152      3.60490       20904.712      1075.36      14.6493    Jband
      1.65000      1.63157      1.63558      1.62957      1.61848      1.62246      1.63228    0.0352372      1603.90  9.08537e-13     0.804762     0.809245     0.996911      1.01248       922891.30      77.5464      3.50535       68207.160      816.410      30.4434    Hband
      1.80000      1.79316      1.80603      1.78669      1.74927      1.76182      1.78877    0.0658856      2741.73  6.71086e-13     0.714590     0.714461      1.00744      1.04195       1400838.2      76.4302      3.47997       115546.43      1044.41      23.1558    Hwide
      2.12000      2.10506      2.11012      2.10252      2.08695      2.09197      2.10224    0.0434523      1532.88  3.74180e-13     0.551750     0.550605      1.00450      1.01207       604724.91      74.1970      3.42883       54277.401      625.933      28.4298    Kband
      2.50000      2.48515      2.49187      2.48181      2.46007      2.46658      2.47516    0.0515381      1540.49  2.04101e-13     0.419335     0.414068      1.01545      1.02678       461877.15      72.6186      3.39217       356718.40      442.980      72.3380    Klong
      2.32000      2.30798      2.32920      2.29720      2.22937      2.25049      2.28347    0.0890971      2886.77  2.76461e-13     0.486644     0.475955      1.03208      1.06118       1004454.8      73.5326      3.41340       334272.59      791.461      37.3695    Kwide
      3.55000      3.53464      3.54231      3.53078      3.50488      3.51259      3.52760    0.0682343      1433.24  5.39862e-14     0.224494     0.223268      1.00769      1.01380       230054.73      71.6889      3.37040       29409068.      42.0693      705.604    Lband
      3.87000      3.84796      3.85520      3.84433      3.81999      3.82722      3.84313    0.0702619      1355.26  3.88575e-14     0.191556     0.191253      1.00347      1.00876       185620.11      71.7210      3.37116       74642023.      21.4203      1188.79    LPrimeband
      4.10000      4.08735      4.23882      4.01041      3.55260      3.67408      3.87974     0.268389      5052.92  3.74269e-14     0.200790     0.170671      1.22205      1.35346       725421.35      71.7730      3.37238   1.2171478e+09      20.7846      1287.55    LPlusM
      4.90000      4.84380      4.84880      4.84129      4.82473      4.82976      4.84114    0.0579102      886.609  1.59144e-14     0.124420     0.124277      1.00219      1.00530       78873.306      71.9673      3.37694   4.3565091e+08      3.77736      4390.07    Mband
      3.61000      3.60272      3.60361      3.60227      3.59922      3.60011      3.60194    0.0222433      457.499  4.98027e-14     0.215569     0.215439      1.00085      1.00158       70515.239      71.6916      3.37047       10642281.      21.2825      1329.76    NbL
      4.81000      4.80657      4.80703      4.80634      4.80480      4.80526      4.80616    0.0155316      239.407  1.63741e-14     0.126173     0.126143      1.00034      1.00062       21597.870      71.9575      3.37671   1.2889910e+08      1.90021      8843.50    NbM
      3.05000      3.05020      3.05092      3.04984      3.04748      3.04820      3.03039    0.0184375      447.910  9.37252e-14     0.290797     0.287865      1.01042      1.00924       93129.347      71.6956      3.37056       1208709.6      74.3972      457.807    IceBand
      1.87000      1.87432      1.87435      1.87431      1.87417      1.87420      1.87694   0.00240304      94.9814  5.42316e-13     0.635497     0.609578      1.04254      1.04285       43157.686      75.5064      3.45898       4747.7317      75.4570      139.762    Palpha
      1.90000      1.90006      1.90009      1.90005      1.90001      1.90003      1.90043   0.00249163      97.1485  5.36504e-13     0.646073     0.646243     0.999751     0.999744       44876.966      75.3292      3.45492       4139.1295      78.4084      128.158    PalphaCont
      1.87000      1.87435      1.87438      1.87434      1.87420      1.87423      1.87672   0.00232405      91.8578  5.42253e-13     0.635444     0.609401      1.04275      1.04306       41734.864      75.5062      3.45897       4600.8517      73.1451      142.403    Palpha+Hw
      1.90000      1.90005      1.90008      1.90004      1.90000      1.90003      1.90040   0.00241700      94.2392  5.36509e-13     0.646073     0.646240     0.999758     0.999751       43533.059      75.3292      3.45492       4016.4955      76.2311      130.282    PalphaCont+Hw
      3.30000      3.30063      3.30086      3.30051      3.29985      3.30008      3.28423   0.00964305      216.452  6.89209e-14     0.250434     0.247215      1.01309      1.01288       38758.047      71.6794      3.37018       1986015.9      25.6129      1214.27    PAHband
