lvega5.sav

atranfiles/atran_41K_45deg_1-6mum.txt

    lambda_ref   lambda_mean   lambda_1     lambda_pivot  lambda_eff  lambda_eff_ph  lambda_iso   width      Response  F_mean          Fnu_mean    Fnu_lammean  ColorTerm   ColorTerm   Source Count Rate   Source Size Source FWHM    Bkgd          S/N        Fnu_limit   Filter
     microns       microns      microns      microns      microns      microns       microns    microns      e/s/mJy   W/m^2/mum        Jy           Jy                                 electrons/s          pix        arcsec         e-/s                     microJy
      1.25000      1.24155      1.24643      1.23909      1.22402      1.22893      1.23117    0.0309841      1856.14  3.05574e-09      1564.96      1555.44      1.01012      1.02778   2.0769248e+09      82.0676      3.60605       20904.765      45569.7      14.6494    Jband
      1.65000      1.63157      1.63558      1.62957      1.61772      1.62172      1.61490    0.0352372      1603.90  1.15502e-09      1023.09      1042.53     0.983772      1.01126   1.1732693e+09      77.5532      3.50551       68207.167      34247.8      30.4434    Hband
      1.80000      1.79316      1.80603      1.78669      1.74810      1.76064      1.72851    0.0658856      2741.73  8.44820e-10      899.586      900.620      1.00610      1.03297   1.7634930e+09      76.4395      3.48018       134092.83      41989.0      24.9400    Hwide
      2.12000      2.10506      2.11012      2.10252      2.08654      2.09155      2.10267    0.0434523      1532.88  4.63226e-10      683.054      682.412      1.00336      1.01012   7.4863584e+08      74.1993      3.42888       54277.404      27355.2      28.4298    Kband
      2.50000      2.48515      2.49187      2.48181      2.45983      2.46634      2.47944    0.0515381      1540.49  2.49962e-10      513.559      510.486      1.00873      1.02334   5.6566066e+08      72.6193      3.39219       357013.88      23770.5      72.3679    Klong
      2.32000      2.30798      2.32920      2.29720      2.22790      2.24902      2.23790    0.0890971      2886.77  3.40761e-10      599.829      580.503      1.04301      1.06922   1.2380718e+09      73.5392      3.41355       343648.71      35177.5      37.8894    Kwide
      3.55000      3.53464      3.54231      3.53078      3.50507      3.51278      3.52865    0.0682343      1433.24  6.56183e-11      272.865      271.682      1.00655      1.01285   2.7962322e+08      71.6889      3.37040       29409167.      15899.6      705.605    Lband
      3.87000      3.84796      3.85520      3.84433      3.81987      3.82710      3.77608    0.0702619      1355.26  4.72580e-11      232.968      232.787      1.00267      1.00772   2.2574908e+08      71.7210      3.37116   1.0420343e+08      12423.0      1404.60    LPrimeband
      4.10000      4.08735      4.23882      4.01041      3.55239      3.67401      3.78716     0.268389      5052.92  4.55406e-11      244.319      208.325      1.21821      1.35033   8.8268488e+08      71.7732      3.37238   1.2180012e+09      19257.4      1288.00    LPlusM
      4.90000      4.84380      4.84880      4.84129      4.82507      4.83010      4.67562    0.0579102      886.609  1.93732e-11      151.462      151.668     0.999678      1.00274       96015881.      71.9674      3.37694   4.3565091e+08      4163.08      4390.07    Mband
      3.61000      3.60272      3.60361      3.60227      3.59927      3.60016      3.60136    0.0222433      457.499  6.06399e-11      262.477      261.965      1.00220      1.00221       85859405.      71.6916      3.37047       10643701.      8728.14      1329.85    NbL
      4.81000      4.80657      4.80703      4.80634      4.80482      4.80527      4.80565    0.0155316      239.407  1.99752e-11      153.922      153.855      1.00053      1.00044       26347797.      71.9575      3.37671   1.2892641e+08      2112.63      8844.43    NbM
      3.05000      3.05020      3.05092      3.04984      3.04751      3.04824      3.03190    0.0184375      447.910  1.14047e-10      353.848      351.381      1.00726      1.00632   1.1332172e+08      71.6956      3.37056       1360509.7      10569.7      485.697    IceBand
      1.87000      1.87432      1.87435      1.87431      1.87414      1.87417      1.87648   0.00240303      94.9810  6.72884e-10      788.499      722.582      1.09124      1.09324       53548100.      75.5066      3.45898       103097.13      7291.67      631.483    Palpha
      1.90000      1.90006      1.90009      1.90005      1.89998      1.90001      1.89552   0.00249163      97.1485  6.75594e-10      813.570      814.539     0.998824     0.998993       56511489.      75.3294      3.45492       4139.1297      7498.68      128.158    PalphaCont
      1.87000      1.87435      1.87438      1.87434      1.87417      1.87420      1.87649   0.00232405      91.8578  6.72777e-10      788.399      721.234      1.09314      1.09521       51780726.      75.5064      3.45898       99398.817      7169.72      641.174    Palpha+Hw
      1.90000      1.90005      1.90008      1.90004      1.89997      1.90000      1.89548   0.00241700      94.2392  6.75604e-10      813.574      814.738     0.998586     0.999007       54819425.      75.3294      3.45492       4016.4957      7385.00      130.282    PalphaCont+Hw
      3.30000      3.30063      3.30086      3.30051      3.29977      3.30001      3.28945   0.00964305      216.452  8.34446e-11      303.208      290.197      1.04491      1.04277       46925501.      71.6794      3.37018       1986015.9      6691.60      1214.27    PAHband
