lvega5.sav

atranfiles/atran_41K_45deg_1-6mum.txt

    lambda_ref   lambda_mean   lambda_1     lambda_pivot  lambda_eff  lambda_eff_ph  lambda_iso   width      Response  F_mean          Fnu_mean    Fnu_lammean  ColorTerm   ColorTerm   Source Count Rate   Source Size Source FWHM    Bkgd          S/N        Fnu_limit   Filter
     microns       microns      microns      microns      microns      microns       microns    microns      e/s/mJy   W/m^2/mum        Jy           Jy                                 electrons/s          pix        arcsec         e-/s                     microJy
      1.25000      1.24639      1.25114      1.24398      1.22913      1.23399      1.23115    0.0242547      1447.22  3.01245e-09      1554.99      1537.67      1.01518      1.01947   1.6090492e+09      81.9942      3.60444       16633.446      40109.0      16.7944    Jband
      1.65000      1.63218      1.63618      1.63018      1.61834      1.62234      1.61498    0.0311562      1417.61  1.15351e-09      1022.52      1040.57     0.985071      1.01884   1.0364165e+09      77.5476      3.50538       60466.442      32188.0      32.4409    Hband
      1.80000      1.79410      1.80692      1.78765      1.74912      1.76165      1.72866    0.0587275      2442.52  8.43182e-10      898.804      899.865      1.00604      1.03503   1.5696739e+09      76.4314      3.48000       124199.77      39614.0      26.9454    Hwide
      2.12000      2.10579      2.11085      2.10325      2.08724      2.09226      2.10321    0.0392226      1383.19  4.62627e-10      682.644      681.951      1.00344      1.01039   6.7512377e+08      74.1955      3.42879       79676.197      25976.3      38.1369    Kband
      2.50000      2.48550      2.49220      2.48216      2.46022      2.46671      2.47983    0.0473828      1416.08  2.49823e-10      513.419      510.302      1.00882      1.02409   5.1983675e+08      72.6180      3.39216       1077132.3      22770.5      136.699    Klong
      2.32000      2.31019      2.33133      2.29944      2.23017      2.25131      2.20820    0.0812529      2630.02  3.39498e-10      598.770      579.506      1.04293      1.06906   1.1259639e+09      73.5291      3.41331       958453.70      33537.1      69.4317    Kwide
      3.55000      3.53470      3.54237      3.53084      3.50512      3.51283      3.52884    0.0637146      1338.29  6.56147e-11      272.859      271.676      1.00655      1.01283   2.6109166e+08      71.6889      3.37040       68531852.      14375.0      1153.54    Lband
      3.87000      3.84861      3.85584      3.84498      3.82055      3.82777      3.77699    0.0658777      1270.48  4.72267e-11      232.893      232.709      1.00268      1.00773   2.1155794e+08      71.7211      3.37116   1.8382919e+08      10635.9      1990.10    LPrimeband
      4.10000      4.09208      4.24302      4.01531      3.55720      3.67907      3.82757     0.251178      4722.84  4.53157e-11      243.706      207.964      1.21711      1.34880   8.2295268e+08      71.7735      3.37239   2.1527974e+09      15085.4      1832.03    LPlusM
      4.90000      4.84380      4.84880      4.84129      4.82507      4.83010      4.67562    0.0544819      834.122  1.93732e-11      151.462      151.668     0.999678      1.00274       90331741.      71.9674      3.37694   7.8688495e+08      3049.45      6271.33    Mband
      3.61000      3.60272      3.60361      3.60227      3.59927      3.60016      3.60136    0.0207094      425.950  6.06398e-11      262.477      261.964      1.00221      1.00222       79938460.      71.6916      3.37047       25488237.      7775.62      2210.30    NbL
      4.81000      4.80657      4.80703      4.80634      4.80482      4.80527      4.80565    0.0146122      225.234  1.99752e-11      153.922      153.855      1.00053      1.00044       24788007.      71.9575      3.37671   2.2464983e+08      1568.66      12409.5    NbM
      3.05000      3.05022      3.05095      3.04986      3.04753      3.04826      3.03190    0.0169901      412.744  1.14044e-10      353.844      351.387      1.00723      1.00629   1.0442370e+08      71.6955      3.37056       3661076.6      10031.9      864.547    IceBand
      1.87000      1.87433      1.87436      1.87431      1.87414      1.87417      1.87648   0.00216053      85.3955  6.72871e-10      788.488      722.318      1.09163      1.09363       48143379.      75.5066      3.45898       92901.463      6911.88      666.849    Palpha
      1.90000      1.90006      1.90009      1.90005      1.89998      1.90001      1.89552   0.00224497      87.5311  6.75595e-10      813.570      814.539     0.998825     0.998994       50917112.      75.3294      3.45492       3905.8158      7115.91      138.462    PalphaCont
      1.87000      1.87436      1.87439      1.87434      1.87418      1.87421      1.87649   0.00208952      82.5878  6.72764e-10      788.389      720.966      1.09353      1.09562       46554550.      75.5064      3.45898       89567.205      6796.22      677.078    Palpha+Hw
      1.90000      1.90005      1.90008      1.90004      1.89997      1.90000      1.89549   0.00217773      84.9098  6.75604e-10      813.575      814.738     0.998587     0.999008       49392567.      75.3294      3.45492       3790.2465      7007.98      140.769    PalphaCont+Hw
      3.30000      3.30067      3.30090      3.30055      3.29982      3.30005      3.28945   0.00898904      201.769  8.34419e-11      303.206      290.242      1.04474      1.04178       43742064.      71.6794      3.37018       4803538.3      6260.97      2025.74    PAHband
